<?xml version="1.0" encoding="UTF-8"?>
<!-- Generated by org.testng.reporters.JUnitXMLReporter -->
<testsuite ignored="0" hostname="iramtech-Vostro-3470" failures="56" tests="1439" name="JhansiSmartParking" time="4483.391" errors="0" timestamp="2023-12-12T15:00:33 IST">
  <testcase classname="com.selenium.PosReports" name="@AfterClass tearDown" time="0.141">
    <failure type="org.openqa.selenium.NoSuchSessionException" message="Tried to run command without establishing a connection
Build info: version: &amp;apos;4.10.0&amp;apos;, revision: &amp;apos;c14d967899&amp;apos;
System info: os.name: &amp;apos;Linux&amp;apos;, os.arch: &amp;apos;amd64&amp;apos;, os.version: &amp;apos;6.2.0-37-generic&amp;apos;, java.version: &amp;apos;18.0.2-ea&amp;apos;
Driver info: org.openqa.selenium.firefox.FirefoxDriver
Command: [8c38461b-9a76-46e7-b6f4-4151e4671a2d, quit {}]
Capabilities {acceptInsecureCerts: true, browserName: firefox, browserVersion: 119.0.1, moz:accessibilityChecks: false, moz:buildID: 20231106223251, moz:debuggerAddress: 127.0.0.1:2807, moz:geckodriverVersion: 0.33.0, moz:headless: false, moz:platformVersion: 6.2.0-37-generic, moz:processID: 69657, moz:profile: /tmp/rust_mozprofileTmNTVe, moz:shutdownTimeout: 60000, moz:webdriverClick: true, moz:windowless: false, pageLoadStrategy: normal, platformName: linux, proxy: Proxy(), se:cdp: ws://127.0.0.1:2807/devtool..., se:cdpVersion: 85.0, setWindowRect: true, strictFileInteractability: false, timeouts: {implicit: 0, pageLoad: 300000, script: 30000}, unhandledPromptBehavior: dismiss and notify}
Session ID: 8c38461b-9a76-46e7-b6f4-4151e4671a2d">
      <![CDATA[org.openqa.selenium.NoSuchSessionException: Tried to run command without establishing a connection
Build info: version: '4.10.0', revision: 'c14d967899'
System info: os.name: 'Linux', os.arch: 'amd64', os.version: '6.2.0-37-generic', java.version: '18.0.2-ea'
Driver info: org.openqa.selenium.firefox.FirefoxDriver
Command: [8c38461b-9a76-46e7-b6f4-4151e4671a2d, quit {}]
Capabilities {acceptInsecureCerts: true, browserName: firefox, browserVersion: 119.0.1, moz:accessibilityChecks: false, moz:buildID: 20231106223251, moz:debuggerAddress: 127.0.0.1:2807, moz:geckodriverVersion: 0.33.0, moz:headless: false, moz:platformVersion: 6.2.0-37-generic, moz:processID: 69657, moz:profile: /tmp/rust_mozprofileTmNTVe, moz:shutdownTimeout: 60000, moz:webdriverClick: true, moz:windowless: false, pageLoadStrategy: normal, platformName: linux, proxy: Proxy(), se:cdp: ws://127.0.0.1:2807/devtool..., se:cdpVersion: 85.0, setWindowRect: true, strictFileInteractability: false, timeouts: {implicit: 0, pageLoad: 300000, script: 30000}, unhandledPromptBehavior: dismiss and notify}
Session ID: 8c38461b-9a76-46e7-b6f4-4151e4671a2d
at org.openqa.selenium.remote.codec.w3c.W3CHttpResponseCodec.createException(W3CHttpResponseCodec.java:199)
at org.openqa.selenium.remote.codec.w3c.W3CHttpResponseCodec.decode(W3CHttpResponseCodec.java:132)
at org.openqa.selenium.remote.codec.w3c.W3CHttpResponseCodec.decode(W3CHttpResponseCodec.java:51)
at org.openqa.selenium.remote.HttpCommandExecutor.execute(HttpCommandExecutor.java:191)
at org.openqa.selenium.remote.service.DriverCommandExecutor.invokeExecute(DriverCommandExecutor.java:196)
at org.openqa.selenium.remote.service.DriverCommandExecutor.lambda$execute$1(DriverCommandExecutor.java:128)
at java.base/java.util.concurrent.CompletableFuture$AsyncSupply.run(CompletableFuture.java:1768)
at java.base/java.util.concurrent.ThreadPoolExecutor.runWorker(ThreadPoolExecutor.java:1136)
at java.base/java.util.concurrent.ThreadPoolExecutor$Worker.run(ThreadPoolExecutor.java:635)
at java.base/java.lang.Thread.run(Thread.java:833)
... Removed 3 stack frames]]>
    </failure>
  </testcase> <!-- @AfterClass tearDown -->
  <testcase classname="com.selenium.Dashboard" name="login" time="9.981"/>
  <testcase classname="com.selenium.Dashboard" name="revenueDashboardOpen" time="3.237"/>
  <testcase classname="com.selenium.Dashboard" name="getDayRevenue" time="4.316"/>
  <testcase classname="com.selenium.Dashboard" name="revenueDatesEnabled" time="3.747"/>
  <testcase classname="com.selenium.Dashboard" name="getMonthRevenue" time="4.268"/>
  <testcase classname="com.selenium.Dashboard" name="getWeekRevenue" time="4.335"/>
  <testcase classname="com.selenium.Dashboard" name="selectCountDashboard" time="6.529"/>
  <testcase classname="com.selenium.Dashboard" name="selectDashboardStartDate" time="6.728"/>
  <testcase classname="com.selenium.Dashboard" name="selectDashboardEndDate" time="10.541"/>
  <testcase classname="com.selenium.Dashboard" name="sitenamesDashboard" time="3.026"/>
  <testcase classname="com.selenium.Dashboard" name="validateRevenue" time="0.182"/>
  <testcase classname="com.selenium.Dashboard" name="searchSiteName" time="8.139"/>
  <testcase classname="com.selenium.Dashboard" name="cityRevenueViewButton" time="2.517"/>
  <testcase classname="com.selenium.Dashboard" name="cityRevenueCSVButton" time="2.322"/>
  <testcase classname="com.selenium.Dashboard" name="cityRevenuePDFButton" time="2.442"/>
  <testcase classname="com.selenium.Dashboard" name="cityRevenuePopUpClose" time="2.312"/>
  <testcase classname="com.selenium.Dashboard" name="cityRevenueColumnFilterBtn" time="2.295"/>
  <testcase classname="com.selenium.Dashboard" name="columnFilterSelectVehicleTypes" time="35.482"/>
  <testcase classname="com.selenium.Dashboard" name="columnFilterPopUpClose" time="2.226"/>
  <testcase classname="com.selenium.Dashboard" name="occupancyTabDashboard" time="2.013"/>
  <testcase classname="com.selenium.Dashboard" name="getOccupancyPercentage" time="0.011"/>
  <testcase classname="com.selenium.Dashboard" name="getOperatingSitesPercentage" time="0.254"/>
  <testcase classname="com.selenium.Dashboard" name="operatingsSitesSelectCount" time="2.009"/>
  <testcase classname="com.selenium.Dashboard" name="operatingsitesList" time="2.394"/>
  <testcase classname="com.selenium.Dashboard" name="deviceStatusTab" time="0.241"/>
  <testcase classname="com.selenium.Dashboard" name="selectCountDeviceStatus" time="4.304"/>
  <testcase classname="com.selenium.Dashboard" name="deviceStatusPercentage" time="3.026"/>
  <testcase classname="com.selenium.Dashboard" name="devicesStatusTable" time="39.687"/>
  <testcase classname="com.selenium.Dashboard" name="alertsTab" time="0.499"/>
  <testcase classname="com.selenium.Dashboard" name="alertsCount" time="5.028"/>
  <testcase classname="com.selenium.Dashboard" name="logout" time="2.269"/>
  <testcase classname="com.selenium.ReservationReports" name="login" time="4.459"/>
  <testcase classname="com.selenium.ReservationReports" name="revenueDashboardOpen" time="3.218"/>
  <testcase classname="com.selenium.ReservationReports" name="redirectReservationReportsPage" time="4.389"/>
  <testcase classname="com.selenium.ReservationReports" name="selectReservationSitesList" time="3.611"/>
  <testcase classname="com.selenium.ReservationReports" name="reservationReportDateEnabled" time="5.225"/>
  <testcase classname="com.selenium.ReservationReports" name="selectReservationStartDate" time="7.429"/>
  <testcase classname="com.selenium.ReservationReports" name="selectReservationEndDate" time="8.233"/>
  <testcase classname="com.selenium.ReservationReports" name="selectCountReservations" time="0.028"/>
  <testcase classname="com.selenium.ReservationReports" name="selectReservations" time="4.054"/>
  <testcase classname="com.selenium.ReservationReports" name="getreservationsList" time="0.203"/>
  <testcase classname="com.selenium.ReservationReports" name="compareRerservationsReserveExpiryTime" time="0.042"/>
  <testcase classname="com.selenium.ReservationReports" name="selectPasses" time="4.055"/>
  <testcase classname="com.selenium.ReservationReports" name="getPassesList" time="0.332"/>
  <testcase classname="com.selenium.ReservationReports" name="comparePassesReserveExpiryTime" time="0.148"/>
  <testcase classname="com.selenium.ReservationReports" name="selectGuestpasses" time="4.025"/>
  <testcase classname="com.selenium.ReservationReports" name="selectgPassesSitesList" time="3.551"/>
  <testcase classname="com.selenium.ReservationReports" name="selectgPassesStartDate" time="7.477"/>
  <testcase classname="com.selenium.ReservationReports" name="selectPassesEndDate" time="8.218"/>
  <testcase classname="com.selenium.ReservationReports" name="getGuestPassesList" time="5.047"/>
  <testcase classname="com.selenium.ReservationReports" name="compareEntryExitDateTime" time="5.041"/>
  <testcase classname="com.selenium.ReservationReports" name="guestPassesViewButton" time="2.012"/>
  <testcase classname="com.selenium.ReservationReports" name="guestPassPopUpClose" time="2.025"/>
  <testcase classname="com.selenium.ReservationReports" name="logout" time="2.324"/>
  <testcase classname="com.selenium.PosReports" name="login" time="4.839"/>
  <testcase classname="com.selenium.PosReports" name="revenueDashboard" time="2.364"/>
  <testcase classname="com.selenium.PosReports" name="posRevenuepage" time="2.346"/>
  <testcase classname="com.selenium.PosReports" name="posRevenueSelectSite" time="6.614"/>
  <testcase classname="com.selenium.PosReports" name="posRevenuedatesEnabled" time="9.697"/>
  <testcase classname="com.selenium.PosReports" name="posRevenueSelectTwoWheeler" time="2.031"/>
  <testcase classname="com.selenium.PosReports" name="posRevenueposNumber" time="3.544"/>
  <testcase classname="com.selenium.PosReports" name="posRevenueSubmitButtonTwo" time="1.252"/>
  <testcase classname="com.selenium.PosReports" name="posRevenueFormTwoW" time="2.225"/>
  <testcase classname="com.selenium.PosReports" name="posRevenueShiftMorningTwoW" time="2.016"/>
  <testcase classname="com.selenium.PosReports" name="posRevenueShiftEveningTwoW" time="2.01"/>
  <testcase classname="com.selenium.PosReports" name="posRevenueShiftAllTwoW" time="2.032"/>
  <testcase classname="com.selenium.PosReports" name="posRevenueCSVTwoW" time="2.274"/>
  <testcase classname="com.selenium.PosReports" name="posRevenuePDFTwoW" time="6.139"/>
  <testcase classname="com.selenium.PosReports" name="posRevenuePopUPCloseTwoW" time="2.005"/>
  <testcase classname="com.selenium.PosReports" name="twoWheelerPOSRevenue" time="2.005"/>
  <testcase classname="com.selenium.PosReports" name="posRevenueSelectFourWheeler" time="2.005"/>
  <testcase classname="com.selenium.PosReports" name="posRevenueSubmitBtnFourW" time="0.003"/>
  <testcase classname="com.selenium.PosReports" name="posRevenueFormFourW" time="0.005"/>
  <testcase classname="com.selenium.PosReports" name="posRevenueShiftMorningFourW" time="0.004"/>
  <testcase classname="com.selenium.PosReports" name="posRevenueShiftEveningFouW" time="0.006"/>
  <testcase classname="com.selenium.PosReports" name="posRevenueShiftAllFourW" time="0.003"/>
  <testcase classname="com.selenium.PosReports" name="posRevenueCSVFourW" time="2.008"/>
  <testcase classname="com.selenium.PosReports" name="posRevenuePDFFourW" time="5.004"/>
  <testcase classname="com.selenium.PosReports" name="posRevenuePopUPCloseFourW" time="2.003"/>
  <testcase classname="com.selenium.PosReports" name="fourWheelerPOSRevenue" time="2.003"/>
  <testcase classname="com.selenium.PosReports" name="posRevenueSelectThreeWheeler" time="2.002"/>
  <testcase classname="com.selenium.PosReports" name="posRevenueSubmitBtnThreeW" time="0.002"/>
  <testcase classname="com.selenium.PosReports" name="posRevenueFormThreeW" time="0.001"/>
  <testcase classname="com.selenium.PosReports" name="posRevenueShiftMorningThreeW" time="0.002"/>
  <testcase classname="com.selenium.PosReports" name="posRevenueShiftEveningThreeW" time="0.001"/>
  <testcase classname="com.selenium.PosReports" name="posRevenueShiftAllThreeW" time="0.001"/>
  <testcase classname="com.selenium.PosReports" name="posRevenueCSVThreeW" time="2.004"/>
  <testcase classname="com.selenium.PosReports" name="posRevenuePDFThreeW" time="5.004"/>
  <testcase classname="com.selenium.PosReports" name="posRevenuePopUPCloseThreeW" time="2.004"/>
  <testcase classname="com.selenium.PosReports" name="threeWheelerPOSRevenue" time="2.003"/>
  <testcase classname="com.selenium.PosReports" name="posRevenueSelectSixWheeler" time="2.004"/>
  <testcase classname="com.selenium.PosReports" name="posRevenueSubmitBtnSixW" time="0.003"/>
  <testcase classname="com.selenium.PosReports" name="posRevenueFormSixW" time="0.005"/>
  <testcase classname="com.selenium.PosReports" name="posRevenueShiftMorningSixW" time="0.005"/>
  <testcase classname="com.selenium.PosReports" name="posRevenueShiftEveningSixW" time="0.004"/>
  <testcase classname="com.selenium.PosReports" name="posRevenueShiftAllSixW" time="0.005"/>
  <testcase classname="com.selenium.PosReports" name="posRevenueCSVSixW" time="2.003"/>
  <testcase classname="com.selenium.PosReports" name="posRevenuePDFSixW" time="5.002"/>
  <testcase classname="com.selenium.PosReports" name="posRevenuePopUPCloseSixW" time="2.003"/>
  <testcase classname="com.selenium.PosReports" name="sixWheelerPOSRevenue" time="2.004"/>
  <testcase classname="com.selenium.PosReports" name="posRevenueSelectEightWheeler" time="2.002"/>
  <testcase classname="com.selenium.PosReports" name="posRevenueSubmitBtnEightW" time="0.002"/>
  <testcase classname="com.selenium.PosReports" name="posRevenueFormEightW" time="0.002"/>
  <testcase classname="com.selenium.PosReports" name="posRevenueShiftMorningEightW" time="0.001"/>
  <testcase classname="com.selenium.PosReports" name="posRevenueShiftEveningEightW" time="0.003"/>
  <testcase classname="com.selenium.PosReports" name="posRevenueShiftAllEightW" time="0.008"/>
  <testcase classname="com.selenium.PosReports" name="posRevenueCSVEightW" time="2.002"/>
  <testcase classname="com.selenium.PosReports" name="posRevenuePDFEightW" time="5.004"/>
  <testcase classname="com.selenium.PosReports" name="posRevenuePopUPCloseEightW" time="2.003"/>
  <testcase classname="com.selenium.PosReports" name="eightWheelerPOSRevenue" time="2.004"/>
  <testcase classname="com.selenium.PosReports" name="posRevenueSelectTenWheeler" time="2.004"/>
  <testcase classname="com.selenium.PosReports" name="posRevenueSubmitBtnTenW" time="0.005"/>
  <testcase classname="com.selenium.PosReports" name="posRevenueFormTenW" time="0.005"/>
  <testcase classname="com.selenium.PosReports" name="posRevenueShiftMorningTenW" time="0.003"/>
  <testcase classname="com.selenium.PosReports" name="posRevenueShiftEveningTenW" time="0.002"/>
  <testcase classname="com.selenium.PosReports" name="posRevenueShiftAllTenW" time="0.002"/>
  <testcase classname="com.selenium.PosReports" name="posRevenueCSVTenW" time="2.004"/>
  <testcase classname="com.selenium.PosReports" name="posRevenuePDFTenW" time="2.004"/>
  <testcase classname="com.selenium.PosReports" name="posRevenuePopUPCloseTenW" time="2.004"/>
  <testcase classname="com.selenium.PosReports" name="tenWheelerPOSRevenue" time="2.004"/>
  <testcase classname="com.selenium.PosReports" name="posRevenueSelectTwelveWheeler" time="2.003"/>
  <testcase classname="com.selenium.PosReports" name="posRevenueSubmitBtnTwelveW" time="0.002"/>
  <testcase classname="com.selenium.PosReports" name="posRevenueFormTwelveW" time="0.001"/>
  <testcase classname="com.selenium.PosReports" name="posRevenueShiftMorningTwelveW" time="0.001"/>
  <testcase classname="com.selenium.PosReports" name="posRevenueShiftEveningTwelveW" time="0.001"/>
  <testcase classname="com.selenium.PosReports" name="posRevenueShiftAllTwelveW" time="0.001"/>
  <testcase classname="com.selenium.PosReports" name="posRevenueCSVTwelveW" time="2.004"/>
  <testcase classname="com.selenium.PosReports" name="posRevenuePDFTwelveW" time="5.002"/>
  <testcase classname="com.selenium.PosReports" name="posRevenuePopUPCloseTwelveW" time="2.004"/>
  <testcase classname="com.selenium.PosReports" name="twelveWheelerPOSRevenue" time="2.004"/>
  <testcase classname="com.selenium.PosReports" name="selectIOS" time="2.004"/>
  <testcase classname="com.selenium.PosReports" name="posRevenueSubmitBtnIOS" time="0.004"/>
  <testcase classname="com.selenium.PosReports" name="posRevenueFormIOS" time="0.003"/>
  <testcase classname="com.selenium.PosReports" name="posRevenueShiftMorningIOS" time="0.004"/>
  <testcase classname="com.selenium.PosReports" name="posRevenueShiftEveningIOS" time="0.004"/>
  <testcase classname="com.selenium.PosReports" name="posRevenueShiftAllIOS" time="0.005"/>
  <testcase classname="com.selenium.PosReports" name="posRevenueCSVIOS" time="2.004"/>
  <testcase classname="com.selenium.PosReports" name="posRevenuePDFIOS" time="2.004"/>
  <testcase classname="com.selenium.PosReports" name="posRevenuePopUPCloseIOS" time="2.001"/>
  <testcase classname="com.selenium.PosReports" name="iOSPOSRevenue" time="2.004"/>
  <testcase classname="com.selenium.PosReports" name="selectAndroid" time="2.002"/>
  <testcase classname="com.selenium.PosReports" name="posRevenueSubmitBtnAndroid" time="0.001"/>
  <testcase classname="com.selenium.PosReports" name="posRevenueFormAndroid" time="0.002"/>
  <testcase classname="com.selenium.PosReports" name="posRevenueShiftMorningAndroid" time="0.001"/>
  <testcase classname="com.selenium.PosReports" name="posRevenueShiftEveningAndroid" time="0.002"/>
  <testcase classname="com.selenium.PosReports" name="posRevenueShiftAllAndroid" time="0.002"/>
  <testcase classname="com.selenium.PosReports" name="posRevenueCSVAndroid" time="2.004"/>
  <testcase classname="com.selenium.PosReports" name="posRevenuePDFAndroid" time="2.004"/>
  <testcase classname="com.selenium.PosReports" name="posRevenuePopUPCloseAndroid" time="2.004"/>
  <testcase classname="com.selenium.PosReports" name="androidPOSRevenue" time="2.002"/>
  <testcase classname="com.selenium.PosReports" name="selectFasTag" time="2.003"/>
  <testcase classname="com.selenium.PosReports" name="posRevenueSubmitBtnFastag" time="0.003"/>
  <testcase classname="com.selenium.PosReports" name="posRevenueFormFastTag" time="0.003"/>
  <testcase classname="com.selenium.PosReports" name="posRevenueShiftMorningFasTag" time="0.002"/>
  <testcase classname="com.selenium.PosReports" name="posRevenueShiftEveningFasTag" time="0.002"/>
  <testcase classname="com.selenium.PosReports" name="posRevenueShiftAllFasTag" time="0.002"/>
  <testcase classname="com.selenium.PosReports" name="posRevenueCSVFasTag" time="2.003"/>
  <testcase classname="com.selenium.PosReports" name="posRevenuePDFFasTag" time="2.004"/>
  <testcase classname="com.selenium.PosReports" name="posRevenuePopUPCloseFasTag" time="2.004"/>
  <testcase classname="com.selenium.PosReports" name="fasTagPOSRevenue" time="2.003"/>
  <testcase classname="com.selenium.PosReports" name="posTransactions" time="2.002"/>
  <testcase classname="com.selenium.PosReports" name="posTransactionsDateRange" time="1.004"/>
  <testcase classname="com.selenium.PosReports" name="posTransTypeTwoEntry" time="3.004"/>
  <testcase classname="com.selenium.PosReports" name="posVehicleTypeTwoWheeler" time="0.004"/>
  <testcase classname="com.selenium.PosReports" name="posTransactionSubmitButton" time="0.005"/>
  <testcase classname="com.selenium.PosReports" name="posTransactionForm" time="0.003"/>
  <testcase classname="com.selenium.PosReports" name="posTransactionCSVTwoEntry" time="3.004"/>
  <testcase classname="com.selenium.PosReports" name="posTransactionsPDFTwoEntry" time="2.003"/>
  <testcase classname="com.selenium.PosReports" name="posTransPopUPCloseTwoEntry" time="2.003"/>
  <testcase classname="com.selenium.PosReports" name="EntryPosTransTwoWheeler" time="2.004"/>
  <testcase classname="com.selenium.PosReports" name="posTransTypeTwoExit" time="2.005"/>
  <testcase classname="com.selenium.PosReports" name="posTransactionSubmitBtnTwoExit" time="0.004"/>
  <testcase classname="com.selenium.PosReports" name="posTransactionsFormTwoExit" time="0.003"/>
  <testcase classname="com.selenium.PosReports" name="posTransactionCSVTwoExit" time="3.004"/>
  <testcase classname="com.selenium.PosReports" name="posTransactionPDFTwoExit" time="2.004"/>
  <testcase classname="com.selenium.PosReports" name="posTransPopUPCloseTwoExit" time="2.003"/>
  <testcase classname="com.selenium.PosReports" name="ExitPosTransTwoWheeler" time="2.003"/>
  <testcase classname="com.selenium.PosReports" name="posTransTypeFourWheelerEntry" time="2.004"/>
  <testcase classname="com.selenium.PosReports" name="posVehicleTypeFourWheeler" time="2.004"/>
  <testcase classname="com.selenium.PosReports" name="posTransactionSubmitBtnFourEntry" time="0.004"/>
  <testcase classname="com.selenium.PosReports" name="posTransactionFormFourEntry" time="0.006"/>
  <testcase classname="com.selenium.PosReports" name="posTransactionCSVFourEntry" time="3.003"/>
  <testcase classname="com.selenium.PosReports" name="posTransactionsPDFFourEntry" time="2.004"/>
  <testcase classname="com.selenium.PosReports" name="posTransPopUPCloseFourEntry" time="2.004"/>
  <testcase classname="com.selenium.PosReports" name="EntryPosTransFourWheeler" time="2.003"/>
  <testcase classname="com.selenium.PosReports" name="posTransTypeFourExit" time="2.005"/>
  <testcase classname="com.selenium.PosReports" name="posTransactionSubmitBtnFourExit" time="0.004"/>
  <testcase classname="com.selenium.PosReports" name="posTransactionsFormFourExit" time="0.006"/>
  <testcase classname="com.selenium.PosReports" name="posTransactionCSVFourExit" time="3.004"/>
  <testcase classname="com.selenium.PosReports" name="posTransactionPDFFourExit" time="2.004"/>
  <testcase classname="com.selenium.PosReports" name="posTransPopUPCloseFourExit" time="2.004"/>
  <testcase classname="com.selenium.PosReports" name="posTransFourExit" time="2.002"/>
  <testcase classname="com.selenium.PosReports" name="selectTransIOS" time="2.004"/>
  <testcase classname="com.selenium.PosReports" name="posTransSubmitBtnIOS" time="0.003"/>
  <testcase classname="com.selenium.PosReports" name="posTransFormIOS" time="0.004"/>
  <testcase classname="com.selenium.PosReports" name="posRTransCSViOS" time="3.004"/>
  <testcase classname="com.selenium.PosReports" name="posTransPDFiOS" time="2.003"/>
  <testcase classname="com.selenium.PosReports" name="posTransPopUPCloseiOS" time="2.002"/>
  <testcase classname="com.selenium.PosReports" name="iOSPosTransaction" time="2.003"/>
  <testcase classname="com.selenium.PosReports" name="selectTransAndroid" time="2.004"/>
  <testcase classname="com.selenium.PosReports" name="posTransSubmitBtnAndroid" time="0.003"/>
  <testcase classname="com.selenium.PosReports" name="posTransFormAndroid" time="0.003"/>
  <testcase classname="com.selenium.PosReports" name="posTransCSVAndroid" time="3.004"/>
  <testcase classname="com.selenium.PosReports" name="posTransPDFAndroid" time="2.003"/>
  <testcase classname="com.selenium.PosReports" name="posTransPopUPCloseSAndroid" time="2.004"/>
  <testcase classname="com.selenium.PosReports" name="androidPosTransaction" time="2.004"/>
  <testcase classname="com.selenium.PosReports" name="selectFastag" time="2.003"/>
  <testcase classname="com.selenium.PosReports" name="posTransSubmitBtnFasTag" time="0.004"/>
  <testcase classname="com.selenium.PosReports" name="posTransFormFasTag" time="0.004"/>
  <testcase classname="com.selenium.PosReports" name="posRTransCSVFasTag" time="3.004"/>
  <testcase classname="com.selenium.PosReports" name="posTransPDFFasTag" time="2.003"/>
  <testcase classname="com.selenium.PosReports" name="posTransPopUPCloseFasTag" time="2.002"/>
  <testcase classname="com.selenium.PosReports" name="fasTagPosTransaction" time="2.004"/>
  <testcase classname="com.selenium.PosReports" name="posAttender" time="2.003"/>
  <testcase classname="com.selenium.PosReports" name="posAttenderDay" time="0.002"/>
  <testcase classname="com.selenium.PosReports" name="attenderUsageDay" time="2.003"/>
  <testcase classname="com.selenium.PosReports" name="posAttenderWeek" time="0.003"/>
  <testcase classname="com.selenium.PosReports" name="attenderUsageWeek" time="2.004"/>
  <testcase classname="com.selenium.PosReports" name="posAttenderMonth" time="0.003"/>
  <testcase classname="com.selenium.PosReports" name="attenderUsageMonth" time="2.004"/>
  <testcase classname="com.selenium.PosReports" name="posAttenderForm" time="0.003"/>
  <testcase classname="com.selenium.PosReports" name="posAttenderCsv" time="2.003"/>
  <testcase classname="com.selenium.PosReports" name="posAttenderPdf" time="2.004"/>
  <testcase classname="com.selenium.PosReports" name="posAttenderPopUPClose" time="2.002"/>
  <testcase classname="com.selenium.PosReports" name="selectAttenderIOS" time="2.002"/>
  <testcase classname="com.selenium.PosReports" name="posAttenderFormSecond" time="0.005"/>
  <testcase classname="com.selenium.PosReports" name="posAttenderCsvSecond" time="2.003"/>
  <testcase classname="com.selenium.PosReports" name="posAttenderPdfSecond" time="2.005"/>
  <testcase classname="com.selenium.PosReports" name="posAttenderPopUPCloseSecond" time="2.002"/>
  <testcase classname="com.selenium.PosReports" name="iOSPosAttender" time="2.003"/>
  <testcase classname="com.selenium.PosReports" name="selectAttenderAndroid" time="2.002"/>
  <testcase classname="com.selenium.PosReports" name="posAttenderFormThird" time="0.001"/>
  <testcase classname="com.selenium.PosReports" name="posAttenderCsvThird" time="2.004"/>
  <testcase classname="com.selenium.PosReports" name="posAttenderPdfThird" time="2.004"/>
  <testcase classname="com.selenium.PosReports" name="posAttenderPopUPCloseThird" time="2.004"/>
  <testcase classname="com.selenium.PosReports" name="androidPosAttender" time="2.003"/>
  <testcase classname="com.selenium.PosReports" name="selectFastagattender" time="2.001"/>
  <testcase classname="com.selenium.PosReports" name="posAttenderFormFourth" time="0.001"/>
  <testcase classname="com.selenium.PosReports" name="posAttenderCsvForth" time="2.001"/>
  <testcase classname="com.selenium.PosReports" name="posAttenderPdfForth" time="2.003"/>
  <testcase classname="com.selenium.PosReports" name="posAttenderPopUPCloseForth" time="2.004"/>
  <testcase classname="com.selenium.PosReports" name="fasTagPosAttender" time="2.003"/>
  <testcase classname="com.selenium.PosHourlyReport" name="login" time="5.831"/>
  <testcase classname="com.selenium.PosHourlyReport" name="revenueDashboardOpen" time="3.092"/>
  <testcase classname="com.selenium.PosHourlyReport" name="redirectPosHourlyReportPage" time="2.472"/>
  <testcase classname="com.selenium.PosHourlyReport" name="selectSite" time="6.591"/>
  <testcase classname="com.selenium.PosHourlyReport" name="selectPOSNumber" time="6.571"/>
  <testcase classname="com.selenium.PosHourlyReport" name="hourlyReportVehicleType" time="2.035"/>
  <testcase classname="com.selenium.PosHourlyReport" name="selectStartDate" time="19.822"/>
  <testcase classname="com.selenium.PosHourlyReport" name="submitHourlyReportTwoW" time="10.221"/>
  <testcase classname="com.selenium.PosHourlyReport" name="downloadPosHourlyTwoWCSV" time="5.032"/>
  <testcase classname="com.selenium.PosHourlyReport" name="downloadPosHourlyTwoWPDF" time="6.142"/>
  <testcase classname="com.selenium.PosHourlyReport" name="searchTwoWTimeRange" time="11.077"/>
  <testcase classname="com.selenium.PosHourlyReport" name="hourlyReportCount" time="4.301"/>
  <testcase classname="com.selenium.PosHourlyReport" name="posHourlyReportTwoWTable" time="24.43"/>
  <testcase classname="com.selenium.PosHourlyReport" name="validateTwoWDateFormat" time="0.051"/>
  <testcase classname="com.selenium.PosHourlyReport" name="validateAmountsTwoW" time="0.042"/>
  <testcase classname="com.selenium.PosHourlyReport" name="hourlyReportVehicleTypeFourW" time="2.025"/>
  <testcase classname="com.selenium.PosHourlyReport" name="submitHourlyReportFourW" time="10.217"/>
  <testcase classname="com.selenium.PosHourlyReport" name="downloadPosHourlyFourWCSV" time="5.411"/>
  <testcase classname="com.selenium.PosHourlyReport" name="downloadPosHourlyFourWPDF" time="6.071"/>
  <testcase classname="com.selenium.PosHourlyReport" name="searchFourWTimeRange" time="11.048"/>
  <testcase classname="com.selenium.PosHourlyReport" name="posHourlyReportFourWTable" time="24.593"/>
  <testcase classname="com.selenium.PosHourlyReport" name="validateFourWDateFormat" time="0.052"/>
  <testcase classname="com.selenium.PosHourlyReport" name="validateAmountsFourW" time="0.046"/>
  <testcase classname="com.selenium.PosHourlyReport" name="logout" time="5.272"/>
  <testcase classname="com.selenium.MobileReports" name="login" time="5.249"/>
  <testcase classname="com.selenium.MobileReports" name="revenueDashboardOpen" time="3.237"/>
  <testcase classname="com.selenium.MobileReports" name="ReportsAnalyticsPage" time="2.279"/>
  <testcase classname="com.selenium.MobileReports" name="mobileReportsPage" time="4.147"/>
  <testcase classname="com.selenium.MobileReports" name="mobileReportsOneDay" time="1.226"/>
  <testcase classname="com.selenium.MobileReports" name="selectAndroid" time="2.044"/>
  <testcase classname="com.selenium.MobileReports" name="selectVehicleTypeAll" time="0.033"/>
  <testcase classname="com.selenium.MobileReports" name="dayRSubmitButton" time="1.214"/>
  <testcase classname="com.selenium.MobileReports" name="mobileDayRViewDetails" time="2.279"/>
  <testcase classname="com.selenium.MobileReports" name="dayRPopUPClose" time="4.246"/>
  <testcase classname="com.selenium.MobileReports" name="getDayMobileRevenue" time="4.046"/>
  <testcase classname="com.selenium.MobileReports" name="selectVehicleTypeTwo" time="0.24"/>
  <testcase classname="com.selenium.MobileReports" name="dayRSubmitButtonTwo" time="1.218"/>
  <testcase classname="com.selenium.MobileReports" name="dayRevenueViewDetailsTWO" time="2.26"/>
  <testcase classname="com.selenium.MobileReports" name="dayRPopUPCloseTWO" time="4.236"/>
  <testcase classname="com.selenium.MobileReports" name="getDayRevenueTWO" time="4.044"/>
  <testcase classname="com.selenium.MobileReports" name="selectVehicleTypeFOUR" time="0.23"/>
  <testcase classname="com.selenium.MobileReports" name="dayRSubmitButtonFOUR" time="1.232"/>
  <testcase classname="com.selenium.MobileReports" name="dayRViewDetailsFOUR" time="2.241"/>
  <testcase classname="com.selenium.MobileReports" name="dayRevenuePopUPCloseFOUR" time="4.234"/>
  <testcase classname="com.selenium.MobileReports" name="getDayRevenueFOUR" time="4.02"/>
  <testcase classname="com.selenium.MobileReports" name="selectIOS" time="2.018"/>
  <testcase classname="com.selenium.MobileReports" name="selectIOSAll" time="0.222"/>
  <testcase classname="com.selenium.MobileReports" name="dayRSubmitButtonIOS" time="1.212"/>
  <testcase classname="com.selenium.MobileReports" name="dayRViewDetailsIOS" time="2.246"/>
  <testcase classname="com.selenium.MobileReports" name="dayRevenuePopUPCloseIOS" time="4.233"/>
  <testcase classname="com.selenium.MobileReports" name="getDayMobileRevenueIOS" time="4.016"/>
  <testcase classname="com.selenium.MobileReports" name="selectTypeTwoIOS" time="0.256"/>
  <testcase classname="com.selenium.MobileReports" name="dayRSubmitButtonTwoIOS" time="1.238"/>
  <testcase classname="com.selenium.MobileReports" name="dayRViewDetailsTWOIOS" time="2.241"/>
  <testcase classname="com.selenium.MobileReports" name="dayRPopUPCloseTWOIOS" time="4.223"/>
  <testcase classname="com.selenium.MobileReports" name="getDayRevenueTWOIOS" time="4.031"/>
  <testcase classname="com.selenium.MobileReports" name="selectTypeFOURIOS" time="0.278"/>
  <testcase classname="com.selenium.MobileReports" name="dayRSubmitButtonFOURIOS" time="1.25"/>
  <testcase classname="com.selenium.MobileReports" name="dayViewDetailsFOURIOS" time="2.249"/>
  <testcase classname="com.selenium.MobileReports" name="dayRPopUPCloseFOURIOS" time="4.241"/>
  <testcase classname="com.selenium.MobileReports" name="getDayRevenueFOURIOS" time="4.045"/>
  <testcase classname="com.selenium.MobileReports" name="mobileReportsWEEK" time="1.244"/>
  <testcase classname="com.selenium.MobileReports" name="selectAndroidWEEK" time="2.033"/>
  <testcase classname="com.selenium.MobileReports" name="selectAllWEEK" time="0.291"/>
  <testcase classname="com.selenium.MobileReports" name="weekRSubmitButton" time="1.242"/>
  <testcase classname="com.selenium.MobileReports" name="weekRViewDetails" time="2.239"/>
  <testcase classname="com.selenium.MobileReports" name="weekRPopUPClose" time="4.234"/>
  <testcase classname="com.selenium.MobileReports" name="getWEEKMobileRevenueALL" time="4.043"/>
  <testcase classname="com.selenium.MobileReports" name="selectTypeTwoWEEK" time="0.257"/>
  <testcase classname="com.selenium.MobileReports" name="weekRSubmitButtonTwo" time="1.233"/>
  <testcase classname="com.selenium.MobileReports" name="weekRevenueViewDetailsTWO" time="2.215"/>
  <testcase classname="com.selenium.MobileReports" name="weekRPopUPCloseTWO" time="4.223"/>
  <testcase classname="com.selenium.MobileReports" name="getWeekRevenueTWO" time="4.029"/>
  <testcase classname="com.selenium.MobileReports" name="selectWeekVehicleTypeFOUR" time="0.273"/>
  <testcase classname="com.selenium.MobileReports" name="weekRSubmitButtonFOUR" time="1.249"/>
  <testcase classname="com.selenium.MobileReports" name="weekRViewDetailsFOUR" time="2.267"/>
  <testcase classname="com.selenium.MobileReports" name="weekRPopUPCloseFOUR" time="4.214"/>
  <testcase classname="com.selenium.MobileReports" name="getWeekRevenueFOUR" time="4.029"/>
  <testcase classname="com.selenium.MobileReports" name="selectIOSWEEK" time="2.025"/>
  <testcase classname="com.selenium.MobileReports" name="weekRSubmitButtonIOS" time="1.227"/>
  <testcase classname="com.selenium.MobileReports" name="weekRViewDetailsIOS" time="2.256"/>
  <testcase classname="com.selenium.MobileReports" name="weekRPopUPCloseIOS" time="4.223"/>
  <testcase classname="com.selenium.MobileReports" name="getWeekMobileRevenueIOS" time="4.049"/>
  <testcase classname="com.selenium.MobileReports" name="selectWEEKTypeTwoIOS" time="0.26"/>
  <testcase classname="com.selenium.MobileReports" name="weekRSubmitButtonTwoIOS" time="1.238"/>
  <testcase classname="com.selenium.MobileReports" name="weekRViewDetailsTWOIOS" time="2.246"/>
  <testcase classname="com.selenium.MobileReports" name="weekRPopUPCloseTWOIOS" time="4.224"/>
  <testcase classname="com.selenium.MobileReports" name="getWeekRevenueTWOIOS" time="4.043"/>
  <testcase classname="com.selenium.MobileReports" name="selectWEEKTypeFOURIOS" time="0.269"/>
  <testcase classname="com.selenium.MobileReports" name="weekRSubmitButtonFOURIOS" time="1.217"/>
  <testcase classname="com.selenium.MobileReports" name="weekViewDetailsFOURIOS" time="2.244"/>
  <testcase classname="com.selenium.MobileReports" name="weekRPopUPCloseFOURIOS" time="4.237"/>
  <testcase classname="com.selenium.MobileReports" name="getWeekRevenueFOURIOS" time="4.039"/>
  <testcase classname="com.selenium.MobileReports" name="mobileReportsMonth" time="1.217"/>
  <testcase classname="com.selenium.MobileReports" name="selectMonthAndroid" time="2.03"/>
  <testcase classname="com.selenium.MobileReports" name="monthRSubmitButton" time="1.225"/>
  <testcase classname="com.selenium.MobileReports" name="monthRViewDetails" time="2.225"/>
  <testcase classname="com.selenium.MobileReports" name="monthRPopUPClose" time="4.235"/>
  <testcase classname="com.selenium.MobileReports" name="getMonthMobileRevenue" time="4.038"/>
  <testcase classname="com.selenium.MobileReports" name="selectMonthTypeTwo" time="0.262"/>
  <testcase classname="com.selenium.MobileReports" name="monthRSubmitButtonTwo" time="1.232"/>
  <testcase classname="com.selenium.MobileReports" name="monthRViewDetailsTWO" time="2.242"/>
  <testcase classname="com.selenium.MobileReports" name="monthRPopUPCloseTWO" time="4.237"/>
  <testcase classname="com.selenium.MobileReports" name="getMonthRevenueTWO" time="4.015"/>
  <testcase classname="com.selenium.MobileReports" name="selectMonthTypeFOUR" time="0.253"/>
  <testcase classname="com.selenium.MobileReports" name="monthRSubmitButtonFOUR" time="1.237"/>
  <testcase classname="com.selenium.MobileReports" name="monthRViewDetailsFOUR" time="2.242"/>
  <testcase classname="com.selenium.MobileReports" name="monthRPopUPCloseFOUR" time="4.252"/>
  <testcase classname="com.selenium.MobileReports" name="getMonthRevenueFOUR" time="4.046"/>
  <testcase classname="com.selenium.MobileReports" name="selectMonthIOS" time="2.034"/>
  <testcase classname="com.selenium.MobileReports" name="monthRSubmitButtonIOS" time="1.238"/>
  <testcase classname="com.selenium.MobileReports" name="monthRViewDetailsIOS" time="2.239"/>
  <testcase classname="com.selenium.MobileReports" name="monthRPopUPCloseIOS" time="4.237"/>
  <testcase classname="com.selenium.MobileReports" name="getMonthMobileRevenueIOS" time="4.041"/>
  <testcase classname="com.selenium.MobileReports" name="selectMonthTypeTwoIOS" time="0.227"/>
  <testcase classname="com.selenium.MobileReports" name="monthRSubmitButtonTwoIOS" time="1.215"/>
  <testcase classname="com.selenium.MobileReports" name="monthRViewDetailsTWOIOS" time="2.246"/>
  <testcase classname="com.selenium.MobileReports" name="monthRPopUPCloseTWOIOS" time="4.236"/>
  <testcase classname="com.selenium.MobileReports" name="getMonthRevenueTWOIOS" time="4.041"/>
  <testcase classname="com.selenium.MobileReports" name="selectMonthTypeFOURIOS" time="0.222"/>
  <testcase classname="com.selenium.MobileReports" name="monthRSubmitButtonFOURIOS" time="1.233"/>
  <testcase classname="com.selenium.MobileReports" name="monthViewDetailsFOURIOS" time="2.247"/>
  <testcase classname="com.selenium.MobileReports" name="monthRPopUPCloseFOURIOS" time="4.228"/>
  <testcase classname="com.selenium.MobileReports" name="getMonthRevenueFOURIOS" time="4.038"/>
  <testcase classname="com.selenium.MobileReports" name="selectMobileRevenueStartDate" time="6.448"/>
  <testcase classname="com.selenium.MobileReports" name="selectMobileRevenueEndDate" time="5.478"/>
  <testcase classname="com.selenium.MobileReports" name="mobileTransactionOneDay" time="1.005"/>
  <testcase classname="com.selenium.MobileReports" name="mobileTransactions" time="2.241"/>
  <testcase classname="com.selenium.MobileReports" name="selectTransactionsAndroid" time="2.042"/>
  <testcase classname="com.selenium.MobileReports" name="selectTransactionsVehicleTypeTwo" time="0.032"/>
  <testcase classname="com.selenium.MobileReports" name="transSubmitBtnTwo" time="3.221"/>
  <testcase classname="com.selenium.MobileReports" name="transViewDetailsTWO" time="2.243"/>
  <testcase classname="com.selenium.MobileReports" name="dayTransPopUPCloseTWO" time="2.022"/>
  <testcase classname="com.selenium.MobileReports" name="selectTransactionsTypeFOUR" time="0.039"/>
  <testcase classname="com.selenium.MobileReports" name="dayTransSubmitBtnFOUR" time="0.014"/>
  <testcase classname="com.selenium.MobileReports" name="dayTransViewDetailsFOUR" time="0.01"/>
  <testcase classname="com.selenium.MobileReports" name="dayTransPopUPCloseFOUR" time="2.029"/>
  <testcase classname="com.selenium.MobileReports" name="selectTransIOS" time="2.042"/>
  <testcase classname="com.selenium.MobileReports" name="selectTransactionsTypeTwoIOS" time="2.05"/>
  <testcase classname="com.selenium.MobileReports" name="transSubmitBtnTwoIOS" time="0.018"/>
  <testcase classname="com.selenium.MobileReports" name="transViewDetailsTWOIOS" time="0.011"/>
  <testcase classname="com.selenium.MobileReports" name="transPopUPCloseTWOIOS" time="2.006"/>
  <testcase classname="com.selenium.MobileReports" name="logout" time="2.017"/>
  <testcase classname="com.selenium.MobileNumberSearch" name="login" time="4.883"/>
  <testcase classname="com.selenium.MobileNumberSearch" name="revenueDashboardOpen" time="3.222"/>
  <testcase classname="com.selenium.MobileNumberSearch" name="redirectMobileNumberSearchPage" time="2.49"/>
  <testcase classname="com.selenium.MobileNumberSearch" name="mobileNumberEnter" time="2.06"/>
  <testcase classname="com.selenium.MobileNumberSearch" name="mobileNumberSubmit" time="2.218"/>
  <testcase classname="com.selenium.MobileNumberSearch" name="mobileNumberTransactions" time="0.452"/>
  <testcase classname="com.selenium.MobileNumberSearch" name="mobileNumberTransactionsDates" time="8.986"/>
  <testcase classname="com.selenium.MobileNumberSearch" name="selectStartDateTransactions" time="4.2"/>
  <testcase classname="com.selenium.MobileNumberSearch" name="selectEndDateTransactions" time="4.501"/>
  <testcase classname="com.selenium.MobileNumberSearch" name="selectTransactionCount" time="4.054"/>
  <testcase classname="com.selenium.MobileNumberSearch" name="mobileNumberTransactionsTable" time="30.829"/>
  <testcase classname="com.selenium.MobileNumberSearch" name="validateTransactionSiteName" time="0.059"/>
  <testcase classname="com.selenium.MobileNumberSearch" name="validateTransactionVehicleNumber" time="0.06"/>
  <testcase classname="com.selenium.MobileNumberSearch" name="validateTransactionVehicleType" time="0.06"/>
  <testcase classname="com.selenium.MobileNumberSearch" name="validateTransactionType" time="0.071"/>
  <testcase classname="com.selenium.MobileNumberSearch" name="validateCreatedDateTimeHeader" time="0.011"/>
  <testcase classname="com.selenium.MobileNumberSearch" name="validateTransactionCreatedDate" time="0.071"/>
  <testcase classname="com.selenium.MobileNumberSearch" name="validateStartDateTimeHeader" time="0.015"/>
  <testcase classname="com.selenium.MobileNumberSearch" name="validateTransactionStartDate" time="0.077"/>
  <testcase classname="com.selenium.MobileNumberSearch" name="validateEndDateTimeHeader" time="0.009"/>
  <testcase classname="com.selenium.MobileNumberSearch" name="validateTransactionEndDate" time="0.057"/>
  <testcase classname="com.selenium.MobileNumberSearch" name="validateTransactionPayU_reference" time="0.052"/>
  <testcase classname="com.selenium.MobileNumberSearch" name="validateTransactionId" time="0.061"/>
  <testcase classname="com.selenium.MobileNumberSearch" name="validateTransactionAmount" time="0.058"/>
  <testcase classname="com.selenium.MobileNumberSearch" name="validateTransactionStatus" time="0.056"/>
  <testcase classname="com.selenium.MobileNumberSearch" name="mobileNumberPass" time="2.25"/>
  <testcase classname="com.selenium.MobileNumberSearch" name="mobileNumberPassDates" time="6.743"/>
  <testcase classname="com.selenium.MobileNumberSearch" name="selectPassCount" time="4.039"/>
  <testcase classname="com.selenium.MobileNumberSearch" name="passTable" time="6.05"/>
  <testcase classname="com.selenium.MobileNumberSearch" name="validatePassesSiteName" time="0.02"/>
  <testcase classname="com.selenium.MobileNumberSearch" name="validatePassesVehicleNumber" time="0.011"/>
  <testcase classname="com.selenium.MobileNumberSearch" name="validatePassesVehicleType" time="0.011"/>
  <testcase classname="com.selenium.MobileNumberSearch" name="validatePassesType" time="0.012"/>
  <testcase classname="com.selenium.MobileNumberSearch" name="validatePassCreatedDateTimeHeader" time="0.009"/>
  <testcase classname="com.selenium.MobileNumberSearch" name="validatePassesCreatedDate" time="0.01"/>
  <testcase classname="com.selenium.MobileNumberSearch" name="validatePassStartDateTimeHeader" time="0.01"/>
  <testcase classname="com.selenium.MobileNumberSearch" name="validatePassesStartDate" time="0.011"/>
  <testcase classname="com.selenium.MobileNumberSearch" name="validatePassEndDateTimeHeader" time="0.008"/>
  <testcase classname="com.selenium.MobileNumberSearch" name="validatePassesEndDate" time="0.012"/>
  <testcase classname="com.selenium.MobileNumberSearch" name="validatePassesPayU_reference" time="0.02"/>
  <testcase classname="com.selenium.MobileNumberSearch" name="validatePassesTransactionId" time="0.019"/>
  <testcase classname="com.selenium.MobileNumberSearch" name="validatePassesAmount" time="0.015"/>
  <testcase classname="com.selenium.MobileNumberSearch" name="validatePassesStatus" time="0.011"/>
  <testcase classname="com.selenium.MobileNumberSearch" name="mobileNumberReservation" time="2.219"/>
  <testcase classname="com.selenium.MobileNumberSearch" name="mobileNumberReservationDates" time="4.709"/>
  <testcase classname="com.selenium.MobileNumberSearch" name="selectReservationsCount" time="4.251"/>
  <testcase classname="com.selenium.MobileNumberSearch" name="reservationsTable" time="6.094"/>
  <testcase classname="com.selenium.MobileNumberSearch" name="validateReservationsSiteName" time="0.034"/>
  <testcase classname="com.selenium.MobileNumberSearch" name="validateReservationsVehicleNumber" time="0.022"/>
  <testcase classname="com.selenium.MobileNumberSearch" name="validateReservationsVehicleType" time="0.013"/>
  <testcase classname="com.selenium.MobileNumberSearch" name="validateReservationsType" time="0.013"/>
  <testcase classname="com.selenium.MobileNumberSearch" name="validateReserveCreatedDateTimeHeader" time="0.01"/>
  <testcase classname="com.selenium.MobileNumberSearch" name="validateReservationsCreatedDate" time="0.013"/>
  <testcase classname="com.selenium.MobileNumberSearch" name="validateReserveStartDateTimeHeader" time="0.012"/>
  <testcase classname="com.selenium.MobileNumberSearch" name="validateReservationsStartDate" time="0.017"/>
  <testcase classname="com.selenium.MobileNumberSearch" name="validateReserveEndDateTimeHeader" time="0.014"/>
  <testcase classname="com.selenium.MobileNumberSearch" name="validateReservationsEndDate" time="0.017"/>
  <testcase classname="com.selenium.MobileNumberSearch" name="validateReservationsPayU_reference" time="0.017"/>
  <testcase classname="com.selenium.MobileNumberSearch" name="validateReservationsTransactionId" time="0.015"/>
  <testcase classname="com.selenium.MobileNumberSearch" name="validateReservationsAmount" time="0.016"/>
  <testcase classname="com.selenium.MobileNumberSearch" name="validateReservationsStatus" time="0.014"/>
  <testcase classname="com.selenium.MobileNumberSearch" name="mobileNumberCheckInOut" time="3.213"/>
  <testcase classname="com.selenium.MobileNumberSearch" name="mobileNumberCheckInOutDates" time="4.721"/>
  <testcase classname="com.selenium.MobileNumberSearch" name="selectCountCheckInOut" time="2.27"/>
  <testcase classname="com.selenium.MobileNumberSearch" name="checkInOutTable" time="9.121"/>
  <testcase classname="com.selenium.MobileNumberSearch" name="validateCheckInOutSiteName" time="0.017"/>
  <testcase classname="com.selenium.MobileNumberSearch" name="validateCheckInOutVehicleType" time="0.017"/>
  <testcase classname="com.selenium.MobileNumberSearch" name="validateCheckInOutVehicleNumber" time="0.019"/>
  <testcase classname="com.selenium.MobileNumberSearch" name="validateCheckInDateTimeHeader" time="0.01"/>
  <testcase classname="com.selenium.MobileNumberSearch" name="validateCheckInRow" time="0.019"/>
  <testcase classname="com.selenium.MobileNumberSearch" name="validateCheckOutDateTimeHeader" time="0.009"/>
  <testcase classname="com.selenium.MobileNumberSearch" name="validateCheckOutRow" time="0.017"/>
  <testcase classname="com.selenium.MobileNumberSearch" name="validateCheckInOutType" time="0.016"/>
  <testcase classname="com.selenium.MobileNumberSearch" name="validateCheckInOutPayU_reference" time="0.015"/>
  <testcase classname="com.selenium.MobileNumberSearch" name="validateCheckInOutTransactionId" time="0.015"/>
  <testcase classname="com.selenium.MobileNumberSearch" name="validateCheckInOutAmount" time="0.016"/>
  <testcase classname="com.selenium.MobileNumberSearch" name="validateCheckInOutDueAmount" time="0.016"/>
  <testcase classname="com.selenium.MobileNumberSearch" name="validateCheckInOutStatus" time="0.017"/>
  <testcase classname="com.selenium.MobileNumberSearch" name="mobileNumberDueAmount" time="2.217"/>
  <testcase classname="com.selenium.MobileNumberSearch" name="mobileNumberDueAmountDates" time="4.678"/>
  <testcase classname="com.selenium.MobileNumberSearch" name="selectDueAmountCount" time="4.277"/>
  <testcase classname="com.selenium.MobileNumberSearch" name="dueAmountTable" time="18.421"/>
  <testcase classname="com.selenium.MobileNumberSearch" name="validateDueAmountSiteName" time="0.062"/>
  <testcase classname="com.selenium.MobileNumberSearch" name="validateDueAmountVehicleNumber" time="0.037"/>
  <testcase classname="com.selenium.MobileNumberSearch" name="validateDueAmountVehicleType" time="0.033"/>
  <testcase classname="com.selenium.MobileNumberSearch" name="validateRDueAmountPayU_reference" time="0.037"/>
  <testcase classname="com.selenium.MobileNumberSearch" name="validateDueAmountCreatedDateTimeHeader" time="0.009"/>
  <testcase classname="com.selenium.MobileNumberSearch" name="validateDueAmountCreatedDate" time="0.035"/>
  <testcase classname="com.selenium.MobileNumberSearch" name="validateDueAmountsTransactionId" time="0.037"/>
  <testcase classname="com.selenium.MobileNumberSearch" name="validateDueAmountAmount" time="0.036"/>
  <testcase classname="com.selenium.MobileNumberSearch" name="validateDueAmountStatus" time="0.034"/>
  <testcase classname="com.selenium.MobileNumberSearch" name="mobileNumberFeedback" time="2.218"/>
  <testcase classname="com.selenium.MobileNumberSearch" name="mobileNumberFeedbackDates" time="4.704"/>
  <testcase classname="com.selenium.MobileNumberSearch" name="selectPassFeedback" time="2.271"/>
  <testcase classname="com.selenium.MobileNumberSearch" name="FeedbackTable" time="6.023"/>
  <testcase classname="com.selenium.MobileNumberSearch" name="validateFeedbackSiteName" time="0.032"/>
  <testcase classname="com.selenium.MobileNumberSearch" name="validateFeedbackCategory" time="0.016"/>
  <testcase classname="com.selenium.MobileNumberSearch" name="validateFeedbackId" time="0.012"/>
  <testcase classname="com.selenium.MobileNumberSearch" name="validateFeedbackType" time="0.008"/>
  <testcase classname="com.selenium.MobileNumberSearch" name="validateFeedBackCreatedDateTimeHeader" time="0.013"/>
  <testcase classname="com.selenium.MobileNumberSearch" name="validateFeedbackCreatedDate" time="0.007"/>
  <testcase classname="com.selenium.MobileNumberSearch" name="validateFeedbackStatus" time="0.011"/>
  <testcase classname="com.selenium.MobileNumberSearch" name="validateFeedbackDescription" time="0.008"/>
  <testcase classname="com.selenium.MobileNumberSearch" name="mobileNumberBlockListClick" time="2.213"/>
  <testcase classname="com.selenium.MobileNumberSearch" name="mobileNumberBlockListDates" time="6.67"/>
  <testcase classname="com.selenium.MobileNumberSearch" name="selectBlockListCount" time="2.233"/>
  <testcase classname="com.selenium.MobileNumberSearch" name="BlockListTable" time="18.219"/>
  <testcase classname="com.selenium.MobileNumberSearch" name="validateBlockListSiteName" time="0.037"/>
  <testcase classname="com.selenium.MobileNumberSearch" name="validateBlockListVehicleNumber" time="0.033"/>
  <testcase classname="com.selenium.MobileNumberSearch" name="validateBlockListVehicleType" time="0.035"/>
  <testcase classname="com.selenium.MobileNumberSearch" name="validateBlockListCreatedDateTimeHeader" time="0.008"/>
  <testcase classname="com.selenium.MobileNumberSearch" name="validateBlockListnCreatedDate" time="0.03"/>
  <testcase classname="com.selenium.MobileNumberSearch" name="validateBlockListAmount" time="0.034"/>
  <testcase classname="com.selenium.MobileNumberSearch" name="validateBlockListStatus" time="0.034"/>
  <testcase classname="com.selenium.MobileNumberSearch" name="mobileNumberUnAccountedClick" time="2.232"/>
  <testcase classname="com.selenium.MobileNumberSearch" name="mobileNumberUnAccountedDates" time="4.717"/>
  <testcase classname="com.selenium.MobileNumberSearch" name="selectUnAccountedCount" time="4.289"/>
  <testcase classname="com.selenium.MobileNumberSearch" name="unAccountedTable" time="6.024"/>
  <testcase classname="com.selenium.MobileNumberSearch" name="validateUnAccountedSiteName" time="0.021"/>
  <testcase classname="com.selenium.MobileNumberSearch" name="validateUnAccountedVehicleNumber" time="0.007"/>
  <testcase classname="com.selenium.MobileNumberSearch" name="validateUnAccountedDateTimeHeader" time="0.009"/>
  <testcase classname="com.selenium.MobileNumberSearch" name="validateUnAccountedVehicleType" time="0.007"/>
  <testcase classname="com.selenium.MobileNumberSearch" name="validateUnAccountedType" time="0.007"/>
  <testcase classname="com.selenium.MobileNumberSearch" name="validateUnAccountedBankrefNo" time="0.008"/>
  <testcase classname="com.selenium.MobileNumberSearch" name="validateUnAccountedAmount" time="0.007"/>
  <testcase classname="com.selenium.MobileNumberSearch" name="validateUnAccountedMode" time="0.008"/>
  <testcase classname="com.selenium.MobileNumberSearch" name="validateUnAccountedStatus" time="0.007"/>
  <testcase classname="com.selenium.MobileNumberSearch" name="validateVehicleNumber" time="0.073"/>
  <testcase classname="com.selenium.MobileNumberSearch" name="validateVehicleType" time="0.071"/>
  <testcase classname="com.selenium.MobileNumberSearch" name="mobileNumberGuestPasses" time="2.214"/>
  <testcase classname="com.selenium.MobileNumberSearch" name="mobileNumberGuestPassesDates" time="2.009"/>
  <testcase classname="com.selenium.MobileNumberSearch" name="logout" time="5.248"/>
  <testcase classname="com.selenium.VehicleNumberSearch" name="login" time="4.655"/>
  <testcase classname="com.selenium.VehicleNumberSearch" name="revenueDashboardOpen" time="3.246"/>
  <testcase classname="com.selenium.VehicleNumberSearch" name="redirectVehicleNumberSearchPage" time="2.441"/>
  <testcase classname="com.selenium.VehicleNumberSearch" name="vehicleNumberEnter" time="2.052"/>
  <testcase classname="com.selenium.VehicleNumberSearch" name="vehicleNumberSubmit" time="2.236"/>
  <testcase classname="com.selenium.VehicleNumberSearch" name="vehicleNumberTransactions" time="0.519"/>
  <testcase classname="com.selenium.VehicleNumberSearch" name="vehicleNumberTransactionsDates" time="6.709"/>
  <testcase classname="com.selenium.VehicleNumberSearch" name="selectVNStartDateTransactions" time="6.703"/>
  <testcase classname="com.selenium.VehicleNumberSearch" name="selectVNEndDateTransactions" time="10.434"/>
  <testcase classname="com.selenium.VehicleNumberSearch" name="selectVNTransactionCount" time="2.257"/>
  <testcase classname="com.selenium.VehicleNumberSearch" name="vehicleNumberTransactionsTable" time="6.136"/>
  <testcase classname="com.selenium.VehicleNumberSearch" name="validateVNTransactionSiteName" time="0.035"/>
  <testcase classname="com.selenium.VehicleNumberSearch" name="validateVTransactionVehicleNumber" time="0.031"/>
  <testcase classname="com.selenium.VehicleNumberSearch" name="validateVTransactionVehicleType" time="0.015"/>
  <testcase classname="com.selenium.VehicleNumberSearch" name="validateVTransactionType" time="0.015"/>
  <testcase classname="com.selenium.VehicleNumberSearch" name="validateVTransactionCreatedDate" time="0.013"/>
  <testcase classname="com.selenium.VehicleNumberSearch" name="validateVTransactionStartDate" time="0.014"/>
  <testcase classname="com.selenium.VehicleNumberSearch" name="validateVTransactionEndDate" time="0.012"/>
  <testcase classname="com.selenium.VehicleNumberSearch" name="validateVTransactionPayU_reference" time="0.014"/>
  <testcase classname="com.selenium.VehicleNumberSearch" name="validateVTransactionId" time="0.011"/>
  <testcase classname="com.selenium.VehicleNumberSearch" name="validateVTransactionAmount" time="0.011"/>
  <testcase classname="com.selenium.VehicleNumberSearch" name="validateVTransactionStatus" time="0.012"/>
  <testcase classname="com.selenium.VehicleNumberSearch" name="vehicleNumberPass" time="0.449"/>
  <testcase classname="com.selenium.VehicleNumberSearch" name="vehicleNumberPassDates" time="8.699"/>
  <testcase classname="com.selenium.VehicleNumberSearch" name="selectVPassCount" time="2.231"/>
  <testcase classname="com.selenium.VehicleNumberSearch" name="passTable" time="6.023"/>
  <testcase classname="com.selenium.VehicleNumberSearch" name="validatePassesSiteName" time="0.025"/>
  <testcase classname="com.selenium.VehicleNumberSearch" name="validatePassesVehicleNumber" time="0.022"/>
  <testcase classname="com.selenium.VehicleNumberSearch" name="validatePassesVehicleType" time="0.015"/>
  <testcase classname="com.selenium.VehicleNumberSearch" name="validatePassesType" time="0.014"/>
  <testcase classname="com.selenium.VehicleNumberSearch" name="validatePassCreatedDateTimeHeader" time="0.016"/>
  <testcase classname="com.selenium.VehicleNumberSearch" name="validatePassesCreatedDate" time="0.014"/>
  <testcase classname="com.selenium.VehicleNumberSearch" name="validatePassStartDateTimeHeader" time="0.01"/>
  <testcase classname="com.selenium.VehicleNumberSearch" name="validatePassesStartDate" time="0.008"/>
  <testcase classname="com.selenium.VehicleNumberSearch" name="validatePassEndDateTimeHeader" time="0.009"/>
  <testcase classname="com.selenium.VehicleNumberSearch" name="validatePassesEndDate" time="0.007"/>
  <testcase classname="com.selenium.VehicleNumberSearch" name="validatePassesPayU_reference" time="0.009"/>
  <testcase classname="com.selenium.VehicleNumberSearch" name="validatePassesTransactionId" time="0.011"/>
  <testcase classname="com.selenium.VehicleNumberSearch" name="validatePassesAmount" time="0.007"/>
  <testcase classname="com.selenium.VehicleNumberSearch" name="validatePassesStatus" time="0.008"/>
  <testcase classname="com.selenium.VehicleNumberSearch" name="mobileNumberReservation" time="2.21"/>
  <testcase classname="com.selenium.VehicleNumberSearch" name="mobileNumberReservationDates" time="4.714"/>
  <testcase classname="com.selenium.VehicleNumberSearch" name="selectReservationsCount" time="4.287"/>
  <testcase classname="com.selenium.VehicleNumberSearch" name="reservationsTable" time="6.038"/>
  <testcase classname="com.selenium.VehicleNumberSearch" name="validateReservationsSiteName" time="0.048"/>
  <testcase classname="com.selenium.VehicleNumberSearch" name="validateReservationsVehicleNumber" time="0.011"/>
  <testcase classname="com.selenium.VehicleNumberSearch" name="validateReservationsVehicleType" time="0.012"/>
  <testcase classname="com.selenium.VehicleNumberSearch" name="validateReservationsType" time="0.009"/>
  <testcase classname="com.selenium.VehicleNumberSearch" name="validateReserveCreatedDateTimeHeader" time="0.01"/>
  <testcase classname="com.selenium.VehicleNumberSearch" name="validateReservationsCreatedDate" time="0.009"/>
  <testcase classname="com.selenium.VehicleNumberSearch" name="validateReserveStartDateTimeHeader" time="0.009"/>
  <testcase classname="com.selenium.VehicleNumberSearch" name="validateReservationsStartDate" time="0.009"/>
  <testcase classname="com.selenium.VehicleNumberSearch" name="validateReserveEndDateTimeHeader" time="0.009"/>
  <testcase classname="com.selenium.VehicleNumberSearch" name="validateReservationsEndDate" time="0.009"/>
  <testcase classname="com.selenium.VehicleNumberSearch" name="validateReservationsPayU_reference" time="0.012"/>
  <testcase classname="com.selenium.VehicleNumberSearch" name="validateReservationsTransactionId" time="0.028"/>
  <testcase classname="com.selenium.VehicleNumberSearch" name="validateReservationsAmount" time="0.021"/>
  <testcase classname="com.selenium.VehicleNumberSearch" name="validateReservationsStatus" time="0.013"/>
  <testcase classname="com.selenium.VehicleNumberSearch" name="vehicleNumberCheckInOut" time="3.245"/>
  <testcase classname="com.selenium.VehicleNumberSearch" name="vehicleNumberCheckInOutDates" time="6.716"/>
  <testcase classname="com.selenium.VehicleNumberSearch" name="selectVPassCheckInOut" time="2.26"/>
  <testcase classname="com.selenium.VehicleNumberSearch" name="checkInOutVTable" time="6.024"/>
  <testcase classname="com.selenium.VehicleNumberSearch" name="validateVCheckInOutSiteName" time="0.013"/>
  <testcase classname="com.selenium.VehicleNumberSearch" name="validateVCheckInOutVehicleType" time="0.01"/>
  <testcase classname="com.selenium.VehicleNumberSearch" name="validateVCheckInOutVehicleNumber" time="0.011"/>
  <testcase classname="com.selenium.VehicleNumberSearch" name="validateCheckInDateTimeHeader" time="0.014"/>
  <testcase classname="com.selenium.VehicleNumberSearch" name="validateVCheckInRow" time="0.01"/>
  <testcase classname="com.selenium.VehicleNumberSearch" name="validateCheckOutDateTimeHeader" time="0.014"/>
  <testcase classname="com.selenium.VehicleNumberSearch" name="validateVCheckOutRow" time="0.013"/>
  <testcase classname="com.selenium.VehicleNumberSearch" name="validateVCheckInOutType" time="0.01"/>
  <testcase classname="com.selenium.VehicleNumberSearch" name="validateVCheckInOutPayU_reference" time="0.007"/>
  <testcase classname="com.selenium.VehicleNumberSearch" name="validateVCheckInOutTransactionId" time="0.008"/>
  <testcase classname="com.selenium.VehicleNumberSearch" name="validateVCheckInOutAmount" time="0.008"/>
  <testcase classname="com.selenium.VehicleNumberSearch" name="validateVCheckInOutDueAmount" time="0.008"/>
  <testcase classname="com.selenium.VehicleNumberSearch" name="validateVCheckInOutStatus" time="0.009"/>
  <testcase classname="com.selenium.VehicleNumberSearch" name="vehicleNumberDueAmount" time="2.211"/>
  <testcase classname="com.selenium.VehicleNumberSearch" name="vehicleNumberDueAmountDates" time="6.69"/>
  <testcase classname="com.selenium.VehicleNumberSearch" name="selectVDueAmountCount" time="4.266"/>
  <testcase classname="com.selenium.VehicleNumberSearch" name="dueAmountVTable" time="6.053"/>
  <testcase classname="com.selenium.VehicleNumberSearch" name="validateVDueAmountSiteName" time="0.024"/>
  <testcase classname="com.selenium.VehicleNumberSearch" name="validateVDueAmountVehicleNumber" time="0.014"/>
  <testcase classname="com.selenium.VehicleNumberSearch" name="validateVDueAmountVehicleType" time="0.011"/>
  <testcase classname="com.selenium.VehicleNumberSearch" name="validateVDueAmountPayU_reference" time="0.012"/>
  <testcase classname="com.selenium.VehicleNumberSearch" name="validateDueAmountCreatedDateTimeHeader" time="0.009"/>
  <testcase classname="com.selenium.VehicleNumberSearch" name="validateVDueAmountCreatedDate" time="0.011"/>
  <testcase classname="com.selenium.VehicleNumberSearch" name="validateVDueAmountsTransactionId" time="0.013"/>
  <testcase classname="com.selenium.VehicleNumberSearch" name="validateVDueAmountAmount" time="0.017"/>
  <testcase classname="com.selenium.VehicleNumberSearch" name="validateVDueAmountStatus" time="0.012"/>
  <testcase classname="com.selenium.VehicleNumberSearch" name="vehicleNumberBlockListClick" time="2.217"/>
  <testcase classname="com.selenium.VehicleNumberSearch" name="vehicleNumberBlockListDates" time="6.684"/>
  <testcase classname="com.selenium.VehicleNumberSearch" name="selectVBlockListCount" time="2.251"/>
  <testcase classname="com.selenium.VehicleNumberSearch" name="vBlockListTable" time="6.012"/>
  <testcase classname="com.selenium.VehicleNumberSearch" name="validateVBlockListSiteName" time="0.012"/>
  <testcase classname="com.selenium.VehicleNumberSearch" name="validateVBlockListVehicleNumber" time="0.011"/>
  <testcase classname="com.selenium.VehicleNumberSearch" name="validateVBlockListVehicleType" time="0.019"/>
  <testcase classname="com.selenium.VehicleNumberSearch" name="validateBlockListCreatedDateTimeHeader" time="0.01"/>
  <testcase classname="com.selenium.VehicleNumberSearch" name="validateVBlockListnCreatedDate" time="0.014"/>
  <testcase classname="com.selenium.VehicleNumberSearch" name="validateVBlockListAmount" time="0.011"/>
  <testcase classname="com.selenium.VehicleNumberSearch" name="validateVBlockListStatus" time="0.009"/>
  <testcase classname="com.selenium.VehicleNumberSearch" name="vehicleNumberGuestPasses" time="2.219"/>
  <testcase classname="com.selenium.VehicleNumberSearch" name="vehicleNumberGuestPassesDates" time="2.012"/>
  <testcase classname="com.selenium.VehicleNumberSearch" name="logout" time="2.293"/>
  <testcase classname="com.selenium.TicketNumberSearch" name="login" time="4.594"/>
  <testcase classname="com.selenium.TicketNumberSearch" name="revenueDashboardOpen" time="3.242"/>
  <testcase classname="com.selenium.TicketNumberSearch" name="clickReportsAnalyticsPage" time="2.236"/>
  <testcase classname="com.selenium.TicketNumberSearch" name="ticketNumberSearchPage" time="4.11"/>
  <testcase classname="com.selenium.TicketNumberSearch" name="ticketNumberEnterInvalid" time="2.056"/>
  <testcase classname="com.selenium.TicketNumberSearch" name="ticketNumberSubmit" time="2.219"/>
  <testcase classname="com.selenium.TicketNumberSearch" name="selectVTicketCount" time="2.253"/>
  <testcase classname="com.selenium.TicketNumberSearch" name="ticketNumberTransactionsTable" time="6.053"/>
  <testcase classname="com.selenium.TicketNumberSearch" name="ticketNumberSearchPageAgain" time="4.235"/>
  <testcase classname="com.selenium.TicketNumberSearch" name="ticketNumberEnterValid" time="2.049"/>
  <testcase classname="com.selenium.TicketNumberSearch" name="ticketNumberSubmitAgain" time="2.236"/>
  <testcase classname="com.selenium.TicketNumberSearch" name="selectVTicketCountAgain" time="2.253"/>
  <testcase classname="com.selenium.TicketNumberSearch" name="ticketNumberTableValid" time="6.089"/>
  <testcase classname="com.selenium.TicketNumberSearch" name="validateTicketTransactionId" time="0.034"/>
  <testcase classname="com.selenium.TicketNumberSearch" name="validateTicketTransactionType" time="0.018"/>
  <testcase classname="com.selenium.TicketNumberSearch" name="validateTicketVehicleNumber" time="0.012"/>
  <testcase classname="com.selenium.TicketNumberSearch" name="validateTicketDateTime" time="0.01"/>
  <testcase classname="com.selenium.TicketNumberSearch" name="validateTicketStartDate" time="0.01"/>
  <testcase classname="com.selenium.TicketNumberSearch" name="validateTicketEndDate" time="0.01"/>
  <testcase classname="com.selenium.TicketNumberSearch" name="validateTicketAmount" time="0.009"/>
  <testcase classname="com.selenium.TicketNumberSearch" name="validateTicketStatus" time="0.011"/>
  <testcase classname="com.selenium.TicketNumberSearch" name="logout" time="2.27"/>
  <testcase classname="com.selenium.SiteReports" name="login" time="5.033"/>
  <testcase classname="com.selenium.SiteReports" name="revenueDashboardOpen" time="3.237"/>
  <testcase classname="com.selenium.SiteReports" name="reportsAnalyticsPage" time="2.246"/>
  <testcase classname="com.selenium.SiteReports" name="siteReportPage" time="4.086"/>
  <testcase classname="com.selenium.SiteReports" name="siteReportsDatesEnabled" time="23.352"/>
  <testcase classname="com.selenium.SiteReports" name="getDaySiteRevenue" time="4.284"/>
  <testcase classname="com.selenium.SiteReports" name="getWeekSiteRevenue" time="4.283"/>
  <testcase classname="com.selenium.SiteReports" name="getMonthRevenue" time="10.27"/>
  <testcase classname="com.selenium.SiteReports" name="selectRevenueStartDate" time="7.49"/>
  <testcase classname="com.selenium.SiteReports" name="selectRevenueEndDate" time="8.249"/>
  <testcase classname="com.selenium.SiteReports" name="selectSiteRevenueCount" time="2.074"/>
  <testcase classname="com.selenium.SiteReports" name="siteRevenueTable" time="12.273"/>
  <testcase classname="com.selenium.SiteReports" name="validateVehicleType" time="0.051"/>
  <testcase classname="com.selenium.SiteReports" name="validateSiteReportsCashAmount" time="0.022"/>
  <testcase classname="com.selenium.SiteReports" name="validateSiteReportsCardAmount" time="0.021"/>
  <testcase classname="com.selenium.SiteReports" name="validateSiteReportsUPIAmount" time="0.021"/>
  <testcase classname="com.selenium.SiteReports" name="validateSiteReportsPassAmount" time="0.022"/>
  <testcase classname="com.selenium.SiteReports" name="validateSiteReportsReservationAmount" time="0.023"/>
  <testcase classname="com.selenium.SiteReports" name="validateSiteReportsDueAmount" time="0.022"/>
  <testcase classname="com.selenium.SiteReports" name="validateSiteReportsReservationCount" time="0.021"/>
  <testcase classname="com.selenium.SiteReports" name="validateSiteReportsPassCount" time="0.021"/>
  <testcase classname="com.selenium.SiteReports" name="validateSiteReportsDueCount" time="0.021"/>
  <testcase classname="com.selenium.SiteReports" name="validateSiteReportsVehicleCount" time="0.021"/>
  <testcase classname="com.selenium.SiteReports" name="siteRevenueViewDetailsWeek" time="6.007"/>
  <testcase classname="com.selenium.SiteReports" name="siteRevenueWeekCSV" time="4.016"/>
  <testcase classname="com.selenium.SiteReports" name="siteRevenueWeekPDF" time="4.018"/>
  <testcase classname="com.selenium.SiteReports" name="siteRevenueWeekPopUPClose" time="3.007"/>
  <testcase classname="com.selenium.SiteReports" name="siteRevenueMonthViewDetails" time="6.296"/>
  <testcase classname="com.selenium.SiteReports" name="siteRevenueMonthCSV" time="4.012"/>
  <testcase classname="com.selenium.SiteReports" name="siteRevenueMonthPDF" time="4.016"/>
  <testcase classname="com.selenium.SiteReports" name="siteRevenueMonthPopUPClose" time="3.014"/>
  <testcase classname="com.selenium.SiteReports" name="searchSiteRevenueFilter" time="8.054"/>
  <testcase classname="com.selenium.SiteReports" name="viewSitesList" time="6.529"/>
  <testcase classname="com.selenium.SiteReports" name="siteDeviceStatus" time="2.23"/>
  <testcase classname="com.selenium.SiteReports" name="siteReportDeviceStatusCount" time="2.29"/>
  <testcase classname="com.selenium.SiteReports" name="siteRevenueDeviceStatusTable" time="12.107"/>
  <testcase classname="com.selenium.SiteReports" name="searchSiteReportsDeviceGateway" time="8.06"/>
  <testcase classname="com.selenium.SiteReports" name="searchSiteReportsDevicePOS" time="8.031"/>
  <testcase classname="com.selenium.SiteReports" name="searchSiteReportsDeviceSensor" time="8.065"/>
  <testcase classname="com.selenium.SiteReports" name="alertsCount" time="3.007"/>
  <testcase classname="com.selenium.SiteReports" name="siteAlerts" time="2.244"/>
  <testcase classname="com.selenium.SiteReports" name="siteReportAlertsCount" time="2.271"/>
  <testcase classname="com.selenium.SiteReports" name="devicesStatusTable" time="12.094"/>
  <testcase classname="com.selenium.SiteReports" name="validateAlertId" time="0.054"/>
  <testcase classname="com.selenium.SiteReports" name="validateDeviceSlNo" time="0.024"/>
  <testcase classname="com.selenium.SiteReports" name="validateDeviceType" time="0.023"/>
  <testcase classname="com.selenium.SiteReports" name="validateAlertType" time="0.024"/>
  <testcase classname="com.selenium.SiteReports" name="validateAction" time="0.021"/>
  <testcase classname="com.selenium.SiteReports" name="siteUnChargedTab" time="3.234"/>
  <testcase classname="com.selenium.SiteReports" name="siteListUnCharged" time="6.518"/>
  <testcase classname="com.selenium.SiteReports" name="UnChargedVehiclesCount" time="5.008"/>
  <testcase classname="com.selenium.SiteReports" name="getDayUnChargedVehicles" time="4.241"/>
  <testcase classname="com.selenium.SiteReports" name="getWeekUnChargedVehicles" time="4.24"/>
  <testcase classname="com.selenium.SiteReports" name="getMonthUnChargedVehicles" time="4.265"/>
  <testcase classname="com.selenium.SiteReports" name="selectUnChargedStartDate" time="6.3"/>
  <testcase classname="com.selenium.SiteReports" name="selectUnChargedEndDate" time="0.015"/>
  <testcase classname="com.selenium.SiteReports" name="selectUnChargedVehicleCount" time="2.048"/>
  <testcase classname="com.selenium.SiteReports" name="nextPage" time="3.021"/>
  <testcase classname="com.selenium.SiteReports" name="firstPage" time="3.006"/>
  <testcase classname="com.selenium.SiteReports" name="unChargedVehiclesTable" time="33.066"/>
  <testcase classname="com.selenium.SiteReports" name="validateVehicleNumber" time="0.1"/>
  <testcase classname="com.selenium.SiteReports" name="validateUnchargedVehicleType" time="0.064"/>
  <testcase classname="com.selenium.SiteReports" name="validateTicketNo" time="0.064"/>
  <testcase classname="com.selenium.SiteReports" name="compareEntryExitDateTime" time="0.156"/>
  <testcase classname="com.selenium.SiteReports" name="searchUnChargedVehicle" time="8.071"/>
  <testcase classname="com.selenium.SiteReports" name="verifyUnChargedTransactionTypeENTRY" time="0.054"/>
  <testcase classname="com.selenium.SiteReports" name="searchUnChargedTransNormal" time="8.06"/>
  <testcase classname="com.selenium.SiteReports" name="verifyTransactionTypeNormal" time="0.022"/>
  <testcase classname="com.selenium.SiteReports" name="logout" time="2.275"/>
  <testcase classname="com.selenium.AudiTrail" name="login" time="4.831"/>
  <testcase classname="com.selenium.AudiTrail" name="revenueDashboardOpen" time="3.241"/>
  <testcase classname="com.selenium.AudiTrail" name="redirectAudiTrailPage" time="4.321"/>
  <testcase classname="com.selenium.AudiTrail" name="typeReservations" time="5.327"/>
  <testcase classname="com.selenium.AudiTrail" name="reserveDatesEnabled" time="0.837"/>
  <testcase classname="com.selenium.AudiTrail" name="selectReserveStartDate" time="7.471"/>
  <testcase classname="com.selenium.AudiTrail" name="selectReserveEndDate" time="4.519"/>
  <testcase classname="com.selenium.AudiTrail" name="selectCountReservations25" time="2.234"/>
  <testcase classname="com.selenium.AudiTrail" name="selectCountReservations50" time="2.266"/>
  <testcase classname="com.selenium.AudiTrail" name="reservationTable" time="15.331"/>
  <testcase classname="com.selenium.AudiTrail" name="compareReserveExpiryTime" time="0.079"/>
  <testcase classname="com.selenium.AudiTrail" name="reservationsCsv" time="5.051"/>
  <testcase classname="com.selenium.AudiTrail" name="reservationsPdf" time="3.424"/>
  <testcase classname="com.selenium.AudiTrail" name="reserveTypePass" time="0.235"/>
  <testcase classname="com.selenium.AudiTrail" name="passesDatesEnabled" time="3.745"/>
  <testcase classname="com.selenium.AudiTrail" name="selectStartDatePasses" time="0.013"/>
  <testcase classname="com.selenium.AudiTrail" name="selectEndDatePasses" time="2.007"/>
  <testcase classname="com.selenium.AudiTrail" name="selectCountPasses25" time="2.038"/>
  <testcase classname="com.selenium.AudiTrail" name="selectCountPasses50" time="2.23"/>
  <testcase classname="com.selenium.AudiTrail" name="passesCsv" time="0.234"/>
  <testcase classname="com.selenium.AudiTrail" name="passesPdf" time="3.342"/>
  <testcase classname="com.selenium.AudiTrail" name="passesTable" time="15.428"/>
  <testcase classname="com.selenium.AudiTrail" name="comparePasssReserveExpiryTime" time="0.032"/>
  <testcase classname="com.selenium.AudiTrail" name="clickPOSdevice" time="4.254"/>
  <testcase classname="com.selenium.AudiTrail" name="statusTypeALL" time="0.039"/>
  <testcase classname="com.selenium.AudiTrail" name="audiTrailPOSDatesEnabled" time="4.77"/>
  <testcase classname="com.selenium.AudiTrail" name="selectStartDateAll" time="2.282"/>
  <testcase classname="com.selenium.AudiTrail" name="selectEndDateAll" time="2.008"/>
  <testcase classname="com.selenium.AudiTrail" name="selectAttachment" time="7.253"/>
  <testcase classname="com.selenium.AudiTrail" name="selectedImage1Details" time="6.049"/>
  <testcase classname="com.selenium.AudiTrail" name="imagePopUpClose" time="2.229"/>
  <testcase classname="com.selenium.AudiTrail" name="selectCountAll50" time="0.031"/>
  <testcase classname="com.selenium.AudiTrail" name="selectCountAll10" time="2.026"/>
  <testcase classname="com.selenium.AudiTrail" name="selectCountAll25" time="2.245"/>
  <testcase classname="com.selenium.AudiTrail" name="clickPages" time="9.747"/>
  <testcase classname="com.selenium.AudiTrail" name="viewDetails1All" time="2.246"/>
  <testcase classname="com.selenium.AudiTrail" name="viewDetailPopUpClose" time="2.214"/>
  <testcase classname="com.selenium.AudiTrail" name="getSitesList" time="3.252"/>
  <testcase classname="com.selenium.AudiTrail" name="allTable" time="79.283"/>
  <testcase classname="com.selenium.AudiTrail" name="compareEntryExitDateTime" time="0.37"/>
  <testcase classname="com.selenium.AudiTrail" name="viewDetails2All" time="2.002"/>
  <testcase classname="com.selenium.AudiTrail" name="allCsv" time="3.293"/>
  <testcase classname="com.selenium.AudiTrail" name="allPdf" time="3.452"/>
  <testcase classname="com.selenium.AudiTrail" name="statusTypeEntry" time="0.256"/>
  <testcase classname="com.selenium.AudiTrail" name="activeStatusDatesEnabled" time="4.004"/>
  <testcase classname="com.selenium.AudiTrail" name="selectStartDateActive" time="2.277"/>
  <testcase classname="com.selenium.AudiTrail" name="selectEndDateActive" time="2.007"/>
  <testcase classname="com.selenium.AudiTrail" name="selectCountActive50" time="2.297"/>
  <testcase classname="com.selenium.AudiTrail" name="selectCountActive25" time="2.24"/>
  <testcase classname="com.selenium.AudiTrail" name="selectCountActive10" time="2.236"/>
  <testcase classname="com.selenium.AudiTrail" name="activeCsv" time="3.266"/>
  <testcase classname="com.selenium.AudiTrail" name="activePdf" time="3.423"/>
  <testcase classname="com.selenium.AudiTrail" name="statusTypeExit" time="0.227"/>
  <testcase classname="com.selenium.AudiTrail" name="inActiveStatusDatesEnabled" time="3.882"/>
  <testcase classname="com.selenium.AudiTrail" name="selectStartDateInActive" time="2.28"/>
  <testcase classname="com.selenium.AudiTrail" name="selectEndDateInActive" time="2.007"/>
  <testcase classname="com.selenium.AudiTrail" name="inActiveCsv" time="3.271"/>
  <testcase classname="com.selenium.AudiTrail" name="inActivePdf" time="3.335"/>
  <testcase classname="com.selenium.AudiTrail" name="typeMaintenance" time="0.231"/>
  <testcase classname="com.selenium.AudiTrail" name="maintenanceDatesEnabled" time="3.811"/>
  <testcase classname="com.selenium.AudiTrail" name="selectStartDateMaintenance" time="4.248"/>
  <testcase classname="com.selenium.AudiTrail" name="selectEndDateMaintenance" time="2.006"/>
  <testcase classname="com.selenium.AudiTrail" name="maintenanceCsv" time="3.266"/>
  <testcase classname="com.selenium.AudiTrail" name="maintenancePdf" time="8.256"/>
  <testcase classname="com.selenium.AudiTrail" name="statusTypeForceExit" time="0.271"/>
  <testcase classname="com.selenium.AudiTrail" name="forceExitStatusDatesEnabled" time="3.789"/>
  <testcase classname="com.selenium.AudiTrail" name="selectStartDateForceExit" time="4.237"/>
  <testcase classname="com.selenium.AudiTrail" name="selectEndDateForceExit" time="2.003"/>
  <testcase classname="com.selenium.AudiTrail" name="forceExitCsv" time="3.24"/>
  <testcase classname="com.selenium.AudiTrail" name="forceExitPdf" time="3.4"/>
  <testcase classname="com.selenium.AudiTrail" name="logout" time="5.251"/>
  <testcase classname="com.selenium.VehicleBlockList" name="login" time="4.786"/>
  <testcase classname="com.selenium.VehicleBlockList" name="revenueDashboardOpen" time="3.248"/>
  <testcase classname="com.selenium.VehicleBlockList" name="redirectVehicleBlockListPage" time="4.353"/>
  <testcase classname="com.selenium.VehicleBlockList" name="viewBlocklistSiteList" time="6.592"/>
  <testcase classname="com.selenium.VehicleBlockList" name="vehicleBlockListDates" time="4.221"/>
  <testcase classname="com.selenium.VehicleBlockList" name="selectBlocklistStartDate" time="11.684"/>
  <testcase classname="com.selenium.VehicleBlockList" name="selectBlockListEndDate" time="10.437"/>
  <testcase classname="com.selenium.VehicleBlockList" name="vehicleBlockDayCsv" time="0.008"/>
  <testcase classname="com.selenium.VehicleBlockList" name="vehicleBlockDayPdf" time="10.106"/>
  <testcase classname="com.selenium.VehicleBlockList" name="vehicleBlockWeekCsv" time="11.602"/>
  <testcase classname="com.selenium.VehicleBlockList" name="vehicleBlockWeekPdf" time="10.134"/>
  <testcase classname="com.selenium.VehicleBlockList" name="vehicleBlockMonthCsv" time="11.642"/>
  <testcase classname="com.selenium.VehicleBlockList" name="vehicleBlockMonthPdf" time="10.112"/>
  <testcase classname="com.selenium.VehicleBlockList" name="selectListCount" time="2.311"/>
  <testcase classname="com.selenium.VehicleBlockList" name="vehicleBlockListTable" time="6.018"/>
  <testcase classname="com.selenium.VehicleBlockList" name="searchVehicleNumber" time="8.045"/>
  <testcase classname="com.selenium.VehicleBlockList" name="searchBlockListMobileNumber" time="8.047"/>
  <testcase classname="com.selenium.VehicleBlockList" name="validateBlockListDate" time="0.033"/>
  <testcase classname="com.selenium.VehicleBlockList" name="validateBlockListMobileNum" time="0.013">
    <failure type="java.lang.IndexOutOfBoundsException" message="Index 2 out of bounds for length 1">
      <![CDATA[java.lang.IndexOutOfBoundsException: Index 2 out of bounds for length 1
at java.base/jdk.internal.util.Preconditions.outOfBounds(Preconditions.java:100)
at java.base/jdk.internal.util.Preconditions.outOfBoundsCheckIndex(Preconditions.java:106)
at java.base/jdk.internal.util.Preconditions.checkIndex(Preconditions.java:302)
at java.base/java.util.Objects.checkIndex(Objects.java:359)
at java.base/java.util.ArrayList.get(ArrayList.java:427)
at com.selenium.VehicleBlockList.validateBlockListMobileNum(VehicleBlockList.java:475)
at java.base/java.util.ArrayList.forEach(ArrayList.java:1511)
... Removed 29 stack frames]]>
    </failure>
  </testcase> <!-- validateBlockListMobileNum -->
  <testcase classname="com.selenium.VehicleBlockList" name="validateBlockListUser" time="0.01">
    <failure type="java.lang.IndexOutOfBoundsException" message="Index 1 out of bounds for length 1">
      <![CDATA[java.lang.IndexOutOfBoundsException: Index 1 out of bounds for length 1
at java.base/jdk.internal.util.Preconditions.outOfBounds(Preconditions.java:100)
at java.base/jdk.internal.util.Preconditions.outOfBoundsCheckIndex(Preconditions.java:106)
at java.base/jdk.internal.util.Preconditions.checkIndex(Preconditions.java:302)
at java.base/java.util.Objects.checkIndex(Objects.java:359)
at java.base/java.util.ArrayList.get(ArrayList.java:427)
at com.selenium.VehicleBlockList.validateBlockListUser(VehicleBlockList.java:445)
at java.base/java.util.ArrayList.forEach(ArrayList.java:1511)
... Removed 29 stack frames]]>
    </failure>
  </testcase> <!-- validateBlockListUser -->
  <testcase classname="com.selenium.VehicleBlockList" name="validateBlockListVehicleNum" time="0.009">
    <failure type="java.lang.IndexOutOfBoundsException" message="Index 3 out of bounds for length 1">
      <![CDATA[java.lang.IndexOutOfBoundsException: Index 3 out of bounds for length 1
at java.base/jdk.internal.util.Preconditions.outOfBounds(Preconditions.java:100)
at java.base/jdk.internal.util.Preconditions.outOfBoundsCheckIndex(Preconditions.java:106)
at java.base/jdk.internal.util.Preconditions.checkIndex(Preconditions.java:302)
at java.base/java.util.Objects.checkIndex(Objects.java:359)
at java.base/java.util.ArrayList.get(ArrayList.java:427)
at com.selenium.VehicleBlockList.validateBlockListVehicleNum(VehicleBlockList.java:505)
at java.base/java.util.ArrayList.forEach(ArrayList.java:1511)
... Removed 29 stack frames]]>
    </failure>
  </testcase> <!-- validateBlockListVehicleNum -->
  <testcase classname="com.selenium.VehicleBlockList" name="validateBlockListAmount" time="0.007">
    <failure type="java.lang.IndexOutOfBoundsException" message="Index 4 out of bounds for length 1">
      <![CDATA[java.lang.IndexOutOfBoundsException: Index 4 out of bounds for length 1
at java.base/jdk.internal.util.Preconditions.outOfBounds(Preconditions.java:100)
at java.base/jdk.internal.util.Preconditions.outOfBoundsCheckIndex(Preconditions.java:106)
at java.base/jdk.internal.util.Preconditions.checkIndex(Preconditions.java:302)
at java.base/java.util.Objects.checkIndex(Objects.java:359)
at java.base/java.util.ArrayList.get(ArrayList.java:427)
at com.selenium.VehicleBlockList.validateBlockListAmount(VehicleBlockList.java:535)
at java.base/java.util.ArrayList.forEach(ArrayList.java:1511)
... Removed 29 stack frames]]>
    </failure>
  </testcase> <!-- validateBlockListAmount -->
  <testcase classname="com.selenium.VehicleBlockList" name="validateBlockListStatus" time="0.007">
    <failure type="java.lang.IndexOutOfBoundsException" message="Index 5 out of bounds for length 1">
      <![CDATA[java.lang.IndexOutOfBoundsException: Index 5 out of bounds for length 1
at java.base/jdk.internal.util.Preconditions.outOfBounds(Preconditions.java:100)
at java.base/jdk.internal.util.Preconditions.outOfBoundsCheckIndex(Preconditions.java:106)
at java.base/jdk.internal.util.Preconditions.checkIndex(Preconditions.java:302)
at java.base/java.util.Objects.checkIndex(Objects.java:359)
at java.base/java.util.ArrayList.get(ArrayList.java:427)
at com.selenium.VehicleBlockList.validateBlockListStatus(VehicleBlockList.java:565)
at java.base/java.util.ArrayList.forEach(ArrayList.java:1511)
... Removed 29 stack frames]]>
    </failure>
  </testcase> <!-- validateBlockListStatus -->
  <testcase classname="com.selenium.VehicleBlockList" name="selectAction" time="5.003"/>
  <testcase classname="com.selenium.CouponReports" name="login" time="4.963"/>
  <testcase classname="com.selenium.CouponReports" name="revenueDashboardOpen" time="3.24"/>
  <testcase classname="com.selenium.CouponReports" name="redirectCouponReportsPage" time="4.407"/>
  <testcase classname="com.selenium.CouponReports" name="viewCouponSiteList" time="3.572"/>
  <testcase classname="com.selenium.CouponReports" name="vehicleBlockListDates" time="4.205"/>
  <testcase classname="com.selenium.CouponReports" name="selectCouponStartDate" time="11.665"/>
  <testcase classname="com.selenium.CouponReports" name="selectCouponEndDate" time="10.463"/>
  <testcase classname="com.selenium.CouponReports" name="selectListCount" time="2.27"/>
  <testcase classname="com.selenium.CouponReports" name="vehicleBlockListTable" time="30.634"/>
  <testcase classname="com.selenium.CouponReports" name="searchVehicleNumber" time="8.059"/>
  <testcase classname="com.selenium.CouponReports" name="searchCouponMobileNumber" time="8.087"/>
  <testcase classname="com.selenium.CouponReports" name="searchCouponCode" time="8.067"/>
  <testcase classname="com.selenium.CouponReports" name="searchCouponStatus" time="8.064"/>
  <testcase classname="com.selenium.CouponReports" name="searchCouponCreatedTime" time="8.095"/>
  <testcase classname="com.selenium.CouponReports" name="validateCouponVehicleNumber" time="0.03"/>
  <testcase classname="com.selenium.CouponReports" name="validateCouponMobileNumber" time="0.01"/>
  <testcase classname="com.selenium.CouponReports" name="validateCouponCode" time="0.009"/>
  <testcase classname="com.selenium.CouponReports" name="validateCouponAmount" time="0.01"/>
  <testcase classname="com.selenium.CouponReports" name="validateCouponStatusNull" time="0.007"/>
  <testcase classname="com.selenium.CouponReports" name="validateCouponStatusInvalid" time="0.007"/>
  <testcase classname="com.selenium.CouponReports" name="validateCouponCreatedTime" time="0.007"/>
  <testcase classname="com.selenium.CouponReports" name="validateCouponStartTime" time="0.007"/>
  <testcase classname="com.selenium.CouponReports" name="validateCouponEndDate" time="0.008"/>
  <testcase classname="com.selenium.UnAccountedReports" name="login" time="4.469"/>
  <testcase classname="com.selenium.UnAccountedReports" name="revenueDashboardOpen" time="3.236"/>
  <testcase classname="com.selenium.UnAccountedReports" name="redirectUnAccountedReportsPage" time="4.355"/>
  <testcase classname="com.selenium.UnAccountedReports" name="viewUnAccountedSiteList" time="3.001"/>
  <testcase classname="com.selenium.UnAccountedReports" name="selectDevicemPOS" time="2.034"/>
  <testcase classname="com.selenium.UnAccountedReports" name="mPOSDatesEnabled" time="5.234"/>
  <testcase classname="com.selenium.UnAccountedReports" name="selectMPOSStartDate" time="11.739"/>
  <testcase classname="com.selenium.UnAccountedReports" name="selectMPOSEndDate" time="10.487"/>
  <testcase classname="com.selenium.UnAccountedReports" name="selectMPOSListCount" time="2.281"/>
  <testcase classname="com.selenium.UnAccountedReports" name="unAccountedTableMPOS" time="30.62"/>
  <testcase classname="com.selenium.UnAccountedReports" name="searchMPOSVehicleNumber" time="4.059"/>
  <testcase classname="com.selenium.UnAccountedReports" name="validateMPOSTicketNo" time="0.034"/>
  <testcase classname="com.selenium.UnAccountedReports" name="validateMPOSVehicleNumber" time="0.011">
    <failure type="java.lang.IndexOutOfBoundsException" message="Index 1 out of bounds for length 1">
      <![CDATA[java.lang.IndexOutOfBoundsException: Index 1 out of bounds for length 1
at java.base/jdk.internal.util.Preconditions.outOfBounds(Preconditions.java:100)
at java.base/jdk.internal.util.Preconditions.outOfBoundsCheckIndex(Preconditions.java:106)
at java.base/jdk.internal.util.Preconditions.checkIndex(Preconditions.java:302)
at java.base/java.util.Objects.checkIndex(Objects.java:359)
at java.base/java.util.ArrayList.get(ArrayList.java:427)
at com.selenium.UnAccountedReports.validateMPOSVehicleNumber(UnAccountedReports.java:380)
at java.base/java.util.ArrayList.forEach(ArrayList.java:1511)
... Removed 29 stack frames]]>
    </failure>
  </testcase> <!-- validateMPOSVehicleNumber -->
  <testcase classname="com.selenium.UnAccountedReports" name="validateMPOSMobileNumber" time="0.008">
    <failure type="java.lang.IndexOutOfBoundsException" message="Index 2 out of bounds for length 1">
      <![CDATA[java.lang.IndexOutOfBoundsException: Index 2 out of bounds for length 1
at java.base/jdk.internal.util.Preconditions.outOfBounds(Preconditions.java:100)
at java.base/jdk.internal.util.Preconditions.outOfBoundsCheckIndex(Preconditions.java:106)
at java.base/jdk.internal.util.Preconditions.checkIndex(Preconditions.java:302)
at java.base/java.util.Objects.checkIndex(Objects.java:359)
at java.base/java.util.ArrayList.get(ArrayList.java:427)
at com.selenium.UnAccountedReports.validateMPOSMobileNumber(UnAccountedReports.java:413)
at java.base/java.util.ArrayList.forEach(ArrayList.java:1511)
... Removed 29 stack frames]]>
    </failure>
  </testcase> <!-- validateMPOSMobileNumber -->
  <testcase classname="com.selenium.UnAccountedReports" name="validateMPOSVehicleType" time="0.008">
    <failure type="java.lang.IndexOutOfBoundsException" message="Index 3 out of bounds for length 1">
      <![CDATA[java.lang.IndexOutOfBoundsException: Index 3 out of bounds for length 1
at java.base/jdk.internal.util.Preconditions.outOfBounds(Preconditions.java:100)
at java.base/jdk.internal.util.Preconditions.outOfBoundsCheckIndex(Preconditions.java:106)
at java.base/jdk.internal.util.Preconditions.checkIndex(Preconditions.java:302)
at java.base/java.util.Objects.checkIndex(Objects.java:359)
at java.base/java.util.ArrayList.get(ArrayList.java:427)
at com.selenium.UnAccountedReports.validateMPOSVehicleType(UnAccountedReports.java:446)
at java.base/java.util.ArrayList.forEach(ArrayList.java:1511)
... Removed 29 stack frames]]>
    </failure>
  </testcase> <!-- validateMPOSVehicleType -->
  <testcase classname="com.selenium.UnAccountedReports" name="validateMPOSAmount" time="0.012">
    <failure type="java.lang.IndexOutOfBoundsException" message="Index 4 out of bounds for length 1">
      <![CDATA[java.lang.IndexOutOfBoundsException: Index 4 out of bounds for length 1
at java.base/jdk.internal.util.Preconditions.outOfBounds(Preconditions.java:100)
at java.base/jdk.internal.util.Preconditions.outOfBoundsCheckIndex(Preconditions.java:106)
at java.base/jdk.internal.util.Preconditions.checkIndex(Preconditions.java:302)
at java.base/java.util.Objects.checkIndex(Objects.java:359)
at java.base/java.util.ArrayList.get(ArrayList.java:427)
at com.selenium.UnAccountedReports.validateMPOSAmount(UnAccountedReports.java:479)
at java.base/java.util.ArrayList.forEach(ArrayList.java:1511)
... Removed 29 stack frames]]>
    </failure>
  </testcase> <!-- validateMPOSAmount -->
  <testcase classname="com.selenium.UnAccountedReports" name="validateMPOSDisCountedAmount" time="0.028">
    <failure type="java.lang.IndexOutOfBoundsException" message="Index 5 out of bounds for length 1">
      <![CDATA[java.lang.IndexOutOfBoundsException: Index 5 out of bounds for length 1
at java.base/jdk.internal.util.Preconditions.outOfBounds(Preconditions.java:100)
at java.base/jdk.internal.util.Preconditions.outOfBoundsCheckIndex(Preconditions.java:106)
at java.base/jdk.internal.util.Preconditions.checkIndex(Preconditions.java:302)
at java.base/java.util.Objects.checkIndex(Objects.java:359)
at java.base/java.util.ArrayList.get(ArrayList.java:427)
at com.selenium.UnAccountedReports.validateMPOSDisCountedAmount(UnAccountedReports.java:514)
at java.base/java.util.ArrayList.forEach(ArrayList.java:1511)
... Removed 29 stack frames]]>
    </failure>
  </testcase> <!-- validateMPOSDisCountedAmount -->
  <testcase classname="com.selenium.UnAccountedReports" name="validateMPOSPaymentType" time="0.01">
    <failure type="java.lang.IndexOutOfBoundsException" message="Index 6 out of bounds for length 1">
      <![CDATA[java.lang.IndexOutOfBoundsException: Index 6 out of bounds for length 1
at java.base/jdk.internal.util.Preconditions.outOfBounds(Preconditions.java:100)
at java.base/jdk.internal.util.Preconditions.outOfBoundsCheckIndex(Preconditions.java:106)
at java.base/jdk.internal.util.Preconditions.checkIndex(Preconditions.java:302)
at java.base/java.util.Objects.checkIndex(Objects.java:359)
at java.base/java.util.ArrayList.get(ArrayList.java:427)
at com.selenium.UnAccountedReports.validateMPOSPaymentType(UnAccountedReports.java:550)
at java.base/java.util.ArrayList.forEach(ArrayList.java:1511)
... Removed 29 stack frames]]>
    </failure>
  </testcase> <!-- validateMPOSPaymentType -->
  <testcase classname="com.selenium.UnAccountedReports" name="validateMPOSStatus" time="0.009">
    <failure type="java.lang.IndexOutOfBoundsException" message="Index 7 out of bounds for length 1">
      <![CDATA[java.lang.IndexOutOfBoundsException: Index 7 out of bounds for length 1
at java.base/jdk.internal.util.Preconditions.outOfBounds(Preconditions.java:100)
at java.base/jdk.internal.util.Preconditions.outOfBoundsCheckIndex(Preconditions.java:106)
at java.base/jdk.internal.util.Preconditions.checkIndex(Preconditions.java:302)
at java.base/java.util.Objects.checkIndex(Objects.java:359)
at java.base/java.util.ArrayList.get(ArrayList.java:427)
at com.selenium.UnAccountedReports.validateMPOSStatus(UnAccountedReports.java:584)
at java.base/java.util.ArrayList.forEach(ArrayList.java:1511)
... Removed 29 stack frames]]>
    </failure>
  </testcase> <!-- validateMPOSStatus -->
  <testcase classname="com.selenium.UnAccountedReports" name="validateMPOSType" time="0.007">
    <failure type="java.lang.IndexOutOfBoundsException" message="Index 8 out of bounds for length 1">
      <![CDATA[java.lang.IndexOutOfBoundsException: Index 8 out of bounds for length 1
at java.base/jdk.internal.util.Preconditions.outOfBounds(Preconditions.java:100)
at java.base/jdk.internal.util.Preconditions.outOfBoundsCheckIndex(Preconditions.java:106)
at java.base/jdk.internal.util.Preconditions.checkIndex(Preconditions.java:302)
at java.base/java.util.Objects.checkIndex(Objects.java:359)
at java.base/java.util.ArrayList.get(ArrayList.java:427)
at com.selenium.UnAccountedReports.validateMPOSType(UnAccountedReports.java:618)
at java.base/java.util.ArrayList.forEach(ArrayList.java:1511)
... Removed 29 stack frames]]>
    </failure>
  </testcase> <!-- validateMPOSType -->
  <testcase classname="com.selenium.UnAccountedReports" name="selectDeviceAndroid" time="2.026"/>
  <testcase classname="com.selenium.UnAccountedReports" name="androidDatesEnabled" time="5.264"/>
  <testcase classname="com.selenium.UnAccountedReports" name="selectANDROIDStartDate" time="11.681"/>
  <testcase classname="com.selenium.UnAccountedReports" name="selectANDROIDEndDate" time="10.449"/>
  <testcase classname="com.selenium.UnAccountedReports" name="selectANDROIDListCount" time="2.035"/>
  <testcase classname="com.selenium.UnAccountedReports" name="unAccountedTableANDROID" time="6.025"/>
  <testcase classname="com.selenium.UnAccountedReports" name="searchANDROIDVehicleNumber" time="4.083"/>
  <testcase classname="com.selenium.UnAccountedReports" name="validateANDROIDTicketNo" time="0.027"/>
  <testcase classname="com.selenium.UnAccountedReports" name="validateANDROIDVehicleNumber" time="0.012">
    <failure type="java.lang.IndexOutOfBoundsException" message="Index 1 out of bounds for length 1">
      <![CDATA[java.lang.IndexOutOfBoundsException: Index 1 out of bounds for length 1
at java.base/jdk.internal.util.Preconditions.outOfBounds(Preconditions.java:100)
at java.base/jdk.internal.util.Preconditions.outOfBoundsCheckIndex(Preconditions.java:106)
at java.base/jdk.internal.util.Preconditions.checkIndex(Preconditions.java:302)
at java.base/java.util.Objects.checkIndex(Objects.java:359)
at java.base/java.util.ArrayList.get(ArrayList.java:427)
at com.selenium.UnAccountedReports.validateANDROIDVehicleNumber(UnAccountedReports.java:863)
at java.base/java.util.ArrayList.forEach(ArrayList.java:1511)
... Removed 29 stack frames]]>
    </failure>
  </testcase> <!-- validateANDROIDVehicleNumber -->
  <testcase classname="com.selenium.UnAccountedReports" name="validateANDROIDMobileNumber" time="0.008">
    <failure type="java.lang.IndexOutOfBoundsException" message="Index 2 out of bounds for length 1">
      <![CDATA[java.lang.IndexOutOfBoundsException: Index 2 out of bounds for length 1
at java.base/jdk.internal.util.Preconditions.outOfBounds(Preconditions.java:100)
at java.base/jdk.internal.util.Preconditions.outOfBoundsCheckIndex(Preconditions.java:106)
at java.base/jdk.internal.util.Preconditions.checkIndex(Preconditions.java:302)
at java.base/java.util.Objects.checkIndex(Objects.java:359)
at java.base/java.util.ArrayList.get(ArrayList.java:427)
at com.selenium.UnAccountedReports.validateANDROIDMobileNumber(UnAccountedReports.java:896)
at java.base/java.util.ArrayList.forEach(ArrayList.java:1511)
... Removed 29 stack frames]]>
    </failure>
  </testcase> <!-- validateANDROIDMobileNumber -->
  <testcase classname="com.selenium.UnAccountedReports" name="validateANDROIDVehicleType" time="0.008">
    <failure type="java.lang.IndexOutOfBoundsException" message="Index 3 out of bounds for length 1">
      <![CDATA[java.lang.IndexOutOfBoundsException: Index 3 out of bounds for length 1
at java.base/jdk.internal.util.Preconditions.outOfBounds(Preconditions.java:100)
at java.base/jdk.internal.util.Preconditions.outOfBoundsCheckIndex(Preconditions.java:106)
at java.base/jdk.internal.util.Preconditions.checkIndex(Preconditions.java:302)
at java.base/java.util.Objects.checkIndex(Objects.java:359)
at java.base/java.util.ArrayList.get(ArrayList.java:427)
at com.selenium.UnAccountedReports.validateANDROIDVehicleType(UnAccountedReports.java:929)
at java.base/java.util.ArrayList.forEach(ArrayList.java:1511)
... Removed 29 stack frames]]>
    </failure>
  </testcase> <!-- validateANDROIDVehicleType -->
  <testcase classname="com.selenium.UnAccountedReports" name="validateANDROIDAmount" time="0.007">
    <failure type="java.lang.IndexOutOfBoundsException" message="Index 4 out of bounds for length 1">
      <![CDATA[java.lang.IndexOutOfBoundsException: Index 4 out of bounds for length 1
at java.base/jdk.internal.util.Preconditions.outOfBounds(Preconditions.java:100)
at java.base/jdk.internal.util.Preconditions.outOfBoundsCheckIndex(Preconditions.java:106)
at java.base/jdk.internal.util.Preconditions.checkIndex(Preconditions.java:302)
at java.base/java.util.Objects.checkIndex(Objects.java:359)
at java.base/java.util.ArrayList.get(ArrayList.java:427)
at com.selenium.UnAccountedReports.validateANDROIDAmount(UnAccountedReports.java:962)
at java.base/java.util.ArrayList.forEach(ArrayList.java:1511)
... Removed 29 stack frames]]>
    </failure>
  </testcase> <!-- validateANDROIDAmount -->
  <testcase classname="com.selenium.UnAccountedReports" name="validateANDROIDDisCountedAmount" time="0.007">
    <failure type="java.lang.IndexOutOfBoundsException" message="Index 5 out of bounds for length 1">
      <![CDATA[java.lang.IndexOutOfBoundsException: Index 5 out of bounds for length 1
at java.base/jdk.internal.util.Preconditions.outOfBounds(Preconditions.java:100)
at java.base/jdk.internal.util.Preconditions.outOfBoundsCheckIndex(Preconditions.java:106)
at java.base/jdk.internal.util.Preconditions.checkIndex(Preconditions.java:302)
at java.base/java.util.Objects.checkIndex(Objects.java:359)
at java.base/java.util.ArrayList.get(ArrayList.java:427)
at com.selenium.UnAccountedReports.validateANDROIDDisCountedAmount(UnAccountedReports.java:997)
at java.base/java.util.ArrayList.forEach(ArrayList.java:1511)
... Removed 29 stack frames]]>
    </failure>
  </testcase> <!-- validateANDROIDDisCountedAmount -->
  <testcase classname="com.selenium.UnAccountedReports" name="validateANDROIDPaymentType" time="0.005">
    <failure type="java.lang.IndexOutOfBoundsException" message="Index 6 out of bounds for length 1">
      <![CDATA[java.lang.IndexOutOfBoundsException: Index 6 out of bounds for length 1
at java.base/jdk.internal.util.Preconditions.outOfBounds(Preconditions.java:100)
at java.base/jdk.internal.util.Preconditions.outOfBoundsCheckIndex(Preconditions.java:106)
at java.base/jdk.internal.util.Preconditions.checkIndex(Preconditions.java:302)
at java.base/java.util.Objects.checkIndex(Objects.java:359)
at java.base/java.util.ArrayList.get(ArrayList.java:427)
at com.selenium.UnAccountedReports.validateANDROIDPaymentType(UnAccountedReports.java:1033)
at java.base/java.util.ArrayList.forEach(ArrayList.java:1511)
... Removed 29 stack frames]]>
    </failure>
  </testcase> <!-- validateANDROIDPaymentType -->
  <testcase classname="com.selenium.UnAccountedReports" name="validateANDROIDSStatus" time="0.008">
    <failure type="java.lang.IndexOutOfBoundsException" message="Index 7 out of bounds for length 1">
      <![CDATA[java.lang.IndexOutOfBoundsException: Index 7 out of bounds for length 1
at java.base/jdk.internal.util.Preconditions.outOfBounds(Preconditions.java:100)
at java.base/jdk.internal.util.Preconditions.outOfBoundsCheckIndex(Preconditions.java:106)
at java.base/jdk.internal.util.Preconditions.checkIndex(Preconditions.java:302)
at java.base/java.util.Objects.checkIndex(Objects.java:359)
at java.base/java.util.ArrayList.get(ArrayList.java:427)
at com.selenium.UnAccountedReports.validateANDROIDSStatus(UnAccountedReports.java:1067)
at java.base/java.util.ArrayList.forEach(ArrayList.java:1511)
... Removed 29 stack frames]]>
    </failure>
  </testcase> <!-- validateANDROIDSStatus -->
  <testcase classname="com.selenium.UnAccountedReports" name="validateANDROIDType" time="0.006">
    <failure type="java.lang.IndexOutOfBoundsException" message="Index 8 out of bounds for length 1">
      <![CDATA[java.lang.IndexOutOfBoundsException: Index 8 out of bounds for length 1
at java.base/jdk.internal.util.Preconditions.outOfBounds(Preconditions.java:100)
at java.base/jdk.internal.util.Preconditions.outOfBoundsCheckIndex(Preconditions.java:106)
at java.base/jdk.internal.util.Preconditions.checkIndex(Preconditions.java:302)
at java.base/java.util.Objects.checkIndex(Objects.java:359)
at java.base/java.util.ArrayList.get(ArrayList.java:427)
at com.selenium.UnAccountedReports.validateANDROIDType(UnAccountedReports.java:1101)
at java.base/java.util.ArrayList.forEach(ArrayList.java:1511)
... Removed 29 stack frames]]>
    </failure>
  </testcase> <!-- validateANDROIDType -->
  <testcase classname="com.selenium.UnAccountedReports" name="selectDeviceiOS" time="2.047"/>
  <testcase classname="com.selenium.UnAccountedReports" name="iOSDatesEnabled" time="5.212"/>
  <testcase classname="com.selenium.UnAccountedReports" name="selectiOSStartDate" time="11.686"/>
  <testcase classname="com.selenium.UnAccountedReports" name="selectiOSEndDate" time="6.734"/>
  <testcase classname="com.selenium.UnAccountedReports" name="selectiOSListCount" time="2.043"/>
  <testcase classname="com.selenium.UnAccountedReports" name="unAccountedTableiOS" time="6.025"/>
  <testcase classname="com.selenium.UnAccountedReports" name="searchiOSVehicleNumber" time="4.099"/>
  <testcase classname="com.selenium.UnAccountedReports" name="validateiOSTicketNo" time="0.027"/>
  <testcase classname="com.selenium.UnAccountedReports" name="validateiOSVehicleNumber" time="0.009">
    <failure type="java.lang.IndexOutOfBoundsException" message="Index 1 out of bounds for length 1">
      <![CDATA[java.lang.IndexOutOfBoundsException: Index 1 out of bounds for length 1
at java.base/jdk.internal.util.Preconditions.outOfBounds(Preconditions.java:100)
at java.base/jdk.internal.util.Preconditions.outOfBoundsCheckIndex(Preconditions.java:106)
at java.base/jdk.internal.util.Preconditions.checkIndex(Preconditions.java:302)
at java.base/java.util.Objects.checkIndex(Objects.java:359)
at java.base/java.util.ArrayList.get(ArrayList.java:427)
at com.selenium.UnAccountedReports.validateiOSVehicleNumber(UnAccountedReports.java:1347)
at java.base/java.util.ArrayList.forEach(ArrayList.java:1511)
... Removed 29 stack frames]]>
    </failure>
  </testcase> <!-- validateiOSVehicleNumber -->
  <testcase classname="com.selenium.UnAccountedReports" name="validateiOSMobileNumber" time="0.007">
    <failure type="java.lang.IndexOutOfBoundsException" message="Index 2 out of bounds for length 1">
      <![CDATA[java.lang.IndexOutOfBoundsException: Index 2 out of bounds for length 1
at java.base/jdk.internal.util.Preconditions.outOfBounds(Preconditions.java:100)
at java.base/jdk.internal.util.Preconditions.outOfBoundsCheckIndex(Preconditions.java:106)
at java.base/jdk.internal.util.Preconditions.checkIndex(Preconditions.java:302)
at java.base/java.util.Objects.checkIndex(Objects.java:359)
at java.base/java.util.ArrayList.get(ArrayList.java:427)
at com.selenium.UnAccountedReports.validateiOSMobileNumber(UnAccountedReports.java:1380)
at java.base/java.util.ArrayList.forEach(ArrayList.java:1511)
... Removed 29 stack frames]]>
    </failure>
  </testcase> <!-- validateiOSMobileNumber -->
  <testcase classname="com.selenium.UnAccountedReports" name="validateiOSVehicleType" time="0.008">
    <failure type="java.lang.IndexOutOfBoundsException" message="Index 3 out of bounds for length 1">
      <![CDATA[java.lang.IndexOutOfBoundsException: Index 3 out of bounds for length 1
at java.base/jdk.internal.util.Preconditions.outOfBounds(Preconditions.java:100)
at java.base/jdk.internal.util.Preconditions.outOfBoundsCheckIndex(Preconditions.java:106)
at java.base/jdk.internal.util.Preconditions.checkIndex(Preconditions.java:302)
at java.base/java.util.Objects.checkIndex(Objects.java:359)
at java.base/java.util.ArrayList.get(ArrayList.java:427)
at com.selenium.UnAccountedReports.validateiOSVehicleType(UnAccountedReports.java:1413)
at java.base/java.util.ArrayList.forEach(ArrayList.java:1511)
... Removed 29 stack frames]]>
    </failure>
  </testcase> <!-- validateiOSVehicleType -->
  <testcase classname="com.selenium.UnAccountedReports" name="validateiOSAmount" time="0.007">
    <failure type="java.lang.IndexOutOfBoundsException" message="Index 4 out of bounds for length 1">
      <![CDATA[java.lang.IndexOutOfBoundsException: Index 4 out of bounds for length 1
at java.base/jdk.internal.util.Preconditions.outOfBounds(Preconditions.java:100)
at java.base/jdk.internal.util.Preconditions.outOfBoundsCheckIndex(Preconditions.java:106)
at java.base/jdk.internal.util.Preconditions.checkIndex(Preconditions.java:302)
at java.base/java.util.Objects.checkIndex(Objects.java:359)
at java.base/java.util.ArrayList.get(ArrayList.java:427)
at com.selenium.UnAccountedReports.validateiOSAmount(UnAccountedReports.java:1446)
at java.base/java.util.ArrayList.forEach(ArrayList.java:1511)
... Removed 29 stack frames]]>
    </failure>
  </testcase> <!-- validateiOSAmount -->
  <testcase classname="com.selenium.UnAccountedReports" name="validateiOSDisCountedAmount" time="0.006">
    <failure type="java.lang.IndexOutOfBoundsException" message="Index 5 out of bounds for length 1">
      <![CDATA[java.lang.IndexOutOfBoundsException: Index 5 out of bounds for length 1
at java.base/jdk.internal.util.Preconditions.outOfBounds(Preconditions.java:100)
at java.base/jdk.internal.util.Preconditions.outOfBoundsCheckIndex(Preconditions.java:106)
at java.base/jdk.internal.util.Preconditions.checkIndex(Preconditions.java:302)
at java.base/java.util.Objects.checkIndex(Objects.java:359)
at java.base/java.util.ArrayList.get(ArrayList.java:427)
at com.selenium.UnAccountedReports.validateiOSDisCountedAmount(UnAccountedReports.java:1480)
at java.base/java.util.ArrayList.forEach(ArrayList.java:1511)
... Removed 29 stack frames]]>
    </failure>
  </testcase> <!-- validateiOSDisCountedAmount -->
  <testcase classname="com.selenium.UnAccountedReports" name="validateiOSPaymentType" time="0.006">
    <failure type="java.lang.IndexOutOfBoundsException" message="Index 6 out of bounds for length 1">
      <![CDATA[java.lang.IndexOutOfBoundsException: Index 6 out of bounds for length 1
at java.base/jdk.internal.util.Preconditions.outOfBounds(Preconditions.java:100)
at java.base/jdk.internal.util.Preconditions.outOfBoundsCheckIndex(Preconditions.java:106)
at java.base/jdk.internal.util.Preconditions.checkIndex(Preconditions.java:302)
at java.base/java.util.Objects.checkIndex(Objects.java:359)
at java.base/java.util.ArrayList.get(ArrayList.java:427)
at com.selenium.UnAccountedReports.validateiOSPaymentType(UnAccountedReports.java:1514)
at java.base/java.util.ArrayList.forEach(ArrayList.java:1511)
... Removed 29 stack frames]]>
    </failure>
  </testcase> <!-- validateiOSPaymentType -->
  <testcase classname="com.selenium.UnAccountedReports" name="validateiOSStatus" time="0.008">
    <failure type="java.lang.IndexOutOfBoundsException" message="Index 7 out of bounds for length 1">
      <![CDATA[java.lang.IndexOutOfBoundsException: Index 7 out of bounds for length 1
at java.base/jdk.internal.util.Preconditions.outOfBounds(Preconditions.java:100)
at java.base/jdk.internal.util.Preconditions.outOfBoundsCheckIndex(Preconditions.java:106)
at java.base/jdk.internal.util.Preconditions.checkIndex(Preconditions.java:302)
at java.base/java.util.Objects.checkIndex(Objects.java:359)
at java.base/java.util.ArrayList.get(ArrayList.java:427)
at com.selenium.UnAccountedReports.validateiOSStatus(UnAccountedReports.java:1548)
at java.base/java.util.ArrayList.forEach(ArrayList.java:1511)
... Removed 29 stack frames]]>
    </failure>
  </testcase> <!-- validateiOSStatus -->
  <testcase classname="com.selenium.UnAccountedReports" name="validateiOSType" time="0.007">
    <failure type="java.lang.IndexOutOfBoundsException" message="Index 8 out of bounds for length 1">
      <![CDATA[java.lang.IndexOutOfBoundsException: Index 8 out of bounds for length 1
at java.base/jdk.internal.util.Preconditions.outOfBounds(Preconditions.java:100)
at java.base/jdk.internal.util.Preconditions.outOfBoundsCheckIndex(Preconditions.java:106)
at java.base/jdk.internal.util.Preconditions.checkIndex(Preconditions.java:302)
at java.base/java.util.Objects.checkIndex(Objects.java:359)
at java.base/java.util.ArrayList.get(ArrayList.java:427)
at com.selenium.UnAccountedReports.validateiOSType(UnAccountedReports.java:1582)
at java.base/java.util.ArrayList.forEach(ArrayList.java:1511)
... Removed 29 stack frames]]>
    </failure>
  </testcase> <!-- validateiOSType -->
  <testcase classname="com.selenium.UnAccountedReports" name="selectDeviceMobileMPOS" time="2.024"/>
  <testcase classname="com.selenium.UnAccountedReports" name="mobileMPOSDatesEnabled" time="5.242"/>
  <testcase classname="com.selenium.UnAccountedReports" name="selectMobileMOSStartDate" time="11.753"/>
  <testcase classname="com.selenium.UnAccountedReports" name="selectMobileMPOSEndDate" time="10.437"/>
  <testcase classname="com.selenium.UnAccountedReports" name="selectMobileMPOSListCount" time="2.038"/>
  <testcase classname="com.selenium.UnAccountedReports" name="unAccountedTableMobileMPOS" time="6.025"/>
  <testcase classname="com.selenium.UnAccountedReports" name="searchVehicleNumber" time="4.079"/>
  <testcase classname="com.selenium.UnAccountedReports" name="validateMmPOSTicketNo" time="0.022"/>
  <testcase classname="com.selenium.UnAccountedReports" name="validateMmPOSVehicleNumber" time="0.008">
    <failure type="java.lang.IndexOutOfBoundsException" message="Index 1 out of bounds for length 1">
      <![CDATA[java.lang.IndexOutOfBoundsException: Index 1 out of bounds for length 1
at java.base/jdk.internal.util.Preconditions.outOfBounds(Preconditions.java:100)
at java.base/jdk.internal.util.Preconditions.outOfBoundsCheckIndex(Preconditions.java:106)
at java.base/jdk.internal.util.Preconditions.checkIndex(Preconditions.java:302)
at java.base/java.util.Objects.checkIndex(Objects.java:359)
at java.base/java.util.ArrayList.get(ArrayList.java:427)
at com.selenium.UnAccountedReports.validateMmPOSVehicleNumber(UnAccountedReports.java:1829)
at java.base/java.util.ArrayList.forEach(ArrayList.java:1511)
... Removed 29 stack frames]]>
    </failure>
  </testcase> <!-- validateMmPOSVehicleNumber -->
  <testcase classname="com.selenium.UnAccountedReports" name="validateMmPOSMobileNumber" time="0.007">
    <failure type="java.lang.IndexOutOfBoundsException" message="Index 2 out of bounds for length 1">
      <![CDATA[java.lang.IndexOutOfBoundsException: Index 2 out of bounds for length 1
at java.base/jdk.internal.util.Preconditions.outOfBounds(Preconditions.java:100)
at java.base/jdk.internal.util.Preconditions.outOfBoundsCheckIndex(Preconditions.java:106)
at java.base/jdk.internal.util.Preconditions.checkIndex(Preconditions.java:302)
at java.base/java.util.Objects.checkIndex(Objects.java:359)
at java.base/java.util.ArrayList.get(ArrayList.java:427)
at com.selenium.UnAccountedReports.validateMmPOSMobileNumber(UnAccountedReports.java:1863)
at java.base/java.util.ArrayList.forEach(ArrayList.java:1511)
... Removed 29 stack frames]]>
    </failure>
  </testcase> <!-- validateMmPOSMobileNumber -->
  <testcase classname="com.selenium.UnAccountedReports" name="validateMmPOSVehicleType" time="0.009">
    <failure type="java.lang.IndexOutOfBoundsException" message="Index 3 out of bounds for length 1">
      <![CDATA[java.lang.IndexOutOfBoundsException: Index 3 out of bounds for length 1
at java.base/jdk.internal.util.Preconditions.outOfBounds(Preconditions.java:100)
at java.base/jdk.internal.util.Preconditions.outOfBoundsCheckIndex(Preconditions.java:106)
at java.base/jdk.internal.util.Preconditions.checkIndex(Preconditions.java:302)
at java.base/java.util.Objects.checkIndex(Objects.java:359)
at java.base/java.util.ArrayList.get(ArrayList.java:427)
at com.selenium.UnAccountedReports.validateMmPOSVehicleType(UnAccountedReports.java:1896)
at java.base/java.util.ArrayList.forEach(ArrayList.java:1511)
... Removed 29 stack frames]]>
    </failure>
  </testcase> <!-- validateMmPOSVehicleType -->
  <testcase classname="com.selenium.UnAccountedReports" name="validateMmPOSAmount" time="0.008">
    <failure type="java.lang.IndexOutOfBoundsException" message="Index 4 out of bounds for length 1">
      <![CDATA[java.lang.IndexOutOfBoundsException: Index 4 out of bounds for length 1
at java.base/jdk.internal.util.Preconditions.outOfBounds(Preconditions.java:100)
at java.base/jdk.internal.util.Preconditions.outOfBoundsCheckIndex(Preconditions.java:106)
at java.base/jdk.internal.util.Preconditions.checkIndex(Preconditions.java:302)
at java.base/java.util.Objects.checkIndex(Objects.java:359)
at java.base/java.util.ArrayList.get(ArrayList.java:427)
at com.selenium.UnAccountedReports.validateMmPOSAmount(UnAccountedReports.java:1929)
at java.base/java.util.ArrayList.forEach(ArrayList.java:1511)
... Removed 29 stack frames]]>
    </failure>
  </testcase> <!-- validateMmPOSAmount -->
  <testcase classname="com.selenium.UnAccountedReports" name="validateMmPOSDisCountedAmount" time="0.007">
    <failure type="java.lang.IndexOutOfBoundsException" message="Index 5 out of bounds for length 1">
      <![CDATA[java.lang.IndexOutOfBoundsException: Index 5 out of bounds for length 1
at java.base/jdk.internal.util.Preconditions.outOfBounds(Preconditions.java:100)
at java.base/jdk.internal.util.Preconditions.outOfBoundsCheckIndex(Preconditions.java:106)
at java.base/jdk.internal.util.Preconditions.checkIndex(Preconditions.java:302)
at java.base/java.util.Objects.checkIndex(Objects.java:359)
at java.base/java.util.ArrayList.get(ArrayList.java:427)
at com.selenium.UnAccountedReports.validateMmPOSDisCountedAmount(UnAccountedReports.java:1963)
at java.base/java.util.ArrayList.forEach(ArrayList.java:1511)
... Removed 29 stack frames]]>
    </failure>
  </testcase> <!-- validateMmPOSDisCountedAmount -->
  <testcase classname="com.selenium.UnAccountedReports" name="validateMmPOSPaymentType" time="0.006">
    <failure type="java.lang.IndexOutOfBoundsException" message="Index 6 out of bounds for length 1">
      <![CDATA[java.lang.IndexOutOfBoundsException: Index 6 out of bounds for length 1
at java.base/jdk.internal.util.Preconditions.outOfBounds(Preconditions.java:100)
at java.base/jdk.internal.util.Preconditions.outOfBoundsCheckIndex(Preconditions.java:106)
at java.base/jdk.internal.util.Preconditions.checkIndex(Preconditions.java:302)
at java.base/java.util.Objects.checkIndex(Objects.java:359)
at java.base/java.util.ArrayList.get(ArrayList.java:427)
at com.selenium.UnAccountedReports.validateMmPOSPaymentType(UnAccountedReports.java:1999)
at java.base/java.util.ArrayList.forEach(ArrayList.java:1511)
... Removed 29 stack frames]]>
    </failure>
  </testcase> <!-- validateMmPOSPaymentType -->
  <testcase classname="com.selenium.UnAccountedReports" name="validateMmPOSStatus" time="0.006">
    <failure type="java.lang.IndexOutOfBoundsException" message="Index 7 out of bounds for length 1">
      <![CDATA[java.lang.IndexOutOfBoundsException: Index 7 out of bounds for length 1
at java.base/jdk.internal.util.Preconditions.outOfBounds(Preconditions.java:100)
at java.base/jdk.internal.util.Preconditions.outOfBoundsCheckIndex(Preconditions.java:106)
at java.base/jdk.internal.util.Preconditions.checkIndex(Preconditions.java:302)
at java.base/java.util.Objects.checkIndex(Objects.java:359)
at java.base/java.util.ArrayList.get(ArrayList.java:427)
at com.selenium.UnAccountedReports.validateMmPOSStatus(UnAccountedReports.java:2035)
at java.base/java.util.ArrayList.forEach(ArrayList.java:1511)
... Removed 29 stack frames]]>
    </failure>
  </testcase> <!-- validateMmPOSStatus -->
  <testcase classname="com.selenium.UnAccountedReports" name="validateMmPOSType" time="0.008">
    <failure type="java.lang.IndexOutOfBoundsException" message="Index 8 out of bounds for length 1">
      <![CDATA[java.lang.IndexOutOfBoundsException: Index 8 out of bounds for length 1
at java.base/jdk.internal.util.Preconditions.outOfBounds(Preconditions.java:100)
at java.base/jdk.internal.util.Preconditions.outOfBoundsCheckIndex(Preconditions.java:106)
at java.base/jdk.internal.util.Preconditions.checkIndex(Preconditions.java:302)
at java.base/java.util.Objects.checkIndex(Objects.java:359)
at java.base/java.util.ArrayList.get(ArrayList.java:427)
at com.selenium.UnAccountedReports.validateMmPOSType(UnAccountedReports.java:2069)
at java.base/java.util.ArrayList.forEach(ArrayList.java:1511)
... Removed 29 stack frames]]>
    </failure>
  </testcase> <!-- validateMmPOSType -->
  <testcase classname="com.selenium.UnAccountedReports" name="logout" time="2.282"/>
  <testcase classname="com.selenium.PayUReports" name="login" time="4.811"/>
  <testcase classname="com.selenium.PayUReports" name="redirectRevenueDashboard" time="0.221"/>
  <testcase classname="com.selenium.PayUReports" name="redirectpayUReportsPage" time="0.006"/>
  <testcase classname="com.selenium.PayUReports" name="payUDatesEnabled" time="10.743"/>
  <testcase classname="com.selenium.PayUReports" name="payUReportCount" time="5.009"/>
  <testcase classname="com.selenium.PayUReports" name="selectPayUStartDate" time="9.744"/>
  <testcase classname="com.selenium.PayUReports" name="selectPayUEndDate" time="10.471"/>
  <testcase classname="com.selenium.PayUReports" name="downloadCSVfile" time="0.003"/>
  <testcase classname="com.selenium.PayUReports" name="downloadPDFfile" time="0.003"/>
  <testcase classname="com.selenium.PayUReports" name="nextPage" time="3.017"/>
  <testcase classname="com.selenium.PayUReports" name="payUReportsTable" time="0.006"/>
  <testcase classname="com.selenium.PayUReports" name="validatePayUAmount" time="0.007">
    <failure type="org.openqa.selenium.NoSuchElementException" message="Unable to locate element: #payuReportsTable
For documentation on this error, please visit: https://www.selenium.dev/documentation/webdriver/troubleshooting/errors#no-such-element-exception
Build info: version: &amp;apos;4.10.0&amp;apos;, revision: &amp;apos;c14d967899&amp;apos;
System info: os.name: &amp;apos;Linux&amp;apos;, os.arch: &amp;apos;amd64&amp;apos;, os.version: &amp;apos;6.2.0-37-generic&amp;apos;, java.version: &amp;apos;18.0.2-ea&amp;apos;
Driver info: org.openqa.selenium.firefox.FirefoxDriver
Command: [72c5691b-bcb0-4368-8f91-21188de290b5, findElement {using=id, value=payuReportsTable}]
Capabilities {acceptInsecureCerts: true, browserName: firefox, browserVersion: 119.0.1, moz:accessibilityChecks: false, moz:buildID: 20231106223251, moz:debuggerAddress: 127.0.0.1:27664, moz:geckodriverVersion: 0.33.0, moz:headless: false, moz:platformVersion: 6.2.0-37-generic, moz:processID: 108491, moz:profile: /tmp/rust_mozprofile3P7LRB, moz:shutdownTimeout: 60000, moz:webdriverClick: true, moz:windowless: false, pageLoadStrategy: normal, platformName: linux, proxy: Proxy(), se:cdp: ws://127.0.0.1:27664/devtoo..., se:cdpVersion: 85.0, setWindowRect: true, strictFileInteractability: false, timeouts: {implicit: 0, pageLoad: 300000, script: 30000}, unhandledPromptBehavior: dismiss and notify}
Session ID: 72c5691b-bcb0-4368-8f91-21188de290b5">
      <![CDATA[org.openqa.selenium.NoSuchElementException: Unable to locate element: #payuReportsTable
For documentation on this error, please visit: https://www.selenium.dev/documentation/webdriver/troubleshooting/errors#no-such-element-exception
Build info: version: '4.10.0', revision: 'c14d967899'
System info: os.name: 'Linux', os.arch: 'amd64', os.version: '6.2.0-37-generic', java.version: '18.0.2-ea'
Driver info: org.openqa.selenium.firefox.FirefoxDriver
Command: [72c5691b-bcb0-4368-8f91-21188de290b5, findElement {using=id, value=payuReportsTable}]
Capabilities {acceptInsecureCerts: true, browserName: firefox, browserVersion: 119.0.1, moz:accessibilityChecks: false, moz:buildID: 20231106223251, moz:debuggerAddress: 127.0.0.1:27664, moz:geckodriverVersion: 0.33.0, moz:headless: false, moz:platformVersion: 6.2.0-37-generic, moz:processID: 108491, moz:profile: /tmp/rust_mozprofile3P7LRB, moz:shutdownTimeout: 60000, moz:webdriverClick: true, moz:windowless: false, pageLoadStrategy: normal, platformName: linux, proxy: Proxy(), se:cdp: ws://127.0.0.1:27664/devtoo..., se:cdpVersion: 85.0, setWindowRect: true, strictFileInteractability: false, timeouts: {implicit: 0, pageLoad: 300000, script: 30000}, unhandledPromptBehavior: dismiss and notify}
Session ID: 72c5691b-bcb0-4368-8f91-21188de290b5
at org.openqa.selenium.remote.codec.w3c.W3CHttpResponseCodec.createException(W3CHttpResponseCodec.java:199)
at org.openqa.selenium.remote.codec.w3c.W3CHttpResponseCodec.decode(W3CHttpResponseCodec.java:132)
at org.openqa.selenium.remote.codec.w3c.W3CHttpResponseCodec.decode(W3CHttpResponseCodec.java:51)
at org.openqa.selenium.remote.HttpCommandExecutor.execute(HttpCommandExecutor.java:191)
at org.openqa.selenium.remote.service.DriverCommandExecutor.invokeExecute(DriverCommandExecutor.java:196)
at org.openqa.selenium.remote.service.DriverCommandExecutor.execute(DriverCommandExecutor.java:171)
at org.openqa.selenium.remote.RemoteWebDriver.execute(RemoteWebDriver.java:531)
at org.openqa.selenium.remote.ElementLocation$ElementFinder$2.findElement(ElementLocation.java:165)
at org.openqa.selenium.remote.ElementLocation.findElement(ElementLocation.java:59)
at org.openqa.selenium.remote.RemoteWebDriver.findElement(RemoteWebDriver.java:350)
at org.openqa.selenium.remote.RemoteWebDriver.findElement(RemoteWebDriver.java:344)
at com.selenium.PayUReports.validatePayUAmount(PayUReports.java:360)
at java.base/java.util.ArrayList.forEach(ArrayList.java:1511)
... Removed 32 stack frames]]>
    </failure>
  </testcase> <!-- validatePayUAmount -->
  <testcase classname="com.selenium.PayUReports" name="validatePayUStatus" time="0.009">
    <failure type="org.openqa.selenium.NoSuchElementException" message="Unable to locate element: #payuReportsTable
For documentation on this error, please visit: https://www.selenium.dev/documentation/webdriver/troubleshooting/errors#no-such-element-exception
Build info: version: &amp;apos;4.10.0&amp;apos;, revision: &amp;apos;c14d967899&amp;apos;
System info: os.name: &amp;apos;Linux&amp;apos;, os.arch: &amp;apos;amd64&amp;apos;, os.version: &amp;apos;6.2.0-37-generic&amp;apos;, java.version: &amp;apos;18.0.2-ea&amp;apos;
Driver info: org.openqa.selenium.firefox.FirefoxDriver
Command: [72c5691b-bcb0-4368-8f91-21188de290b5, findElement {using=id, value=payuReportsTable}]
Capabilities {acceptInsecureCerts: true, browserName: firefox, browserVersion: 119.0.1, moz:accessibilityChecks: false, moz:buildID: 20231106223251, moz:debuggerAddress: 127.0.0.1:27664, moz:geckodriverVersion: 0.33.0, moz:headless: false, moz:platformVersion: 6.2.0-37-generic, moz:processID: 108491, moz:profile: /tmp/rust_mozprofile3P7LRB, moz:shutdownTimeout: 60000, moz:webdriverClick: true, moz:windowless: false, pageLoadStrategy: normal, platformName: linux, proxy: Proxy(), se:cdp: ws://127.0.0.1:27664/devtoo..., se:cdpVersion: 85.0, setWindowRect: true, strictFileInteractability: false, timeouts: {implicit: 0, pageLoad: 300000, script: 30000}, unhandledPromptBehavior: dismiss and notify}
Session ID: 72c5691b-bcb0-4368-8f91-21188de290b5">
      <![CDATA[org.openqa.selenium.NoSuchElementException: Unable to locate element: #payuReportsTable
For documentation on this error, please visit: https://www.selenium.dev/documentation/webdriver/troubleshooting/errors#no-such-element-exception
Build info: version: '4.10.0', revision: 'c14d967899'
System info: os.name: 'Linux', os.arch: 'amd64', os.version: '6.2.0-37-generic', java.version: '18.0.2-ea'
Driver info: org.openqa.selenium.firefox.FirefoxDriver
Command: [72c5691b-bcb0-4368-8f91-21188de290b5, findElement {using=id, value=payuReportsTable}]
Capabilities {acceptInsecureCerts: true, browserName: firefox, browserVersion: 119.0.1, moz:accessibilityChecks: false, moz:buildID: 20231106223251, moz:debuggerAddress: 127.0.0.1:27664, moz:geckodriverVersion: 0.33.0, moz:headless: false, moz:platformVersion: 6.2.0-37-generic, moz:processID: 108491, moz:profile: /tmp/rust_mozprofile3P7LRB, moz:shutdownTimeout: 60000, moz:webdriverClick: true, moz:windowless: false, pageLoadStrategy: normal, platformName: linux, proxy: Proxy(), se:cdp: ws://127.0.0.1:27664/devtoo..., se:cdpVersion: 85.0, setWindowRect: true, strictFileInteractability: false, timeouts: {implicit: 0, pageLoad: 300000, script: 30000}, unhandledPromptBehavior: dismiss and notify}
Session ID: 72c5691b-bcb0-4368-8f91-21188de290b5
at org.openqa.selenium.remote.codec.w3c.W3CHttpResponseCodec.createException(W3CHttpResponseCodec.java:199)
at org.openqa.selenium.remote.codec.w3c.W3CHttpResponseCodec.decode(W3CHttpResponseCodec.java:132)
at org.openqa.selenium.remote.codec.w3c.W3CHttpResponseCodec.decode(W3CHttpResponseCodec.java:51)
at org.openqa.selenium.remote.HttpCommandExecutor.execute(HttpCommandExecutor.java:191)
at org.openqa.selenium.remote.service.DriverCommandExecutor.invokeExecute(DriverCommandExecutor.java:196)
at org.openqa.selenium.remote.service.DriverCommandExecutor.execute(DriverCommandExecutor.java:171)
at org.openqa.selenium.remote.RemoteWebDriver.execute(RemoteWebDriver.java:531)
at org.openqa.selenium.remote.ElementLocation$ElementFinder$2.findElement(ElementLocation.java:165)
at org.openqa.selenium.remote.ElementLocation.findElement(ElementLocation.java:59)
at org.openqa.selenium.remote.RemoteWebDriver.findElement(RemoteWebDriver.java:350)
at org.openqa.selenium.remote.RemoteWebDriver.findElement(RemoteWebDriver.java:344)
at com.selenium.PayUReports.validatePayUStatus(PayUReports.java:396)
at java.base/java.util.ArrayList.forEach(ArrayList.java:1511)
... Removed 32 stack frames]]>
    </failure>
  </testcase> <!-- validatePayUStatus -->
  <testcase classname="com.selenium.LiveInfo" name="login" time="4.619"/>
  <testcase classname="com.selenium.LiveInfo" name="revenueDashboardOpen" time="3.243"/>
  <testcase classname="com.selenium.LiveInfo" name="liveInfoPage" time="2.241"/>
  <testcase classname="com.selenium.LiveInfo" name="siteStatusPage" time="4.219"/>
  <testcase classname="com.selenium.LiveInfo" name="siteStatusZoomOut" time="7.241"/>
  <testcase classname="com.selenium.LiveInfo" name="siteStatusZoomIn" time="5.698"/>
  <testcase classname="com.selenium.LiveInfo" name="selectSiteLocation" time="5.171"/>
  <testcase classname="com.selenium.LiveInfo" name="deviceStatusPage" time="4.133"/>
  <testcase classname="com.selenium.LiveInfo" name="deviceStatusZoomOut" time="7.267"/>
  <testcase classname="com.selenium.LiveInfo" name="deviceStatusZoomIn" time="5.713"/>
  <testcase classname="com.selenium.LiveInfo" name="selectDeviceLocation" time="5.126"/>
  <testcase classname="com.selenium.LiveInfo" name="transactionsPage" time="4.114"/>
  <testcase classname="com.selenium.LiveInfo" name="transactionsCSV" time="10.269"/>
  <testcase classname="com.selenium.LiveInfo" name="transactionsPDF" time="2.412"/>
  <testcase classname="com.selenium.LiveInfo" name="nextPageTransactions" time="6.457"/>
  <testcase classname="com.selenium.LiveInfo" name="getSiteNamesTransactions" time="2.115"/>
  <testcase classname="com.selenium.LiveInfo" name="searchSiteName" time="4.153"/>
  <testcase classname="com.selenium.AlarmsNotifications" name="login" time="5.033"/>
  <testcase classname="com.selenium.AlarmsNotifications" name="revenueDashboardOpen" time="3.243"/>
  <testcase classname="com.selenium.AlarmsNotifications" name="alarmsNotificationsPage" time="4.157"/>
  <testcase classname="com.selenium.AlarmsNotifications" name="clickManualAlert" time="7.292"/>
  <testcase classname="com.selenium.AlarmsNotifications" name="createManualTask" time="4.221"/>
  <testcase classname="com.selenium.AlarmsNotifications" name="createMsgSelectSite" time="0.287"/>
  <testcase classname="com.selenium.AlarmsNotifications" name="selectUserFromDropdown" time="3.293"/>
  <testcase classname="com.selenium.AlarmsNotifications" name="selectAlertType" time="0.266"/>
  <testcase classname="com.selenium.AlarmsNotifications" name="alertDescription" time="0.125"/>
  <testcase classname="com.selenium.AlarmsNotifications" name="manualTaskSubmit" time="2.253"/>
  <testcase classname="com.selenium.AlarmsNotifications" name="manualTaskAlertStatus" time="6.025"/>
  <testcase classname="com.selenium.AlarmsNotifications" name="clickManualAlertOKButton" time="0.224"/>
  <testcase classname="com.selenium.AlarmsNotifications" name="manualTaskCsv" time="0.245"/>
  <testcase classname="com.selenium.AlarmsNotifications" name="manualTaskPdf" time="3.388"/>
  <testcase classname="com.selenium.AlarmsNotifications" name="clickOverTime" time="7.223"/>
  <testcase classname="com.selenium.AlarmsNotifications" name="selectSiteOT" time="5.327"/>
  <testcase classname="com.selenium.AlarmsNotifications" name="downloadOTCSVFiles" time="0.221"/>
  <testcase classname="com.selenium.AlarmsNotifications" name="downloadOTPDFFiles" time="3.379"/>
  <testcase classname="com.selenium.AlarmsNotifications" name="selectOTFourWheeler" time="0.013"/>
  <testcase classname="com.selenium.AlarmsNotifications" name="selectOTTwoWheeler" time="0.008"/>
  <testcase classname="com.selenium.AlarmsNotifications" name="clickTransactionAlert" time="4.231"/>
  <testcase classname="com.selenium.AlarmsNotifications" name="trasnactionCsv" time="0.241"/>
  <testcase classname="com.selenium.AlarmsNotifications" name="transactionPdf" time="0.331"/>
  <testcase classname="com.selenium.AlarmsNotifications" name="clickPOSAlert" time="4.231"/>
  <testcase classname="com.selenium.AlarmsNotifications" name="posAlertsDatesEnabled" time="0.727"/>
  <testcase classname="com.selenium.AlarmsNotifications" name="posCsv" time="11.077"/>
  <testcase classname="com.selenium.AlarmsNotifications" name="posPdf" time="3.346"/>
  <testcase classname="com.selenium.AlarmsNotifications" name="clickDeviceAlert" time="7.224"/>
  <testcase classname="com.selenium.AlarmsNotifications" name="devcieAlertsCsv" time="0.263"/>
  <testcase classname="com.selenium.AlarmsNotifications" name="deviceAlertsPdf" time="3.382"/>
  <testcase classname="com.selenium.AlarmsNotifications" name="deviceAlertsNextPage" time="6.551"/>
  <testcase classname="com.selenium.AlarmsNotifications" name="editTaskDeviceAlerts" time="4.238"/>
  <testcase classname="com.selenium.AlarmsNotifications" name="selectServiceUser" time="0.313"/>
  <testcase classname="com.selenium.AlarmsNotifications" name="taskSubmitBtn" time="2.243"/>
  <testcase classname="com.selenium.AlarmsNotifications" name="taskAlertStatus" time="6.019"/>
  <testcase classname="com.selenium.AlarmsNotifications" name="clickSweetAlertOKButton" time="0.219"/>
  <testcase classname="com.selenium.AlarmsNotifications" name="taskPopUPClose" time="3.215"/>
  <testcase classname="com.selenium.AlarmsNotifications" name="clickTaskViewButton" time="3.225"/>
  <testcase classname="com.selenium.AlarmsNotifications" name="viewTaskCsv" time="2.235"/>
  <testcase classname="com.selenium.AlarmsNotifications" name="viewTaskPdf" time="3.309"/>
  <testcase classname="com.selenium.AlarmsNotifications" name="logAlertDetails" time="0.349"/>
  <testcase classname="com.selenium.AlarmsNotifications" name="clickCompleteStatusButton" time="3.237"/>
  <testcase classname="com.selenium.AlarmsNotifications" name="completedStatusSweetAlert" time="6.024"/>
  <testcase classname="com.selenium.AlarmsNotifications" name="clickCompleteSweetAlertOKButton" time="0.227"/>
  <testcase classname="com.selenium.AlarmsNotifications" name="deviceDetailsPopUPClose" time="4.006"/>
  <testcase classname="com.selenium.AlarmsNotifications" name="unAssignAlert" time="4.228"/>
  <testcase classname="com.selenium.AlarmsNotifications" name="unAssignAlertStatus" time="6.028"/>
  <testcase classname="com.selenium.AlarmsNotifications" name="unAssignSweetAlertOKButton" time="2.224"/>
  <testcase classname="com.selenium.AlarmsNotifications" name="validateActionStatus" time="0.114"/>
  <testcase classname="com.selenium.AlertMessages" name="login" time="4.617"/>
  <testcase classname="com.selenium.AlertMessages" name="revenueDashboardOpen" time="1.239"/>
  <testcase classname="com.selenium.AlertMessages" name="siteConfigurationPage" time="2.366"/>
  <testcase classname="com.selenium.AlertMessages" name="jstreeOrg" time="2.452"/>
  <testcase classname="com.selenium.AlertMessages" name="applicationMsgs" time="5.263"/>
  <testcase classname="com.selenium.AlertMessages" name="applMsgsAnchor" time="5.267"/>
  <testcase classname="com.selenium.AlertMessages" name="selectEng" time="3.344"/>
  <testcase classname="com.selenium.AlertMessages" name="createMessage" time="0.064"/>
  <testcase classname="com.selenium.AlertMessages" name="msgSubmit" time="3.224"/>
  <testcase classname="com.selenium.AlertMessages" name="alertStatus" time="6.008"/>
  <testcase classname="com.selenium.AlertMessages" name="engOK" time="0.244"/>
  <testcase classname="com.selenium.AlertMessages" name="applicationMsgsAnchorTwice" time="5.258"/>
  <testcase classname="com.selenium.AlertMessages" name="messsgesList" time="5.296"/>
  <testcase classname="com.selenium.AlertMessages" name="engMsgDeleteRow" time="5.084"/>
  <testcase classname="com.selenium.AlertMessages" name="engMsgDeleteBtn" time="2.217"/>
  <testcase classname="com.selenium.AlertMessages" name="alertDelStatus" time="6.024"/>
  <testcase classname="com.selenium.AlertMessages" name="engDeleteOK" time="0.217"/>
  <testcase classname="com.selenium.AlertMessages" name="appMsgAnchorEng" time="5.29"/>
  <testcase classname="com.selenium.AlertMessages" name="selectHindi" time="3.267"/>
  <testcase classname="com.selenium.AlertMessages" name="createMessageHindi" time="0.035"/>
  <testcase classname="com.selenium.AlertMessages" name="hindiSubmit" time="3.235"/>
  <testcase classname="com.selenium.AlertMessages" name="alertHindiStatus" time="6.034"/>
  <testcase classname="com.selenium.AlertMessages" name="hindiOK" time="0.239"/>
  <testcase classname="com.selenium.AlertMessages" name="appHindiMsgsAnchorThrice" time="5.267"/>
  <testcase classname="com.selenium.AlertMessages" name="messsgesAnchorHindi" time="5.27"/>
  <testcase classname="com.selenium.AlertMessages" name="hindiMsgDeleteRow" time="0.027"/>
  <testcase classname="com.selenium.AlertMessages" name="deleteAlertMsgHindi" time="2.251"/>
  <testcase classname="com.selenium.AlertMessages" name="alertHindiDelStatus" time="6.017"/>
  <testcase classname="com.selenium.AlertMessages" name="hindiDeleteOK" time="0.225"/>
  <testcase classname="com.selenium.AlertMessages" name="secondSelectEng" time="3.088"/>
  <testcase classname="com.selenium.AlertMessages" name="secondCreateEng" time="0.004"/>
  <testcase classname="com.selenium.AlertMessages" name="secondMsgSubmit" time="3.014"/>
  <testcase classname="com.selenium.AlertMessages" name="alertMarathiStatus" time="3.007"/>
  <testcase classname="com.selenium.AlertMessages" name="secondStatus" time="3.007"/>
  <testcase classname="com.selenium.AlertMessages" name="secondStatusOk" time="0.007"/>
  <testcase classname="com.selenium.AlertMessages" name="selectByPartialText" time="3.047"/>
  <testcase classname="com.selenium.AlertMessages" name="createMessageMarathi" time="5.016"/>
  <testcase classname="com.selenium.AlertMessages" name="MarathiSubmit" time="3.006"/>
  <testcase classname="com.selenium.AlertMessages" name="marathiOK" time="0.003"/>
  <testcase classname="com.selenium.AlertMessages" name="appMarathiMsgsAnchorforth" time="5.255"/>
  <testcase classname="com.selenium.AlertMessages" name="messsgesAnchorMarathi" time="5.289"/>
  <testcase classname="com.selenium.AlertMessages" name="marathiMsgDeleteRow" time="0.016"/>
  <testcase classname="com.selenium.AlertMessages" name="deleteAlertMsgMarathi" time="2.25"/>
  <testcase classname="com.selenium.AlertMessages" name="alertMarathiDelStatus" time="6.029"/>
  <testcase classname="com.selenium.AlertMessages" name="marathiDeleteOK" time="0.223"/>
  <testcase classname="com.selenium.ApkImages" name="login" time="4.915"/>
  <testcase classname="com.selenium.ApkImages" name="revenueDashboardOpen" time="3.146"/>
  <testcase classname="com.selenium.ApkImages" name="siteConfigurationPage" time="0.024"/>
  <testcase classname="com.selenium.ApkImages" name="jstreeOrg" time="1.01"/>
  <testcase classname="com.selenium.ApkImages" name="applicationImages" time="3.008"/>
  <testcase classname="com.selenium.ApkImages" name="applicationImagesTreeOpen" time="3.005"/>
  <testcase classname="com.selenium.ApkImages" name="androidTreeOpen" time="3.008"/>
  <testcase classname="com.selenium.ApkImages" name="iOSTreeOpen" time="3.007"/>
  <testcase classname="com.selenium.ApkImages" name="mPOSTreeOpen" time="3.003"/>
  <testcase classname="com.selenium.ApkImages" name="selectAndroid" time="3.004"/>
  <testcase classname="com.selenium.ApkImages" name="getAndroidDetails" time="0.004">
    <failure type="org.openqa.selenium.NoSuchElementException" message="Unable to locate element: #lblAndroidTitle
For documentation on this error, please visit: https://www.selenium.dev/documentation/webdriver/troubleshooting/errors#no-such-element-exception
Build info: version: &amp;apos;4.10.0&amp;apos;, revision: &amp;apos;c14d967899&amp;apos;
System info: os.name: &amp;apos;Linux&amp;apos;, os.arch: &amp;apos;amd64&amp;apos;, os.version: &amp;apos;6.2.0-37-generic&amp;apos;, java.version: &amp;apos;18.0.2-ea&amp;apos;
Driver info: org.openqa.selenium.firefox.FirefoxDriver
Command: [a4b758a2-8758-4535-97df-e523de55d699, findElement {using=id, value=lblAndroidTitle}]
Capabilities {acceptInsecureCerts: true, browserName: firefox, browserVersion: 119.0.1, moz:accessibilityChecks: false, moz:buildID: 20231106223251, moz:debuggerAddress: 127.0.0.1:15784, moz:geckodriverVersion: 0.33.0, moz:headless: false, moz:platformVersion: 6.2.0-37-generic, moz:processID: 117077, moz:profile: /tmp/rust_mozprofilexRC53n, moz:shutdownTimeout: 60000, moz:webdriverClick: true, moz:windowless: false, pageLoadStrategy: normal, platformName: linux, proxy: Proxy(), se:cdp: ws://127.0.0.1:15784/devtoo..., se:cdpVersion: 85.0, setWindowRect: true, strictFileInteractability: false, timeouts: {implicit: 0, pageLoad: 300000, script: 30000}, unhandledPromptBehavior: dismiss and notify}
Session ID: a4b758a2-8758-4535-97df-e523de55d699">
      <![CDATA[org.openqa.selenium.NoSuchElementException: Unable to locate element: #lblAndroidTitle
For documentation on this error, please visit: https://www.selenium.dev/documentation/webdriver/troubleshooting/errors#no-such-element-exception
Build info: version: '4.10.0', revision: 'c14d967899'
System info: os.name: 'Linux', os.arch: 'amd64', os.version: '6.2.0-37-generic', java.version: '18.0.2-ea'
Driver info: org.openqa.selenium.firefox.FirefoxDriver
Command: [a4b758a2-8758-4535-97df-e523de55d699, findElement {using=id, value=lblAndroidTitle}]
Capabilities {acceptInsecureCerts: true, browserName: firefox, browserVersion: 119.0.1, moz:accessibilityChecks: false, moz:buildID: 20231106223251, moz:debuggerAddress: 127.0.0.1:15784, moz:geckodriverVersion: 0.33.0, moz:headless: false, moz:platformVersion: 6.2.0-37-generic, moz:processID: 117077, moz:profile: /tmp/rust_mozprofilexRC53n, moz:shutdownTimeout: 60000, moz:webdriverClick: true, moz:windowless: false, pageLoadStrategy: normal, platformName: linux, proxy: Proxy(), se:cdp: ws://127.0.0.1:15784/devtoo..., se:cdpVersion: 85.0, setWindowRect: true, strictFileInteractability: false, timeouts: {implicit: 0, pageLoad: 300000, script: 30000}, unhandledPromptBehavior: dismiss and notify}
Session ID: a4b758a2-8758-4535-97df-e523de55d699
at org.openqa.selenium.remote.codec.w3c.W3CHttpResponseCodec.createException(W3CHttpResponseCodec.java:199)
at org.openqa.selenium.remote.codec.w3c.W3CHttpResponseCodec.decode(W3CHttpResponseCodec.java:132)
at org.openqa.selenium.remote.codec.w3c.W3CHttpResponseCodec.decode(W3CHttpResponseCodec.java:51)
at org.openqa.selenium.remote.HttpCommandExecutor.execute(HttpCommandExecutor.java:191)
at org.openqa.selenium.remote.service.DriverCommandExecutor.invokeExecute(DriverCommandExecutor.java:196)
at org.openqa.selenium.remote.service.DriverCommandExecutor.execute(DriverCommandExecutor.java:171)
at org.openqa.selenium.remote.RemoteWebDriver.execute(RemoteWebDriver.java:531)
at org.openqa.selenium.remote.ElementLocation$ElementFinder$2.findElement(ElementLocation.java:165)
at org.openqa.selenium.remote.ElementLocation.findElement(ElementLocation.java:59)
at org.openqa.selenium.remote.RemoteWebDriver.findElement(RemoteWebDriver.java:350)
at org.openqa.selenium.remote.RemoteWebDriver.findElement(RemoteWebDriver.java:344)
at com.selenium.ApkImages.getAndroidDetails(ApkImages.java:242)
at java.base/java.util.ArrayList.forEach(ArrayList.java:1511)
... Removed 32 stack frames]]>
    </failure>
  </testcase> <!-- getAndroidDetails -->
  <testcase classname="com.selenium.ApkImages" name="getAndroidCityName" time="0.004"/>
  <testcase classname="com.selenium.ApkImages" name="selectAndroidVersion" time="3.015"/>
  <testcase classname="com.selenium.ApkImages" name="apkAndroidDwnld" time="3.003"/>
  <testcase classname="com.selenium.ApkImages" name="selectIOS" time="3.003"/>
  <testcase classname="com.selenium.ApkImages" name="getiOSDetails" time="0.002">
    <failure type="org.openqa.selenium.NoSuchElementException" message="Unable to locate element: #lbliosTitle
For documentation on this error, please visit: https://www.selenium.dev/documentation/webdriver/troubleshooting/errors#no-such-element-exception
Build info: version: &amp;apos;4.10.0&amp;apos;, revision: &amp;apos;c14d967899&amp;apos;
System info: os.name: &amp;apos;Linux&amp;apos;, os.arch: &amp;apos;amd64&amp;apos;, os.version: &amp;apos;6.2.0-37-generic&amp;apos;, java.version: &amp;apos;18.0.2-ea&amp;apos;
Driver info: org.openqa.selenium.firefox.FirefoxDriver
Command: [a4b758a2-8758-4535-97df-e523de55d699, findElement {using=id, value=lbliosTitle}]
Capabilities {acceptInsecureCerts: true, browserName: firefox, browserVersion: 119.0.1, moz:accessibilityChecks: false, moz:buildID: 20231106223251, moz:debuggerAddress: 127.0.0.1:15784, moz:geckodriverVersion: 0.33.0, moz:headless: false, moz:platformVersion: 6.2.0-37-generic, moz:processID: 117077, moz:profile: /tmp/rust_mozprofilexRC53n, moz:shutdownTimeout: 60000, moz:webdriverClick: true, moz:windowless: false, pageLoadStrategy: normal, platformName: linux, proxy: Proxy(), se:cdp: ws://127.0.0.1:15784/devtoo..., se:cdpVersion: 85.0, setWindowRect: true, strictFileInteractability: false, timeouts: {implicit: 0, pageLoad: 300000, script: 30000}, unhandledPromptBehavior: dismiss and notify}
Session ID: a4b758a2-8758-4535-97df-e523de55d699">
      <![CDATA[org.openqa.selenium.NoSuchElementException: Unable to locate element: #lbliosTitle
For documentation on this error, please visit: https://www.selenium.dev/documentation/webdriver/troubleshooting/errors#no-such-element-exception
Build info: version: '4.10.0', revision: 'c14d967899'
System info: os.name: 'Linux', os.arch: 'amd64', os.version: '6.2.0-37-generic', java.version: '18.0.2-ea'
Driver info: org.openqa.selenium.firefox.FirefoxDriver
Command: [a4b758a2-8758-4535-97df-e523de55d699, findElement {using=id, value=lbliosTitle}]
Capabilities {acceptInsecureCerts: true, browserName: firefox, browserVersion: 119.0.1, moz:accessibilityChecks: false, moz:buildID: 20231106223251, moz:debuggerAddress: 127.0.0.1:15784, moz:geckodriverVersion: 0.33.0, moz:headless: false, moz:platformVersion: 6.2.0-37-generic, moz:processID: 117077, moz:profile: /tmp/rust_mozprofilexRC53n, moz:shutdownTimeout: 60000, moz:webdriverClick: true, moz:windowless: false, pageLoadStrategy: normal, platformName: linux, proxy: Proxy(), se:cdp: ws://127.0.0.1:15784/devtoo..., se:cdpVersion: 85.0, setWindowRect: true, strictFileInteractability: false, timeouts: {implicit: 0, pageLoad: 300000, script: 30000}, unhandledPromptBehavior: dismiss and notify}
Session ID: a4b758a2-8758-4535-97df-e523de55d699
at org.openqa.selenium.remote.codec.w3c.W3CHttpResponseCodec.createException(W3CHttpResponseCodec.java:199)
at org.openqa.selenium.remote.codec.w3c.W3CHttpResponseCodec.decode(W3CHttpResponseCodec.java:132)
at org.openqa.selenium.remote.codec.w3c.W3CHttpResponseCodec.decode(W3CHttpResponseCodec.java:51)
at org.openqa.selenium.remote.HttpCommandExecutor.execute(HttpCommandExecutor.java:191)
at org.openqa.selenium.remote.service.DriverCommandExecutor.invokeExecute(DriverCommandExecutor.java:196)
at org.openqa.selenium.remote.service.DriverCommandExecutor.execute(DriverCommandExecutor.java:171)
at org.openqa.selenium.remote.RemoteWebDriver.execute(RemoteWebDriver.java:531)
at org.openqa.selenium.remote.ElementLocation$ElementFinder$2.findElement(ElementLocation.java:165)
at org.openqa.selenium.remote.ElementLocation.findElement(ElementLocation.java:59)
at org.openqa.selenium.remote.RemoteWebDriver.findElement(RemoteWebDriver.java:350)
at org.openqa.selenium.remote.RemoteWebDriver.findElement(RemoteWebDriver.java:344)
at com.selenium.ApkImages.getiOSDetails(ApkImages.java:324)
at java.base/java.util.ArrayList.forEach(ArrayList.java:1511)
... Removed 32 stack frames]]>
    </failure>
  </testcase> <!-- getiOSDetails -->
  <testcase classname="com.selenium.ApkImages" name="selectiOSVersion" time="3.007"/>
  <testcase classname="com.selenium.ApkImages" name="apkiOSDwnld" time="3.007"/>
  <testcase classname="com.selenium.ApkImages" name="selectmPOS" time="3.006"/>
  <testcase classname="com.selenium.ApkImages" name="getmPOSDetails" time="0.002">
    <failure type="org.openqa.selenium.NoSuchElementException" message="Unable to locate element: #lblmposTitle
For documentation on this error, please visit: https://www.selenium.dev/documentation/webdriver/troubleshooting/errors#no-such-element-exception
Build info: version: &amp;apos;4.10.0&amp;apos;, revision: &amp;apos;c14d967899&amp;apos;
System info: os.name: &amp;apos;Linux&amp;apos;, os.arch: &amp;apos;amd64&amp;apos;, os.version: &amp;apos;6.2.0-37-generic&amp;apos;, java.version: &amp;apos;18.0.2-ea&amp;apos;
Driver info: org.openqa.selenium.firefox.FirefoxDriver
Command: [a4b758a2-8758-4535-97df-e523de55d699, findElement {using=id, value=lblmposTitle}]
Capabilities {acceptInsecureCerts: true, browserName: firefox, browserVersion: 119.0.1, moz:accessibilityChecks: false, moz:buildID: 20231106223251, moz:debuggerAddress: 127.0.0.1:15784, moz:geckodriverVersion: 0.33.0, moz:headless: false, moz:platformVersion: 6.2.0-37-generic, moz:processID: 117077, moz:profile: /tmp/rust_mozprofilexRC53n, moz:shutdownTimeout: 60000, moz:webdriverClick: true, moz:windowless: false, pageLoadStrategy: normal, platformName: linux, proxy: Proxy(), se:cdp: ws://127.0.0.1:15784/devtoo..., se:cdpVersion: 85.0, setWindowRect: true, strictFileInteractability: false, timeouts: {implicit: 0, pageLoad: 300000, script: 30000}, unhandledPromptBehavior: dismiss and notify}
Session ID: a4b758a2-8758-4535-97df-e523de55d699">
      <![CDATA[org.openqa.selenium.NoSuchElementException: Unable to locate element: #lblmposTitle
For documentation on this error, please visit: https://www.selenium.dev/documentation/webdriver/troubleshooting/errors#no-such-element-exception
Build info: version: '4.10.0', revision: 'c14d967899'
System info: os.name: 'Linux', os.arch: 'amd64', os.version: '6.2.0-37-generic', java.version: '18.0.2-ea'
Driver info: org.openqa.selenium.firefox.FirefoxDriver
Command: [a4b758a2-8758-4535-97df-e523de55d699, findElement {using=id, value=lblmposTitle}]
Capabilities {acceptInsecureCerts: true, browserName: firefox, browserVersion: 119.0.1, moz:accessibilityChecks: false, moz:buildID: 20231106223251, moz:debuggerAddress: 127.0.0.1:15784, moz:geckodriverVersion: 0.33.0, moz:headless: false, moz:platformVersion: 6.2.0-37-generic, moz:processID: 117077, moz:profile: /tmp/rust_mozprofilexRC53n, moz:shutdownTimeout: 60000, moz:webdriverClick: true, moz:windowless: false, pageLoadStrategy: normal, platformName: linux, proxy: Proxy(), se:cdp: ws://127.0.0.1:15784/devtoo..., se:cdpVersion: 85.0, setWindowRect: true, strictFileInteractability: false, timeouts: {implicit: 0, pageLoad: 300000, script: 30000}, unhandledPromptBehavior: dismiss and notify}
Session ID: a4b758a2-8758-4535-97df-e523de55d699
at org.openqa.selenium.remote.codec.w3c.W3CHttpResponseCodec.createException(W3CHttpResponseCodec.java:199)
at org.openqa.selenium.remote.codec.w3c.W3CHttpResponseCodec.decode(W3CHttpResponseCodec.java:132)
at org.openqa.selenium.remote.codec.w3c.W3CHttpResponseCodec.decode(W3CHttpResponseCodec.java:51)
at org.openqa.selenium.remote.HttpCommandExecutor.execute(HttpCommandExecutor.java:191)
at org.openqa.selenium.remote.service.DriverCommandExecutor.invokeExecute(DriverCommandExecutor.java:196)
at org.openqa.selenium.remote.service.DriverCommandExecutor.execute(DriverCommandExecutor.java:171)
at org.openqa.selenium.remote.RemoteWebDriver.execute(RemoteWebDriver.java:531)
at org.openqa.selenium.remote.ElementLocation$ElementFinder$2.findElement(ElementLocation.java:165)
at org.openqa.selenium.remote.ElementLocation.findElement(ElementLocation.java:59)
at org.openqa.selenium.remote.RemoteWebDriver.findElement(RemoteWebDriver.java:350)
at org.openqa.selenium.remote.RemoteWebDriver.findElement(RemoteWebDriver.java:344)
at com.selenium.ApkImages.getmPOSDetails(ApkImages.java:385)
at java.base/java.util.ArrayList.forEach(ArrayList.java:1511)
... Removed 32 stack frames]]>
    </failure>
  </testcase> <!-- getmPOSDetails -->
  <testcase classname="com.selenium.ApkImages" name="selectmPOSVersion" time="3.003"/>
  <testcase classname="com.selenium.ApkImages" name="apkmPOSDwnld" time="3.005"/>
  <testcase classname="com.selenium.SiteConfig" name="login" time="2.516">
    <failure type="java.lang.NullPointerException" message="Cannot invoke &amp;quot;com.aventstack.extentreports.ExtentReports.createTest(String)&amp;quot; because &amp;quot;com.selenium.SiteConfig.extent&amp;quot; is null">
      <![CDATA[java.lang.NullPointerException: Cannot invoke "com.aventstack.extentreports.ExtentReports.createTest(String)" because "com.selenium.SiteConfig.extent" is null
at com.selenium.SiteConfig.login(SiteConfig.java:116)
at java.base/java.util.ArrayList.forEach(ArrayList.java:1511)
... Removed 29 stack frames]]>
    </failure>
  </testcase> <!-- login -->
  <testcase classname="com.selenium.SiteConfig" name="revenueDashboardOpen" time="1.022">
    <failure type="java.lang.NullPointerException" message="Cannot invoke &amp;quot;com.aventstack.extentreports.ExtentReports.createTest(String)&amp;quot; because &amp;quot;com.selenium.SiteConfig.extent&amp;quot; is null">
      <![CDATA[java.lang.NullPointerException: Cannot invoke "com.aventstack.extentreports.ExtentReports.createTest(String)" because "com.selenium.SiteConfig.extent" is null
at com.selenium.SiteConfig.revenueDashboardOpen(SiteConfig.java:127)
at java.base/java.util.ArrayList.forEach(ArrayList.java:1511)
... Removed 29 stack frames]]>
    </failure>
  </testcase> <!-- revenueDashboardOpen -->
  <testcase classname="com.selenium.SiteConfig" name="siteConfigurationPage" time="2.452"/>
  <testcase classname="com.selenium.SiteConfig" name="jstreeOrg" time="2.323"/>
  <testcase classname="com.selenium.SiteConfig" name="jstreeZone" time="2.009">
    <failure type="org.openqa.selenium.NoSuchElementException" message="Unable to locate element: //li[@id=&amp;apos;city_5&amp;apos;]/i
For documentation on this error, please visit: https://www.selenium.dev/documentation/webdriver/troubleshooting/errors#no-such-element-exception
Build info: version: &amp;apos;4.10.0&amp;apos;, revision: &amp;apos;c14d967899&amp;apos;
System info: os.name: &amp;apos;Linux&amp;apos;, os.arch: &amp;apos;amd64&amp;apos;, os.version: &amp;apos;6.2.0-37-generic&amp;apos;, java.version: &amp;apos;18.0.2-ea&amp;apos;
Driver info: org.openqa.selenium.firefox.FirefoxDriver
Command: [ec68025e-c379-4f6a-8db7-03033a070e51, findElement {using=xpath, value=//li[@id=&amp;apos;city_5&amp;apos;]/i}]
Capabilities {acceptInsecureCerts: true, browserName: firefox, browserVersion: 119.0.1, moz:accessibilityChecks: false, moz:buildID: 20231106223251, moz:debuggerAddress: 127.0.0.1:21270, moz:geckodriverVersion: 0.33.0, moz:headless: false, moz:platformVersion: 6.2.0-37-generic, moz:processID: 118370, moz:profile: /tmp/rust_mozprofileQFtKWg, moz:shutdownTimeout: 60000, moz:webdriverClick: true, moz:windowless: false, pageLoadStrategy: normal, platformName: linux, proxy: Proxy(), se:cdp: ws://127.0.0.1:21270/devtoo..., se:cdpVersion: 85.0, setWindowRect: true, strictFileInteractability: false, timeouts: {implicit: 0, pageLoad: 300000, script: 30000}, unhandledPromptBehavior: dismiss and notify}
Session ID: ec68025e-c379-4f6a-8db7-03033a070e51">
      <![CDATA[org.openqa.selenium.NoSuchElementException: Unable to locate element: //li[@id='city_5']/i
For documentation on this error, please visit: https://www.selenium.dev/documentation/webdriver/troubleshooting/errors#no-such-element-exception
Build info: version: '4.10.0', revision: 'c14d967899'
System info: os.name: 'Linux', os.arch: 'amd64', os.version: '6.2.0-37-generic', java.version: '18.0.2-ea'
Driver info: org.openqa.selenium.firefox.FirefoxDriver
Command: [ec68025e-c379-4f6a-8db7-03033a070e51, findElement {using=xpath, value=//li[@id='city_5']/i}]
Capabilities {acceptInsecureCerts: true, browserName: firefox, browserVersion: 119.0.1, moz:accessibilityChecks: false, moz:buildID: 20231106223251, moz:debuggerAddress: 127.0.0.1:21270, moz:geckodriverVersion: 0.33.0, moz:headless: false, moz:platformVersion: 6.2.0-37-generic, moz:processID: 118370, moz:profile: /tmp/rust_mozprofileQFtKWg, moz:shutdownTimeout: 60000, moz:webdriverClick: true, moz:windowless: false, pageLoadStrategy: normal, platformName: linux, proxy: Proxy(), se:cdp: ws://127.0.0.1:21270/devtoo..., se:cdpVersion: 85.0, setWindowRect: true, strictFileInteractability: false, timeouts: {implicit: 0, pageLoad: 300000, script: 30000}, unhandledPromptBehavior: dismiss and notify}
Session ID: ec68025e-c379-4f6a-8db7-03033a070e51
at org.openqa.selenium.remote.codec.w3c.W3CHttpResponseCodec.createException(W3CHttpResponseCodec.java:199)
at org.openqa.selenium.remote.codec.w3c.W3CHttpResponseCodec.decode(W3CHttpResponseCodec.java:132)
at org.openqa.selenium.remote.codec.w3c.W3CHttpResponseCodec.decode(W3CHttpResponseCodec.java:51)
at org.openqa.selenium.remote.HttpCommandExecutor.execute(HttpCommandExecutor.java:191)
at org.openqa.selenium.remote.service.DriverCommandExecutor.invokeExecute(DriverCommandExecutor.java:196)
at org.openqa.selenium.remote.service.DriverCommandExecutor.execute(DriverCommandExecutor.java:171)
at org.openqa.selenium.remote.RemoteWebDriver.execute(RemoteWebDriver.java:531)
at org.openqa.selenium.remote.ElementLocation$ElementFinder$2.findElement(ElementLocation.java:165)
at org.openqa.selenium.remote.ElementLocation.findElement(ElementLocation.java:59)
at org.openqa.selenium.remote.RemoteWebDriver.findElement(RemoteWebDriver.java:350)
at org.openqa.selenium.remote.RemoteWebDriver.findElement(RemoteWebDriver.java:344)
at com.selenium.SiteConfig.jstreeZone(SiteConfig.java:154)
at java.base/java.util.ArrayList.forEach(ArrayList.java:1511)
... Removed 32 stack frames]]>
    </failure>
  </testcase> <!-- jstreeZone -->
  <testcase classname="com.selenium.SiteConfig" name="jstreeSites" time="0.007">
    <failure type="org.openqa.selenium.NoSuchElementException" message="Unable to locate element: //li[@id=&amp;apos;zone_1&amp;apos;]/i
For documentation on this error, please visit: https://www.selenium.dev/documentation/webdriver/troubleshooting/errors#no-such-element-exception
Build info: version: &amp;apos;4.10.0&amp;apos;, revision: &amp;apos;c14d967899&amp;apos;
System info: os.name: &amp;apos;Linux&amp;apos;, os.arch: &amp;apos;amd64&amp;apos;, os.version: &amp;apos;6.2.0-37-generic&amp;apos;, java.version: &amp;apos;18.0.2-ea&amp;apos;
Driver info: org.openqa.selenium.firefox.FirefoxDriver
Command: [ec68025e-c379-4f6a-8db7-03033a070e51, findElement {using=xpath, value=//li[@id=&amp;apos;zone_1&amp;apos;]/i}]
Capabilities {acceptInsecureCerts: true, browserName: firefox, browserVersion: 119.0.1, moz:accessibilityChecks: false, moz:buildID: 20231106223251, moz:debuggerAddress: 127.0.0.1:21270, moz:geckodriverVersion: 0.33.0, moz:headless: false, moz:platformVersion: 6.2.0-37-generic, moz:processID: 118370, moz:profile: /tmp/rust_mozprofileQFtKWg, moz:shutdownTimeout: 60000, moz:webdriverClick: true, moz:windowless: false, pageLoadStrategy: normal, platformName: linux, proxy: Proxy(), se:cdp: ws://127.0.0.1:21270/devtoo..., se:cdpVersion: 85.0, setWindowRect: true, strictFileInteractability: false, timeouts: {implicit: 0, pageLoad: 300000, script: 30000}, unhandledPromptBehavior: dismiss and notify}
Session ID: ec68025e-c379-4f6a-8db7-03033a070e51">
      <![CDATA[org.openqa.selenium.NoSuchElementException: Unable to locate element: //li[@id='zone_1']/i
For documentation on this error, please visit: https://www.selenium.dev/documentation/webdriver/troubleshooting/errors#no-such-element-exception
Build info: version: '4.10.0', revision: 'c14d967899'
System info: os.name: 'Linux', os.arch: 'amd64', os.version: '6.2.0-37-generic', java.version: '18.0.2-ea'
Driver info: org.openqa.selenium.firefox.FirefoxDriver
Command: [ec68025e-c379-4f6a-8db7-03033a070e51, findElement {using=xpath, value=//li[@id='zone_1']/i}]
Capabilities {acceptInsecureCerts: true, browserName: firefox, browserVersion: 119.0.1, moz:accessibilityChecks: false, moz:buildID: 20231106223251, moz:debuggerAddress: 127.0.0.1:21270, moz:geckodriverVersion: 0.33.0, moz:headless: false, moz:platformVersion: 6.2.0-37-generic, moz:processID: 118370, moz:profile: /tmp/rust_mozprofileQFtKWg, moz:shutdownTimeout: 60000, moz:webdriverClick: true, moz:windowless: false, pageLoadStrategy: normal, platformName: linux, proxy: Proxy(), se:cdp: ws://127.0.0.1:21270/devtoo..., se:cdpVersion: 85.0, setWindowRect: true, strictFileInteractability: false, timeouts: {implicit: 0, pageLoad: 300000, script: 30000}, unhandledPromptBehavior: dismiss and notify}
Session ID: ec68025e-c379-4f6a-8db7-03033a070e51
at org.openqa.selenium.remote.codec.w3c.W3CHttpResponseCodec.createException(W3CHttpResponseCodec.java:199)
at org.openqa.selenium.remote.codec.w3c.W3CHttpResponseCodec.decode(W3CHttpResponseCodec.java:132)
at org.openqa.selenium.remote.codec.w3c.W3CHttpResponseCodec.decode(W3CHttpResponseCodec.java:51)
at org.openqa.selenium.remote.HttpCommandExecutor.execute(HttpCommandExecutor.java:191)
at org.openqa.selenium.remote.service.DriverCommandExecutor.invokeExecute(DriverCommandExecutor.java:196)
at org.openqa.selenium.remote.service.DriverCommandExecutor.execute(DriverCommandExecutor.java:171)
at org.openqa.selenium.remote.RemoteWebDriver.execute(RemoteWebDriver.java:531)
at org.openqa.selenium.remote.ElementLocation$ElementFinder$2.findElement(ElementLocation.java:165)
at org.openqa.selenium.remote.ElementLocation.findElement(ElementLocation.java:59)
at org.openqa.selenium.remote.RemoteWebDriver.findElement(RemoteWebDriver.java:350)
at org.openqa.selenium.remote.RemoteWebDriver.findElement(RemoteWebDriver.java:344)
at com.selenium.SiteConfig.jstreeSites(SiteConfig.java:159)
at java.base/java.util.ArrayList.forEach(ArrayList.java:1511)
... Removed 32 stack frames]]>
    </failure>
  </testcase> <!-- jstreeSites -->
  <testcase classname="com.selenium.SiteConfig" name="jstreeOFFstreet" time="0.009">
    <failure type="org.openqa.selenium.NoSuchElementException" message="Unable to locate element: //*[@id=&amp;apos;site_56&amp;apos;]/ul
For documentation on this error, please visit: https://www.selenium.dev/documentation/webdriver/troubleshooting/errors#no-such-element-exception
Build info: version: &amp;apos;4.10.0&amp;apos;, revision: &amp;apos;c14d967899&amp;apos;
System info: os.name: &amp;apos;Linux&amp;apos;, os.arch: &amp;apos;amd64&amp;apos;, os.version: &amp;apos;6.2.0-37-generic&amp;apos;, java.version: &amp;apos;18.0.2-ea&amp;apos;
Driver info: org.openqa.selenium.firefox.FirefoxDriver
Command: [ec68025e-c379-4f6a-8db7-03033a070e51, findElement {using=xpath, value=//*[@id=&amp;apos;site_56&amp;apos;]/ul}]
Capabilities {acceptInsecureCerts: true, browserName: firefox, browserVersion: 119.0.1, moz:accessibilityChecks: false, moz:buildID: 20231106223251, moz:debuggerAddress: 127.0.0.1:21270, moz:geckodriverVersion: 0.33.0, moz:headless: false, moz:platformVersion: 6.2.0-37-generic, moz:processID: 118370, moz:profile: /tmp/rust_mozprofileQFtKWg, moz:shutdownTimeout: 60000, moz:webdriverClick: true, moz:windowless: false, pageLoadStrategy: normal, platformName: linux, proxy: Proxy(), se:cdp: ws://127.0.0.1:21270/devtoo..., se:cdpVersion: 85.0, setWindowRect: true, strictFileInteractability: false, timeouts: {implicit: 0, pageLoad: 300000, script: 30000}, unhandledPromptBehavior: dismiss and notify}
Session ID: ec68025e-c379-4f6a-8db7-03033a070e51">
      <![CDATA[org.openqa.selenium.NoSuchElementException: Unable to locate element: //*[@id='site_56']/ul
For documentation on this error, please visit: https://www.selenium.dev/documentation/webdriver/troubleshooting/errors#no-such-element-exception
Build info: version: '4.10.0', revision: 'c14d967899'
System info: os.name: 'Linux', os.arch: 'amd64', os.version: '6.2.0-37-generic', java.version: '18.0.2-ea'
Driver info: org.openqa.selenium.firefox.FirefoxDriver
Command: [ec68025e-c379-4f6a-8db7-03033a070e51, findElement {using=xpath, value=//*[@id='site_56']/ul}]
Capabilities {acceptInsecureCerts: true, browserName: firefox, browserVersion: 119.0.1, moz:accessibilityChecks: false, moz:buildID: 20231106223251, moz:debuggerAddress: 127.0.0.1:21270, moz:geckodriverVersion: 0.33.0, moz:headless: false, moz:platformVersion: 6.2.0-37-generic, moz:processID: 118370, moz:profile: /tmp/rust_mozprofileQFtKWg, moz:shutdownTimeout: 60000, moz:webdriverClick: true, moz:windowless: false, pageLoadStrategy: normal, platformName: linux, proxy: Proxy(), se:cdp: ws://127.0.0.1:21270/devtoo..., se:cdpVersion: 85.0, setWindowRect: true, strictFileInteractability: false, timeouts: {implicit: 0, pageLoad: 300000, script: 30000}, unhandledPromptBehavior: dismiss and notify}
Session ID: ec68025e-c379-4f6a-8db7-03033a070e51
at org.openqa.selenium.remote.codec.w3c.W3CHttpResponseCodec.createException(W3CHttpResponseCodec.java:199)
at org.openqa.selenium.remote.codec.w3c.W3CHttpResponseCodec.decode(W3CHttpResponseCodec.java:132)
at org.openqa.selenium.remote.codec.w3c.W3CHttpResponseCodec.decode(W3CHttpResponseCodec.java:51)
at org.openqa.selenium.remote.HttpCommandExecutor.execute(HttpCommandExecutor.java:191)
at org.openqa.selenium.remote.service.DriverCommandExecutor.invokeExecute(DriverCommandExecutor.java:196)
at org.openqa.selenium.remote.service.DriverCommandExecutor.execute(DriverCommandExecutor.java:171)
at org.openqa.selenium.remote.RemoteWebDriver.execute(RemoteWebDriver.java:531)
at org.openqa.selenium.remote.ElementLocation$ElementFinder$2.findElement(ElementLocation.java:165)
at org.openqa.selenium.remote.ElementLocation.findElement(ElementLocation.java:59)
at org.openqa.selenium.remote.RemoteWebDriver.findElement(RemoteWebDriver.java:350)
at org.openqa.selenium.remote.RemoteWebDriver.findElement(RemoteWebDriver.java:344)
at com.selenium.SiteConfig.jstreeOFFstreet(SiteConfig.java:166)
at java.base/java.util.ArrayList.forEach(ArrayList.java:1511)
... Removed 32 stack frames]]>
    </failure>
  </testcase> <!-- jstreeOFFstreet -->
  <testcase classname="com.selenium.SiteConfig" name="jstreeOFFstreetDevices" time="1.013">
    <failure type="org.openqa.selenium.NoSuchElementException" message="Unable to locate element: //*[@id=&amp;apos;level_61&amp;apos;]/i
For documentation on this error, please visit: https://www.selenium.dev/documentation/webdriver/troubleshooting/errors#no-such-element-exception
Build info: version: &amp;apos;4.10.0&amp;apos;, revision: &amp;apos;c14d967899&amp;apos;
System info: os.name: &amp;apos;Linux&amp;apos;, os.arch: &amp;apos;amd64&amp;apos;, os.version: &amp;apos;6.2.0-37-generic&amp;apos;, java.version: &amp;apos;18.0.2-ea&amp;apos;
Driver info: org.openqa.selenium.firefox.FirefoxDriver
Command: [ec68025e-c379-4f6a-8db7-03033a070e51, findElement {using=xpath, value=//*[@id=&amp;apos;level_61&amp;apos;]/i}]
Capabilities {acceptInsecureCerts: true, browserName: firefox, browserVersion: 119.0.1, moz:accessibilityChecks: false, moz:buildID: 20231106223251, moz:debuggerAddress: 127.0.0.1:21270, moz:geckodriverVersion: 0.33.0, moz:headless: false, moz:platformVersion: 6.2.0-37-generic, moz:processID: 118370, moz:profile: /tmp/rust_mozprofileQFtKWg, moz:shutdownTimeout: 60000, moz:webdriverClick: true, moz:windowless: false, pageLoadStrategy: normal, platformName: linux, proxy: Proxy(), se:cdp: ws://127.0.0.1:21270/devtoo..., se:cdpVersion: 85.0, setWindowRect: true, strictFileInteractability: false, timeouts: {implicit: 0, pageLoad: 300000, script: 30000}, unhandledPromptBehavior: dismiss and notify}
Session ID: ec68025e-c379-4f6a-8db7-03033a070e51">
      <![CDATA[org.openqa.selenium.NoSuchElementException: Unable to locate element: //*[@id='level_61']/i
For documentation on this error, please visit: https://www.selenium.dev/documentation/webdriver/troubleshooting/errors#no-such-element-exception
Build info: version: '4.10.0', revision: 'c14d967899'
System info: os.name: 'Linux', os.arch: 'amd64', os.version: '6.2.0-37-generic', java.version: '18.0.2-ea'
Driver info: org.openqa.selenium.firefox.FirefoxDriver
Command: [ec68025e-c379-4f6a-8db7-03033a070e51, findElement {using=xpath, value=//*[@id='level_61']/i}]
Capabilities {acceptInsecureCerts: true, browserName: firefox, browserVersion: 119.0.1, moz:accessibilityChecks: false, moz:buildID: 20231106223251, moz:debuggerAddress: 127.0.0.1:21270, moz:geckodriverVersion: 0.33.0, moz:headless: false, moz:platformVersion: 6.2.0-37-generic, moz:processID: 118370, moz:profile: /tmp/rust_mozprofileQFtKWg, moz:shutdownTimeout: 60000, moz:webdriverClick: true, moz:windowless: false, pageLoadStrategy: normal, platformName: linux, proxy: Proxy(), se:cdp: ws://127.0.0.1:21270/devtoo..., se:cdpVersion: 85.0, setWindowRect: true, strictFileInteractability: false, timeouts: {implicit: 0, pageLoad: 300000, script: 30000}, unhandledPromptBehavior: dismiss and notify}
Session ID: ec68025e-c379-4f6a-8db7-03033a070e51
at org.openqa.selenium.remote.codec.w3c.W3CHttpResponseCodec.createException(W3CHttpResponseCodec.java:199)
at org.openqa.selenium.remote.codec.w3c.W3CHttpResponseCodec.decode(W3CHttpResponseCodec.java:132)
at org.openqa.selenium.remote.codec.w3c.W3CHttpResponseCodec.decode(W3CHttpResponseCodec.java:51)
at org.openqa.selenium.remote.HttpCommandExecutor.execute(HttpCommandExecutor.java:191)
at org.openqa.selenium.remote.service.DriverCommandExecutor.invokeExecute(DriverCommandExecutor.java:196)
at org.openqa.selenium.remote.service.DriverCommandExecutor.execute(DriverCommandExecutor.java:171)
at org.openqa.selenium.remote.RemoteWebDriver.execute(RemoteWebDriver.java:531)
at org.openqa.selenium.remote.ElementLocation$ElementFinder$2.findElement(ElementLocation.java:165)
at org.openqa.selenium.remote.ElementLocation.findElement(ElementLocation.java:59)
at org.openqa.selenium.remote.RemoteWebDriver.findElement(RemoteWebDriver.java:350)
at org.openqa.selenium.remote.RemoteWebDriver.findElement(RemoteWebDriver.java:344)
at com.selenium.SiteConfig.jstreeOFFstreetDevices(SiteConfig.java:173)
at java.base/java.util.ArrayList.forEach(ArrayList.java:1511)
... Removed 32 stack frames]]>
    </failure>
  </testcase> <!-- jstreeOFFstreetDevices -->
  <testcase classname="com.selenium.SiteConfig" name="addSingleDevicebtn" time="1.034">
    <failure type="org.openqa.selenium.ElementNotInteractableException" message="Element &amp;lt;button id=&amp;quot;btnAddDevices&amp;quot; class=&amp;quot;btn btn-sm btn-primary float-right&amp;quot; type=&amp;quot;button&amp;quot;&amp;gt; could not be scrolled into view
Build info: version: &amp;apos;4.10.0&amp;apos;, revision: &amp;apos;c14d967899&amp;apos;
System info: os.name: &amp;apos;Linux&amp;apos;, os.arch: &amp;apos;amd64&amp;apos;, os.version: &amp;apos;6.2.0-37-generic&amp;apos;, java.version: &amp;apos;18.0.2-ea&amp;apos;
Driver info: org.openqa.selenium.firefox.FirefoxDriver
Command: [ec68025e-c379-4f6a-8db7-03033a070e51, clickElement {id=3a07c4f5-4bb8-4f7d-9b82-2d34071c4fb8}]
Capabilities {acceptInsecureCerts: true, browserName: firefox, browserVersion: 119.0.1, moz:accessibilityChecks: false, moz:buildID: 20231106223251, moz:debuggerAddress: 127.0.0.1:21270, moz:geckodriverVersion: 0.33.0, moz:headless: false, moz:platformVersion: 6.2.0-37-generic, moz:processID: 118370, moz:profile: /tmp/rust_mozprofileQFtKWg, moz:shutdownTimeout: 60000, moz:webdriverClick: true, moz:windowless: false, pageLoadStrategy: normal, platformName: linux, proxy: Proxy(), se:cdp: ws://127.0.0.1:21270/devtoo..., se:cdpVersion: 85.0, setWindowRect: true, strictFileInteractability: false, timeouts: {implicit: 0, pageLoad: 300000, script: 30000}, unhandledPromptBehavior: dismiss and notify}
Element: [[FirefoxDriver: firefox on linux (ec68025e-c379-4f6a-8db7-03033a070e51)] -&amp;gt; xpath: //*[@id=&amp;apos;btnAddDevices&amp;apos;]]
Session ID: ec68025e-c379-4f6a-8db7-03033a070e51">
      <![CDATA[org.openqa.selenium.ElementNotInteractableException: Element <button id="btnAddDevices" class="btn btn-sm btn-primary float-right" type="button"> could not be scrolled into view
Build info: version: '4.10.0', revision: 'c14d967899'
System info: os.name: 'Linux', os.arch: 'amd64', os.version: '6.2.0-37-generic', java.version: '18.0.2-ea'
Driver info: org.openqa.selenium.firefox.FirefoxDriver
Command: [ec68025e-c379-4f6a-8db7-03033a070e51, clickElement {id=3a07c4f5-4bb8-4f7d-9b82-2d34071c4fb8}]
Capabilities {acceptInsecureCerts: true, browserName: firefox, browserVersion: 119.0.1, moz:accessibilityChecks: false, moz:buildID: 20231106223251, moz:debuggerAddress: 127.0.0.1:21270, moz:geckodriverVersion: 0.33.0, moz:headless: false, moz:platformVersion: 6.2.0-37-generic, moz:processID: 118370, moz:profile: /tmp/rust_mozprofileQFtKWg, moz:shutdownTimeout: 60000, moz:webdriverClick: true, moz:windowless: false, pageLoadStrategy: normal, platformName: linux, proxy: Proxy(), se:cdp: ws://127.0.0.1:21270/devtoo..., se:cdpVersion: 85.0, setWindowRect: true, strictFileInteractability: false, timeouts: {implicit: 0, pageLoad: 300000, script: 30000}, unhandledPromptBehavior: dismiss and notify}
Element: [[FirefoxDriver: firefox on linux (ec68025e-c379-4f6a-8db7-03033a070e51)] -> xpath: //*[@id='btnAddDevices']]
Session ID: ec68025e-c379-4f6a-8db7-03033a070e51
at org.openqa.selenium.remote.codec.w3c.W3CHttpResponseCodec.createException(W3CHttpResponseCodec.java:199)
at org.openqa.selenium.remote.codec.w3c.W3CHttpResponseCodec.decode(W3CHttpResponseCodec.java:132)
at org.openqa.selenium.remote.codec.w3c.W3CHttpResponseCodec.decode(W3CHttpResponseCodec.java:51)
at org.openqa.selenium.remote.HttpCommandExecutor.execute(HttpCommandExecutor.java:191)
at org.openqa.selenium.remote.service.DriverCommandExecutor.invokeExecute(DriverCommandExecutor.java:196)
at org.openqa.selenium.remote.service.DriverCommandExecutor.execute(DriverCommandExecutor.java:171)
at org.openqa.selenium.remote.RemoteWebDriver.execute(RemoteWebDriver.java:531)
at org.openqa.selenium.remote.RemoteWebElement.execute(RemoteWebElement.java:242)
at org.openqa.selenium.remote.RemoteWebElement.click(RemoteWebElement.java:77)
at com.selenium.SiteConfig.addSingleDevicebtn(SiteConfig.java:181)
at java.base/java.util.ArrayList.forEach(ArrayList.java:1511)
... Removed 32 stack frames]]>
    </failure>
  </testcase> <!-- addSingleDevicebtn -->
  <testcase classname="com.selenium.SiteConfig" name="selectFasTag" time="0.006"/>
  <testcase classname="com.selenium.SiteConfig" name="fasTagControllerDetails" time="1.009">
    <failure type="org.openqa.selenium.ElementNotInteractableException" message="Element &amp;lt;input id=&amp;quot;fcDeviceName&amp;quot; class=&amp;quot;form-control&amp;quot; name=&amp;quot;fcDeviceName&amp;quot; type=&amp;quot;text&amp;quot;&amp;gt; is not reachable by keyboard
Build info: version: &amp;apos;4.10.0&amp;apos;, revision: &amp;apos;c14d967899&amp;apos;
System info: os.name: &amp;apos;Linux&amp;apos;, os.arch: &amp;apos;amd64&amp;apos;, os.version: &amp;apos;6.2.0-37-generic&amp;apos;, java.version: &amp;apos;18.0.2-ea&amp;apos;
Driver info: org.openqa.selenium.firefox.FirefoxDriver
Command: [ec68025e-c379-4f6a-8db7-03033a070e51, sendKeysToElement {id=82f93c2b-5bf4-4ea5-8d04-c19f3a381f53, value=[Ljava.lang.CharSequence;@32378f7c}]
Capabilities {acceptInsecureCerts: true, browserName: firefox, browserVersion: 119.0.1, moz:accessibilityChecks: false, moz:buildID: 20231106223251, moz:debuggerAddress: 127.0.0.1:21270, moz:geckodriverVersion: 0.33.0, moz:headless: false, moz:platformVersion: 6.2.0-37-generic, moz:processID: 118370, moz:profile: /tmp/rust_mozprofileQFtKWg, moz:shutdownTimeout: 60000, moz:webdriverClick: true, moz:windowless: false, pageLoadStrategy: normal, platformName: linux, proxy: Proxy(), se:cdp: ws://127.0.0.1:21270/devtoo..., se:cdpVersion: 85.0, setWindowRect: true, strictFileInteractability: false, timeouts: {implicit: 0, pageLoad: 300000, script: 30000}, unhandledPromptBehavior: dismiss and notify}
Element: [[FirefoxDriver: firefox on linux (ec68025e-c379-4f6a-8db7-03033a070e51)] -&amp;gt; id: fcDeviceName]
Session ID: ec68025e-c379-4f6a-8db7-03033a070e51">
      <![CDATA[org.openqa.selenium.ElementNotInteractableException: Element <input id="fcDeviceName" class="form-control" name="fcDeviceName" type="text"> is not reachable by keyboard
Build info: version: '4.10.0', revision: 'c14d967899'
System info: os.name: 'Linux', os.arch: 'amd64', os.version: '6.2.0-37-generic', java.version: '18.0.2-ea'
Driver info: org.openqa.selenium.firefox.FirefoxDriver
Command: [ec68025e-c379-4f6a-8db7-03033a070e51, sendKeysToElement {id=82f93c2b-5bf4-4ea5-8d04-c19f3a381f53, value=[Ljava.lang.CharSequence;@32378f7c}]
Capabilities {acceptInsecureCerts: true, browserName: firefox, browserVersion: 119.0.1, moz:accessibilityChecks: false, moz:buildID: 20231106223251, moz:debuggerAddress: 127.0.0.1:21270, moz:geckodriverVersion: 0.33.0, moz:headless: false, moz:platformVersion: 6.2.0-37-generic, moz:processID: 118370, moz:profile: /tmp/rust_mozprofileQFtKWg, moz:shutdownTimeout: 60000, moz:webdriverClick: true, moz:windowless: false, pageLoadStrategy: normal, platformName: linux, proxy: Proxy(), se:cdp: ws://127.0.0.1:21270/devtoo..., se:cdpVersion: 85.0, setWindowRect: true, strictFileInteractability: false, timeouts: {implicit: 0, pageLoad: 300000, script: 30000}, unhandledPromptBehavior: dismiss and notify}
Element: [[FirefoxDriver: firefox on linux (ec68025e-c379-4f6a-8db7-03033a070e51)] -> id: fcDeviceName]
Session ID: ec68025e-c379-4f6a-8db7-03033a070e51
at org.openqa.selenium.remote.codec.w3c.W3CHttpResponseCodec.createException(W3CHttpResponseCodec.java:199)
at org.openqa.selenium.remote.codec.w3c.W3CHttpResponseCodec.decode(W3CHttpResponseCodec.java:132)
at org.openqa.selenium.remote.codec.w3c.W3CHttpResponseCodec.decode(W3CHttpResponseCodec.java:51)
at org.openqa.selenium.remote.HttpCommandExecutor.execute(HttpCommandExecutor.java:191)
at org.openqa.selenium.remote.service.DriverCommandExecutor.invokeExecute(DriverCommandExecutor.java:196)
at org.openqa.selenium.remote.service.DriverCommandExecutor.execute(DriverCommandExecutor.java:171)
at org.openqa.selenium.remote.RemoteWebDriver.execute(RemoteWebDriver.java:531)
at org.openqa.selenium.remote.RemoteWebElement.execute(RemoteWebElement.java:242)
at org.openqa.selenium.remote.RemoteWebElement.sendKeys(RemoteWebElement.java:111)
at com.selenium.SiteConfig.fasTagControllerDetails(SiteConfig.java:209)
at java.base/java.util.ArrayList.forEach(ArrayList.java:1511)
... Removed 32 stack frames]]>
    </failure>
  </testcase> <!-- fasTagControllerDetails -->
  <testcase classname="com.selenium.SiteConfig" name="openTreeSecondTime" time="19.84"/>
  <testcase classname="com.selenium.SiteConfig" name="addFasTag" time="3.556"/>
  <testcase classname="com.selenium.SiteConfig" name="addFasTagSelectftReader" time="3.304"/>
  <testcase classname="com.selenium.SiteConfig" name="addFasTagEnterDetails" time="2.092"/>
  <testcase classname="com.selenium.SiteConfig" name="addbtnFasTagSelectftReader" time="6.453"/>
  <testcase classname="com.selenium.SiteConfig" name="openTreeThirdTime" time="27.299"/>
  <testcase classname="com.selenium.SiteConfig" name="addFasTagSelectftBarrier" time="5.29"/>
  <testcase classname="com.selenium.SiteConfig" name="addFtBarrierDetails" time="4.103"/>
  <testcase classname="com.selenium.SiteConfig" name="addbtnFasTagSelectftBarrier" time="8.295"/>
  <testcase classname="com.selenium.SiteConfig" name="openTreeForthTime" time="25.363"/>
  <testcase classname="com.selenium.SiteConfig" name="addFasTagSelectftDisplay" time="3.292"/>
  <testcase classname="com.selenium.SiteConfig" name="addFtDisplayDetails" time="4.11"/>
  <testcase classname="com.selenium.SiteConfig" name="addbtnFasTagSelectftDisplay" time="8.068"/>
  <testcase classname="com.selenium.SiteConfig" name="openTreeFifthTime" time="23.38"/>
  <testcase classname="com.selenium.SiteConfig" name="addFasTagSelectftPrinter" time="3.299"/>
  <testcase classname="com.selenium.SiteConfig" name="addFtPrinterDetails" time="4.076"/>
  <testcase classname="com.selenium.SiteConfig" name="addbtnFtPrinter" time="5.054"/>
  <testcase classname="com.selenium.SiteConfig" name="openTreeSixthTime" time="23.373"/>
  <testcase classname="com.selenium.SiteConfig" name="addFasTagSelectFtmPOS" time="6.296"/>
  <testcase classname="com.selenium.SiteConfig" name="addFtmPOSDetails" time="6.299"/>
  <testcase classname="com.selenium.SiteConfig" name="addbtnFasTagFtmPOS" time="11.256"/>
  <testcase classname="com.selenium.SiteConfig" name="openTreeSeventhTime" time="2.008">
    <failure type="org.openqa.selenium.NoSuchElementException" message="Unable to locate element: //ul[@role=&amp;apos;group&amp;apos;]/li/i
For documentation on this error, please visit: https://www.selenium.dev/documentation/webdriver/troubleshooting/errors#no-such-element-exception
Build info: version: &amp;apos;4.10.0&amp;apos;, revision: &amp;apos;c14d967899&amp;apos;
System info: os.name: &amp;apos;Linux&amp;apos;, os.arch: &amp;apos;amd64&amp;apos;, os.version: &amp;apos;6.2.0-37-generic&amp;apos;, java.version: &amp;apos;18.0.2-ea&amp;apos;
Driver info: org.openqa.selenium.firefox.FirefoxDriver
Command: [ec68025e-c379-4f6a-8db7-03033a070e51, findElement {using=xpath, value=//ul[@role=&amp;apos;group&amp;apos;]/li/i}]
Capabilities {acceptInsecureCerts: true, browserName: firefox, browserVersion: 119.0.1, moz:accessibilityChecks: false, moz:buildID: 20231106223251, moz:debuggerAddress: 127.0.0.1:21270, moz:geckodriverVersion: 0.33.0, moz:headless: false, moz:platformVersion: 6.2.0-37-generic, moz:processID: 118370, moz:profile: /tmp/rust_mozprofileQFtKWg, moz:shutdownTimeout: 60000, moz:webdriverClick: true, moz:windowless: false, pageLoadStrategy: normal, platformName: linux, proxy: Proxy(), se:cdp: ws://127.0.0.1:21270/devtoo..., se:cdpVersion: 85.0, setWindowRect: true, strictFileInteractability: false, timeouts: {implicit: 0, pageLoad: 300000, script: 30000}, unhandledPromptBehavior: dismiss and notify}
Session ID: ec68025e-c379-4f6a-8db7-03033a070e51">
      <![CDATA[org.openqa.selenium.NoSuchElementException: Unable to locate element: //ul[@role='group']/li/i
For documentation on this error, please visit: https://www.selenium.dev/documentation/webdriver/troubleshooting/errors#no-such-element-exception
Build info: version: '4.10.0', revision: 'c14d967899'
System info: os.name: 'Linux', os.arch: 'amd64', os.version: '6.2.0-37-generic', java.version: '18.0.2-ea'
Driver info: org.openqa.selenium.firefox.FirefoxDriver
Command: [ec68025e-c379-4f6a-8db7-03033a070e51, findElement {using=xpath, value=//ul[@role='group']/li/i}]
Capabilities {acceptInsecureCerts: true, browserName: firefox, browserVersion: 119.0.1, moz:accessibilityChecks: false, moz:buildID: 20231106223251, moz:debuggerAddress: 127.0.0.1:21270, moz:geckodriverVersion: 0.33.0, moz:headless: false, moz:platformVersion: 6.2.0-37-generic, moz:processID: 118370, moz:profile: /tmp/rust_mozprofileQFtKWg, moz:shutdownTimeout: 60000, moz:webdriverClick: true, moz:windowless: false, pageLoadStrategy: normal, platformName: linux, proxy: Proxy(), se:cdp: ws://127.0.0.1:21270/devtoo..., se:cdpVersion: 85.0, setWindowRect: true, strictFileInteractability: false, timeouts: {implicit: 0, pageLoad: 300000, script: 30000}, unhandledPromptBehavior: dismiss and notify}
Session ID: ec68025e-c379-4f6a-8db7-03033a070e51
at org.openqa.selenium.remote.codec.w3c.W3CHttpResponseCodec.createException(W3CHttpResponseCodec.java:199)
at org.openqa.selenium.remote.codec.w3c.W3CHttpResponseCodec.decode(W3CHttpResponseCodec.java:132)
at org.openqa.selenium.remote.codec.w3c.W3CHttpResponseCodec.decode(W3CHttpResponseCodec.java:51)
at org.openqa.selenium.remote.HttpCommandExecutor.execute(HttpCommandExecutor.java:191)
at org.openqa.selenium.remote.service.DriverCommandExecutor.invokeExecute(DriverCommandExecutor.java:196)
at org.openqa.selenium.remote.service.DriverCommandExecutor.execute(DriverCommandExecutor.java:171)
at org.openqa.selenium.remote.RemoteWebDriver.execute(RemoteWebDriver.java:531)
at org.openqa.selenium.remote.ElementLocation$ElementFinder$2.findElement(ElementLocation.java:165)
at org.openqa.selenium.remote.ElementLocation.findElement(ElementLocation.java:59)
at org.openqa.selenium.remote.RemoteWebDriver.findElement(RemoteWebDriver.java:350)
at org.openqa.selenium.remote.RemoteWebDriver.findElement(RemoteWebDriver.java:344)
at com.selenium.SiteConfig.openTreeSeventhTime(SiteConfig.java:570)
at java.base/java.util.ArrayList.forEach(ArrayList.java:1511)
... Removed 32 stack frames]]>
    </failure>
  </testcase> <!-- openTreeSeventhTime -->
  <testcase classname="com.selenium.SiteConfig" name="updateController" time="10.144">
    <failure type="org.openqa.selenium.TimeoutException" message="Expected condition failed: waiting for element to be clickable: By.id: ftControllerPresentAt (tried for 10 second(s) with 500 milliseconds interval)
Build info: version: &amp;apos;4.10.0&amp;apos;, revision: &amp;apos;c14d967899&amp;apos;
System info: os.name: &amp;apos;Linux&amp;apos;, os.arch: &amp;apos;amd64&amp;apos;, os.version: &amp;apos;6.2.0-37-generic&amp;apos;, java.version: &amp;apos;18.0.2-ea&amp;apos;
Driver info: org.openqa.selenium.firefox.FirefoxDriver
Capabilities {acceptInsecureCerts: true, browserName: firefox, browserVersion: 119.0.1, moz:accessibilityChecks: false, moz:buildID: 20231106223251, moz:debuggerAddress: 127.0.0.1:21270, moz:geckodriverVersion: 0.33.0, moz:headless: false, moz:platformVersion: 6.2.0-37-generic, moz:processID: 118370, moz:profile: /tmp/rust_mozprofileQFtKWg, moz:shutdownTimeout: 60000, moz:webdriverClick: true, moz:windowless: false, pageLoadStrategy: normal, platformName: linux, proxy: Proxy(), se:cdp: ws://127.0.0.1:21270/devtoo..., se:cdpVersion: 85.0, setWindowRect: true, strictFileInteractability: false, timeouts: {implicit: 0, pageLoad: 300000, script: 30000}, unhandledPromptBehavior: dismiss and notify}
Session ID: ec68025e-c379-4f6a-8db7-03033a070e51">
      <![CDATA[org.openqa.selenium.TimeoutException: Expected condition failed: waiting for element to be clickable: By.id: ftControllerPresentAt (tried for 10 second(s) with 500 milliseconds interval)
Build info: version: '4.10.0', revision: 'c14d967899'
System info: os.name: 'Linux', os.arch: 'amd64', os.version: '6.2.0-37-generic', java.version: '18.0.2-ea'
Driver info: org.openqa.selenium.firefox.FirefoxDriver
Capabilities {acceptInsecureCerts: true, browserName: firefox, browserVersion: 119.0.1, moz:accessibilityChecks: false, moz:buildID: 20231106223251, moz:debuggerAddress: 127.0.0.1:21270, moz:geckodriverVersion: 0.33.0, moz:headless: false, moz:platformVersion: 6.2.0-37-generic, moz:processID: 118370, moz:profile: /tmp/rust_mozprofileQFtKWg, moz:shutdownTimeout: 60000, moz:webdriverClick: true, moz:windowless: false, pageLoadStrategy: normal, platformName: linux, proxy: Proxy(), se:cdp: ws://127.0.0.1:21270/devtoo..., se:cdpVersion: 85.0, setWindowRect: true, strictFileInteractability: false, timeouts: {implicit: 0, pageLoad: 300000, script: 30000}, unhandledPromptBehavior: dismiss and notify}
Session ID: ec68025e-c379-4f6a-8db7-03033a070e51
at org.openqa.selenium.support.ui.WebDriverWait.timeoutException(WebDriverWait.java:84)
at org.openqa.selenium.support.ui.FluentWait.until(FluentWait.java:230)
at com.selenium.SiteConfig.updateController(SiteConfig.java:595)
at java.base/java.util.ArrayList.forEach(ArrayList.java:1511)
... Removed 29 stack frames]]>
    </failure>
  </testcase> <!-- updateController -->
  <testcase classname="com.selenium.SiteConfig" name="OpenTreeEighthTime" time="14.892"/>
  <testcase classname="com.selenium.SiteConfig" name="deleteController" time="2.001"/>
  <testcase classname="com.selenium.SiteConfig" name="OpenTreeNinthTime" time="8.026">
    <failure type="org.openqa.selenium.NoSuchElementException" message="Unable to locate element: //li[@id=&amp;apos;city_5&amp;apos;]/i
For documentation on this error, please visit: https://www.selenium.dev/documentation/webdriver/troubleshooting/errors#no-such-element-exception
Build info: version: &amp;apos;4.10.0&amp;apos;, revision: &amp;apos;c14d967899&amp;apos;
System info: os.name: &amp;apos;Linux&amp;apos;, os.arch: &amp;apos;amd64&amp;apos;, os.version: &amp;apos;6.2.0-37-generic&amp;apos;, java.version: &amp;apos;18.0.2-ea&amp;apos;
Driver info: org.openqa.selenium.firefox.FirefoxDriver
Command: [ec68025e-c379-4f6a-8db7-03033a070e51, findElement {using=xpath, value=//li[@id=&amp;apos;city_5&amp;apos;]/i}]
Capabilities {acceptInsecureCerts: true, browserName: firefox, browserVersion: 119.0.1, moz:accessibilityChecks: false, moz:buildID: 20231106223251, moz:debuggerAddress: 127.0.0.1:21270, moz:geckodriverVersion: 0.33.0, moz:headless: false, moz:platformVersion: 6.2.0-37-generic, moz:processID: 118370, moz:profile: /tmp/rust_mozprofileQFtKWg, moz:shutdownTimeout: 60000, moz:webdriverClick: true, moz:windowless: false, pageLoadStrategy: normal, platformName: linux, proxy: Proxy(), se:cdp: ws://127.0.0.1:21270/devtoo..., se:cdpVersion: 85.0, setWindowRect: true, strictFileInteractability: false, timeouts: {implicit: 0, pageLoad: 300000, script: 30000}, unhandledPromptBehavior: dismiss and notify}
Session ID: ec68025e-c379-4f6a-8db7-03033a070e51">
      <![CDATA[org.openqa.selenium.NoSuchElementException: Unable to locate element: //li[@id='city_5']/i
For documentation on this error, please visit: https://www.selenium.dev/documentation/webdriver/troubleshooting/errors#no-such-element-exception
Build info: version: '4.10.0', revision: 'c14d967899'
System info: os.name: 'Linux', os.arch: 'amd64', os.version: '6.2.0-37-generic', java.version: '18.0.2-ea'
Driver info: org.openqa.selenium.firefox.FirefoxDriver
Command: [ec68025e-c379-4f6a-8db7-03033a070e51, findElement {using=xpath, value=//li[@id='city_5']/i}]
Capabilities {acceptInsecureCerts: true, browserName: firefox, browserVersion: 119.0.1, moz:accessibilityChecks: false, moz:buildID: 20231106223251, moz:debuggerAddress: 127.0.0.1:21270, moz:geckodriverVersion: 0.33.0, moz:headless: false, moz:platformVersion: 6.2.0-37-generic, moz:processID: 118370, moz:profile: /tmp/rust_mozprofileQFtKWg, moz:shutdownTimeout: 60000, moz:webdriverClick: true, moz:windowless: false, pageLoadStrategy: normal, platformName: linux, proxy: Proxy(), se:cdp: ws://127.0.0.1:21270/devtoo..., se:cdpVersion: 85.0, setWindowRect: true, strictFileInteractability: false, timeouts: {implicit: 0, pageLoad: 300000, script: 30000}, unhandledPromptBehavior: dismiss and notify}
Session ID: ec68025e-c379-4f6a-8db7-03033a070e51
at org.openqa.selenium.remote.codec.w3c.W3CHttpResponseCodec.createException(W3CHttpResponseCodec.java:199)
at org.openqa.selenium.remote.codec.w3c.W3CHttpResponseCodec.decode(W3CHttpResponseCodec.java:132)
at org.openqa.selenium.remote.codec.w3c.W3CHttpResponseCodec.decode(W3CHttpResponseCodec.java:51)
at org.openqa.selenium.remote.HttpCommandExecutor.execute(HttpCommandExecutor.java:191)
at org.openqa.selenium.remote.service.DriverCommandExecutor.invokeExecute(DriverCommandExecutor.java:196)
at org.openqa.selenium.remote.service.DriverCommandExecutor.execute(DriverCommandExecutor.java:171)
at org.openqa.selenium.remote.RemoteWebDriver.execute(RemoteWebDriver.java:531)
at org.openqa.selenium.remote.ElementLocation$ElementFinder$2.findElement(ElementLocation.java:165)
at org.openqa.selenium.remote.ElementLocation.findElement(ElementLocation.java:59)
at org.openqa.selenium.remote.RemoteWebDriver.findElement(RemoteWebDriver.java:350)
at org.openqa.selenium.remote.RemoteWebDriver.findElement(RemoteWebDriver.java:344)
at com.selenium.SiteConfig.OpenTreeNinthTime(SiteConfig.java:645)
at java.base/java.util.ArrayList.forEach(ArrayList.java:1511)
... Removed 32 stack frames]]>
    </failure>
  </testcase> <!-- OpenTreeNinthTime -->
  <testcase classname="com.selenium.SiteConfig" name="controllerDetailsView" time="2.008">
    <failure type="org.openqa.selenium.NoSuchElementException" message="Unable to locate element: //a[@id=&amp;apos;ftControllerID_2_anchor&amp;apos;]
For documentation on this error, please visit: https://www.selenium.dev/documentation/webdriver/troubleshooting/errors#no-such-element-exception
Build info: version: &amp;apos;4.10.0&amp;apos;, revision: &amp;apos;c14d967899&amp;apos;
System info: os.name: &amp;apos;Linux&amp;apos;, os.arch: &amp;apos;amd64&amp;apos;, os.version: &amp;apos;6.2.0-37-generic&amp;apos;, java.version: &amp;apos;18.0.2-ea&amp;apos;
Driver info: org.openqa.selenium.firefox.FirefoxDriver
Command: [ec68025e-c379-4f6a-8db7-03033a070e51, findElement {using=xpath, value=//a[@id=&amp;apos;ftControllerID_2_anchor&amp;apos;]}]
Capabilities {acceptInsecureCerts: true, browserName: firefox, browserVersion: 119.0.1, moz:accessibilityChecks: false, moz:buildID: 20231106223251, moz:debuggerAddress: 127.0.0.1:21270, moz:geckodriverVersion: 0.33.0, moz:headless: false, moz:platformVersion: 6.2.0-37-generic, moz:processID: 118370, moz:profile: /tmp/rust_mozprofileQFtKWg, moz:shutdownTimeout: 60000, moz:webdriverClick: true, moz:windowless: false, pageLoadStrategy: normal, platformName: linux, proxy: Proxy(), se:cdp: ws://127.0.0.1:21270/devtoo..., se:cdpVersion: 85.0, setWindowRect: true, strictFileInteractability: false, timeouts: {implicit: 0, pageLoad: 300000, script: 30000}, unhandledPromptBehavior: dismiss and notify}
Session ID: ec68025e-c379-4f6a-8db7-03033a070e51">
      <![CDATA[org.openqa.selenium.NoSuchElementException: Unable to locate element: //a[@id='ftControllerID_2_anchor']
For documentation on this error, please visit: https://www.selenium.dev/documentation/webdriver/troubleshooting/errors#no-such-element-exception
Build info: version: '4.10.0', revision: 'c14d967899'
System info: os.name: 'Linux', os.arch: 'amd64', os.version: '6.2.0-37-generic', java.version: '18.0.2-ea'
Driver info: org.openqa.selenium.firefox.FirefoxDriver
Command: [ec68025e-c379-4f6a-8db7-03033a070e51, findElement {using=xpath, value=//a[@id='ftControllerID_2_anchor']}]
Capabilities {acceptInsecureCerts: true, browserName: firefox, browserVersion: 119.0.1, moz:accessibilityChecks: false, moz:buildID: 20231106223251, moz:debuggerAddress: 127.0.0.1:21270, moz:geckodriverVersion: 0.33.0, moz:headless: false, moz:platformVersion: 6.2.0-37-generic, moz:processID: 118370, moz:profile: /tmp/rust_mozprofileQFtKWg, moz:shutdownTimeout: 60000, moz:webdriverClick: true, moz:windowless: false, pageLoadStrategy: normal, platformName: linux, proxy: Proxy(), se:cdp: ws://127.0.0.1:21270/devtoo..., se:cdpVersion: 85.0, setWindowRect: true, strictFileInteractability: false, timeouts: {implicit: 0, pageLoad: 300000, script: 30000}, unhandledPromptBehavior: dismiss and notify}
Session ID: ec68025e-c379-4f6a-8db7-03033a070e51
at org.openqa.selenium.remote.codec.w3c.W3CHttpResponseCodec.createException(W3CHttpResponseCodec.java:199)
at org.openqa.selenium.remote.codec.w3c.W3CHttpResponseCodec.decode(W3CHttpResponseCodec.java:132)
at org.openqa.selenium.remote.codec.w3c.W3CHttpResponseCodec.decode(W3CHttpResponseCodec.java:51)
at org.openqa.selenium.remote.HttpCommandExecutor.execute(HttpCommandExecutor.java:191)
at org.openqa.selenium.remote.service.DriverCommandExecutor.invokeExecute(DriverCommandExecutor.java:196)
at org.openqa.selenium.remote.service.DriverCommandExecutor.execute(DriverCommandExecutor.java:171)
at org.openqa.selenium.remote.RemoteWebDriver.execute(RemoteWebDriver.java:531)
at org.openqa.selenium.remote.ElementLocation$ElementFinder$2.findElement(ElementLocation.java:165)
at org.openqa.selenium.remote.ElementLocation.findElement(ElementLocation.java:59)
at org.openqa.selenium.remote.RemoteWebDriver.findElement(RemoteWebDriver.java:350)
at org.openqa.selenium.remote.RemoteWebDriver.findElement(RemoteWebDriver.java:344)
at com.selenium.SiteConfig.controllerDetailsView(SiteConfig.java:665)
at java.base/java.util.ArrayList.forEach(ArrayList.java:1511)
... Removed 32 stack frames]]>
    </failure>
  </testcase> <!-- controllerDetailsView -->
  <testcase classname="com.selenium.SiteConfig" name="fasTagReaderUpdate" time="0.002"/>
  <testcase classname="com.selenium.SiteConfig" name="OpenTreeTenthTime" time="11.256">
    <failure type="org.openqa.selenium.NoSuchElementException" message="Unable to locate element: //li[@id=&amp;apos;zone_1&amp;apos;]/i
For documentation on this error, please visit: https://www.selenium.dev/documentation/webdriver/troubleshooting/errors#no-such-element-exception
Build info: version: &amp;apos;4.10.0&amp;apos;, revision: &amp;apos;c14d967899&amp;apos;
System info: os.name: &amp;apos;Linux&amp;apos;, os.arch: &amp;apos;amd64&amp;apos;, os.version: &amp;apos;6.2.0-37-generic&amp;apos;, java.version: &amp;apos;18.0.2-ea&amp;apos;
Driver info: org.openqa.selenium.firefox.FirefoxDriver
Command: [ec68025e-c379-4f6a-8db7-03033a070e51, findElement {using=xpath, value=//li[@id=&amp;apos;zone_1&amp;apos;]/i}]
Capabilities {acceptInsecureCerts: true, browserName: firefox, browserVersion: 119.0.1, moz:accessibilityChecks: false, moz:buildID: 20231106223251, moz:debuggerAddress: 127.0.0.1:21270, moz:geckodriverVersion: 0.33.0, moz:headless: false, moz:platformVersion: 6.2.0-37-generic, moz:processID: 118370, moz:profile: /tmp/rust_mozprofileQFtKWg, moz:shutdownTimeout: 60000, moz:webdriverClick: true, moz:windowless: false, pageLoadStrategy: normal, platformName: linux, proxy: Proxy(), se:cdp: ws://127.0.0.1:21270/devtoo..., se:cdpVersion: 85.0, setWindowRect: true, strictFileInteractability: false, timeouts: {implicit: 0, pageLoad: 300000, script: 30000}, unhandledPromptBehavior: dismiss and notify}
Session ID: ec68025e-c379-4f6a-8db7-03033a070e51">
      <![CDATA[org.openqa.selenium.NoSuchElementException: Unable to locate element: //li[@id='zone_1']/i
For documentation on this error, please visit: https://www.selenium.dev/documentation/webdriver/troubleshooting/errors#no-such-element-exception
Build info: version: '4.10.0', revision: 'c14d967899'
System info: os.name: 'Linux', os.arch: 'amd64', os.version: '6.2.0-37-generic', java.version: '18.0.2-ea'
Driver info: org.openqa.selenium.firefox.FirefoxDriver
Command: [ec68025e-c379-4f6a-8db7-03033a070e51, findElement {using=xpath, value=//li[@id='zone_1']/i}]
Capabilities {acceptInsecureCerts: true, browserName: firefox, browserVersion: 119.0.1, moz:accessibilityChecks: false, moz:buildID: 20231106223251, moz:debuggerAddress: 127.0.0.1:21270, moz:geckodriverVersion: 0.33.0, moz:headless: false, moz:platformVersion: 6.2.0-37-generic, moz:processID: 118370, moz:profile: /tmp/rust_mozprofileQFtKWg, moz:shutdownTimeout: 60000, moz:webdriverClick: true, moz:windowless: false, pageLoadStrategy: normal, platformName: linux, proxy: Proxy(), se:cdp: ws://127.0.0.1:21270/devtoo..., se:cdpVersion: 85.0, setWindowRect: true, strictFileInteractability: false, timeouts: {implicit: 0, pageLoad: 300000, script: 30000}, unhandledPromptBehavior: dismiss and notify}
Session ID: ec68025e-c379-4f6a-8db7-03033a070e51
at org.openqa.selenium.remote.codec.w3c.W3CHttpResponseCodec.createException(W3CHttpResponseCodec.java:199)
at org.openqa.selenium.remote.codec.w3c.W3CHttpResponseCodec.decode(W3CHttpResponseCodec.java:132)
at org.openqa.selenium.remote.codec.w3c.W3CHttpResponseCodec.decode(W3CHttpResponseCodec.java:51)
at org.openqa.selenium.remote.HttpCommandExecutor.execute(HttpCommandExecutor.java:191)
at org.openqa.selenium.remote.service.DriverCommandExecutor.invokeExecute(DriverCommandExecutor.java:196)
at org.openqa.selenium.remote.service.DriverCommandExecutor.execute(DriverCommandExecutor.java:171)
at org.openqa.selenium.remote.RemoteWebDriver.execute(RemoteWebDriver.java:531)
at org.openqa.selenium.remote.ElementLocation$ElementFinder$2.findElement(ElementLocation.java:165)
at org.openqa.selenium.remote.ElementLocation.findElement(ElementLocation.java:59)
at org.openqa.selenium.remote.RemoteWebDriver.findElement(RemoteWebDriver.java:350)
at org.openqa.selenium.remote.RemoteWebDriver.findElement(RemoteWebDriver.java:344)
at com.selenium.SiteConfig.OpenTreeTenthTime(SiteConfig.java:719)
at java.base/java.util.ArrayList.forEach(ArrayList.java:1511)
... Removed 32 stack frames]]>
    </failure>
  </testcase> <!-- OpenTreeTenthTime -->
  <testcase classname="com.selenium.AppMessages" name="login" time="5.049"/>
  <testcase classname="com.selenium.AppMessages" name="revenueDashboardOpen" time="1.24"/>
  <testcase classname="com.selenium.AppMessages" name="siteConfigurationPage" time="2.408"/>
  <testcase classname="com.selenium.AppMessages" name="jstreeOrg" time="2.452"/>
  <testcase classname="com.selenium.AppMessages" name="applicationMsgs" time="5.238"/>
  <testcase classname="com.selenium.AppMessages" name="applMsgsAnchor" time="5.261"/>
  <testcase classname="com.selenium.AppMessages" name="selectByPartialText" time="3.313"/>
  <testcase classname="com.selenium.AppMessages" name="createMessageMarathi" time="5.02"/>
  <testcase classname="com.selenium.AppMessages" name="MarathiSubmit" time="3.224"/>
  <testcase classname="com.selenium.AppMessages" name="marathiOK" time="0.008"/>
  <testcase classname="com.selenium.AppMessages" name="appMarathiMsgsAnchorforth" time="5.008"/>
  <testcase classname="com.selenium.AppMessages" name="messsgesAnchorMarathi" time="5.006"/>
  <testcase classname="com.selenium.AppMessages" name="marathiMsgDeleteRow" time="0.007"/>
  <testcase classname="com.selenium.AppMessages" name="deleteAlertMsgMarathi" time="2.006"/>
  <testcase classname="com.selenium.AppMessages" name="alertMarathiDelStatus" time="6.01"/>
  <testcase classname="com.selenium.AppMessages" name="marathiDeleteOK" time="0.225"/>
  <testcase classname="com.selenium.AppMessages" name="alertMarathiStatus" time="3.007"/>
  <testcase classname="com.selenium.PosManagement" name="login" time="4.659"/>
  <testcase classname="com.selenium.PosManagement" name="revenueDashboardOpen" time="1.232"/>
  <testcase classname="com.selenium.PosManagement" name="posConfigurationPage" time="6.383"/>
  <testcase classname="com.selenium.PosManagement" name="parkingVehicleTab" time="3.241"/>
  <testcase classname="com.selenium.PosManagement" name="parkingChargesTab" time="3.222"/>
  <testcase classname="com.selenium.PosManagement" name="parkingChargesView" time="3.241"/>
  <testcase classname="com.selenium.PosManagement" name="selectAllWeekButtons" time="11.6"/>
  <testcase classname="com.selenium.PosManagement" name="selectWednesdayButton" time="3.221"/>
  <testcase classname="com.selenium.PosManagement" name="updateInputValue" time="0.094"/>
  <testcase classname="com.selenium.PosManagement" name="pChargesSubmitBtn" time="0.21"/>
  <testcase classname="com.selenium.PosManagement" name="extractPopupText" time="0.049"/>
  <testcase classname="com.selenium.PosManagement" name="statusOK" time="0.228"/>
  <testcase classname="com.selenium.PosManagement" name="selectStartDate" time="0.007"/>
  <testcase classname="com.selenium.PosManagement" name="selectEndDate" time="0.006"/>
  <testcase classname="com.selenium.PosManagement" name="selectReserveCharges" time="0.263"/>
  <testcase classname="com.selenium.PosManagement" name="reserveChargesEditBtn" time="0.251"/>
  <testcase classname="com.selenium.PosManagement" name="setCharges" time="0.011"/>
  <testcase classname="com.selenium.PosManagement" name="clickUpdateButton" time="2.263"/>
  <testcase classname="com.selenium.PosManagement" name="reservePopupText" time="0.006"/>
  <testcase classname="com.selenium.PosManagement" name="reserveStatusOK" time="1.777"/>
  <testcase classname="com.selenium.PosManagement" name="selectReserveChargesViewTwice" time="8.498"/>
  <testcase classname="com.selenium.PosManagement" name="selectSplCharges" time="5.301"/>
  <testcase classname="com.selenium.PosManagement" name="splChargesWeekBtn" time="11.581"/>
  <testcase classname="com.selenium.PosManagement" name="clickSCAddBtn" time="2.224"/>
  <testcase classname="com.selenium.PosManagement" name="selectValletCharges" time="5.281"/>
  <testcase classname="com.selenium.PosManagement" name="parkingPassesTab" time="4.773"/>
  <testcase classname="com.selenium.PosManagement" name="clickParkingPassesEditBtn" time="3.009"/>
  <testcase classname="com.selenium.PosManagement" name="setPassPrice" time="2.021"/>
  <testcase classname="com.selenium.PosManagement" name="clickUpdatePassButton" time="2.019"/>
  <testcase classname="com.selenium.PosManagement" name="updatePassPopupText" time="0.008"/>
  <testcase classname="com.selenium.PosManagement" name="updatePassstatusOK" time="0.005"/>
  <testcase classname="com.selenium.PosManagement" name="selectOptionFromDropdown" time="3.316"/>
  <testcase classname="com.selenium.PosManagement" name="performSearch" time="3.032"/>
  <testcase classname="com.selenium.PosManagement" name="attenderShiftsTab" time="3.237"/>
  <testcase classname="com.selenium.PosManagement" name="openModalDialog" time="3.225"/>
  <testcase classname="com.selenium.PosManagement" name="updateShifts" time="3.311"/>
  <testcase classname="com.selenium.PosManagement" name="updateShiftPopupText" time="2.019"/>
  <testcase classname="com.selenium.PosManagement" name="updateShiftstatusOK" time="2.224"/>
  <testcase classname="com.selenium.PosManagement" name="clickAddAttenderShiftButton" time="2.245"/>
  <testcase classname="com.selenium.PosManagement" name="addAttenderShift" time="12.579"/>
  <testcase classname="com.selenium.PosManagement" name="addShiftPopupText" time="0.017"/>
  <testcase classname="com.selenium.PosManagement" name="addShiftstatusOK" time="0.209"/>
  <testcase classname="com.selenium.PosManagement" name="addShiftPopUPClose" time="2.222"/>
  <testcase classname="com.selenium.PosManagement" name="hawkerTab" time="3.222"/>
  <testcase classname="com.selenium.PosManagement" name="clickAddHawkerButton" time="2.238"/>
  <testcase classname="com.selenium.PosManagement" name="clickEditHawkerButton" time="16.658"/>
  <testcase classname="com.selenium.PosManagement" name="updateHawker" time="2.233"/>
  <testcase classname="com.selenium.PosManagement" name="AddHawkerPopUp" time="0.03"/>
  <testcase classname="com.selenium.PosManagement" name="AddHawkerPopUpStatus" time="0.213"/>
  <testcase classname="com.selenium.PosManagement" name="viewHawkerDetails" time="0.234"/>
  <testcase classname="com.selenium.PosManagement" name="updateHawkerDetails" time="4.266"/>
  <testcase classname="com.selenium.PosManagement" name="hawkerUpdate" time="2.235"/>
  <testcase classname="com.selenium.PosManagement" name="hawkerUpdatePopUp" time="0.012"/>
  <testcase classname="com.selenium.PosManagement" name="hawkerUpdateStatus" time="0.212"/>
  <testcase classname="com.selenium.PosManagement" name="deleteHawker" time="0.23"/>
  <testcase classname="com.selenium.PosManagement" name="hawkerDeletePopUp" time="0.033"/>
  <testcase classname="com.selenium.PosManagement" name="hawkerDeleteStatus" time="0.215"/>
  <testcase classname="com.selenium.PosManagement" name="verifyAdvertisementTab" time="3.222"/>
  <testcase classname="com.selenium.PosManagement" name="advertisementTab" time="0.233"/>
  <testcase classname="com.selenium.PosManagement" name="clickAddAdvertisementButton" time="0.24"/>
  <testcase classname="com.selenium.PosManagement" name="sendKeysToFieldsAdvertise" time="14.201"/>
  <testcase classname="com.selenium.PosManagement" name="advertiseAddPopUp" time="0.009"/>
  <testcase classname="com.selenium.PosManagement" name="advertiseAddStatus" time="0.007"/>
  <testcase classname="com.selenium.PosManagement" name="addAdvertiseButton" time="3.247"/>
  <testcase classname="com.selenium.PosManagement" name="performAdvertiseSearch" time="3.07"/>
  <testcase classname="com.selenium.PaymentManagement" name="login" time="4.793"/>
  <testcase classname="com.selenium.PaymentManagement" name="revenueDashboard" time="1.255"/>
  <testcase classname="com.selenium.PaymentManagement" name="paymentMgmtPage" time="3.425"/>
  <testcase classname="com.selenium.PaymentManagement" name="selectCreatedPageSite" time="5.071"/>
  <testcase classname="com.selenium.PaymentManagement" name="selectStartDate" time="3.016"/>
  <testcase classname="com.selenium.PaymentManagement" name="selectEndDate" time="3.018"/>
  <testcase classname="com.selenium.PaymentManagement" name="selectEntryType" time="3.32"/>
  <testcase classname="com.selenium.PaymentManagement" name="selectTransactionEntry" time="0.003"/>
  <testcase classname="com.selenium.PaymentManagement" name="selectTransactionType" time="0.019"/>
  <testcase classname="com.selenium.PaymentManagement" name="enterVehicleNumber" time="0.014"/>
  <testcase classname="com.selenium.PaymentManagement" name="selectVehicleType" time="3.03"/>
  <testcase classname="com.selenium.PaymentManagement" name="enterEmail" time="0.02"/>
  <testcase classname="com.selenium.PaymentManagement" name="discountAmount" time="0.007"/>
  <testcase classname="com.selenium.PaymentManagement" name="selectPaymentType" time="0.027"/>
  <testcase classname="com.selenium.PaymentManagement" name="selectStatusType" time="0.019"/>
  <testcase classname="com.selenium.PaymentManagement" name="getEntryTransDetails" time="5.132"/>
  <testcase classname="com.selenium.PaymentManagement" name="addPaymentBtn" time="5.028"/>
  <testcase classname="com.selenium.PaymentManagement" name="extractPopupText" time="2.006"/>
  <testcase classname="com.selenium.PaymentManagement" name="statusOK" time="2.003"/>
  <testcase classname="com.selenium.PaymentManagement" name="selectStartDateExit" time="4.989"/>
  <testcase classname="com.selenium.PaymentManagement" name="selectEndDateExit" time="3.013"/>
  <testcase classname="com.selenium.PaymentManagement" name="selectExitType" time="3.42"/>
  <testcase classname="com.selenium.PaymentManagement" name="selectTransactionExit" time="4.228"/>
  <testcase classname="com.selenium.PaymentManagement" name="selectTransactionTypeExit" time="0.276"/>
  <testcase classname="com.selenium.PaymentManagement" name="enterVehicleNumberExit" time="0.042"/>
  <testcase classname="com.selenium.PaymentManagement" name="selectVehicleTypeExit" time="3.287"/>
  <testcase classname="com.selenium.PaymentManagement" name="enterEmailExit" time="0.041"/>
  <testcase classname="com.selenium.PaymentManagement" name="discountAmountExit" time="0.009"/>
  <testcase classname="com.selenium.PaymentManagement" name="selectPaymentTypeExit" time="0.244"/>
  <testcase classname="com.selenium.PaymentManagement" name="selectStatusTypeExit" time="0.272"/>
  <testcase classname="com.selenium.PaymentManagement" name="getExitTransDetails" time="5.333"/>
  <testcase classname="com.selenium.PaymentManagement" name="addPaymentBtnExit" time="5.022"/>
  <testcase classname="com.selenium.PaymentManagement" name="extractPopupTextExit" time="2.009"/>
  <testcase classname="com.selenium.PaymentManagement" name="statusOKExit" time="2.01"/>
  <testcase classname="com.selenium.PaymentManagement" name="selectStartDatePass" time="4.761"/>
  <testcase classname="com.selenium.PaymentManagement" name="selectEndDatePass" time="3.028"/>
  <testcase classname="com.selenium.PaymentManagement" name="selectPassType" time="3.415"/>
  <testcase classname="com.selenium.PaymentManagement" name="selectPassTrans" time="4.227"/>
  <testcase classname="com.selenium.PaymentManagement" name="selectPassTransType" time="0.263"/>
  <testcase classname="com.selenium.PaymentManagement" name="enterPassVehicleNumber" time="0.021"/>
  <testcase classname="com.selenium.PaymentManagement" name="selectPassVehicleType" time="3.26"/>
  <testcase classname="com.selenium.PaymentManagement" name="enterPassEmail" time="0.047"/>
  <testcase classname="com.selenium.PaymentManagement" name="discountAmountPass" time="0.011"/>
  <testcase classname="com.selenium.PaymentManagement" name="selectPaymentTypePass" time="0.246"/>
  <testcase classname="com.selenium.PaymentManagement" name="selectStatusTypePass" time="0.282"/>
  <testcase classname="com.selenium.PaymentManagement" name="getPassTransDetails" time="5.303"/>
  <testcase classname="com.selenium.PaymentManagement" name="addPaymentBtnPass" time="5.018"/>
  <testcase classname="com.selenium.PaymentManagement" name="extractPopupTextPass" time="2.007"/>
  <testcase classname="com.selenium.PaymentManagement" name="statusOKPass" time="2.006"/>
  <testcase classname="com.selenium.PaymentManagement" name="selectStartDateReserve" time="4.689"/>
  <testcase classname="com.selenium.PaymentManagement" name="selectEndDateReserve" time="3.008"/>
  <testcase classname="com.selenium.PaymentManagement" name="selectReserveType" time="3.366"/>
  <testcase classname="com.selenium.PaymentManagement" name="tableNextPage" time="45.432"/>
  <testcase classname="com.selenium.PaymentManagement" name="selectReserveTrans" time="9.267"/>
  <testcase classname="com.selenium.PaymentManagement" name="selectReserveTransType" time="0.267"/>
  <testcase classname="com.selenium.PaymentManagement" name="enterReserveVehicleNumber" time="0.039"/>
  <testcase classname="com.selenium.PaymentManagement" name="selectReserveVehicleType" time="3.285"/>
  <testcase classname="com.selenium.PaymentManagement" name="enterReserveEmail" time="0.041"/>
  <testcase classname="com.selenium.PaymentManagement" name="discountAmountReserve" time="0.01"/>
  <testcase classname="com.selenium.PaymentManagement" name="selectPaymentTypeReserve" time="0.243"/>
  <testcase classname="com.selenium.PaymentManagement" name="selectStatusTypeReserve" time="0.276"/>
  <testcase classname="com.selenium.PaymentManagement" name="getReserveTransDetails" time="5.293"/>
  <testcase classname="com.selenium.PaymentManagement" name="addPaymentBtnReserve" time="5.011"/>
  <testcase classname="com.selenium.PaymentManagement" name="extractPopupTextReserve" time="2.003"/>
  <testcase classname="com.selenium.PaymentManagement" name="statusOKReserve" time="2.006"/>
  <testcase classname="com.selenium.PaymentManagement" name="selectSite" time="4.999"/>
  <testcase classname="com.selenium.PaymentManagement" name="redirectManagePage" time="3.108"/>
  <testcase classname="com.selenium.PaymentManagement" name="manageDatesEnabled" time="5.8"/>
  <testcase classname="com.selenium.PaymentManagement" name="selectManageStartDate" time="7.471"/>
  <testcase classname="com.selenium.PaymentManagement" name="selectManageEndDate" time="4.481"/>
  <testcase classname="com.selenium.PaymentManagement" name="selectMPOSdeviceType" time="3.292"/>
  <testcase classname="com.selenium.PaymentManagement" name="selectAndroiddeviceType" time="3.279"/>
  <testcase classname="com.selenium.PaymentManagement" name="selectIOSdeviceType" time="3.277"/>
  <testcase classname="com.selenium.PaymentManagement" name="selectMobileMposdeviceType" time="3.275"/>
  <testcase classname="com.selenium.PaymentManagement" name="selectIOSdeviceTypeAction" time="3.252"/>
  <testcase classname="com.selenium.PaymentManagement" name="manageViewBtn" time="3.007"/>
  <testcase classname="com.selenium.PaymentManagement" name="getDataMPOS" time="0.092"/>
  <testcase classname="com.selenium.PaymentManagement" name="performPaymentActions" time="0.011"/>
  <testcase classname="com.selenium.PaymentManagement" name="paymentPopUpClose" time="2.014"/>
  <testcase classname="com.selenium.PaymentManagement" name="deleteRecord" time="0.007"/>
  <testcase classname="com.selenium.PaymentManagement" name="selectOptionFromDropdown" time="3.278"/>
  <testcase classname="com.selenium.PaymentManagement" name="performSearch" time="3.071"/>
  <testcase classname="com.selenium.PaymentManagement" name="performSearchValidate" time="3.043"/>
  <testcase classname="com.selenium.Roles" name="login" time="4.581"/>
  <testcase classname="com.selenium.Roles" name="revenueDashboard" time="1.295"/>
  <testcase classname="com.selenium.Roles" name="userMgmtPage" time="3.386"/>
  <testcase classname="com.selenium.Roles" name="clickAddRoleBtn" time="5.275"/>
  <testcase classname="com.selenium.Roles" name="selectAdminRole" time="0.294"/>
  <testcase classname="com.selenium.Roles" name="verifyAutoFillForAdminRole" time="3.074">
    <failure type="java.lang.AssertionError" message="expected [Auto-Filled-Value-For-AccessType] but found [Write]">
      <![CDATA[java.lang.AssertionError: expected [Auto-Filled-Value-For-AccessType] but found [Write]
at com.selenium.Roles.verifyAutoFillForAdminRole(Roles.java:204)
at java.base/java.util.ArrayList.forEach(ArrayList.java:1511)
... Removed 34 stack frames]]>
    </failure>
  </testcase> <!-- verifyAutoFillForAdminRole -->
  <testcase classname="com.selenium.Roles" name="clickSaveButton" time="0.219"/>
  <testcase classname="com.selenium.Roles" name="extractPopupText" time="2.026"/>
  <testcase classname="com.selenium.Roles" name="statusOK" time="2.22"/>
  <testcase classname="com.selenium.Roles" name="addRolesPopUpClose" time="2.219"/>
  <testcase classname="com.selenium.Roles" name="verifyAdminActions" time="0.092"/>
  <testcase classname="com.selenium.Roles" name="clickCSVButton" time="3.281"/>
  <testcase classname="com.selenium.Roles" name="clickPDFButton" time="3.332"/>
  <testcase classname="com.selenium.Roles" name="performManagerRoleEdit" time="4.242"/>
  <testcase classname="com.selenium.Roles" name="selectAccessTypeRead" time="0.019"/>
  <testcase classname="com.selenium.Roles" name="getEditRoleDetails" time="3.066"/>
  <testcase classname="com.selenium.Roles" name="checkUpdateButton" time="3.023"/>
  <testcase classname="com.selenium.Roles" name="updateUser" time="2.007"/>
  <testcase classname="com.selenium.Roles" name="updateStatusOK" time="2.006"/>
  <testcase classname="com.selenium.Roles" name="performManagerRoleDelete" time="5.019"/>
  <testcase classname="com.selenium.Roles" name="confirmDeleteAction" time="0.002"/>
  <testcase classname="com.selenium.Roles" name="verifyManagerRoleDeletion" time="0.012"/>
  <testcase classname="com.selenium.Roles" name="tableNextPage" time="3.017"/>
  <testcase classname="com.selenium.Roles" name="clickAddRoleBtnTwice" time="5.006"/>
  <testcase classname="com.selenium.Roles" name="verifyAutoFillForAttenderRole" time="0.018"/>
  <testcase classname="com.selenium.Roles" name="clickSaveButtonTwice" time="0.005"/>
  <testcase classname="com.selenium.Roles" name="extractPopupTextTwice" time="2.006"/>
  <testcase classname="com.selenium.Roles" name="statusOKTwice" time="2.003"/>
  <testcase classname="com.selenium.Roles" name="addRolesPopUpCloseTwice" time="2.014"/>
  <testcase classname="com.selenium.Roles" name="performAttenderRoleEdit" time="4.049"/>
  <testcase classname="com.selenium.Roles" name="selectAccessTypeAttenderRead" time="0.21"/>
  <testcase classname="com.selenium.Roles" name="getEditAttenderRoleDetails" time="3.108"/>
  <testcase classname="com.selenium.Roles" name="checkAttenderUpdateButton" time="3.03"/>
  <testcase classname="com.selenium.Roles" name="updateUserTwice" time="2.01"/>
  <testcase classname="com.selenium.Roles" name="updateStatusOKTwice" time="2.01"/>
  <testcase classname="com.selenium.Roles" name="performAttenderRoleDelete" time="5.071"/>
  <testcase classname="com.selenium.Roles" name="confirmAttenderDeleteAction" time="0.003"/>
  <testcase classname="com.selenium.Roles" name="verifyAttenderRoleDeletion" time="0.018"/>
  <testcase classname="com.selenium.Roles" name="searchUserRole" time="5.07"/>
  <testcase classname="com.selenium.Roles" name="logout" time="2.018"/>
  <testcase classname="com.selenium.Users" name="login" time="8.222"/>
  <testcase classname="com.selenium.Users" name="revenueDashboard" time="0.016"/>
  <testcase classname="com.selenium.Users" name="userMgmtPage" time="3.429"/>
  <testcase classname="com.selenium.Users" name="clickAddUserButton" time="3.24"/>
  <testcase classname="com.selenium.Users" name="fillAndSubmitUserForm" time="0.426"/>
  <testcase classname="com.selenium.Users" name="clickSaveButton" time="3.276"/>
  <testcase classname="com.selenium.Users" name="extractPopupText" time="3.034"/>
  <testcase classname="com.selenium.Users" name="statusOK" time="5.225"/>
  <testcase classname="com.selenium.Users" name="addUsersPopUpClose" time="2.221"/>
  <testcase classname="com.selenium.Users" name="clickAddUserButtonTwice" time="11.374"/>
  <testcase classname="com.selenium.Users" name="verifyAdminUserDetailsInTable" time="5.007"/>
  <testcase classname="com.selenium.Users" name="fillAttederUserForm" time="0.395"/>
  <testcase classname="com.selenium.Users" name="clickAttenderSaveButton" time="3.233"/>
  <testcase classname="com.selenium.Users" name="extractPopupTextAttender" time="3.027"/>
  <testcase classname="com.selenium.Users" name="statusOKAttender" time="5.242"/>
  <testcase classname="com.selenium.Users" name="verifyAttenderUserDetailsInTable" time="5.006"/>
  <testcase classname="com.selenium.Users" name="verifyAdminActions" time="0.006"/>
  <testcase classname="com.selenium.Users" name="verifyAttenderUserEdit" time="0.048"/>
  <testcase classname="com.selenium.Users" name="verifyAttenderUserDelete" time="3.246"/>
  <testcase classname="com.selenium.Users" name="confirmAttenderDeleteAction" time="0.248"/>
  <testcase classname="com.selenium.Users" name="extractPopupTextDeleteAttender" time="8.038"/>
  <testcase classname="com.selenium.Users" name="statusOKDeleteAttender" time="5.253"/>
  <testcase classname="com.selenium.Users" name="verifyAttenderRoleDeletion" time="3.166"/>
  <testcase classname="com.selenium.Users" name="tableNextPage" time="42.289"/>
  <testcase classname="com.selenium.Users" name="searchAndVerifyAdminCount" time="7.073"/>
  <testcase classname="com.selenium.Users" name="downloadCSV" time="5.228"/>
  <testcase classname="com.selenium.Users" name="downloadPDF" time="3.339"/>
  <testcase classname="com.selenium.Users" name="logout" time="2.285"/>
  <testcase classname="com.selenium.UserSiteAssign" name="login" time="4.442"/>
  <testcase classname="com.selenium.UserSiteAssign" name="revenueDashboard" time="1.279"/>
  <testcase classname="com.selenium.UserSiteAssign" name="userMgmtPage" time="3.363"/>
  <testcase classname="com.selenium.UserSiteAssign" name="selectManagerFromDropdown" time="3.262"/>
  <testcase classname="com.selenium.UserSiteAssign" name="selectjncManager" time="3.521"/>
  <testcase classname="com.selenium.UserSiteAssign" name="managerCount" time="5.293"/>
  <testcase classname="com.selenium.UserSiteAssign" name="clickUnassignButton" time="5.27"/>
  <testcase classname="com.selenium.UserSiteAssign" name="confirmManagerUnassignAction" time="0.227"/>
  <testcase classname="com.selenium.UserSiteAssign" name="extractPopupTextManager" time="3.027"/>
  <testcase classname="com.selenium.UserSiteAssign" name="statusOKManager" time="5.23"/>
  <testcase classname="com.selenium.UserSiteAssign" name="verifyTableAfterUnAssign" time="0.008"/>
  <testcase classname="com.selenium.UserSiteAssign" name="clickAssignSiteButton" time="0.236"/>
  <testcase classname="com.selenium.UserSiteAssign" name="selectSiteFromDropdown" time="3.245"/>
  <testcase classname="com.selenium.UserSiteAssign" name="selectSite" time="0.765"/>
  <testcase classname="com.selenium.UserSiteAssign" name="clickAddSitesButton" time="3.231"/>
  <testcase classname="com.selenium.UserSiteAssign" name="extractPopupTextAssign" time="3.026"/>
  <testcase classname="com.selenium.UserSiteAssign" name="statusOKAssign" time="5.247"/>
  <testcase classname="com.selenium.UserSiteAssign" name="verifyTableAfterAssign" time="0.0"/>
  <testcase classname="com.selenium.UserSiteAssign" name="clickAttendersTab" time="5.232"/>
  <testcase classname="com.selenium.UserSiteAssign" name="unassignAttender" time="0.005"/>
  <testcase classname="com.selenium.UserSiteAssign" name="extractPopupWarningTextAttender" time="5.006"/>
  <testcase classname="com.selenium.UserSiteAssign" name="statusOKAttender" time="3.007"/>
  <testcase classname="com.selenium.UserSiteAssign" name="extractPopupTextAttender" time="3.006"/>
  <testcase classname="com.selenium.UserSiteAssign" name="statusOKUnAssignAttender" time="5.005"/>
  <testcase classname="com.selenium.UserSiteAssign" name="attendreCount" time="5.353"/>
  <testcase classname="com.selenium.UserSiteAssign" name="searchAttender" time="5.116"/>
  <testcase classname="com.selenium.UserSiteAssign" name="clickAddMoreButton" time="3.273"/>
  <testcase classname="com.selenium.UserSiteAssign" name="clickDropdownButton" time="3.263"/>
  <testcase classname="com.selenium.UserSiteAssign" name="selectAttenderListItem" time="0.743"/>
  <testcase classname="com.selenium.UserSiteAssign" name="clickAssignAttenderButton" time="0.228"/>
  <testcase classname="com.selenium.UserSiteAssign" name="extractPopupTextAddAttender" time="3.01"/>
  <testcase classname="com.selenium.UserSiteAssign" name="statusOKAddAttender" time="5.224"/>
  <testcase classname="com.selenium.UserSiteAssign" name="logout" time="2.28"/>
  <testcase classname="com.selenium.UserZoneAssign" name="login" time="4.664"/>
  <testcase classname="com.selenium.UserZoneAssign" name="revenueDashboard" time="1.213"/>
  <testcase classname="com.selenium.UserZoneAssign" name="userMgmtPage" time="3.401"/>
  <testcase classname="com.selenium.UserZoneAssign" name="officerCount" time="5.311"/>
  <testcase classname="com.selenium.UserZoneAssign" name="searchOfficer" time="5.068"/>
  <testcase classname="com.selenium.UserZoneAssign" name="clickAddMoreOfficerButton" time="3.269"/>
  <testcase classname="com.selenium.UserZoneAssign" name="selectOfficerList" time="3.068"/>
  <testcase classname="com.selenium.UserZoneAssign" name="addMorePopUpClose" time="2.236"/>
  <testcase classname="com.selenium.UserZoneAssign" name="clickOperatorTab" time="5.237"/>
  <testcase classname="com.selenium.UserZoneAssign" name="operatorCount" time="5.292"/>
  <testcase classname="com.selenium.UserZoneAssign" name="searchOperator" time="3.024"/>
  <testcase classname="com.selenium.UserZoneAssign" name="selectOperatorList" time="3.011"/>
  <testcase classname="com.selenium.UserZoneAssign" name="addMoreOperatorPopUpClose" time="2.008"/>
  <testcase classname="com.selenium.UserZoneAssign" name="clickMonitorTab" time="5.231"/>
  <testcase classname="com.selenium.UserZoneAssign" name="monitorCount" time="5.28"/>
  <testcase classname="com.selenium.UserZoneAssign" name="searchMonitor" time="5.038"/>
  <testcase classname="com.selenium.UserZoneAssign" name="clickAddMoreMonitorButton" time="3.238"/>
  <testcase classname="com.selenium.UserZoneAssign" name="selectMonitor" time="3.028"/>
  <testcase classname="com.selenium.UserZoneAssign" name="addMoreMonitorPopUpClose" time="2.013"/>
  <testcase classname="com.selenium.UserZoneAssign" name="logout" time="2.009"/>
  <testcase classname="com.selenium.UserLogs" name="login" time="4.554"/>
  <testcase classname="com.selenium.UserLogs" name="revenueDashboard" time="1.217"/>
  <testcase classname="com.selenium.UserLogs" name="userLogsActivityPage" time="3.405"/>
  <testcase classname="com.selenium.UserLogs" name="selectAdminUserRole" time="5.312"/>
  <testcase classname="com.selenium.UserLogs" name="selectUserRoleList" time="3.143"/>
  <testcase classname="com.selenium.UserLogs" name="selectAdminUser" time="3.304"/>
  <testcase classname="com.selenium.UserLogs" name="selectUserList" time="3.084"/>
  <testcase classname="com.selenium.UserLogs" name="activityDatesEnabled" time="5.499"/>
  <testcase classname="com.selenium.UserLogs" name="tableNextPage" time="19.456"/>
  <testcase classname="com.selenium.UserLogs" name="clickCSVButton" time="3.286"/>
  <testcase classname="com.selenium.UserLogs" name="clickPDFButton" time="3.412"/>
  <testcase classname="com.selenium.UserLogs" name="selectAccountUserRole" time="5.281"/>
  <testcase classname="com.selenium.UserLogs" name="selectAccountUser" time="5.011"/>
  <testcase classname="com.selenium.UserLogs" name="selectAttenderUserRole" time="5.355"/>
  <testcase classname="com.selenium.UserLogs" name="selectAttenderUser" time="5.382"/>
  <testcase classname="com.selenium.UserLogs" name="selectHelpDeskUserRole" time="5.336"/>
  <testcase classname="com.selenium.UserLogs" name="selectHelpDeskUser" time="5.026"/>
  <testcase classname="com.selenium.UserLogs" name="selectManagerUserRole" time="5.306"/>
  <testcase classname="com.selenium.UserLogs" name="selectManagerUser" time="5.291"/>
  <testcase classname="com.selenium.UserLogs" name="selectMonitorUserRole" time="5.304"/>
  <testcase classname="com.selenium.UserLogs" name="selectMonitorUser" time="5.284"/>
  <testcase classname="com.selenium.UserLogs" name="selectOperatorUserRole" time="5.316"/>
  <testcase classname="com.selenium.UserLogs" name="selectOperatorUser" time="5.248"/>
  <testcase classname="com.selenium.UserLogs" name="selectServiceUserRole" time="5.318"/>
  <testcase classname="com.selenium.UserLogs" name="selectServiceUser" time="5.282"/>
  <testcase classname="com.selenium.UserLogs" name="selectSupportUserRole" time="5.291"/>
  <testcase classname="com.selenium.UserLogs" name="selectSupportUser" time="5.321"/>
  <testcase classname="com.selenium.UserLogs" name="attenderLiveSessionsPage" time="0.137"/>
  <testcase classname="com.selenium.UserLogs" name="selectSitesList" time="0.022"/>
  <testcase classname="com.selenium.UserLogs" name="selectSitesDropdown" time="0.005"/>
  <testcase classname="com.selenium.UserLogs" name="logout" time="5.267"/>
  <testcase classname="com.selenium.AttenderLiveSessions" name="login" time="4.676"/>
  <testcase classname="com.selenium.AttenderLiveSessions" name="revenueDashboard" time="1.301"/>
  <testcase classname="com.selenium.AttenderLiveSessions" name="attenderLiveSessionsPage" time="3.391"/>
  <testcase classname="com.selenium.AttenderLiveSessions" name="selectSitesList" time="8.599"/>
  <testcase classname="com.selenium.AttenderLiveSessions" name="attenderSessionCount" time="5.287"/>
  <testcase classname="com.selenium.AttenderLiveSessions" name="searchAttenderSession" time="7.065"/>
  <testcase classname="com.selenium.AttenderLiveSessions" name="clickLogoutButton" time="0.002"/>
  <testcase classname="com.selenium.AttenderLiveSessions" name="confirmAttenderLogoutAction" time="0.002"/>
  <testcase classname="com.selenium.AttenderLiveSessions" name="selectReason" time="3.048"/>
  <testcase classname="com.selenium.AttenderLiveSessions" name="clickSubmitButtonWithExplicitWait" time="5.268"/>
  <testcase classname="com.selenium.AttenderLiveSessions" name="extractPopupText" time="3.006"/>
  <testcase classname="com.selenium.AttenderLiveSessions" name="statusOK" time="5.007"/>
  <testcase classname="com.selenium.AttenderLiveSessions" name="selectSitesListTwice" time="8.532"/>
  <testcase classname="com.selenium.AttenderLiveSessions" name="logout" time="5.255"/>
  <testcase classname="com.selenium.Coupons" name="login" time="4.491"/>
  <testcase classname="com.selenium.Coupons" name="revenueDashboard" time="1.212"/>
  <testcase classname="com.selenium.Coupons" name="attenderLiveSessionsPage" time="3.168"/>
  <testcase classname="com.selenium.Coupons" name="selectSitesList" time="8.567"/>
  <testcase classname="com.selenium.Coupons" name="enterVehicleNumber" time="0.065"/>
  <testcase classname="com.selenium.Coupons" name="enterMobileNumber" time="0.011"/>
  <testcase classname="com.selenium.Coupons" name="entercouponAmount" time="0.009"/>
  <testcase classname="com.selenium.Coupons" name="enterCouponCode" time="0.008"/>
  <testcase classname="com.selenium.Coupons" name="generateButton" time="6.254"/>
  <testcase classname="com.selenium.Coupons" name="extractPopupText" time="2.026"/>
  <testcase classname="com.selenium.Coupons" name="statusOK" time="2.224"/>
  <testcase classname="com.selenium.Coupons" name="logout" time="5.233"/>
  <testcase classname="com.selenium.Feedback" name="login" time="4.391"/>
  <testcase classname="com.selenium.Feedback" name="revenueDashboard" time="1.24"/>
  <testcase classname="com.selenium.Feedback" name="attenderLiveSessionsPage" time="3.311"/>
  <testcase classname="com.selenium.Feedback" name="selectFeedbackSitesList" time="8.618"/>
  <testcase classname="com.selenium.Feedback" name="feedbackDatesEnabled" time="3.759"/>
  <testcase classname="com.selenium.Feedback" name="selectFeedbackStartDate" time="7.469"/>
  <testcase classname="com.selenium.Feedback" name="selectFeedbackEndDate" time="4.48"/>
  <testcase classname="com.selenium.Feedback" name="clickComplaintsTab" time="5.235"/>
  <testcase classname="com.selenium.Feedback" name="selectComplaintSitesList" time="8.525"/>
  <testcase classname="com.selenium.Feedback" name="complaintsDatesEnabled" time="3.726"/>
  <testcase classname="com.selenium.Feedback" name="selectComplaintStartDate" time="3.264"/>
  <testcase classname="com.selenium.Feedback" name="selectComplaintEndDate" time="0.006"/>
  <testcase classname="com.selenium.Feedback" name="logout" time="2.253"/>
</testsuite> <!-- JhansiSmartParking -->
