<?xml version="1.0" encoding="UTF-8"?>
<!-- Generated by org.testng.reporters.JUnitXMLReporter -->
<testsuite ignored="0" hostname="iramtech-Vostro-3470" failures="2" tests="15" name="PayUReports" time="60.602" errors="0" timestamp="2024-04-04T13:23:27 IST">
  <testcase classname="com.selenium.PayUReports" name="login" time="3.865"/>
  <testcase classname="com.selenium.PayUReports" name="redirectRevenueDashboard" time="5.111"/>
  <testcase classname="com.selenium.PayUReports" name="redirectPayUReportsPage" time="6.361"/>
  <testcase classname="com.selenium.PayUReports" name="payUDatesEnabled" time="1.062"/>
  <testcase classname="com.selenium.PayUReports" name="payUReportCount" time="5.261"/>
  <testcase classname="com.selenium.PayUReports" name="selectPayUStartDate" time="8.732"/>
  <testcase classname="com.selenium.PayUReports" name="selectPayUEndDate" time="11.505"/>
  <testcase classname="com.selenium.PayUReports" name="downloadPayUReportCSVfile" time="2.234"/>
  <testcase classname="com.selenium.PayUReports" name="downloadPayUReportPDFfile" time="0.018"/>
  <testcase classname="com.selenium.PayUReports" name="nextPage" time="5.049"/>
  <testcase classname="com.selenium.PayUReports" name="payUReportsTable" time="9.022"/>
  <testcase classname="com.selenium.PayUReports" name="validatePayUAmount" time="0.022">
    <failure type="java.lang.IndexOutOfBoundsException" message="Index 6 out of bounds for length 1">
      <![CDATA[java.lang.IndexOutOfBoundsException: Index 6 out of bounds for length 1
at java.base/jdk.internal.util.Preconditions.outOfBounds(Preconditions.java:100)
at java.base/jdk.internal.util.Preconditions.outOfBoundsCheckIndex(Preconditions.java:106)
at java.base/jdk.internal.util.Preconditions.checkIndex(Preconditions.java:302)
at java.base/java.util.Objects.checkIndex(Objects.java:359)
at java.base/java.util.ArrayList.get(ArrayList.java:427)
at com.selenium.PayUReports.validatePayUAmount(PayUReports.java:253)
at java.base/java.util.ArrayList.forEach(ArrayList.java:1511)
... Removed 29 stack frames]]>
    </failure>
  </testcase> <!-- validatePayUAmount -->
  <testcase classname="com.selenium.PayUReports" name="validatePayUStatus" time="0.017">
    <failure type="java.lang.IndexOutOfBoundsException" message="Index 13 out of bounds for length 1">
      <![CDATA[java.lang.IndexOutOfBoundsException: Index 13 out of bounds for length 1
at java.base/jdk.internal.util.Preconditions.outOfBounds(Preconditions.java:100)
at java.base/jdk.internal.util.Preconditions.outOfBoundsCheckIndex(Preconditions.java:106)
at java.base/jdk.internal.util.Preconditions.checkIndex(Preconditions.java:302)
at java.base/java.util.Objects.checkIndex(Objects.java:359)
at java.base/java.util.ArrayList.get(ArrayList.java:427)
at com.selenium.PayUReports.validatePayUStatus(PayUReports.java:284)
at java.base/java.util.ArrayList.forEach(ArrayList.java:1511)
... Removed 29 stack frames]]>
    </failure>
  </testcase> <!-- validatePayUStatus -->
  <testcase classname="com.selenium.PayUReports" name="againDownloadCsv" time="0.022"/>
  <testcase classname="com.selenium.PayUReports" name="againDownloadPdf" time="0.005"/>
</testsuite> <!-- PayUReports -->
