<html>
<head>
<title>TestNG:  PosHourlyReport</title>
<link href="../testng.css" rel="stylesheet" type="text/css" />
<link href="../my-testng.css" rel="stylesheet" type="text/css" />

<style type="text/css">
.log { display: none;} 
.stack-trace { display: none;} 
</style>
<script type="text/javascript">
<!--
function flip(e) {
  current = e.style.display;
  if (current == 'block') {
    e.style.display = 'none';
    return 0;
  }
  else {
    e.style.display = 'block';
    return 1;
  }
}

function toggleBox(szDivId, elem, msg1, msg2)
{
  var res = -1;  if (document.getElementById) {
    res = flip(document.getElementById(szDivId));
  }
  else if (document.all) {
    // this is the way old msie versions work
    res = flip(document.all[szDivId]);
  }
  if(elem) {
    if(res == 0) elem.innerHTML = msg1; else elem.innerHTML = msg2;
  }

}

function toggleAllBoxes() {
  if (document.getElementsByTagName) {
    d = document.getElementsByTagName('div');
    for (i = 0; i < d.length; i++) {
      if (d[i].className == 'log') {
        flip(d[i]);
      }
    }
  }
}

// -->
</script>

</head>
<body>
<h2 align='center'>PosHourlyReport</h2><table border='1' align="center">
<tr>
<td>Tests passed/Failed/Skipped:</td><td>31/2/0</td>
</tr><tr>
<td>Started on:</td><td>Thu Apr 04 12:47:22 IST 2024</td>
</tr>
<tr><td>Total time:</td><td>131 seconds (131461 ms)</td>
</tr><tr>
<td>Included groups:</td><td></td>
</tr><tr>
<td>Excluded groups:</td><td></td>
</tr>
</table><p/>
<small><i>(Hover the method name to see the test class name)</i></small><p/>
<table width='100%' border='1' class='invocation-failed'>
<tr><td colspan='4' align='center'><b>FAILED TESTS</b></td></tr>
<tr><td><b>Test method</b></td>
<td><b>Attribute(s)</b></td>
<td width="30%"><b>Exception</b></td>
<td width="10%"><b>Time (seconds)</b></td>
<td><b>Instance</b></td>
</tr>
<tr>
<td title='com.selenium.PosHourlyReport.validateFourWDateFormat()'><b>validateFourWDateFormat</b><br>Test class: com.selenium.PosHourlyReport</td>
<td><div><pre>java.text.ParseException: Unparseable date: &quot;No matching records found&quot;
	at java.base/java.text.DateFormat.parse(DateFormat.java:399)
	at com.selenium.PosHourlyReport.validateTwoWDateFormat(PosHourlyReport.java:521)
	at com.selenium.PosHourlyReport.validateFourWDateFormat(PosHourlyReport.java:640)
	at java.base/java.util.ArrayList.forEach(ArrayList.java:1511)
... Removed 29 stack frames</pre></div><a href='#' onClick='toggleBox("stack-trace2362977", this, "Click to show all stack frames", "Click to hide stack frames")'>Click to show all stack frames</a>
<div class='stack-trace' id='stack-trace2362977'><pre>java.text.ParseException: Unparseable date: &quot;No matching records found&quot;
	at java.base/java.text.DateFormat.parse(DateFormat.java:399)
	at com.selenium.PosHourlyReport.validateTwoWDateFormat(PosHourlyReport.java:521)
	at com.selenium.PosHourlyReport.validateFourWDateFormat(PosHourlyReport.java:640)
	at java.base/jdk.internal.reflect.DirectMethodHandleAccessor.invoke(DirectMethodHandleAccessor.java:104)
	at java.base/java.lang.reflect.Method.invoke(Method.java:577)
	at org.testng.internal.invokers.MethodInvocationHelper.invokeMethod(MethodInvocationHelper.java:139)
	at org.testng.internal.invokers.TestInvoker.invokeMethod(TestInvoker.java:677)
	at org.testng.internal.invokers.TestInvoker.invokeTestMethod(TestInvoker.java:221)
	at org.testng.internal.invokers.MethodRunner.runInSequence(MethodRunner.java:50)
	at org.testng.internal.invokers.TestInvoker$MethodInvocationAgent.invoke(TestInvoker.java:969)
	at org.testng.internal.invokers.TestInvoker.invokeTestMethods(TestInvoker.java:194)
	at org.testng.internal.invokers.TestMethodWorker.invokeTestMethods(TestMethodWorker.java:148)
	at org.testng.internal.invokers.TestMethodWorker.run(TestMethodWorker.java:128)
	at java.base/java.util.ArrayList.forEach(ArrayList.java:1511)
	at org.testng.TestRunner.privateRun(TestRunner.java:829)
	at org.testng.TestRunner.run(TestRunner.java:602)
	at org.testng.SuiteRunner.runTest(SuiteRunner.java:437)
	at org.testng.SuiteRunner.runSequentially(SuiteRunner.java:431)
	at org.testng.SuiteRunner.privateRun(SuiteRunner.java:391)
	at org.testng.SuiteRunner.run(SuiteRunner.java:330)
	at org.testng.SuiteRunnerWorker.runSuite(SuiteRunnerWorker.java:52)
	at org.testng.SuiteRunnerWorker.run(SuiteRunnerWorker.java:95)
	at org.testng.TestNG.runSuitesSequentially(TestNG.java:1256)
	at org.testng.TestNG.runSuitesLocally(TestNG.java:1176)
	at org.testng.TestNG.runSuites(TestNG.java:1099)
	at org.testng.TestNG.run(TestNG.java:1067)
	at org.apache.maven.surefire.testng.TestNGExecutor.run(TestNGExecutor.java:283)
	at org.apache.maven.surefire.testng.TestNGXmlTestSuite.execute(TestNGXmlTestSuite.java:75)
	at org.apache.maven.surefire.testng.TestNGProvider.invoke(TestNGProvider.java:120)
	at org.apache.maven.surefire.booter.ForkedBooter.invokeProviderInSameClassLoader(ForkedBooter.java:384)
	at org.apache.maven.surefire.booter.ForkedBooter.runSuitesInProcess(ForkedBooter.java:345)
	at org.apache.maven.surefire.booter.ForkedBooter.execute(ForkedBooter.java:126)
	at org.apache.maven.surefire.booter.ForkedBooter.main(ForkedBooter.java:418)
</pre></div></td>
<td>0</td>
<td>com.selenium.PosHourlyReport@16d04d3d</td></tr>
<tr>
<td title='com.selenium.PosHourlyReport.validateTwoWDateFormat()'><b>validateTwoWDateFormat</b><br>Test class: com.selenium.PosHourlyReport</td>
<td><div><pre>java.text.ParseException: Unparseable date: &quot;2024-03-13&quot;
	at java.base/java.text.DateFormat.parse(DateFormat.java:399)
	at com.selenium.PosHourlyReport.validateTwoWDateFormat(PosHourlyReport.java:521)
	at java.base/java.util.ArrayList.forEach(ArrayList.java:1511)
... Removed 29 stack frames</pre></div><a href='#' onClick='toggleBox("stack-trace1327145660", this, "Click to show all stack frames", "Click to hide stack frames")'>Click to show all stack frames</a>
<div class='stack-trace' id='stack-trace1327145660'><pre>java.text.ParseException: Unparseable date: &quot;2024-03-13&quot;
	at java.base/java.text.DateFormat.parse(DateFormat.java:399)
	at com.selenium.PosHourlyReport.validateTwoWDateFormat(PosHourlyReport.java:521)
	at java.base/jdk.internal.reflect.DirectMethodHandleAccessor.invoke(DirectMethodHandleAccessor.java:104)
	at java.base/java.lang.reflect.Method.invoke(Method.java:577)
	at org.testng.internal.invokers.MethodInvocationHelper.invokeMethod(MethodInvocationHelper.java:139)
	at org.testng.internal.invokers.TestInvoker.invokeMethod(TestInvoker.java:677)
	at org.testng.internal.invokers.TestInvoker.invokeTestMethod(TestInvoker.java:221)
	at org.testng.internal.invokers.MethodRunner.runInSequence(MethodRunner.java:50)
	at org.testng.internal.invokers.TestInvoker$MethodInvocationAgent.invoke(TestInvoker.java:969)
	at org.testng.internal.invokers.TestInvoker.invokeTestMethods(TestInvoker.java:194)
	at org.testng.internal.invokers.TestMethodWorker.invokeTestMethods(TestMethodWorker.java:148)
	at org.testng.internal.invokers.TestMethodWorker.run(TestMethodWorker.java:128)
	at java.base/java.util.ArrayList.forEach(ArrayList.java:1511)
	at org.testng.TestRunner.privateRun(TestRunner.java:829)
	at org.testng.TestRunner.run(TestRunner.java:602)
	at org.testng.SuiteRunner.runTest(SuiteRunner.java:437)
	at org.testng.SuiteRunner.runSequentially(SuiteRunner.java:431)
	at org.testng.SuiteRunner.privateRun(SuiteRunner.java:391)
	at org.testng.SuiteRunner.run(SuiteRunner.java:330)
	at org.testng.SuiteRunnerWorker.runSuite(SuiteRunnerWorker.java:52)
	at org.testng.SuiteRunnerWorker.run(SuiteRunnerWorker.java:95)
	at org.testng.TestNG.runSuitesSequentially(TestNG.java:1256)
	at org.testng.TestNG.runSuitesLocally(TestNG.java:1176)
	at org.testng.TestNG.runSuites(TestNG.java:1099)
	at org.testng.TestNG.run(TestNG.java:1067)
	at org.apache.maven.surefire.testng.TestNGExecutor.run(TestNGExecutor.java:283)
	at org.apache.maven.surefire.testng.TestNGXmlTestSuite.execute(TestNGXmlTestSuite.java:75)
	at org.apache.maven.surefire.testng.TestNGProvider.invoke(TestNGProvider.java:120)
	at org.apache.maven.surefire.booter.ForkedBooter.invokeProviderInSameClassLoader(ForkedBooter.java:384)
	at org.apache.maven.surefire.booter.ForkedBooter.runSuitesInProcess(ForkedBooter.java:345)
	at org.apache.maven.surefire.booter.ForkedBooter.execute(ForkedBooter.java:126)
	at org.apache.maven.surefire.booter.ForkedBooter.main(ForkedBooter.java:418)
</pre></div></td>
<td>0</td>
<td>com.selenium.PosHourlyReport@16d04d3d</td></tr>
</table><p>
<table width='100%' border='1' class='invocation-passed'>
<tr><td colspan='4' align='center'><b>PASSED TESTS</b></td></tr>
<tr><td><b>Test method</b></td>
<td><b>Attribute(s)</b></td>
<td width="30%"><b>Exception</b></td>
<td width="10%"><b>Time (seconds)</b></td>
<td><b>Instance</b></td>
</tr>
<tr>
<td title='com.selenium.PosHourlyReport.clickApplyDatesButton()'><b>clickApplyDatesButton</b><br>Test class: com.selenium.PosHourlyReport</td>
<td></td>
<td>3</td>
<td>com.selenium.PosHourlyReport@16d04d3d</td></tr>
<tr>
<td title='com.selenium.PosHourlyReport.hourlyReportCount()'><b>hourlyReportCount</b><br>Test class: com.selenium.PosHourlyReport</td>
<td></td>
<td>4</td>
<td>com.selenium.PosHourlyReport@16d04d3d</td></tr>
<tr>
<td title='com.selenium.PosHourlyReport.searchFourWTimeRange()'><b>searchFourWTimeRange</b><br>Test class: com.selenium.PosHourlyReport</td>
<td></td>
<td>11</td>
<td>com.selenium.PosHourlyReport@16d04d3d</td></tr>
<tr>
<td title='com.selenium.PosHourlyReport.validateAmountsFourW()'><b>validateAmountsFourW</b><br>Test class: com.selenium.PosHourlyReport</td>
<td></td>
<td>0</td>
<td>com.selenium.PosHourlyReport@16d04d3d</td></tr>
<tr>
<td title='com.selenium.PosHourlyReport.selectEndMinutes()'><b>selectEndMinutes</b><br>Test class: com.selenium.PosHourlyReport</td>
<td></td>
<td>2</td>
<td>com.selenium.PosHourlyReport@16d04d3d</td></tr>
<tr>
<td title='com.selenium.PosHourlyReport.submitHourlyReportFourW()'><b>submitHourlyReportFourW</b><br>Test class: com.selenium.PosHourlyReport</td>
<td></td>
<td>3</td>
<td>com.selenium.PosHourlyReport@16d04d3d</td></tr>
<tr>
<td title='com.selenium.PosHourlyReport.selectStartMinutes()'><b>selectStartMinutes</b><br>Test class: com.selenium.PosHourlyReport</td>
<td></td>
<td>5</td>
<td>com.selenium.PosHourlyReport@16d04d3d</td></tr>
<tr>
<td title='com.selenium.PosHourlyReport.selectEndHourPM()'><b>selectEndHourPM</b><br>Test class: com.selenium.PosHourlyReport</td>
<td></td>
<td>2</td>
<td>com.selenium.PosHourlyReport@16d04d3d</td></tr>
<tr>
<td title='com.selenium.PosHourlyReport.submitHourlyReportTwoW()'><b>submitHourlyReportTwoW</b><br>Test class: com.selenium.PosHourlyReport</td>
<td></td>
<td>3</td>
<td>com.selenium.PosHourlyReport@16d04d3d</td></tr>
<tr>
<td title='com.selenium.PosHourlyReport.posHourlyReportFourWTable()'><b>posHourlyReportFourWTable</b><br>Test class: com.selenium.PosHourlyReport</td>
<td></td>
<td>0</td>
<td>com.selenium.PosHourlyReport@16d04d3d</td></tr>
<tr>
<td title='com.selenium.PosHourlyReport.selectStartHourAM()'><b>selectStartHourAM</b><br>Test class: com.selenium.PosHourlyReport</td>
<td></td>
<td>2</td>
<td>com.selenium.PosHourlyReport@16d04d3d</td></tr>
<tr>
<td title='com.selenium.PosHourlyReport.selectEndDate()'><b>selectEndDate</b><br>Test class: com.selenium.PosHourlyReport</td>
<td></td>
<td>5</td>
<td>com.selenium.PosHourlyReport@16d04d3d</td></tr>
<tr>
<td title='com.selenium.PosHourlyReport.downloadPosHourlyTwoWPDF()'><b>downloadPosHourlyTwoWPDF</b><br>Test class: com.selenium.PosHourlyReport</td>
<td></td>
<td>3</td>
<td>com.selenium.PosHourlyReport@16d04d3d</td></tr>
<tr>
<td title='com.selenium.PosHourlyReport.redirectPosHourlyReportPage()'><b>redirectPosHourlyReportPage</b><br>Test class: com.selenium.PosHourlyReport</td>
<td></td>
<td>7</td>
<td>com.selenium.PosHourlyReport@16d04d3d</td></tr>
<tr>
<td title='com.selenium.PosHourlyReport.searchTwoWTimeRange()'><b>searchTwoWTimeRange</b><br>Test class: com.selenium.PosHourlyReport</td>
<td></td>
<td>11</td>
<td>com.selenium.PosHourlyReport@16d04d3d</td></tr>
<tr>
<td title='com.selenium.PosHourlyReport.selectDateRange()'><b>selectDateRange</b><br>Test class: com.selenium.PosHourlyReport</td>
<td></td>
<td>5</td>
<td>com.selenium.PosHourlyReport@16d04d3d</td></tr>
<tr>
<td title='com.selenium.PosHourlyReport.downloadPosHourlyFourWPDF()'><b>downloadPosHourlyFourWPDF</b><br>Test class: com.selenium.PosHourlyReport</td>
<td></td>
<td>3</td>
<td>com.selenium.PosHourlyReport@16d04d3d</td></tr>
<tr>
<td title='com.selenium.PosHourlyReport.hourlyReportVehicleTypeFourW()'><b>hourlyReportVehicleTypeFourW</b><br>Test class: com.selenium.PosHourlyReport</td>
<td></td>
<td>2</td>
<td>com.selenium.PosHourlyReport@16d04d3d</td></tr>
<tr>
<td title='com.selenium.PosHourlyReport.downloadPosHourlyTwoWCSV()'><b>downloadPosHourlyTwoWCSV</b><br>Test class: com.selenium.PosHourlyReport</td>
<td></td>
<td>4</td>
<td>com.selenium.PosHourlyReport@16d04d3d</td></tr>
<tr>
<td title='com.selenium.PosHourlyReport.hourlyReportVehicleType()'><b>hourlyReportVehicleType</b><br>Test class: com.selenium.PosHourlyReport</td>
<td></td>
<td>2</td>
<td>com.selenium.PosHourlyReport@16d04d3d</td></tr>
<tr>
<td title='com.selenium.PosHourlyReport.selectStartDate()'><b>selectStartDate</b><br>Test class: com.selenium.PosHourlyReport</td>
<td></td>
<td>7</td>
<td>com.selenium.PosHourlyReport@16d04d3d</td></tr>
<tr>
<td title='com.selenium.PosHourlyReport.login()'><b>login</b><br>Test class: com.selenium.PosHourlyReport</td>
<td></td>
<td>4</td>
<td>com.selenium.PosHourlyReport@16d04d3d</td></tr>
<tr>
<td title='com.selenium.PosHourlyReport.revenueDashboardOpen()'><b>revenueDashboardOpen</b><br>Test class: com.selenium.PosHourlyReport</td>
<td></td>
<td>5</td>
<td>com.selenium.PosHourlyReport@16d04d3d</td></tr>
<tr>
<td title='com.selenium.PosHourlyReport.selectStartHour()'><b>selectStartHour</b><br>Test class: com.selenium.PosHourlyReport</td>
<td></td>
<td>5</td>
<td>com.selenium.PosHourlyReport@16d04d3d</td></tr>
<tr>
<td title='com.selenium.PosHourlyReport.selectSite()'><b>selectSite</b><br>Test class: com.selenium.PosHourlyReport</td>
<td></td>
<td>6</td>
<td>com.selenium.PosHourlyReport@16d04d3d</td></tr>
<tr>
<td title='com.selenium.PosHourlyReport.logout()'><b>logout</b><br>Test class: com.selenium.PosHourlyReport</td>
<td></td>
<td>5</td>
<td>com.selenium.PosHourlyReport@16d04d3d</td></tr>
<tr>
<td title='com.selenium.PosHourlyReport.selectEndHour()'><b>selectEndHour</b><br>Test class: com.selenium.PosHourlyReport</td>
<td></td>
<td>2</td>
<td>com.selenium.PosHourlyReport@16d04d3d</td></tr>
<tr>
<td title='com.selenium.PosHourlyReport.validateAmountsTwoW()'><b>validateAmountsTwoW</b><br>Test class: com.selenium.PosHourlyReport</td>
<td></td>
<td>0</td>
<td>com.selenium.PosHourlyReport@16d04d3d</td></tr>
<tr>
<td title='com.selenium.PosHourlyReport.downloadPosHourlyFourWCSV()'><b>downloadPosHourlyFourWCSV</b><br>Test class: com.selenium.PosHourlyReport</td>
<td></td>
<td>4</td>
<td>com.selenium.PosHourlyReport@16d04d3d</td></tr>
<tr>
<td title='com.selenium.PosHourlyReport.selectPOSNumber()'><b>selectPOSNumber</b><br>Test class: com.selenium.PosHourlyReport</td>
<td></td>
<td>6</td>
<td>com.selenium.PosHourlyReport@16d04d3d</td></tr>
<tr>
<td title='com.selenium.PosHourlyReport.posHourlyReportTwoWTable()'><b>posHourlyReportTwoWTable</b><br>Test class: com.selenium.PosHourlyReport</td>
<td></td>
<td>0</td>
<td>com.selenium.PosHourlyReport@16d04d3d</td></tr>
</table><p>
</body>
</html>