<?xml version="1.0" encoding="UTF-8"?>
<!-- Generated by org.testng.reporters.JUnitXMLReporter -->
<testsuite ignored="0" hostname="iramtech-Vostro-3470" failures="2" tests="40" name="Roles" time="106.755" errors="0" timestamp="2024-04-04T13:42:34 IST">
  <testcase classname="com.selenium.Roles" name="login" time="4.022"/>
  <testcase classname="com.selenium.Roles" name="revenueDashboard" time="5.088"/>
  <testcase classname="com.selenium.Roles" name="userMgmtPage" time="3.322"/>
  <testcase classname="com.selenium.Roles" name="clickAddRoleBtn" time="5.221"/>
  <testcase classname="com.selenium.Roles" name="selectAdminRole" time="0.301"/>
  <testcase classname="com.selenium.Roles" name="verifyAutoFillForAdminRole" time="3.126">
    <failure type="java.lang.AssertionError" message="expected [Auto-Filled-Value-For-AccessType] but found [Write]">
      <![CDATA[java.lang.AssertionError: expected [Auto-Filled-Value-For-AccessType] but found [Write]
at com.selenium.Roles.verifyAutoFillForAdminRole(Roles.java:130)
at java.base/java.util.ArrayList.forEach(ArrayList.java:1511)
... Removed 34 stack frames]]>
    </failure>
  </testcase> <!-- verifyAutoFillForAdminRole -->
  <testcase classname="com.selenium.Roles" name="clickSaveButton" time="0.214"/>
  <testcase classname="com.selenium.Roles" name="extractPopupText" time="2.052"/>
  <testcase classname="com.selenium.Roles" name="statusOK" time="2.212"/>
  <testcase classname="com.selenium.Roles" name="addRolesPopUpClose" time="2.234"/>
  <testcase classname="com.selenium.Roles" name="verifyAdminActions" time="0.069"/>
  <testcase classname="com.selenium.Roles" name="clickCSVButton" time="3.234"/>
  <testcase classname="com.selenium.Roles" name="clickPDFButton" time="3.349"/>
  <testcase classname="com.selenium.Roles" name="performManagerRoleEdit" time="4.242"/>
  <testcase classname="com.selenium.Roles" name="selectAccessTypeRead" time="0.011"/>
  <testcase classname="com.selenium.Roles" name="getEditRoleDetails" time="3.098"/>
  <testcase classname="com.selenium.Roles" name="checkUpdateButton" time="3.261"/>
  <testcase classname="com.selenium.Roles" name="updateUser" time="2.055"/>
  <testcase classname="com.selenium.Roles" name="updateStatusOK" time="2.236"/>
  <testcase classname="com.selenium.Roles" name="performManagerRoleDelete" time="5.249"/>
  <testcase classname="com.selenium.Roles" name="confirmDeleteAction" time="0.247"/>
  <testcase classname="com.selenium.Roles" name="verifyManagerRoleDeletion" time="0.037"/>
  <testcase classname="com.selenium.Roles" name="tableNextPage" time="6.458"/>
  <testcase classname="com.selenium.Roles" name="clickAddRoleBtnTwice" time="5.221"/>
  <testcase classname="com.selenium.Roles" name="verifyAutoFillForAttenderRole" time="3.328">
    <failure type="java.lang.AssertionError" message="expected [Auto-Filled-Value-For-AccessType] but found [Read]">
      <![CDATA[java.lang.AssertionError: expected [Auto-Filled-Value-For-AccessType] but found [Read]
at com.selenium.Roles.verifyAutoFillForAttenderRole(Roles.java:496)
at java.base/java.util.ArrayList.forEach(ArrayList.java:1511)
... Removed 34 stack frames]]>
    </failure>
  </testcase> <!-- verifyAutoFillForAttenderRole -->
  <testcase classname="com.selenium.Roles" name="clickSaveButtonTwice" time="0.211"/>
  <testcase classname="com.selenium.Roles" name="extractPopupTextTwice" time="2.068"/>
  <testcase classname="com.selenium.Roles" name="statusOKTwice" time="2.22"/>
  <testcase classname="com.selenium.Roles" name="addRolesPopUpCloseTwice" time="2.246"/>
  <testcase classname="com.selenium.Roles" name="performAttenderRoleEdit" time="4.302"/>
  <testcase classname="com.selenium.Roles" name="selectAccessTypeAttenderRead" time="0.01"/>
  <testcase classname="com.selenium.Roles" name="getEditAttenderRoleDetails" time="3.089"/>
  <testcase classname="com.selenium.Roles" name="checkAttenderUpdateButton" time="3.267"/>
  <testcase classname="com.selenium.Roles" name="updateUserTwice" time="2.06"/>
  <testcase classname="com.selenium.Roles" name="updateStatusOKTwice" time="2.223"/>
  <testcase classname="com.selenium.Roles" name="performAttenderRoleDelete" time="5.239"/>
  <testcase classname="com.selenium.Roles" name="confirmAttenderDeleteAction" time="0.254"/>
  <testcase classname="com.selenium.Roles" name="verifyAttenderRoleDeletion" time="0.038"/>
  <testcase classname="com.selenium.Roles" name="searchUserRole" time="5.061"/>
  <testcase classname="com.selenium.Roles" name="logout" time="2.285"/>
</testsuite> <!-- Roles -->
