<?xml version="1.0" encoding="UTF-8"?>
<!-- Generated by org.testng.reporters.JUnitXMLReporter -->
<testsuite ignored="0" hostname="iramtech-Vostro-3470" failures="1" tests="50" name="AlarmsNotifications" time="130.981" errors="0" timestamp="2024-02-01T14:52:54 IST">
  <testcase classname="com.selenium.AlarmsNotifications" name="login" time="6.58"/>
  <testcase classname="com.selenium.AlarmsNotifications" name="revenueDashboardOpen" time="5.288"/>
  <testcase classname="com.selenium.AlarmsNotifications" name="alarmsNotificationsPage" time="2.103"/>
  <testcase classname="com.selenium.AlarmsNotifications" name="clickManualAlert" time="5.017"/>
  <testcase classname="com.selenium.AlarmsNotifications" name="createManualTask" time="2.01"/>
  <testcase classname="com.selenium.AlarmsNotifications" name="createMsgSelectSite" time="0.007"/>
  <testcase classname="com.selenium.AlarmsNotifications" name="selectManualServiceUser" time="3.011"/>
  <testcase classname="com.selenium.AlarmsNotifications" name="selectAlertType" time="0.003"/>
  <testcase classname="com.selenium.AlarmsNotifications" name="alertDescription" time="0.003"/>
  <testcase classname="com.selenium.AlarmsNotifications" name="manualTaskSubmit" time="2.005"/>
  <testcase classname="com.selenium.AlarmsNotifications" name="manualTaskAlertStatus" time="3.007"/>
  <testcase classname="com.selenium.AlarmsNotifications" name="clickManualAlertOKButton" time="0.007"/>
  <testcase classname="com.selenium.AlarmsNotifications" name="manualTaskCsv" time="5.047"/>
  <testcase classname="com.selenium.AlarmsNotifications" name="manualTaskPdf" time="3.004"/>
  <testcase classname="com.selenium.AlarmsNotifications" name="clickOverTime" time="5.006"/>
  <testcase classname="com.selenium.AlarmsNotifications" name="selectSiteOverTimeVehicle" time="0.005"/>
  <testcase classname="com.selenium.AlarmsNotifications" name="downloadOTCSVFiles" time="0.006"/>
  <testcase classname="com.selenium.AlarmsNotifications" name="downloadOTPDFFiles" time="3.006"/>
  <testcase classname="com.selenium.AlarmsNotifications" name="selectOTFourWheeler" time="3.007"/>
  <testcase classname="com.selenium.AlarmsNotifications" name="selectOTTwoWheeler" time="0.006"/>
  <testcase classname="com.selenium.AlarmsNotifications" name="clickTransactionAlert" time="2.005"/>
  <testcase classname="com.selenium.AlarmsNotifications" name="trasnactionCsv" time="5.065"/>
  <testcase classname="com.selenium.AlarmsNotifications" name="transactionPdf" time="0.007"/>
  <testcase classname="com.selenium.AlarmsNotifications" name="clickPOSAlert" time="2.005"/>
  <testcase classname="com.selenium.AlarmsNotifications" name="posAlertsDatesEnabled" time="3.042"/>
  <testcase classname="com.selenium.AlarmsNotifications" name="posCsv" time="5.067"/>
  <testcase classname="com.selenium.AlarmsNotifications" name="posPdf" time="3.006"/>
  <testcase classname="com.selenium.AlarmsNotifications" name="clickDeviceAlert" time="5.003"/>
  <testcase classname="com.selenium.AlarmsNotifications" name="devcieAlertsCsv" time="5.073"/>
  <testcase classname="com.selenium.AlarmsNotifications" name="deviceAlertsPdf" time="3.009"/>
  <testcase classname="com.selenium.AlarmsNotifications" name="deviceAlertsNextPage" time="3.007"/>
  <testcase classname="com.selenium.AlarmsNotifications" name="editTaskDeviceAlerts" time="2.008"/>
  <testcase classname="com.selenium.AlarmsNotifications" name="selectServiceUser" time="5.057"/>
  <testcase classname="com.selenium.AlarmsNotifications" name="taskSubmitBtn" time="2.003"/>
  <testcase classname="com.selenium.AlarmsNotifications" name="taskAlertStatus" time="3.006"/>
  <testcase classname="com.selenium.AlarmsNotifications" name="clickSweetAlertOKButton" time="0.006"/>
  <testcase classname="com.selenium.AlarmsNotifications" name="taskPopUPClose" time="3.018"/>
  <testcase classname="com.selenium.AlarmsNotifications" name="clickTaskViewButton" time="3.003"/>
  <testcase classname="com.selenium.AlarmsNotifications" name="viewTaskCsv" time="2.003"/>
  <testcase classname="com.selenium.AlarmsNotifications" name="viewTaskPdf" time="3.006"/>
  <testcase classname="com.selenium.AlarmsNotifications" name="logAlertDetails" time="0.247"/>
  <testcase classname="com.selenium.AlarmsNotifications" name="clickCompleteStatusButton" time="3.006"/>
  <testcase classname="com.selenium.AlarmsNotifications" name="completedStatusSweetAlert" time="3.005"/>
  <testcase classname="com.selenium.AlarmsNotifications" name="clickCompleteSweetAlertOKButton" time="0.006"/>
  <testcase classname="com.selenium.AlarmsNotifications" name="deviceDetailsPopUPClose" time="4.006"/>
  <testcase classname="com.selenium.AlarmsNotifications" name="unAssignAlert" time="2.002"/>
  <testcase classname="com.selenium.AlarmsNotifications" name="unAssignAlertStatus" time="3.006"/>
  <testcase classname="com.selenium.AlarmsNotifications" name="unAssignSweetAlertOKButton" time="0.006"/>
  <testcase classname="com.selenium.AlarmsNotifications" name="validateActionStatus" time="0.005">
    <failure type="org.openqa.selenium.NoSuchElementException" message="Unable to locate element: #alertsPageDeviceAlertTable
For documentation on this error, please visit: https://www.selenium.dev/documentation/webdriver/troubleshooting/errors#no-such-element-exception
Build info: version: &amp;apos;4.10.0&amp;apos;, revision: &amp;apos;c14d967899&amp;apos;
System info: os.name: &amp;apos;Linux&amp;apos;, os.arch: &amp;apos;amd64&amp;apos;, os.version: &amp;apos;6.2.0-39-generic&amp;apos;, java.version: &amp;apos;18.0.2-ea&amp;apos;
Driver info: org.openqa.selenium.firefox.FirefoxDriver
Command: [a4b072d7-04d6-4593-9244-25383160ea4c, findElement {using=id, value=alertsPageDeviceAlertTable}]
Capabilities {acceptInsecureCerts: true, browserName: firefox, browserVersion: 121.0, moz:accessibilityChecks: false, moz:buildID: 20231220184444, moz:debuggerAddress: 127.0.0.1:18201, moz:geckodriverVersion: 0.33.0, moz:headless: false, moz:platformVersion: 6.2.0-39-generic, moz:processID: 1209640, moz:profile: /tmp/rust_mozprofilejuL0Sc, moz:shutdownTimeout: 60000, moz:webdriverClick: true, moz:windowless: false, pageLoadStrategy: normal, platformName: linux, proxy: Proxy(), se:cdp: ws://127.0.0.1:18201/devtoo..., se:cdpVersion: 85.0, setWindowRect: true, strictFileInteractability: false, timeouts: {implicit: 0, pageLoad: 300000, script: 30000}, unhandledPromptBehavior: dismiss and notify}
Session ID: a4b072d7-04d6-4593-9244-25383160ea4c">
      <![CDATA[org.openqa.selenium.NoSuchElementException: Unable to locate element: #alertsPageDeviceAlertTable
For documentation on this error, please visit: https://www.selenium.dev/documentation/webdriver/troubleshooting/errors#no-such-element-exception
Build info: version: '4.10.0', revision: 'c14d967899'
System info: os.name: 'Linux', os.arch: 'amd64', os.version: '6.2.0-39-generic', java.version: '18.0.2-ea'
Driver info: org.openqa.selenium.firefox.FirefoxDriver
Command: [a4b072d7-04d6-4593-9244-25383160ea4c, findElement {using=id, value=alertsPageDeviceAlertTable}]
Capabilities {acceptInsecureCerts: true, browserName: firefox, browserVersion: 121.0, moz:accessibilityChecks: false, moz:buildID: 20231220184444, moz:debuggerAddress: 127.0.0.1:18201, moz:geckodriverVersion: 0.33.0, moz:headless: false, moz:platformVersion: 6.2.0-39-generic, moz:processID: 1209640, moz:profile: /tmp/rust_mozprofilejuL0Sc, moz:shutdownTimeout: 60000, moz:webdriverClick: true, moz:windowless: false, pageLoadStrategy: normal, platformName: linux, proxy: Proxy(), se:cdp: ws://127.0.0.1:18201/devtoo..., se:cdpVersion: 85.0, setWindowRect: true, strictFileInteractability: false, timeouts: {implicit: 0, pageLoad: 300000, script: 30000}, unhandledPromptBehavior: dismiss and notify}
Session ID: a4b072d7-04d6-4593-9244-25383160ea4c
at org.openqa.selenium.remote.codec.w3c.W3CHttpResponseCodec.createException(W3CHttpResponseCodec.java:199)
at org.openqa.selenium.remote.codec.w3c.W3CHttpResponseCodec.decode(W3CHttpResponseCodec.java:132)
at org.openqa.selenium.remote.codec.w3c.W3CHttpResponseCodec.decode(W3CHttpResponseCodec.java:51)
at org.openqa.selenium.remote.HttpCommandExecutor.execute(HttpCommandExecutor.java:191)
at org.openqa.selenium.remote.service.DriverCommandExecutor.invokeExecute(DriverCommandExecutor.java:196)
at org.openqa.selenium.remote.service.DriverCommandExecutor.execute(DriverCommandExecutor.java:171)
at org.openqa.selenium.remote.RemoteWebDriver.execute(RemoteWebDriver.java:531)
at org.openqa.selenium.remote.ElementLocation$ElementFinder$2.findElement(ElementLocation.java:165)
at org.openqa.selenium.remote.ElementLocation.findElement(ElementLocation.java:59)
at org.openqa.selenium.remote.RemoteWebDriver.findElement(RemoteWebDriver.java:350)
at org.openqa.selenium.remote.RemoteWebDriver.findElement(RemoteWebDriver.java:344)
at com.selenium.AlarmsNotifications.validateActionStatus(AlarmsNotifications.java:962)
at java.base/java.util.ArrayList.forEach(ArrayList.java:1511)
... Removed 32 stack frames]]>
    </failure>
  </testcase> <!-- validateActionStatus -->
  <testcase classname="com.selenium.AlarmsNotifications" name="logout" time="5.24"/>
</testsuite> <!-- AlarmsNotifications -->
