<?xml version="1.0" encoding="UTF-8"?>
<!-- Generated by org.testng.reporters.JUnitReportReporter -->
<testsuite hostname="iramtech-Vostro-3470" failures="0" tests="30" name="com.selenium.POSHourlyReport" time="0.484" errors="1" timestamp="2024-03-22T18:03:19 IST" skipped="29">
  <testcase classname="com.selenium.POSHourlyReport" name="setUp" time="0.484">
    <error message="Could not start a new session. Possible causes are invalid address of the remote server or browser start-up failure. 
Host info: host: &#039;iramtech-Vostro-3470&#039;, ip: &#039;127.0.1.1&#039;" type="org.openqa.selenium.SessionNotCreatedException">
      <![CDATA[org.openqa.selenium.SessionNotCreatedException: Could not start a new session. Possible causes are invalid address of the remote server or browser start-up failure. 
Host info: host: 'iramtech-Vostro-3470', ip: '127.0.1.1'
at org.openqa.selenium.remote.RemoteWebDriver.execute(RemoteWebDriver.java:549)
at org.openqa.selenium.remote.RemoteWebDriver.startSession(RemoteWebDriver.java:227)
at org.openqa.selenium.remote.RemoteWebDriver.<init>(RemoteWebDriver.java:154)
at org.openqa.selenium.chromium.ChromiumDriver.<init>(ChromiumDriver.java:107)
at org.openqa.selenium.chrome.ChromeDriver.<init>(ChromeDriver.java:87)
at org.openqa.selenium.chrome.ChromeDriver.<init>(ChromeDriver.java:82)
at org.openqa.selenium.chrome.ChromeDriver.<init>(ChromeDriver.java:50)
at com.selenium.POSHourlyReport.setUp(POSHourlyReport.java:47)
at java.base/jdk.internal.reflect.DirectMethodHandleAccessor.invoke(DirectMethodHandleAccessor.java:104)
at java.base/java.lang.reflect.Method.invoke(Method.java:577)
at org.testng.internal.invokers.MethodInvocationHelper.invokeMethod(MethodInvocationHelper.java:139)
at org.testng.internal.invokers.MethodInvocationHelper.invokeMethodConsideringTimeout(MethodInvocationHelper.java:69)
at org.testng.internal.invokers.ConfigInvoker.invokeConfigurationMethod(ConfigInvoker.java:361)
at org.testng.internal.invokers.ConfigInvoker.invokeConfigurations(ConfigInvoker.java:296)
at org.testng.internal.invokers.TestMethodWorker.invokeBeforeClassMethods(TestMethodWorker.java:180)
at org.testng.internal.invokers.TestMethodWorker.run(TestMethodWorker.java:122)
at java.base/java.util.ArrayList.forEach(ArrayList.java:1511)
at org.testng.TestRunner.privateRun(TestRunner.java:829)
at org.testng.TestRunner.run(TestRunner.java:602)
at org.testng.SuiteRunner.runTest(SuiteRunner.java:437)
at org.testng.SuiteRunner.runSequentially(SuiteRunner.java:431)
at org.testng.SuiteRunner.privateRun(SuiteRunner.java:391)
at org.testng.SuiteRunner.run(SuiteRunner.java:330)
at org.testng.SuiteRunnerWorker.runSuite(SuiteRunnerWorker.java:52)
at org.testng.SuiteRunnerWorker.run(SuiteRunnerWorker.java:95)
at org.testng.TestNG.runSuitesSequentially(TestNG.java:1256)
at org.testng.TestNG.runSuitesLocally(TestNG.java:1176)
at org.testng.TestNG.runSuites(TestNG.java:1099)
at org.testng.TestNG.run(TestNG.java:1067)
at org.apache.maven.surefire.testng.TestNGExecutor.run(TestNGExecutor.java:135)
at org.apache.maven.surefire.testng.TestNGDirectoryTestSuite.executeSingleClass(TestNGDirectoryTestSuite.java:112)
at org.apache.maven.surefire.testng.TestNGDirectoryTestSuite.execute(TestNGDirectoryTestSuite.java:99)
at org.apache.maven.surefire.testng.TestNGProvider.invoke(TestNGProvider.java:146)
at org.apache.maven.surefire.booter.ForkedBooter.invokeProviderInSameClassLoader(ForkedBooter.java:384)
at org.apache.maven.surefire.booter.ForkedBooter.runSuitesInProcess(ForkedBooter.java:345)
at org.apache.maven.surefire.booter.ForkedBooter.execute(ForkedBooter.java:126)
at org.apache.maven.surefire.booter.ForkedBooter.main(ForkedBooter.java:418)
Caused by: org.openqa.selenium.WebDriverException: Driver server process died prematurely.
Build info: version: '4.10.0', revision: 'c14d967899'
System info: os.name: 'Linux', os.arch: 'amd64', os.version: '6.2.0-39-generic', java.version: '18.0.2-ea'
Driver info: driver.version: ChromeDriver
at org.openqa.selenium.remote.service.DriverService.start(DriverService.java:249)
at org.openqa.selenium.remote.service.DriverCommandExecutor.execute(DriverCommandExecutor.java:119)
at org.openqa.selenium.remote.RemoteWebDriver.execute(RemoteWebDriver.java:531)
... 36 more
]]>
    </error>
  </testcase> <!-- setUp -->
  <system-out/>
  <testcase classname="com.selenium.POSHourlyReport" name="login" time="0.000">
    <skipped/>
  </testcase> <!-- login -->
  <system-out/>
  <testcase classname="com.selenium.POSHourlyReport" name="revenueDashboardOpen" time="0.000">
    <skipped/>
  </testcase> <!-- revenueDashboardOpen -->
  <system-out/>
  <testcase classname="com.selenium.POSHourlyReport" name="redirectPosHourlyReportPage" time="0.000">
    <skipped/>
  </testcase> <!-- redirectPosHourlyReportPage -->
  <system-out/>
  <testcase classname="com.selenium.POSHourlyReport" name="selectSite" time="0.000">
    <skipped/>
  </testcase> <!-- selectSite -->
  <system-out/>
  <testcase classname="com.selenium.POSHourlyReport" name="selectPOSNumber" time="0.000">
    <skipped/>
  </testcase> <!-- selectPOSNumber -->
  <system-out/>
  <testcase classname="com.selenium.POSHourlyReport" name="hourlyReportVehicleType" time="0.000">
    <skipped/>
  </testcase> <!-- hourlyReportVehicleType -->
  <system-out/>
  <testcase classname="com.selenium.POSHourlyReport" name="selectDateRange" time="0.000">
    <skipped/>
  </testcase> <!-- selectDateRange -->
  <system-out/>
  <testcase classname="com.selenium.POSHourlyReport" name="selectStartDate" time="0.000">
    <skipped/>
  </testcase> <!-- selectStartDate -->
  <system-out/>
  <testcase classname="com.selenium.POSHourlyReport" name="selectEndDate" time="0.000">
    <skipped/>
  </testcase> <!-- selectEndDate -->
  <system-out/>
  <testcase classname="com.selenium.POSHourlyReport" name="selectStartHour" time="0.000">
    <skipped/>
  </testcase> <!-- selectStartHour -->
  <system-out/>
  <testcase classname="com.selenium.POSHourlyReport" name="selectStartMinutes" time="0.000">
    <skipped/>
  </testcase> <!-- selectStartMinutes -->
  <system-out/>
  <testcase classname="com.selenium.POSHourlyReport" name="selectStartHourAM" time="0.000">
    <skipped/>
  </testcase> <!-- selectStartHourAM -->
  <system-out/>
  <testcase classname="com.selenium.POSHourlyReport" name="selectEndHour" time="0.000">
    <skipped/>
  </testcase> <!-- selectEndHour -->
  <system-out/>
  <testcase classname="com.selenium.POSHourlyReport" name="selectEndMinutes" time="0.000">
    <skipped/>
  </testcase> <!-- selectEndMinutes -->
  <system-out/>
  <testcase classname="com.selenium.POSHourlyReport" name="selectEndHourPM" time="0.000">
    <skipped/>
  </testcase> <!-- selectEndHourPM -->
  <system-out/>
  <testcase classname="com.selenium.POSHourlyReport" name="clickApplyDatesButton" time="0.000">
    <skipped/>
  </testcase> <!-- clickApplyDatesButton -->
  <system-out/>
  <testcase classname="com.selenium.POSHourlyReport" name="submitHourlyReportTwoW" time="0.000">
    <skipped/>
  </testcase> <!-- submitHourlyReportTwoW -->
  <system-out/>
  <testcase classname="com.selenium.POSHourlyReport" name="downloadPosHourlyTwoWCSV" time="0.000">
    <skipped/>
  </testcase> <!-- downloadPosHourlyTwoWCSV -->
  <system-out/>
  <testcase classname="com.selenium.POSHourlyReport" name="downloadPosHourlyTwoWPDF" time="0.000">
    <skipped/>
  </testcase> <!-- downloadPosHourlyTwoWPDF -->
  <system-out/>
  <testcase classname="com.selenium.POSHourlyReport" name="searchTwoWTimeRange" time="0.000">
    <skipped/>
  </testcase> <!-- searchTwoWTimeRange -->
  <system-out/>
  <testcase classname="com.selenium.POSHourlyReport" name="hourlyReportCount" time="0.000">
    <skipped/>
  </testcase> <!-- hourlyReportCount -->
  <system-out/>
  <testcase classname="com.selenium.POSHourlyReport" name="validateTwoWDateFormat" time="0.000">
    <skipped/>
  </testcase> <!-- validateTwoWDateFormat -->
  <system-out/>
  <testcase classname="com.selenium.POSHourlyReport" name="validateAmountsTwoW" time="0.000">
    <skipped/>
  </testcase> <!-- validateAmountsTwoW -->
  <system-out/>
  <testcase classname="com.selenium.POSHourlyReport" name="hourlyReportVehicleTypeFourW" time="0.000">
    <skipped/>
  </testcase> <!-- hourlyReportVehicleTypeFourW -->
  <system-out/>
  <testcase classname="com.selenium.POSHourlyReport" name="submitHourlyReportFourW" time="0.000">
    <skipped/>
  </testcase> <!-- submitHourlyReportFourW -->
  <system-out/>
  <testcase classname="com.selenium.POSHourlyReport" name="downloadPosHourlyFourWCSV" time="0.000">
    <skipped/>
  </testcase> <!-- downloadPosHourlyFourWCSV -->
  <system-out/>
  <testcase classname="com.selenium.POSHourlyReport" name="downloadPosHourlyFourWPDF" time="0.000">
    <skipped/>
  </testcase> <!-- downloadPosHourlyFourWPDF -->
  <system-out/>
  <testcase classname="com.selenium.POSHourlyReport" name="searchFourWTimeRange" time="0.000">
    <skipped/>
  </testcase> <!-- searchFourWTimeRange -->
  <system-out/>
  <testcase classname="com.selenium.POSHourlyReport" name="logout" time="0.000">
    <skipped/>
  </testcase> <!-- logout -->
  <system-out/>
</testsuite> <!-- com.selenium.POSHourlyReport -->
