<?xml version="1.0" encoding="UTF-8"?>
<!-- Generated by org.testng.reporters.JUnitReportReporter -->
<testsuite hostname="iramtech-Vostro-3470" failures="0" tests="32" name="com.selenium.UserSiteAssign" time="101.806" errors="1" timestamp="2024-04-12T14:39:44 IST" skipped="0">
  <testcase classname="com.selenium.UserSiteAssign" name="login" time="3.914"/>
  <system-out/>
  <testcase classname="com.selenium.UserSiteAssign" name="revenueDashboard" time="5.127"/>
  <system-out/>
  <testcase classname="com.selenium.UserSiteAssign" name="userMgmtPage" time="6.355"/>
  <system-out/>
  <testcase classname="com.selenium.UserSiteAssign" name="selectManagerFromDropdown" time="3.294"/>
  <system-out/>
  <testcase classname="com.selenium.UserSiteAssign" name="selectManager3" time="3.484"/>
  <system-out/>
  <testcase classname="com.selenium.UserSiteAssign" name="managerCount" time="5.302"/>
  <system-out/>
  <testcase classname="com.selenium.UserSiteAssign" name="clickUnAssignButton" time="5.271"/>
  <system-out/>
  <testcase classname="com.selenium.UserSiteAssign" name="confirmManagerUnassignAction" time="0.238"/>
  <system-out/>
  <testcase classname="com.selenium.UserSiteAssign" name="extractPopupTextManager" time="3.065"/>
  <system-out/>
  <testcase classname="com.selenium.UserSiteAssign" name="statusOKManager" time="5.231"/>
  <system-out/>
  <testcase classname="com.selenium.UserSiteAssign" name="verifyTableAfterUnAssign" time="0.026"/>
  <system-out/>
  <testcase classname="com.selenium.UserSiteAssign" name="clickAssignSiteButton" time="0.238"/>
  <system-out/>
  <testcase classname="com.selenium.UserSiteAssign" name="selectSiteFromDropdown" time="3.264"/>
  <system-out/>
  <testcase classname="com.selenium.UserSiteAssign" name="selectSite" time="0.737">
    <error message="Element &lt;form id=&quot;assignSiteMngr&quot;&gt; is not reachable by keyboard
Build info: version: &#039;4.10.0&#039;, revision: &#039;c14d967899&#039;
System info: os.name: &#039;Linux&#039;, os.arch: &#039;amd64&#039;, os.version: &#039;6.2.0-39-generic&#039;, java.version: &#039;18.0.2-ea&#039;
Driver info: org.openqa.selenium.firefox.FirefoxDriver
Command: [ced97622-a3e3-4c3d-b7a6-f29b84405088, sendKeysToElement {id=33447ba2-0f02-48ff-a4f6-722893c54302, value=[Ljava.lang.CharSequence;@47ec7422}]
Capabilities {acceptInsecureCerts: true, browserName: firefox, browserVersion: 124.0.2, moz:accessibilityChecks: false, moz:buildID: 20240401184549, moz:debuggerAddress: 127.0.0.1:17506, moz:geckodriverVersion: 0.34.0, moz:headless: false, moz:platformVersion: 6.2.0-39-generic, moz:processID: 150752, moz:profile: /tmp/rust_mozprofilehJ7gz1, moz:shutdownTimeout: 60000, moz:webdriverClick: true, moz:windowless: false, pageLoadStrategy: normal, platformName: linux, proxy: Proxy(), se:cdp: ws://127.0.0.1:17506/devtoo..., se:cdpVersion: 85.0, setWindowRect: true, strictFileInteractability: false, timeouts: {implicit: 0, pageLoad: 300000, script: 30000}, unhandledPromptBehavior: dismiss and notify}
Element: [[FirefoxDriver: firefox on linux (ced97622-a3e3-4c3d-b7a6-f29b84405088)] -&gt; id: assignSiteMngr]
Session ID: ced97622-a3e3-4c3d-b7a6-f29b84405088" type="org.openqa.selenium.ElementNotInteractableException">
      <![CDATA[org.openqa.selenium.ElementNotInteractableException: Element <form id="assignSiteMngr"> is not reachable by keyboard
Build info: version: '4.10.0', revision: 'c14d967899'
System info: os.name: 'Linux', os.arch: 'amd64', os.version: '6.2.0-39-generic', java.version: '18.0.2-ea'
Driver info: org.openqa.selenium.firefox.FirefoxDriver
Command: [ced97622-a3e3-4c3d-b7a6-f29b84405088, sendKeysToElement {id=33447ba2-0f02-48ff-a4f6-722893c54302, value=[Ljava.lang.CharSequence;@47ec7422}]
Capabilities {acceptInsecureCerts: true, browserName: firefox, browserVersion: 124.0.2, moz:accessibilityChecks: false, moz:buildID: 20240401184549, moz:debuggerAddress: 127.0.0.1:17506, moz:geckodriverVersion: 0.34.0, moz:headless: false, moz:platformVersion: 6.2.0-39-generic, moz:processID: 150752, moz:profile: /tmp/rust_mozprofilehJ7gz1, moz:shutdownTimeout: 60000, moz:webdriverClick: true, moz:windowless: false, pageLoadStrategy: normal, platformName: linux, proxy: Proxy(), se:cdp: ws://127.0.0.1:17506/devtoo..., se:cdpVersion: 85.0, setWindowRect: true, strictFileInteractability: false, timeouts: {implicit: 0, pageLoad: 300000, script: 30000}, unhandledPromptBehavior: dismiss and notify}
Element: [[FirefoxDriver: firefox on linux (ced97622-a3e3-4c3d-b7a6-f29b84405088)] -> id: assignSiteMngr]
Session ID: ced97622-a3e3-4c3d-b7a6-f29b84405088
at java.base/jdk.internal.reflect.DirectConstructorHandleAccessor.newInstance(DirectConstructorHandleAccessor.java:67)
at java.base/java.lang.reflect.Constructor.newInstanceWithCaller(Constructor.java:499)
at java.base/java.lang.reflect.Constructor.newInstance(Constructor.java:483)
at org.openqa.selenium.remote.codec.w3c.W3CHttpResponseCodec.createException(W3CHttpResponseCodec.java:199)
at org.openqa.selenium.remote.codec.w3c.W3CHttpResponseCodec.decode(W3CHttpResponseCodec.java:132)
at org.openqa.selenium.remote.codec.w3c.W3CHttpResponseCodec.decode(W3CHttpResponseCodec.java:51)
at org.openqa.selenium.remote.HttpCommandExecutor.execute(HttpCommandExecutor.java:191)
at org.openqa.selenium.remote.service.DriverCommandExecutor.invokeExecute(DriverCommandExecutor.java:196)
at org.openqa.selenium.remote.service.DriverCommandExecutor.execute(DriverCommandExecutor.java:171)
at org.openqa.selenium.remote.RemoteWebDriver.execute(RemoteWebDriver.java:531)
at org.openqa.selenium.remote.RemoteWebElement.execute(RemoteWebElement.java:242)
at org.openqa.selenium.remote.RemoteWebElement.sendKeys(RemoteWebElement.java:111)
at com.selenium.UserSiteAssign.selectSite(UserSiteAssign.java:271)
at java.base/jdk.internal.reflect.DirectMethodHandleAccessor.invoke(DirectMethodHandleAccessor.java:104)
at java.base/java.lang.reflect.Method.invoke(Method.java:577)
at org.testng.internal.invokers.MethodInvocationHelper.invokeMethod(MethodInvocationHelper.java:139)
at org.testng.internal.invokers.TestInvoker.invokeMethod(TestInvoker.java:677)
at org.testng.internal.invokers.TestInvoker.invokeTestMethod(TestInvoker.java:221)
at org.testng.internal.invokers.MethodRunner.runInSequence(MethodRunner.java:50)
at org.testng.internal.invokers.TestInvoker$MethodInvocationAgent.invoke(TestInvoker.java:969)
at org.testng.internal.invokers.TestInvoker.invokeTestMethods(TestInvoker.java:194)
at org.testng.internal.invokers.TestMethodWorker.invokeTestMethods(TestMethodWorker.java:148)
at org.testng.internal.invokers.TestMethodWorker.run(TestMethodWorker.java:128)
at java.base/java.util.ArrayList.forEach(ArrayList.java:1511)
at org.testng.TestRunner.privateRun(TestRunner.java:829)
at org.testng.TestRunner.run(TestRunner.java:602)
at org.testng.SuiteRunner.runTest(SuiteRunner.java:437)
at org.testng.SuiteRunner.runSequentially(SuiteRunner.java:431)
at org.testng.SuiteRunner.privateRun(SuiteRunner.java:391)
at org.testng.SuiteRunner.run(SuiteRunner.java:330)
at org.testng.SuiteRunnerWorker.runSuite(SuiteRunnerWorker.java:52)
at org.testng.SuiteRunnerWorker.run(SuiteRunnerWorker.java:95)
at org.testng.TestNG.runSuitesSequentially(TestNG.java:1256)
at org.testng.TestNG.runSuitesLocally(TestNG.java:1176)
at org.testng.TestNG.runSuites(TestNG.java:1099)
at org.testng.TestNG.run(TestNG.java:1067)
at org.apache.maven.surefire.testng.TestNGExecutor.run(TestNGExecutor.java:135)
at org.apache.maven.surefire.testng.TestNGDirectoryTestSuite.executeSingleClass(TestNGDirectoryTestSuite.java:112)
at org.apache.maven.surefire.testng.TestNGDirectoryTestSuite.execute(TestNGDirectoryTestSuite.java:99)
at org.apache.maven.surefire.testng.TestNGProvider.invoke(TestNGProvider.java:146)
at org.apache.maven.surefire.booter.ForkedBooter.invokeProviderInSameClassLoader(ForkedBooter.java:384)
at org.apache.maven.surefire.booter.ForkedBooter.runSuitesInProcess(ForkedBooter.java:345)
at org.apache.maven.surefire.booter.ForkedBooter.execute(ForkedBooter.java:126)
at org.apache.maven.surefire.booter.ForkedBooter.main(ForkedBooter.java:418)
]]>
    </error>
  </testcase> <!-- selectSite -->
  <system-out/>
  <testcase classname="com.selenium.UserSiteAssign" name="clickAddSitesButton" time="3.226"/>
  <system-out/>
  <testcase classname="com.selenium.UserSiteAssign" name="extractPopupTextAssign" time="3.060"/>
  <system-out/>
  <testcase classname="com.selenium.UserSiteAssign" name="statusOKAssign" time="5.222"/>
  <system-out/>
  <testcase classname="com.selenium.UserSiteAssign" name="verifyTableAfterAssign" time="0.003"/>
  <system-out/>
  <testcase classname="com.selenium.UserSiteAssign" name="clickAttendersTab" time="5.239"/>
  <system-out/>
  <testcase classname="com.selenium.UserSiteAssign" name="unassignAttender" time="0.011"/>
  <system-out/>
  <testcase classname="com.selenium.UserSiteAssign" name="extractPopupWarningTextAttender" time="5.014"/>
  <system-out/>
  <testcase classname="com.selenium.UserSiteAssign" name="statusOKAttender" time="3.012"/>
  <system-out/>
  <testcase classname="com.selenium.UserSiteAssign" name="extractPopupTextAttender" time="3.016"/>
  <system-out/>
  <testcase classname="com.selenium.UserSiteAssign" name="statusOKUnAssignAttender" time="5.009"/>
  <system-out/>
  <testcase classname="com.selenium.UserSiteAssign" name="attendreCount" time="5.306"/>
  <system-out/>
  <testcase classname="com.selenium.UserSiteAssign" name="clickAddMoreButton" time="3.229"/>
  <system-out/>
  <testcase classname="com.selenium.UserSiteAssign" name="clickDropdownButton" time="3.285"/>
  <system-out/>
  <testcase classname="com.selenium.UserSiteAssign" name="selectAttenderListItem" time="0.774"/>
  <system-out/>
  <testcase classname="com.selenium.UserSiteAssign" name="clickAssignAttenderButton" time="0.254"/>
  <system-out/>
  <testcase classname="com.selenium.UserSiteAssign" name="extractPopupTextAddAttender" time="3.069"/>
  <system-out/>
  <testcase classname="com.selenium.UserSiteAssign" name="statusOKAddAttender" time="5.244"/>
  <system-out/>
  <testcase classname="com.selenium.UserSiteAssign" name="logout" time="2.287"/>
  <system-out/>
</testsuite> <!-- com.selenium.UserSiteAssign -->
