<?xml version="1.0" encoding="UTF-8"?>
<!-- Generated by org.testng.reporters.JUnitReportReporter -->
<testsuite hostname="iramtech-Vostro-3470" failures="2" tests="40" name="com.selenium.Roles" time="105.270" errors="0" timestamp="2024-04-12T12:40:58 IST" skipped="0">
  <testcase classname="com.selenium.Roles" name="login" time="3.860"/>
  <system-out/>
  <testcase classname="com.selenium.Roles" name="revenueDashboard" time="5.238"/>
  <system-out/>
  <testcase classname="com.selenium.Roles" name="userMgmtPage" time="3.448"/>
  <system-out/>
  <testcase classname="com.selenium.Roles" name="clickAddRoleBtn" time="5.286"/>
  <system-out/>
  <testcase classname="com.selenium.Roles" name="selectAdminRole" time="0.351"/>
  <system-out/>
  <testcase classname="com.selenium.Roles" name="verifyAutoFillForAdminRole" time="3.144">
    <failure message="expected [Auto-Filled-Value-For-AccessType] but found [Write]" type="java.lang.AssertionError">
      <![CDATA[java.lang.AssertionError: expected [Auto-Filled-Value-For-AccessType] but found [Write]
at org.testng.Assert.fail(Assert.java:110)
at org.testng.Assert.failNotEquals(Assert.java:1577)
at org.testng.Assert.assertEqualsImpl(Assert.java:149)
at org.testng.Assert.assertEquals(Assert.java:131)
at org.testng.Assert.assertEquals(Assert.java:655)
at com.selenium.Roles.verifyAutoFillForAdminRole(Roles.java:132)
at java.base/jdk.internal.reflect.DirectMethodHandleAccessor.invoke(DirectMethodHandleAccessor.java:104)
at java.base/java.lang.reflect.Method.invoke(Method.java:577)
at org.testng.internal.invokers.MethodInvocationHelper.invokeMethod(MethodInvocationHelper.java:139)
at org.testng.internal.invokers.TestInvoker.invokeMethod(TestInvoker.java:677)
at org.testng.internal.invokers.TestInvoker.invokeTestMethod(TestInvoker.java:221)
at org.testng.internal.invokers.MethodRunner.runInSequence(MethodRunner.java:50)
at org.testng.internal.invokers.TestInvoker$MethodInvocationAgent.invoke(TestInvoker.java:969)
at org.testng.internal.invokers.TestInvoker.invokeTestMethods(TestInvoker.java:194)
at org.testng.internal.invokers.TestMethodWorker.invokeTestMethods(TestMethodWorker.java:148)
at org.testng.internal.invokers.TestMethodWorker.run(TestMethodWorker.java:128)
at java.base/java.util.ArrayList.forEach(ArrayList.java:1511)
at org.testng.TestRunner.privateRun(TestRunner.java:829)
at org.testng.TestRunner.run(TestRunner.java:602)
at org.testng.SuiteRunner.runTest(SuiteRunner.java:437)
at org.testng.SuiteRunner.runSequentially(SuiteRunner.java:431)
at org.testng.SuiteRunner.privateRun(SuiteRunner.java:391)
at org.testng.SuiteRunner.run(SuiteRunner.java:330)
at org.testng.SuiteRunnerWorker.runSuite(SuiteRunnerWorker.java:52)
at org.testng.SuiteRunnerWorker.run(SuiteRunnerWorker.java:95)
at org.testng.TestNG.runSuitesSequentially(TestNG.java:1256)
at org.testng.TestNG.runSuitesLocally(TestNG.java:1176)
at org.testng.TestNG.runSuites(TestNG.java:1099)
at org.testng.TestNG.run(TestNG.java:1067)
at org.apache.maven.surefire.testng.TestNGExecutor.run(TestNGExecutor.java:135)
at org.apache.maven.surefire.testng.TestNGDirectoryTestSuite.executeSingleClass(TestNGDirectoryTestSuite.java:112)
at org.apache.maven.surefire.testng.TestNGDirectoryTestSuite.execute(TestNGDirectoryTestSuite.java:99)
at org.apache.maven.surefire.testng.TestNGProvider.invoke(TestNGProvider.java:146)
at org.apache.maven.surefire.booter.ForkedBooter.invokeProviderInSameClassLoader(ForkedBooter.java:384)
at org.apache.maven.surefire.booter.ForkedBooter.runSuitesInProcess(ForkedBooter.java:345)
at org.apache.maven.surefire.booter.ForkedBooter.execute(ForkedBooter.java:126)
at org.apache.maven.surefire.booter.ForkedBooter.main(ForkedBooter.java:418)
]]>
    </failure>
  </testcase> <!-- verifyAutoFillForAdminRole -->
  <system-out/>
  <testcase classname="com.selenium.Roles" name="clickSaveButton" time="0.218"/>
  <system-out/>
  <testcase classname="com.selenium.Roles" name="extractPopupText" time="2.072"/>
  <system-out/>
  <testcase classname="com.selenium.Roles" name="statusOK" time="2.239"/>
  <system-out/>
  <testcase classname="com.selenium.Roles" name="addRolesPopUpClose" time="2.246"/>
  <system-out/>
  <testcase classname="com.selenium.Roles" name="verifyAdminActions" time="0.068"/>
  <system-out/>
  <testcase classname="com.selenium.Roles" name="clickCSVButton" time="3.279"/>
  <system-out/>
  <testcase classname="com.selenium.Roles" name="clickPDFButton" time="3.480"/>
  <system-out/>
  <testcase classname="com.selenium.Roles" name="performManagerRoleEdit" time="4.314"/>
  <system-out/>
  <testcase classname="com.selenium.Roles" name="selectAccessTypeRead" time="0.028"/>
  <system-out/>
  <testcase classname="com.selenium.Roles" name="getEditRoleDetails" time="3.106"/>
  <system-out/>
  <testcase classname="com.selenium.Roles" name="checkUpdateButton" time="3.288"/>
  <system-out/>
  <testcase classname="com.selenium.Roles" name="updateUser" time="2.065"/>
  <system-out/>
  <testcase classname="com.selenium.Roles" name="updateStatusOK" time="2.246"/>
  <system-out/>
  <testcase classname="com.selenium.Roles" name="performManagerRoleDelete" time="5.295"/>
  <system-out/>
  <testcase classname="com.selenium.Roles" name="confirmDeleteAction" time="0.242"/>
  <system-out/>
  <testcase classname="com.selenium.Roles" name="verifyManagerRoleDeletion" time="0.046"/>
  <system-out/>
  <testcase classname="com.selenium.Roles" name="tableNextPage" time="6.510"/>
  <system-out/>
  <testcase classname="com.selenium.Roles" name="clickAddRoleBtnTwice" time="5.243"/>
  <system-out/>
  <testcase classname="com.selenium.Roles" name="verifyAutoFillForAttenderRole" time="3.370">
    <failure message="expected [Auto-Filled-Value-For-AccessType] but found [Read]" type="java.lang.AssertionError">
      <![CDATA[java.lang.AssertionError: expected [Auto-Filled-Value-For-AccessType] but found [Read]
at org.testng.Assert.fail(Assert.java:110)
at org.testng.Assert.failNotEquals(Assert.java:1577)
at org.testng.Assert.assertEqualsImpl(Assert.java:149)
at org.testng.Assert.assertEquals(Assert.java:131)
at org.testng.Assert.assertEquals(Assert.java:655)
at com.selenium.Roles.verifyAutoFillForAttenderRole(Roles.java:498)
at java.base/jdk.internal.reflect.DirectMethodHandleAccessor.invoke(DirectMethodHandleAccessor.java:104)
at java.base/java.lang.reflect.Method.invoke(Method.java:577)
at org.testng.internal.invokers.MethodInvocationHelper.invokeMethod(MethodInvocationHelper.java:139)
at org.testng.internal.invokers.TestInvoker.invokeMethod(TestInvoker.java:677)
at org.testng.internal.invokers.TestInvoker.invokeTestMethod(TestInvoker.java:221)
at org.testng.internal.invokers.MethodRunner.runInSequence(MethodRunner.java:50)
at org.testng.internal.invokers.TestInvoker$MethodInvocationAgent.invoke(TestInvoker.java:969)
at org.testng.internal.invokers.TestInvoker.invokeTestMethods(TestInvoker.java:194)
at org.testng.internal.invokers.TestMethodWorker.invokeTestMethods(TestMethodWorker.java:148)
at org.testng.internal.invokers.TestMethodWorker.run(TestMethodWorker.java:128)
at java.base/java.util.ArrayList.forEach(ArrayList.java:1511)
at org.testng.TestRunner.privateRun(TestRunner.java:829)
at org.testng.TestRunner.run(TestRunner.java:602)
at org.testng.SuiteRunner.runTest(SuiteRunner.java:437)
at org.testng.SuiteRunner.runSequentially(SuiteRunner.java:431)
at org.testng.SuiteRunner.privateRun(SuiteRunner.java:391)
at org.testng.SuiteRunner.run(SuiteRunner.java:330)
at org.testng.SuiteRunnerWorker.runSuite(SuiteRunnerWorker.java:52)
at org.testng.SuiteRunnerWorker.run(SuiteRunnerWorker.java:95)
at org.testng.TestNG.runSuitesSequentially(TestNG.java:1256)
at org.testng.TestNG.runSuitesLocally(TestNG.java:1176)
at org.testng.TestNG.runSuites(TestNG.java:1099)
at org.testng.TestNG.run(TestNG.java:1067)
at org.apache.maven.surefire.testng.TestNGExecutor.run(TestNGExecutor.java:135)
at org.apache.maven.surefire.testng.TestNGDirectoryTestSuite.executeSingleClass(TestNGDirectoryTestSuite.java:112)
at org.apache.maven.surefire.testng.TestNGDirectoryTestSuite.execute(TestNGDirectoryTestSuite.java:99)
at org.apache.maven.surefire.testng.TestNGProvider.invoke(TestNGProvider.java:146)
at org.apache.maven.surefire.booter.ForkedBooter.invokeProviderInSameClassLoader(ForkedBooter.java:384)
at org.apache.maven.surefire.booter.ForkedBooter.runSuitesInProcess(ForkedBooter.java:345)
at org.apache.maven.surefire.booter.ForkedBooter.execute(ForkedBooter.java:126)
at org.apache.maven.surefire.booter.ForkedBooter.main(ForkedBooter.java:418)
]]>
    </failure>
  </testcase> <!-- verifyAutoFillForAttenderRole -->
  <system-out/>
  <testcase classname="com.selenium.Roles" name="clickSaveButtonTwice" time="0.217"/>
  <system-out/>
  <testcase classname="com.selenium.Roles" name="extractPopupTextTwice" time="2.068"/>
  <system-out/>
  <testcase classname="com.selenium.Roles" name="statusOKTwice" time="2.248"/>
  <system-out/>
  <testcase classname="com.selenium.Roles" name="addRolesPopUpCloseTwice" time="2.239"/>
  <system-out/>
  <testcase classname="com.selenium.Roles" name="performAttenderRoleEdit" time="4.293"/>
  <system-out/>
  <testcase classname="com.selenium.Roles" name="selectAccessTypeAttenderRead" time="0.026"/>
  <system-out/>
  <testcase classname="com.selenium.Roles" name="getEditAttenderRoleDetails" time="3.093"/>
  <system-out/>
  <testcase classname="com.selenium.Roles" name="checkAttenderUpdateButton" time="3.257"/>
  <system-out/>
  <testcase classname="com.selenium.Roles" name="updateUserTwice" time="2.037"/>
  <system-out/>
  <testcase classname="com.selenium.Roles" name="updateStatusOKTwice" time="2.245"/>
  <system-out/>
  <testcase classname="com.selenium.Roles" name="performAttenderRoleDelete" time="5.270"/>
  <system-out/>
  <testcase classname="com.selenium.Roles" name="confirmAttenderDeleteAction" time="0.230"/>
  <system-out/>
  <testcase classname="com.selenium.Roles" name="verifyAttenderRoleDeletion" time="0.038"/>
  <system-out/>
  <testcase classname="com.selenium.Roles" name="searchUserRole" time="5.067"/>
  <system-out/>
  <testcase classname="com.selenium.Roles" name="logout" time="2.260"/>
  <system-out/>
</testsuite> <!-- com.selenium.Roles -->
