<?xml version="1.0" encoding="UTF-8"?>
<!-- Generated by org.testng.reporters.JUnitReportReporter -->
<testsuite hostname="iramtech-Vostro-3470" failures="0" tests="33" name="com.selenium.PosHourlyReport" time="128.321" errors="2" timestamp="2024-04-05T12:52:24 IST" skipped="0">
  <testcase classname="com.selenium.PosHourlyReport" name="login" time="3.706"/>
  <system-out/>
  <testcase classname="com.selenium.PosHourlyReport" name="revenueDashboardOpen" time="5.112"/>
  <system-out/>
  <testcase classname="com.selenium.PosHourlyReport" name="redirectPosHourlyReportPage" time="7.399"/>
  <system-out/>
  <testcase classname="com.selenium.PosHourlyReport" name="selectSite" time="6.636"/>
  <system-out/>
  <testcase classname="com.selenium.PosHourlyReport" name="selectPOSNumber" time="6.603"/>
  <system-out/>
  <testcase classname="com.selenium.PosHourlyReport" name="hourlyReportVehicleType" time="2.050"/>
  <system-out/>
  <testcase classname="com.selenium.PosHourlyReport" name="selectDateRange" time="5.254"/>
  <system-out/>
  <testcase classname="com.selenium.PosHourlyReport" name="selectStartDate" time="7.723"/>
  <system-out/>
  <testcase classname="com.selenium.PosHourlyReport" name="selectEndDate" time="5.784"/>
  <system-out/>
  <testcase classname="com.selenium.PosHourlyReport" name="selectStartHour" time="5.085"/>
  <system-out/>
  <testcase classname="com.selenium.PosHourlyReport" name="selectStartMinutes" time="5.312"/>
  <system-out/>
  <testcase classname="com.selenium.PosHourlyReport" name="selectStartHourAM" time="2.322"/>
  <system-out/>
  <testcase classname="com.selenium.PosHourlyReport" name="selectEndHour" time="2.030"/>
  <system-out/>
  <testcase classname="com.selenium.PosHourlyReport" name="selectEndMinutes" time="2.250"/>
  <system-out/>
  <testcase classname="com.selenium.PosHourlyReport" name="selectEndHourPM" time="2.069"/>
  <system-out/>
  <testcase classname="com.selenium.PosHourlyReport" name="clickApplyDatesButton" time="3.031"/>
  <system-out/>
  <testcase classname="com.selenium.PosHourlyReport" name="submitHourlyReportTwoW" time="3.234"/>
  <system-out/>
  <testcase classname="com.selenium.PosHourlyReport" name="downloadPosHourlyTwoWCSV" time="4.068"/>
  <system-out/>
  <testcase classname="com.selenium.PosHourlyReport" name="downloadPosHourlyTwoWPDF" time="3.444"/>
  <system-out/>
  <testcase classname="com.selenium.PosHourlyReport" name="searchTwoWTimeRange" time="11.288"/>
  <system-out/>
  <testcase classname="com.selenium.PosHourlyReport" name="hourlyReportCount" time="4.256"/>
  <system-out/>
  <testcase classname="com.selenium.PosHourlyReport" name="posHourlyReportTwoWTable" time="0.174"/>
  <system-out/>
  <testcase classname="com.selenium.PosHourlyReport" name="validateTwoWDateFormat" time="0.021">
    <error message="Unparseable date: &quot;2024-03-13&quot;" type="java.text.ParseException">
      <![CDATA[java.text.ParseException: Unparseable date: "2024-03-13"
at java.base/java.text.DateFormat.parse(DateFormat.java:399)
at com.selenium.PosHourlyReport.validateTwoWDateFormat(PosHourlyReport.java:520)
at java.base/jdk.internal.reflect.DirectMethodHandleAccessor.invoke(DirectMethodHandleAccessor.java:104)
at java.base/java.lang.reflect.Method.invoke(Method.java:577)
at org.testng.internal.invokers.MethodInvocationHelper.invokeMethod(MethodInvocationHelper.java:139)
at org.testng.internal.invokers.TestInvoker.invokeMethod(TestInvoker.java:677)
at org.testng.internal.invokers.TestInvoker.invokeTestMethod(TestInvoker.java:221)
at org.testng.internal.invokers.MethodRunner.runInSequence(MethodRunner.java:50)
at org.testng.internal.invokers.TestInvoker$MethodInvocationAgent.invoke(TestInvoker.java:969)
at org.testng.internal.invokers.TestInvoker.invokeTestMethods(TestInvoker.java:194)
at org.testng.internal.invokers.TestMethodWorker.invokeTestMethods(TestMethodWorker.java:148)
at org.testng.internal.invokers.TestMethodWorker.run(TestMethodWorker.java:128)
at java.base/java.util.ArrayList.forEach(ArrayList.java:1511)
at org.testng.TestRunner.privateRun(TestRunner.java:829)
at org.testng.TestRunner.run(TestRunner.java:602)
at org.testng.SuiteRunner.runTest(SuiteRunner.java:437)
at org.testng.SuiteRunner.runSequentially(SuiteRunner.java:431)
at org.testng.SuiteRunner.privateRun(SuiteRunner.java:391)
at org.testng.SuiteRunner.run(SuiteRunner.java:330)
at org.testng.SuiteRunnerWorker.runSuite(SuiteRunnerWorker.java:52)
at org.testng.SuiteRunnerWorker.run(SuiteRunnerWorker.java:95)
at org.testng.TestNG.runSuitesSequentially(TestNG.java:1256)
at org.testng.TestNG.runSuitesLocally(TestNG.java:1176)
at org.testng.TestNG.runSuites(TestNG.java:1099)
at org.testng.TestNG.run(TestNG.java:1067)
at org.apache.maven.surefire.testng.TestNGExecutor.run(TestNGExecutor.java:135)
at org.apache.maven.surefire.testng.TestNGDirectoryTestSuite.executeSingleClass(TestNGDirectoryTestSuite.java:112)
at org.apache.maven.surefire.testng.TestNGDirectoryTestSuite.execute(TestNGDirectoryTestSuite.java:99)
at org.apache.maven.surefire.testng.TestNGProvider.invoke(TestNGProvider.java:146)
at org.apache.maven.surefire.booter.ForkedBooter.invokeProviderInSameClassLoader(ForkedBooter.java:384)
at org.apache.maven.surefire.booter.ForkedBooter.runSuitesInProcess(ForkedBooter.java:345)
at org.apache.maven.surefire.booter.ForkedBooter.execute(ForkedBooter.java:126)
at org.apache.maven.surefire.booter.ForkedBooter.main(ForkedBooter.java:418)
]]>
    </error>
  </testcase> <!-- validateTwoWDateFormat -->
  <system-out/>
  <testcase classname="com.selenium.PosHourlyReport" name="validateAmountsTwoW" time="0.053"/>
  <system-out/>
  <testcase classname="com.selenium.PosHourlyReport" name="hourlyReportVehicleTypeFourW" time="2.034"/>
  <system-out/>
  <testcase classname="com.selenium.PosHourlyReport" name="submitHourlyReportFourW" time="3.237"/>
  <system-out/>
  <testcase classname="com.selenium.PosHourlyReport" name="downloadPosHourlyFourWCSV" time="4.028"/>
  <system-out/>
  <testcase classname="com.selenium.PosHourlyReport" name="downloadPosHourlyFourWPDF" time="3.473"/>
  <system-out/>
  <testcase classname="com.selenium.PosHourlyReport" name="searchFourWTimeRange" time="11.267"/>
  <system-out/>
  <testcase classname="com.selenium.PosHourlyReport" name="posHourlyReportFourWTable" time="0.036"/>
  <system-out/>
  <testcase classname="com.selenium.PosHourlyReport" name="validateFourWDateFormat" time="0.041">
    <error message="Unparseable date: &quot;No matching records found&quot;" type="java.text.ParseException">
      <![CDATA[java.text.ParseException: Unparseable date: "No matching records found"
at java.base/java.text.DateFormat.parse(DateFormat.java:399)
at com.selenium.PosHourlyReport.validateTwoWDateFormat(PosHourlyReport.java:520)
at com.selenium.PosHourlyReport.validateFourWDateFormat(PosHourlyReport.java:639)
at java.base/jdk.internal.reflect.DirectMethodHandleAccessor.invoke(DirectMethodHandleAccessor.java:104)
at java.base/java.lang.reflect.Method.invoke(Method.java:577)
at org.testng.internal.invokers.MethodInvocationHelper.invokeMethod(MethodInvocationHelper.java:139)
at org.testng.internal.invokers.TestInvoker.invokeMethod(TestInvoker.java:677)
at org.testng.internal.invokers.TestInvoker.invokeTestMethod(TestInvoker.java:221)
at org.testng.internal.invokers.MethodRunner.runInSequence(MethodRunner.java:50)
at org.testng.internal.invokers.TestInvoker$MethodInvocationAgent.invoke(TestInvoker.java:969)
at org.testng.internal.invokers.TestInvoker.invokeTestMethods(TestInvoker.java:194)
at org.testng.internal.invokers.TestMethodWorker.invokeTestMethods(TestMethodWorker.java:148)
at org.testng.internal.invokers.TestMethodWorker.run(TestMethodWorker.java:128)
at java.base/java.util.ArrayList.forEach(ArrayList.java:1511)
at org.testng.TestRunner.privateRun(TestRunner.java:829)
at org.testng.TestRunner.run(TestRunner.java:602)
at org.testng.SuiteRunner.runTest(SuiteRunner.java:437)
at org.testng.SuiteRunner.runSequentially(SuiteRunner.java:431)
at org.testng.SuiteRunner.privateRun(SuiteRunner.java:391)
at org.testng.SuiteRunner.run(SuiteRunner.java:330)
at org.testng.SuiteRunnerWorker.runSuite(SuiteRunnerWorker.java:52)
at org.testng.SuiteRunnerWorker.run(SuiteRunnerWorker.java:95)
at org.testng.TestNG.runSuitesSequentially(TestNG.java:1256)
at org.testng.TestNG.runSuitesLocally(TestNG.java:1176)
at org.testng.TestNG.runSuites(TestNG.java:1099)
at org.testng.TestNG.run(TestNG.java:1067)
at org.apache.maven.surefire.testng.TestNGExecutor.run(TestNGExecutor.java:135)
at org.apache.maven.surefire.testng.TestNGDirectoryTestSuite.executeSingleClass(TestNGDirectoryTestSuite.java:112)
at org.apache.maven.surefire.testng.TestNGDirectoryTestSuite.execute(TestNGDirectoryTestSuite.java:99)
at org.apache.maven.surefire.testng.TestNGProvider.invoke(TestNGProvider.java:146)
at org.apache.maven.surefire.booter.ForkedBooter.invokeProviderInSameClassLoader(ForkedBooter.java:384)
at org.apache.maven.surefire.booter.ForkedBooter.runSuitesInProcess(ForkedBooter.java:345)
at org.apache.maven.surefire.booter.ForkedBooter.execute(ForkedBooter.java:126)
at org.apache.maven.surefire.booter.ForkedBooter.main(ForkedBooter.java:418)
]]>
    </error>
  </testcase> <!-- validateFourWDateFormat -->
  <system-out/>
  <testcase classname="com.selenium.PosHourlyReport" name="validateAmountsFourW" time="0.022"/>
  <system-out/>
  <testcase classname="com.selenium.PosHourlyReport" name="logout" time="5.279"/>
  <system-out/>
</testsuite> <!-- com.selenium.PosHourlyReport -->
