<?xml version="1.0" encoding="UTF-8"?>
<!-- Generated by org.testng.reporters.JUnitReportReporter -->
<testsuite hostname="iramtech-Vostro-3470" failures="0" tests="25" name="com.selenium.VehicleBlockList" time="83.917" errors="2" timestamp="2024-04-04T13:53:31 IST" skipped="0">
  <testcase classname="com.selenium.VehicleBlockList" name="login" time="3.828"/>
  <system-out/>
  <testcase classname="com.selenium.VehicleBlockList" name="revenueDashboardOpen" time="5.137"/>
  <system-out/>
  <testcase classname="com.selenium.VehicleBlockList" name="redirectVehicleBlockListPage" time="4.313"/>
  <system-out/>
  <testcase classname="com.selenium.VehicleBlockList" name="viewBlocklistSiteList" time="6.625"/>
  <system-out/>
  <testcase classname="com.selenium.VehicleBlockList" name="vehicleBlockListDates" time="4.854"/>
  <system-out/>
  <testcase classname="com.selenium.VehicleBlockList" name="selectBlocklistStartDate" time="8.757"/>
  <system-out/>
  <testcase classname="com.selenium.VehicleBlockList" name="selectBlockListEndDate" time="11.431"/>
  <system-out/>
  <testcase classname="com.selenium.VehicleBlockList" name="vehicleBlockDayCsv" time="1.509"/>
  <system-out/>
  <testcase classname="com.selenium.VehicleBlockList" name="vehicleBlockDayPdf" time="2.018"/>
  <system-out/>
  <testcase classname="com.selenium.VehicleBlockList" name="vehicleBlockWeekCsv" time="0.016">
    <error message="Element &lt;label class=&quot;btn btn-outline-primary&quot;&gt; is not clickable at point (563,237) because another element &lt;div class=&quot;swal2-header&quot;&gt; obscures it
Build info: version: &#039;4.10.0&#039;, revision: &#039;c14d967899&#039;
System info: os.name: &#039;Linux&#039;, os.arch: &#039;amd64&#039;, os.version: &#039;6.2.0-39-generic&#039;, java.version: &#039;18.0.2-ea&#039;
Driver info: org.openqa.selenium.firefox.FirefoxDriver
Command: [ccf0d887-fa09-4e3a-80ff-58656caf204f, clickElement {id=8f200c0b-1f92-4c18-9ba5-a60b56952234}]
Capabilities {acceptInsecureCerts: true, browserName: firefox, browserVersion: 124.0.2, moz:accessibilityChecks: false, moz:buildID: 20240401184549, moz:debuggerAddress: 127.0.0.1:13724, moz:geckodriverVersion: 0.34.0, moz:headless: true, moz:platformVersion: 6.2.0-39-generic, moz:processID: 117414, moz:profile: /tmp/rust_mozprofiledQhOdS, moz:shutdownTimeout: 60000, moz:webdriverClick: true, moz:windowless: false, pageLoadStrategy: normal, platformName: linux, proxy: Proxy(), se:cdp: ws://127.0.0.1:13724/devtoo..., se:cdpVersion: 85.0, setWindowRect: true, strictFileInteractability: false, timeouts: {implicit: 0, pageLoad: 300000, script: 30000}, unhandledPromptBehavior: dismiss and notify}
Element: [[FirefoxDriver: firefox on linux (ccf0d887-fa09-4e3a-80ff-58656caf204f)] -&gt; xpath: //*[@id=&#039;dayRangeFilter&#039;]/label[3]]
Session ID: ccf0d887-fa09-4e3a-80ff-58656caf204f" type="org.openqa.selenium.ElementClickInterceptedException">
      <![CDATA[org.openqa.selenium.ElementClickInterceptedException: Element <label class="btn btn-outline-primary"> is not clickable at point (563,237) because another element <div class="swal2-header"> obscures it
Build info: version: '4.10.0', revision: 'c14d967899'
System info: os.name: 'Linux', os.arch: 'amd64', os.version: '6.2.0-39-generic', java.version: '18.0.2-ea'
Driver info: org.openqa.selenium.firefox.FirefoxDriver
Command: [ccf0d887-fa09-4e3a-80ff-58656caf204f, clickElement {id=8f200c0b-1f92-4c18-9ba5-a60b56952234}]
Capabilities {acceptInsecureCerts: true, browserName: firefox, browserVersion: 124.0.2, moz:accessibilityChecks: false, moz:buildID: 20240401184549, moz:debuggerAddress: 127.0.0.1:13724, moz:geckodriverVersion: 0.34.0, moz:headless: true, moz:platformVersion: 6.2.0-39-generic, moz:processID: 117414, moz:profile: /tmp/rust_mozprofiledQhOdS, moz:shutdownTimeout: 60000, moz:webdriverClick: true, moz:windowless: false, pageLoadStrategy: normal, platformName: linux, proxy: Proxy(), se:cdp: ws://127.0.0.1:13724/devtoo..., se:cdpVersion: 85.0, setWindowRect: true, strictFileInteractability: false, timeouts: {implicit: 0, pageLoad: 300000, script: 30000}, unhandledPromptBehavior: dismiss and notify}
Element: [[FirefoxDriver: firefox on linux (ccf0d887-fa09-4e3a-80ff-58656caf204f)] -> xpath: //*[@id='dayRangeFilter']/label[3]]
Session ID: ccf0d887-fa09-4e3a-80ff-58656caf204f
at java.base/jdk.internal.reflect.DirectConstructorHandleAccessor.newInstance(DirectConstructorHandleAccessor.java:67)
at java.base/java.lang.reflect.Constructor.newInstanceWithCaller(Constructor.java:499)
at java.base/java.lang.reflect.Constructor.newInstance(Constructor.java:483)
at org.openqa.selenium.remote.codec.w3c.W3CHttpResponseCodec.createException(W3CHttpResponseCodec.java:199)
at org.openqa.selenium.remote.codec.w3c.W3CHttpResponseCodec.decode(W3CHttpResponseCodec.java:132)
at org.openqa.selenium.remote.codec.w3c.W3CHttpResponseCodec.decode(W3CHttpResponseCodec.java:51)
at org.openqa.selenium.remote.HttpCommandExecutor.execute(HttpCommandExecutor.java:191)
at org.openqa.selenium.remote.service.DriverCommandExecutor.invokeExecute(DriverCommandExecutor.java:196)
at org.openqa.selenium.remote.service.DriverCommandExecutor.execute(DriverCommandExecutor.java:171)
at org.openqa.selenium.remote.RemoteWebDriver.execute(RemoteWebDriver.java:531)
at org.openqa.selenium.remote.RemoteWebElement.execute(RemoteWebElement.java:242)
at org.openqa.selenium.remote.RemoteWebElement.click(RemoteWebElement.java:77)
at com.selenium.VehicleBlockList.vehicleBlockWeekCsv(VehicleBlockList.java:135)
at java.base/jdk.internal.reflect.DirectMethodHandleAccessor.invoke(DirectMethodHandleAccessor.java:104)
at java.base/java.lang.reflect.Method.invoke(Method.java:577)
at org.testng.internal.invokers.MethodInvocationHelper.invokeMethod(MethodInvocationHelper.java:139)
at org.testng.internal.invokers.TestInvoker.invokeMethod(TestInvoker.java:677)
at org.testng.internal.invokers.TestInvoker.invokeTestMethod(TestInvoker.java:221)
at org.testng.internal.invokers.MethodRunner.runInSequence(MethodRunner.java:50)
at org.testng.internal.invokers.TestInvoker$MethodInvocationAgent.invoke(TestInvoker.java:969)
at org.testng.internal.invokers.TestInvoker.invokeTestMethods(TestInvoker.java:194)
at org.testng.internal.invokers.TestMethodWorker.invokeTestMethods(TestMethodWorker.java:148)
at org.testng.internal.invokers.TestMethodWorker.run(TestMethodWorker.java:128)
at java.base/java.util.ArrayList.forEach(ArrayList.java:1511)
at org.testng.TestRunner.privateRun(TestRunner.java:829)
at org.testng.TestRunner.run(TestRunner.java:602)
at org.testng.SuiteRunner.runTest(SuiteRunner.java:437)
at org.testng.SuiteRunner.runSequentially(SuiteRunner.java:431)
at org.testng.SuiteRunner.privateRun(SuiteRunner.java:391)
at org.testng.SuiteRunner.run(SuiteRunner.java:330)
at org.testng.SuiteRunnerWorker.runSuite(SuiteRunnerWorker.java:52)
at org.testng.SuiteRunnerWorker.run(SuiteRunnerWorker.java:95)
at org.testng.TestNG.runSuitesSequentially(TestNG.java:1256)
at org.testng.TestNG.runSuitesLocally(TestNG.java:1176)
at org.testng.TestNG.runSuites(TestNG.java:1099)
at org.testng.TestNG.run(TestNG.java:1067)
at org.apache.maven.surefire.testng.TestNGExecutor.run(TestNGExecutor.java:283)
at org.apache.maven.surefire.testng.TestNGXmlTestSuite.execute(TestNGXmlTestSuite.java:75)
at org.apache.maven.surefire.testng.TestNGProvider.invoke(TestNGProvider.java:120)
at org.apache.maven.surefire.booter.ForkedBooter.invokeProviderInSameClassLoader(ForkedBooter.java:384)
at org.apache.maven.surefire.booter.ForkedBooter.runSuitesInProcess(ForkedBooter.java:345)
at org.apache.maven.surefire.booter.ForkedBooter.execute(ForkedBooter.java:126)
at org.apache.maven.surefire.booter.ForkedBooter.main(ForkedBooter.java:418)
]]>
    </error>
  </testcase> <!-- vehicleBlockWeekCsv -->
  <system-out/>
  <testcase classname="com.selenium.VehicleBlockList" name="vehicleBlockWeekPdf" time="2.017"/>
  <system-out/>
  <testcase classname="com.selenium.VehicleBlockList" name="vehicleBlockMonthCsv" time="0.017">
    <error message="Element &lt;label class=&quot;btn btn-outline-primary active&quot;&gt; is not clickable at point (607,237) because another element &lt;div class=&quot;swal2-header&quot;&gt; obscures it
Build info: version: &#039;4.10.0&#039;, revision: &#039;c14d967899&#039;
System info: os.name: &#039;Linux&#039;, os.arch: &#039;amd64&#039;, os.version: &#039;6.2.0-39-generic&#039;, java.version: &#039;18.0.2-ea&#039;
Driver info: org.openqa.selenium.firefox.FirefoxDriver
Command: [ccf0d887-fa09-4e3a-80ff-58656caf204f, clickElement {id=825820fe-692c-4f3f-a32a-a90fbd788d21}]
Capabilities {acceptInsecureCerts: true, browserName: firefox, browserVersion: 124.0.2, moz:accessibilityChecks: false, moz:buildID: 20240401184549, moz:debuggerAddress: 127.0.0.1:13724, moz:geckodriverVersion: 0.34.0, moz:headless: true, moz:platformVersion: 6.2.0-39-generic, moz:processID: 117414, moz:profile: /tmp/rust_mozprofiledQhOdS, moz:shutdownTimeout: 60000, moz:webdriverClick: true, moz:windowless: false, pageLoadStrategy: normal, platformName: linux, proxy: Proxy(), se:cdp: ws://127.0.0.1:13724/devtoo..., se:cdpVersion: 85.0, setWindowRect: true, strictFileInteractability: false, timeouts: {implicit: 0, pageLoad: 300000, script: 30000}, unhandledPromptBehavior: dismiss and notify}
Element: [[FirefoxDriver: firefox on linux (ccf0d887-fa09-4e3a-80ff-58656caf204f)] -&gt; xpath: //*[@id=&#039;dayRangeFilter&#039;]/label[4]]
Session ID: ccf0d887-fa09-4e3a-80ff-58656caf204f" type="org.openqa.selenium.ElementClickInterceptedException">
      <![CDATA[org.openqa.selenium.ElementClickInterceptedException: Element <label class="btn btn-outline-primary active"> is not clickable at point (607,237) because another element <div class="swal2-header"> obscures it
Build info: version: '4.10.0', revision: 'c14d967899'
System info: os.name: 'Linux', os.arch: 'amd64', os.version: '6.2.0-39-generic', java.version: '18.0.2-ea'
Driver info: org.openqa.selenium.firefox.FirefoxDriver
Command: [ccf0d887-fa09-4e3a-80ff-58656caf204f, clickElement {id=825820fe-692c-4f3f-a32a-a90fbd788d21}]
Capabilities {acceptInsecureCerts: true, browserName: firefox, browserVersion: 124.0.2, moz:accessibilityChecks: false, moz:buildID: 20240401184549, moz:debuggerAddress: 127.0.0.1:13724, moz:geckodriverVersion: 0.34.0, moz:headless: true, moz:platformVersion: 6.2.0-39-generic, moz:processID: 117414, moz:profile: /tmp/rust_mozprofiledQhOdS, moz:shutdownTimeout: 60000, moz:webdriverClick: true, moz:windowless: false, pageLoadStrategy: normal, platformName: linux, proxy: Proxy(), se:cdp: ws://127.0.0.1:13724/devtoo..., se:cdpVersion: 85.0, setWindowRect: true, strictFileInteractability: false, timeouts: {implicit: 0, pageLoad: 300000, script: 30000}, unhandledPromptBehavior: dismiss and notify}
Element: [[FirefoxDriver: firefox on linux (ccf0d887-fa09-4e3a-80ff-58656caf204f)] -> xpath: //*[@id='dayRangeFilter']/label[4]]
Session ID: ccf0d887-fa09-4e3a-80ff-58656caf204f
at java.base/jdk.internal.reflect.DirectConstructorHandleAccessor.newInstance(DirectConstructorHandleAccessor.java:67)
at java.base/java.lang.reflect.Constructor.newInstanceWithCaller(Constructor.java:499)
at java.base/java.lang.reflect.Constructor.newInstance(Constructor.java:483)
at org.openqa.selenium.remote.codec.w3c.W3CHttpResponseCodec.createException(W3CHttpResponseCodec.java:199)
at org.openqa.selenium.remote.codec.w3c.W3CHttpResponseCodec.decode(W3CHttpResponseCodec.java:132)
at org.openqa.selenium.remote.codec.w3c.W3CHttpResponseCodec.decode(W3CHttpResponseCodec.java:51)
at org.openqa.selenium.remote.HttpCommandExecutor.execute(HttpCommandExecutor.java:191)
at org.openqa.selenium.remote.service.DriverCommandExecutor.invokeExecute(DriverCommandExecutor.java:196)
at org.openqa.selenium.remote.service.DriverCommandExecutor.execute(DriverCommandExecutor.java:171)
at org.openqa.selenium.remote.RemoteWebDriver.execute(RemoteWebDriver.java:531)
at org.openqa.selenium.remote.RemoteWebElement.execute(RemoteWebElement.java:242)
at org.openqa.selenium.remote.RemoteWebElement.click(RemoteWebElement.java:77)
at com.selenium.VehicleBlockList.vehicleBlockMonthCsv(VehicleBlockList.java:146)
at java.base/jdk.internal.reflect.DirectMethodHandleAccessor.invoke(DirectMethodHandleAccessor.java:104)
at java.base/java.lang.reflect.Method.invoke(Method.java:577)
at org.testng.internal.invokers.MethodInvocationHelper.invokeMethod(MethodInvocationHelper.java:139)
at org.testng.internal.invokers.TestInvoker.invokeMethod(TestInvoker.java:677)
at org.testng.internal.invokers.TestInvoker.invokeTestMethod(TestInvoker.java:221)
at org.testng.internal.invokers.MethodRunner.runInSequence(MethodRunner.java:50)
at org.testng.internal.invokers.TestInvoker$MethodInvocationAgent.invoke(TestInvoker.java:969)
at org.testng.internal.invokers.TestInvoker.invokeTestMethods(TestInvoker.java:194)
at org.testng.internal.invokers.TestMethodWorker.invokeTestMethods(TestMethodWorker.java:148)
at org.testng.internal.invokers.TestMethodWorker.run(TestMethodWorker.java:128)
at java.base/java.util.ArrayList.forEach(ArrayList.java:1511)
at org.testng.TestRunner.privateRun(TestRunner.java:829)
at org.testng.TestRunner.run(TestRunner.java:602)
at org.testng.SuiteRunner.runTest(SuiteRunner.java:437)
at org.testng.SuiteRunner.runSequentially(SuiteRunner.java:431)
at org.testng.SuiteRunner.privateRun(SuiteRunner.java:391)
at org.testng.SuiteRunner.run(SuiteRunner.java:330)
at org.testng.SuiteRunnerWorker.runSuite(SuiteRunnerWorker.java:52)
at org.testng.SuiteRunnerWorker.run(SuiteRunnerWorker.java:95)
at org.testng.TestNG.runSuitesSequentially(TestNG.java:1256)
at org.testng.TestNG.runSuitesLocally(TestNG.java:1176)
at org.testng.TestNG.runSuites(TestNG.java:1099)
at org.testng.TestNG.run(TestNG.java:1067)
at org.apache.maven.surefire.testng.TestNGExecutor.run(TestNGExecutor.java:283)
at org.apache.maven.surefire.testng.TestNGXmlTestSuite.execute(TestNGXmlTestSuite.java:75)
at org.apache.maven.surefire.testng.TestNGProvider.invoke(TestNGProvider.java:120)
at org.apache.maven.surefire.booter.ForkedBooter.invokeProviderInSameClassLoader(ForkedBooter.java:384)
at org.apache.maven.surefire.booter.ForkedBooter.runSuitesInProcess(ForkedBooter.java:345)
at org.apache.maven.surefire.booter.ForkedBooter.execute(ForkedBooter.java:126)
at org.apache.maven.surefire.booter.ForkedBooter.main(ForkedBooter.java:418)
]]>
    </error>
  </testcase> <!-- vehicleBlockMonthCsv -->
  <system-out/>
  <testcase classname="com.selenium.VehicleBlockList" name="vehicleBlockMonthPdf" time="2.009"/>
  <system-out/>
  <testcase classname="com.selenium.VehicleBlockList" name="selectListCount" time="2.067"/>
  <system-out/>
  <testcase classname="com.selenium.VehicleBlockList" name="vehicleBlockListTable" time="6.023"/>
  <system-out/>
  <testcase classname="com.selenium.VehicleBlockList" name="searchVehicleNumber" time="8.064"/>
  <system-out/>
  <testcase classname="com.selenium.VehicleBlockList" name="searchBlockListMobileNumber" time="8.111"/>
  <system-out/>
  <testcase classname="com.selenium.VehicleBlockList" name="validateBlockListDate" time="0.030"/>
  <system-out/>
  <testcase classname="com.selenium.VehicleBlockList" name="validateBlockListUser" time="0.016"/>
  <system-out/>
  <testcase classname="com.selenium.VehicleBlockList" name="validateBlockListMobileNum" time="0.014"/>
  <system-out/>
  <testcase classname="com.selenium.VehicleBlockList" name="validateBlockListVehicleNum" time="0.010"/>
  <system-out/>
  <testcase classname="com.selenium.VehicleBlockList" name="validateBlockListAmount" time="0.009"/>
  <system-out/>
  <testcase classname="com.selenium.VehicleBlockList" name="validateBlockListStatus" time="0.008"/>
  <system-out/>
  <testcase classname="com.selenium.VehicleBlockList" name="selectAction" time="5.011"/>
  <system-out/>
  <testcase classname="com.selenium.VehicleBlockList" name="logout" time="2.023"/>
  <system-out/>
</testsuite> <!-- com.selenium.VehicleBlockList -->
