<?xml version="1.0" encoding="UTF-8"?>
<!-- Generated by org.testng.reporters.JUnitReportReporter -->
<testsuite hostname="iramtech-Vostro-3470" failures="0" tests="33" name="com.selenium.PosHourlyReport" time="106.461" errors="2" timestamp="2024-02-01T15:22:15 IST" skipped="0">
  <testcase classname="com.selenium.PosHourlyReport" name="login" time="5.650"/>
  <system-out/>
  <testcase classname="com.selenium.PosHourlyReport" name="revenueDashboardOpen" time="5.176"/>
  <system-out/>
  <testcase classname="com.selenium.PosHourlyReport" name="redirectPosHourlyReportPage" time="4.585"/>
  <system-out/>
  <testcase classname="com.selenium.PosHourlyReport" name="selectSite" time="6.694"/>
  <system-out/>
  <testcase classname="com.selenium.PosHourlyReport" name="selectPOSNumber" time="6.602"/>
  <system-out/>
  <testcase classname="com.selenium.PosHourlyReport" name="hourlyReportVehicleType" time="2.013"/>
  <system-out/>
  <testcase classname="com.selenium.PosHourlyReport" name="selectDateRange" time="5.236"/>
  <system-out/>
  <testcase classname="com.selenium.PosHourlyReport" name="selectStartDate" time="5.010"/>
  <system-out/>
  <testcase classname="com.selenium.PosHourlyReport" name="selectEndDate" time="5.712"/>
  <system-out/>
  <testcase classname="com.selenium.PosHourlyReport" name="selectStartHour" time="5.276"/>
  <system-out/>
  <testcase classname="com.selenium.PosHourlyReport" name="selectStartMinutes" time="5.284"/>
  <system-out/>
  <testcase classname="com.selenium.PosHourlyReport" name="selectStartHourAM" time="2.290"/>
  <system-out/>
  <testcase classname="com.selenium.PosHourlyReport" name="selectEndHour" time="2.003"/>
  <system-out/>
  <testcase classname="com.selenium.PosHourlyReport" name="selectEndMinutes" time="2.008"/>
  <system-out/>
  <testcase classname="com.selenium.PosHourlyReport" name="selectEndHourPM" time="2.011"/>
  <system-out/>
  <testcase classname="com.selenium.PosHourlyReport" name="clickApplyDatesButton" time="3.008"/>
  <system-out/>
  <testcase classname="com.selenium.PosHourlyReport" name="submitHourlyReportTwoW" time="2.240"/>
  <system-out/>
  <testcase classname="com.selenium.PosHourlyReport" name="downloadPosHourlyTwoWCSV" time="2.269"/>
  <system-out/>
  <testcase classname="com.selenium.PosHourlyReport" name="downloadPosHourlyTwoWPDF" time="2.038"/>
  <system-out/>
  <testcase classname="com.selenium.PosHourlyReport" name="searchTwoWTimeRange" time="7.068"/>
  <system-out/>
  <testcase classname="com.selenium.PosHourlyReport" name="hourlyReportCount" time="4.066"/>
  <system-out/>
  <testcase classname="com.selenium.PosHourlyReport" name="posHourlyReportTwoWTable" time="0.013"/>
  <system-out/>
  <testcase classname="com.selenium.PosHourlyReport" name="validateTwoWDateFormat" time="0.014">
    <error message="Unparseable date: &quot;No User data available&quot;" type="java.text.ParseException">
      <![CDATA[java.text.ParseException: Unparseable date: "No User data available"
at java.base/java.text.DateFormat.parse(DateFormat.java:399)
at com.selenium.PosHourlyReport.validateTwoWDateFormat(PosHourlyReport.java:513)
at java.base/jdk.internal.reflect.DirectMethodHandleAccessor.invoke(DirectMethodHandleAccessor.java:104)
at java.base/java.lang.reflect.Method.invoke(Method.java:577)
at org.testng.internal.invokers.MethodInvocationHelper.invokeMethod(MethodInvocationHelper.java:139)
at org.testng.internal.invokers.TestInvoker.invokeMethod(TestInvoker.java:677)
at org.testng.internal.invokers.TestInvoker.invokeTestMethod(TestInvoker.java:221)
at org.testng.internal.invokers.MethodRunner.runInSequence(MethodRunner.java:50)
at org.testng.internal.invokers.TestInvoker$MethodInvocationAgent.invoke(TestInvoker.java:969)
at org.testng.internal.invokers.TestInvoker.invokeTestMethods(TestInvoker.java:194)
at org.testng.internal.invokers.TestMethodWorker.invokeTestMethods(TestMethodWorker.java:148)
at org.testng.internal.invokers.TestMethodWorker.run(TestMethodWorker.java:128)
at java.base/java.util.ArrayList.forEach(ArrayList.java:1511)
at org.testng.TestRunner.privateRun(TestRunner.java:829)
at org.testng.TestRunner.run(TestRunner.java:602)
at org.testng.SuiteRunner.runTest(SuiteRunner.java:437)
at org.testng.SuiteRunner.runSequentially(SuiteRunner.java:431)
at org.testng.SuiteRunner.privateRun(SuiteRunner.java:391)
at org.testng.SuiteRunner.run(SuiteRunner.java:330)
at org.testng.SuiteRunnerWorker.runSuite(SuiteRunnerWorker.java:52)
at org.testng.SuiteRunnerWorker.run(SuiteRunnerWorker.java:95)
at org.testng.TestNG.runSuitesSequentially(TestNG.java:1256)
at org.testng.TestNG.runSuitesLocally(TestNG.java:1176)
at org.testng.TestNG.runSuites(TestNG.java:1099)
at org.testng.TestNG.run(TestNG.java:1067)
at org.apache.maven.surefire.testng.TestNGExecutor.run(TestNGExecutor.java:283)
at org.apache.maven.surefire.testng.TestNGXmlTestSuite.execute(TestNGXmlTestSuite.java:75)
at org.apache.maven.surefire.testng.TestNGProvider.invoke(TestNGProvider.java:120)
at org.apache.maven.surefire.booter.ForkedBooter.invokeProviderInSameClassLoader(ForkedBooter.java:384)
at org.apache.maven.surefire.booter.ForkedBooter.runSuitesInProcess(ForkedBooter.java:345)
at org.apache.maven.surefire.booter.ForkedBooter.execute(ForkedBooter.java:126)
at org.apache.maven.surefire.booter.ForkedBooter.main(ForkedBooter.java:418)
]]>
    </error>
  </testcase> <!-- validateTwoWDateFormat -->
  <system-out/>
  <testcase classname="com.selenium.PosHourlyReport" name="validateAmountsTwoW" time="0.014"/>
  <system-out/>
  <testcase classname="com.selenium.PosHourlyReport" name="hourlyReportVehicleTypeFourW" time="2.041"/>
  <system-out/>
  <testcase classname="com.selenium.PosHourlyReport" name="submitHourlyReportFourW" time="2.007"/>
  <system-out/>
  <testcase classname="com.selenium.PosHourlyReport" name="downloadPosHourlyFourWCSV" time="2.013"/>
  <system-out/>
  <testcase classname="com.selenium.PosHourlyReport" name="downloadPosHourlyFourWPDF" time="2.031"/>
  <system-out/>
  <testcase classname="com.selenium.PosHourlyReport" name="searchFourWTimeRange" time="7.037"/>
  <system-out/>
  <testcase classname="com.selenium.PosHourlyReport" name="posHourlyReportFourWTable" time="0.013"/>
  <system-out/>
  <testcase classname="com.selenium.PosHourlyReport" name="validateFourWDateFormat" time="0.018">
    <error message="Unparseable date: &quot;No User data available&quot;" type="java.text.ParseException">
      <![CDATA[java.text.ParseException: Unparseable date: "No User data available"
at java.base/java.text.DateFormat.parse(DateFormat.java:399)
at com.selenium.PosHourlyReport.validateTwoWDateFormat(PosHourlyReport.java:513)
at com.selenium.PosHourlyReport.validateFourWDateFormat(PosHourlyReport.java:632)
at java.base/jdk.internal.reflect.DirectMethodHandleAccessor.invoke(DirectMethodHandleAccessor.java:104)
at java.base/java.lang.reflect.Method.invoke(Method.java:577)
at org.testng.internal.invokers.MethodInvocationHelper.invokeMethod(MethodInvocationHelper.java:139)
at org.testng.internal.invokers.TestInvoker.invokeMethod(TestInvoker.java:677)
at org.testng.internal.invokers.TestInvoker.invokeTestMethod(TestInvoker.java:221)
at org.testng.internal.invokers.MethodRunner.runInSequence(MethodRunner.java:50)
at org.testng.internal.invokers.TestInvoker$MethodInvocationAgent.invoke(TestInvoker.java:969)
at org.testng.internal.invokers.TestInvoker.invokeTestMethods(TestInvoker.java:194)
at org.testng.internal.invokers.TestMethodWorker.invokeTestMethods(TestMethodWorker.java:148)
at org.testng.internal.invokers.TestMethodWorker.run(TestMethodWorker.java:128)
at java.base/java.util.ArrayList.forEach(ArrayList.java:1511)
at org.testng.TestRunner.privateRun(TestRunner.java:829)
at org.testng.TestRunner.run(TestRunner.java:602)
at org.testng.SuiteRunner.runTest(SuiteRunner.java:437)
at org.testng.SuiteRunner.runSequentially(SuiteRunner.java:431)
at org.testng.SuiteRunner.privateRun(SuiteRunner.java:391)
at org.testng.SuiteRunner.run(SuiteRunner.java:330)
at org.testng.SuiteRunnerWorker.runSuite(SuiteRunnerWorker.java:52)
at org.testng.SuiteRunnerWorker.run(SuiteRunnerWorker.java:95)
at org.testng.TestNG.runSuitesSequentially(TestNG.java:1256)
at org.testng.TestNG.runSuitesLocally(TestNG.java:1176)
at org.testng.TestNG.runSuites(TestNG.java:1099)
at org.testng.TestNG.run(TestNG.java:1067)
at org.apache.maven.surefire.testng.TestNGExecutor.run(TestNGExecutor.java:283)
at org.apache.maven.surefire.testng.TestNGXmlTestSuite.execute(TestNGXmlTestSuite.java:75)
at org.apache.maven.surefire.testng.TestNGProvider.invoke(TestNGProvider.java:120)
at org.apache.maven.surefire.booter.ForkedBooter.invokeProviderInSameClassLoader(ForkedBooter.java:384)
at org.apache.maven.surefire.booter.ForkedBooter.runSuitesInProcess(ForkedBooter.java:345)
at org.apache.maven.surefire.booter.ForkedBooter.execute(ForkedBooter.java:126)
at org.apache.maven.surefire.booter.ForkedBooter.main(ForkedBooter.java:418)
]]>
    </error>
  </testcase> <!-- validateFourWDateFormat -->
  <system-out/>
  <testcase classname="com.selenium.PosHourlyReport" name="validateAmountsFourW" time="0.014"/>
  <system-out/>
  <testcase classname="com.selenium.PosHourlyReport" name="logout" time="5.007"/>
  <system-out/>
</testsuite> <!-- com.selenium.PosHourlyReport -->
