<?xml version="1.0" encoding="UTF-8"?>
<!-- Generated by org.testng.reporters.JUnitReportReporter -->
<testsuite hostname="iramtech-Vostro-3470" failures="1" tests="38" name="com.selenium.Site_Analysis" time="87.123" errors="0" timestamp="2024-02-01T15:22:15 IST" skipped="0">
  <testcase classname="com.selenium.Site_Analysis" name="login" time="7.076"/>
  <system-out/>
  <testcase classname="com.selenium.Site_Analysis" name="revenueDashboardOpen" time="5.293"/>
  <system-out/>
  <testcase classname="com.selenium.Site_Analysis" name="reportsAnalyticsPage" time="2.025"/>
  <system-out/>
  <testcase classname="com.selenium.Site_Analysis" name="redirectSiteAnalysis" time="2.023">
    <failure message="Site Analysis Page not found" type="java.lang.AssertionError">
      <![CDATA[java.lang.AssertionError: Site Analysis Page not found
at org.testng.Assert.fail(Assert.java:110)
at com.selenium.Site_Analysis.redirectSiteAnalysis(Site_Analysis.java:83)
at java.base/jdk.internal.reflect.DirectMethodHandleAccessor.invoke(DirectMethodHandleAccessor.java:104)
at java.base/java.lang.reflect.Method.invoke(Method.java:577)
at org.testng.internal.invokers.MethodInvocationHelper.invokeMethod(MethodInvocationHelper.java:139)
at org.testng.internal.invokers.TestInvoker.invokeMethod(TestInvoker.java:677)
at org.testng.internal.invokers.TestInvoker.invokeTestMethod(TestInvoker.java:221)
at org.testng.internal.invokers.MethodRunner.runInSequence(MethodRunner.java:50)
at org.testng.internal.invokers.TestInvoker$MethodInvocationAgent.invoke(TestInvoker.java:969)
at org.testng.internal.invokers.TestInvoker.invokeTestMethods(TestInvoker.java:194)
at org.testng.internal.invokers.TestMethodWorker.invokeTestMethods(TestMethodWorker.java:148)
at org.testng.internal.invokers.TestMethodWorker.run(TestMethodWorker.java:128)
at java.base/java.util.ArrayList.forEach(ArrayList.java:1511)
at org.testng.TestRunner.privateRun(TestRunner.java:829)
at org.testng.TestRunner.run(TestRunner.java:602)
at org.testng.SuiteRunner.runTest(SuiteRunner.java:437)
at org.testng.SuiteRunner.runSequentially(SuiteRunner.java:431)
at org.testng.SuiteRunner.privateRun(SuiteRunner.java:391)
at org.testng.SuiteRunner.run(SuiteRunner.java:330)
at org.testng.SuiteRunnerWorker.runSuite(SuiteRunnerWorker.java:52)
at org.testng.SuiteRunnerWorker.run(SuiteRunnerWorker.java:95)
at org.testng.TestNG.runSuitesSequentially(TestNG.java:1256)
at org.testng.TestNG.runSuitesLocally(TestNG.java:1176)
at org.testng.TestNG.runSuites(TestNG.java:1099)
at org.testng.TestNG.run(TestNG.java:1067)
at org.apache.maven.surefire.testng.TestNGExecutor.run(TestNGExecutor.java:283)
at org.apache.maven.surefire.testng.TestNGXmlTestSuite.execute(TestNGXmlTestSuite.java:75)
at org.apache.maven.surefire.testng.TestNGProvider.invoke(TestNGProvider.java:120)
at org.apache.maven.surefire.booter.ForkedBooter.invokeProviderInSameClassLoader(ForkedBooter.java:384)
at org.apache.maven.surefire.booter.ForkedBooter.runSuitesInProcess(ForkedBooter.java:345)
at org.apache.maven.surefire.booter.ForkedBooter.execute(ForkedBooter.java:126)
at org.apache.maven.surefire.booter.ForkedBooter.main(ForkedBooter.java:418)
]]>
    </failure>
  </testcase> <!-- redirectSiteAnalysis -->
  <system-out/>
  <testcase classname="com.selenium.Site_Analysis" name="siteAnalysis_selectSite" time="3.008"/>
  <system-out/>
  <testcase classname="com.selenium.Site_Analysis" name="getSite_AnalysisTab" time="0.013"/>
  <system-out/>
  <testcase classname="com.selenium.Site_Analysis" name="select_AvgDuration_TwoWheeler" time="2.009"/>
  <system-out/>
  <testcase classname="com.selenium.Site_Analysis" name="avgDuration_2WDates" time="0.008"/>
  <system-out/>
  <testcase classname="com.selenium.Site_Analysis" name="avgDuration_ViewDetails" time="2.004"/>
  <system-out/>
  <testcase classname="com.selenium.Site_Analysis" name="avgDuration_2WCsv" time="2.007"/>
  <system-out/>
  <testcase classname="com.selenium.Site_Analysis" name="avgDuration_2WPdf" time="3.007"/>
  <system-out/>
  <testcase classname="com.selenium.Site_Analysis" name="avgDuration_2WSelectCount_25" time="0.012"/>
  <system-out/>
  <testcase classname="com.selenium.Site_Analysis" name="avgDuration_2WSearch" time="4.002"/>
  <system-out/>
  <testcase classname="com.selenium.Site_Analysis" name="avgDuration_2WPoPup_Close" time="2.007"/>
  <system-out/>
  <testcase classname="com.selenium.Site_Analysis" name="select_AvgDuration_FourWheeler" time="2.005"/>
  <system-out/>
  <testcase classname="com.selenium.Site_Analysis" name="avgDuration_ViewDetails_4W" time="2.006"/>
  <system-out/>
  <testcase classname="com.selenium.Site_Analysis" name="avgDuration_4WCsv" time="2.006"/>
  <system-out/>
  <testcase classname="com.selenium.Site_Analysis" name="avgDuration_4WPdf" time="3.003"/>
  <system-out/>
  <testcase classname="com.selenium.Site_Analysis" name="avgDuration_4WSelectCount_25" time="0.002"/>
  <system-out/>
  <testcase classname="com.selenium.Site_Analysis" name="avgDuration_4WSearch" time="4.003"/>
  <system-out/>
  <testcase classname="com.selenium.Site_Analysis" name="avgDuration_4WPoPup_Close" time="2.006"/>
  <system-out/>
  <testcase classname="com.selenium.Site_Analysis" name="transaction_FrequencyTab" time="2.065"/>
  <system-out/>
  <testcase classname="com.selenium.Site_Analysis" name="transFrequency_Dates" time="1.008"/>
  <system-out/>
  <testcase classname="com.selenium.Site_Analysis" name="transFrequency_ViewDetails" time="2.007"/>
  <system-out/>
  <testcase classname="com.selenium.Site_Analysis" name="transFrequency_Csv" time="2.005"/>
  <system-out/>
  <testcase classname="com.selenium.Site_Analysis" name="transFrequency_Pdf" time="3.007"/>
  <system-out/>
  <testcase classname="com.selenium.Site_Analysis" name="transFrequency_SelectCount_25" time="0.006"/>
  <system-out/>
  <testcase classname="com.selenium.Site_Analysis" name="transFrequency_Search" time="4.004"/>
  <system-out/>
  <testcase classname="com.selenium.Site_Analysis" name="transFrequency_PoPup_Close" time="2.007"/>
  <system-out/>
  <testcase classname="com.selenium.Site_Analysis" name="occupancyMinutes_Tab" time="2.142"/>
  <system-out/>
  <testcase classname="com.selenium.Site_Analysis" name="occupancyMinutes_Dates" time="1.007"/>
  <system-out/>
  <testcase classname="com.selenium.Site_Analysis" name="occupancyMinutes_ViewDetails" time="2.007"/>
  <system-out/>
  <testcase classname="com.selenium.Site_Analysis" name="occupancyMinutes_Csv" time="2.011"/>
  <system-out/>
  <testcase classname="com.selenium.Site_Analysis" name="occupancyMinutes_Pdf" time="3.004"/>
  <system-out/>
  <testcase classname="com.selenium.Site_Analysis" name="occupancyMinutes_SelectCount_25" time="0.004"/>
  <system-out/>
  <testcase classname="com.selenium.Site_Analysis" name="occupancyMinutes_Search" time="4.009"/>
  <system-out/>
  <testcase classname="com.selenium.Site_Analysis" name="occpancyMinutes_PoPup_Close" time="2.009"/>
  <system-out/>
  <testcase classname="com.selenium.Site_Analysis" name="logout" time="5.296"/>
  <system-out/>
</testsuite> <!-- com.selenium.Site_Analysis -->
