<?xml version="1.0" encoding="UTF-8"?>
<!-- Generated by org.testng.reporters.JUnitReportReporter -->
<testsuite hostname="iramtech-Vostro-3470" failures="0" tests="25" name="com.selenium.VehicleBlockList" time="141.908" errors="2" timestamp="2024-02-01T15:22:15 IST" skipped="0">
  <testcase classname="com.selenium.VehicleBlockList" name="login" time="6.386"/>
  <system-out/>
  <testcase classname="com.selenium.VehicleBlockList" name="revenueDashboardOpen" time="5.316"/>
  <system-out/>
  <testcase classname="com.selenium.VehicleBlockList" name="redirectVehicleBlockListPage" time="4.517"/>
  <system-out/>
  <testcase classname="com.selenium.VehicleBlockList" name="viewBlocklistSiteList" time="6.623"/>
  <system-out/>
  <testcase classname="com.selenium.VehicleBlockList" name="vehicleBlockListDates" time="4.883"/>
  <system-out/>
  <testcase classname="com.selenium.VehicleBlockList" name="selectBlocklistStartDate" time="8.660"/>
  <system-out/>
  <testcase classname="com.selenium.VehicleBlockList" name="selectBlockListEndDate" time="11.510"/>
  <system-out/>
  <testcase classname="com.selenium.VehicleBlockList" name="vehicleBlockDayCsv" time="1.018"/>
  <system-out/>
  <testcase classname="com.selenium.VehicleBlockList" name="vehicleBlockDayPdf" time="2.018"/>
  <system-out/>
  <testcase classname="com.selenium.VehicleBlockList" name="vehicleBlockWeekCsv" time="0.017">
    <error message="Element &lt;label class=&quot;btn btn-outline-primary&quot;&gt; is not clickable at point (544,237) because another element &lt;div id=&quot;loading&quot;&gt; obscures it
Build info: version: &#039;4.10.0&#039;, revision: &#039;c14d967899&#039;
System info: os.name: &#039;Linux&#039;, os.arch: &#039;amd64&#039;, os.version: &#039;6.2.0-39-generic&#039;, java.version: &#039;18.0.2-ea&#039;
Driver info: org.openqa.selenium.firefox.FirefoxDriver
Command: [54d9f8ed-48e2-44bc-af4e-7f50889fce0b, clickElement {id=1373f203-8301-4270-ac02-e9b4535300f6}]
Capabilities {acceptInsecureCerts: true, browserName: firefox, browserVersion: 121.0, moz:accessibilityChecks: false, moz:buildID: 20231220184444, moz:debuggerAddress: 127.0.0.1:7361, moz:geckodriverVersion: 0.33.0, moz:headless: false, moz:platformVersion: 6.2.0-39-generic, moz:processID: 1194151, moz:profile: /tmp/rust_mozprofile7B9yaV, moz:shutdownTimeout: 60000, moz:webdriverClick: true, moz:windowless: false, pageLoadStrategy: normal, platformName: linux, proxy: Proxy(), se:cdp: ws://127.0.0.1:7361/devtool..., se:cdpVersion: 85.0, setWindowRect: true, strictFileInteractability: false, timeouts: {implicit: 0, pageLoad: 300000, script: 30000}, unhandledPromptBehavior: dismiss and notify}
Element: [[FirefoxDriver: firefox on linux (54d9f8ed-48e2-44bc-af4e-7f50889fce0b)] -&gt; xpath: //*[@id=&#039;dayRangeFilter&#039;]/label[3]]
Session ID: 54d9f8ed-48e2-44bc-af4e-7f50889fce0b" type="org.openqa.selenium.ElementClickInterceptedException">
      <![CDATA[org.openqa.selenium.ElementClickInterceptedException: Element <label class="btn btn-outline-primary"> is not clickable at point (544,237) because another element <div id="loading"> obscures it
Build info: version: '4.10.0', revision: 'c14d967899'
System info: os.name: 'Linux', os.arch: 'amd64', os.version: '6.2.0-39-generic', java.version: '18.0.2-ea'
Driver info: org.openqa.selenium.firefox.FirefoxDriver
Command: [54d9f8ed-48e2-44bc-af4e-7f50889fce0b, clickElement {id=1373f203-8301-4270-ac02-e9b4535300f6}]
Capabilities {acceptInsecureCerts: true, browserName: firefox, browserVersion: 121.0, moz:accessibilityChecks: false, moz:buildID: 20231220184444, moz:debuggerAddress: 127.0.0.1:7361, moz:geckodriverVersion: 0.33.0, moz:headless: false, moz:platformVersion: 6.2.0-39-generic, moz:processID: 1194151, moz:profile: /tmp/rust_mozprofile7B9yaV, moz:shutdownTimeout: 60000, moz:webdriverClick: true, moz:windowless: false, pageLoadStrategy: normal, platformName: linux, proxy: Proxy(), se:cdp: ws://127.0.0.1:7361/devtool..., se:cdpVersion: 85.0, setWindowRect: true, strictFileInteractability: false, timeouts: {implicit: 0, pageLoad: 300000, script: 30000}, unhandledPromptBehavior: dismiss and notify}
Element: [[FirefoxDriver: firefox on linux (54d9f8ed-48e2-44bc-af4e-7f50889fce0b)] -> xpath: //*[@id='dayRangeFilter']/label[3]]
Session ID: 54d9f8ed-48e2-44bc-af4e-7f50889fce0b
at java.base/jdk.internal.reflect.DirectConstructorHandleAccessor.newInstance(DirectConstructorHandleAccessor.java:67)
at java.base/java.lang.reflect.Constructor.newInstanceWithCaller(Constructor.java:499)
at java.base/java.lang.reflect.Constructor.newInstance(Constructor.java:483)
at org.openqa.selenium.remote.codec.w3c.W3CHttpResponseCodec.createException(W3CHttpResponseCodec.java:199)
at org.openqa.selenium.remote.codec.w3c.W3CHttpResponseCodec.decode(W3CHttpResponseCodec.java:132)
at org.openqa.selenium.remote.codec.w3c.W3CHttpResponseCodec.decode(W3CHttpResponseCodec.java:51)
at org.openqa.selenium.remote.HttpCommandExecutor.execute(HttpCommandExecutor.java:191)
at org.openqa.selenium.remote.service.DriverCommandExecutor.invokeExecute(DriverCommandExecutor.java:196)
at org.openqa.selenium.remote.service.DriverCommandExecutor.execute(DriverCommandExecutor.java:171)
at org.openqa.selenium.remote.RemoteWebDriver.execute(RemoteWebDriver.java:531)
at org.openqa.selenium.remote.RemoteWebElement.execute(RemoteWebElement.java:242)
at org.openqa.selenium.remote.RemoteWebElement.click(RemoteWebElement.java:77)
at com.selenium.VehicleBlockList.vehicleBlockWeekCsv(VehicleBlockList.java:135)
at java.base/jdk.internal.reflect.DirectMethodHandleAccessor.invoke(DirectMethodHandleAccessor.java:104)
at java.base/java.lang.reflect.Method.invoke(Method.java:577)
at org.testng.internal.invokers.MethodInvocationHelper.invokeMethod(MethodInvocationHelper.java:139)
at org.testng.internal.invokers.TestInvoker.invokeMethod(TestInvoker.java:677)
at org.testng.internal.invokers.TestInvoker.invokeTestMethod(TestInvoker.java:221)
at org.testng.internal.invokers.MethodRunner.runInSequence(MethodRunner.java:50)
at org.testng.internal.invokers.TestInvoker$MethodInvocationAgent.invoke(TestInvoker.java:969)
at org.testng.internal.invokers.TestInvoker.invokeTestMethods(TestInvoker.java:194)
at org.testng.internal.invokers.TestMethodWorker.invokeTestMethods(TestMethodWorker.java:148)
at org.testng.internal.invokers.TestMethodWorker.run(TestMethodWorker.java:128)
at java.base/java.util.ArrayList.forEach(ArrayList.java:1511)
at org.testng.TestRunner.privateRun(TestRunner.java:829)
at org.testng.TestRunner.run(TestRunner.java:602)
at org.testng.SuiteRunner.runTest(SuiteRunner.java:437)
at org.testng.SuiteRunner.runSequentially(SuiteRunner.java:431)
at org.testng.SuiteRunner.privateRun(SuiteRunner.java:391)
at org.testng.SuiteRunner.run(SuiteRunner.java:330)
at org.testng.SuiteRunnerWorker.runSuite(SuiteRunnerWorker.java:52)
at org.testng.SuiteRunnerWorker.run(SuiteRunnerWorker.java:95)
at org.testng.TestNG.runSuitesSequentially(TestNG.java:1256)
at org.testng.TestNG.runSuitesLocally(TestNG.java:1176)
at org.testng.TestNG.runSuites(TestNG.java:1099)
at org.testng.TestNG.run(TestNG.java:1067)
at org.apache.maven.surefire.testng.TestNGExecutor.run(TestNGExecutor.java:283)
at org.apache.maven.surefire.testng.TestNGXmlTestSuite.execute(TestNGXmlTestSuite.java:75)
at org.apache.maven.surefire.testng.TestNGProvider.invoke(TestNGProvider.java:120)
at org.apache.maven.surefire.booter.ForkedBooter.invokeProviderInSameClassLoader(ForkedBooter.java:384)
at org.apache.maven.surefire.booter.ForkedBooter.runSuitesInProcess(ForkedBooter.java:345)
at org.apache.maven.surefire.booter.ForkedBooter.execute(ForkedBooter.java:126)
at org.apache.maven.surefire.booter.ForkedBooter.main(ForkedBooter.java:418)
]]>
    </error>
  </testcase> <!-- vehicleBlockWeekCsv -->
  <system-out/>
  <testcase classname="com.selenium.VehicleBlockList" name="vehicleBlockWeekPdf" time="2.019"/>
  <system-out/>
  <testcase classname="com.selenium.VehicleBlockList" name="vehicleBlockMonthCsv" time="0.021">
    <error message="Element &lt;label class=&quot;btn btn-outline-primary active&quot;&gt; is not clickable at point (588,237) because another element &lt;div id=&quot;loading&quot;&gt; obscures it
Build info: version: &#039;4.10.0&#039;, revision: &#039;c14d967899&#039;
System info: os.name: &#039;Linux&#039;, os.arch: &#039;amd64&#039;, os.version: &#039;6.2.0-39-generic&#039;, java.version: &#039;18.0.2-ea&#039;
Driver info: org.openqa.selenium.firefox.FirefoxDriver
Command: [54d9f8ed-48e2-44bc-af4e-7f50889fce0b, clickElement {id=3322e0fc-9beb-46e3-9c39-0d757ae33425}]
Capabilities {acceptInsecureCerts: true, browserName: firefox, browserVersion: 121.0, moz:accessibilityChecks: false, moz:buildID: 20231220184444, moz:debuggerAddress: 127.0.0.1:7361, moz:geckodriverVersion: 0.33.0, moz:headless: false, moz:platformVersion: 6.2.0-39-generic, moz:processID: 1194151, moz:profile: /tmp/rust_mozprofile7B9yaV, moz:shutdownTimeout: 60000, moz:webdriverClick: true, moz:windowless: false, pageLoadStrategy: normal, platformName: linux, proxy: Proxy(), se:cdp: ws://127.0.0.1:7361/devtool..., se:cdpVersion: 85.0, setWindowRect: true, strictFileInteractability: false, timeouts: {implicit: 0, pageLoad: 300000, script: 30000}, unhandledPromptBehavior: dismiss and notify}
Element: [[FirefoxDriver: firefox on linux (54d9f8ed-48e2-44bc-af4e-7f50889fce0b)] -&gt; xpath: //*[@id=&#039;dayRangeFilter&#039;]/label[4]]
Session ID: 54d9f8ed-48e2-44bc-af4e-7f50889fce0b" type="org.openqa.selenium.ElementClickInterceptedException">
      <![CDATA[org.openqa.selenium.ElementClickInterceptedException: Element <label class="btn btn-outline-primary active"> is not clickable at point (588,237) because another element <div id="loading"> obscures it
Build info: version: '4.10.0', revision: 'c14d967899'
System info: os.name: 'Linux', os.arch: 'amd64', os.version: '6.2.0-39-generic', java.version: '18.0.2-ea'
Driver info: org.openqa.selenium.firefox.FirefoxDriver
Command: [54d9f8ed-48e2-44bc-af4e-7f50889fce0b, clickElement {id=3322e0fc-9beb-46e3-9c39-0d757ae33425}]
Capabilities {acceptInsecureCerts: true, browserName: firefox, browserVersion: 121.0, moz:accessibilityChecks: false, moz:buildID: 20231220184444, moz:debuggerAddress: 127.0.0.1:7361, moz:geckodriverVersion: 0.33.0, moz:headless: false, moz:platformVersion: 6.2.0-39-generic, moz:processID: 1194151, moz:profile: /tmp/rust_mozprofile7B9yaV, moz:shutdownTimeout: 60000, moz:webdriverClick: true, moz:windowless: false, pageLoadStrategy: normal, platformName: linux, proxy: Proxy(), se:cdp: ws://127.0.0.1:7361/devtool..., se:cdpVersion: 85.0, setWindowRect: true, strictFileInteractability: false, timeouts: {implicit: 0, pageLoad: 300000, script: 30000}, unhandledPromptBehavior: dismiss and notify}
Element: [[FirefoxDriver: firefox on linux (54d9f8ed-48e2-44bc-af4e-7f50889fce0b)] -> xpath: //*[@id='dayRangeFilter']/label[4]]
Session ID: 54d9f8ed-48e2-44bc-af4e-7f50889fce0b
at java.base/jdk.internal.reflect.DirectConstructorHandleAccessor.newInstance(DirectConstructorHandleAccessor.java:67)
at java.base/java.lang.reflect.Constructor.newInstanceWithCaller(Constructor.java:499)
at java.base/java.lang.reflect.Constructor.newInstance(Constructor.java:483)
at org.openqa.selenium.remote.codec.w3c.W3CHttpResponseCodec.createException(W3CHttpResponseCodec.java:199)
at org.openqa.selenium.remote.codec.w3c.W3CHttpResponseCodec.decode(W3CHttpResponseCodec.java:132)
at org.openqa.selenium.remote.codec.w3c.W3CHttpResponseCodec.decode(W3CHttpResponseCodec.java:51)
at org.openqa.selenium.remote.HttpCommandExecutor.execute(HttpCommandExecutor.java:191)
at org.openqa.selenium.remote.service.DriverCommandExecutor.invokeExecute(DriverCommandExecutor.java:196)
at org.openqa.selenium.remote.service.DriverCommandExecutor.execute(DriverCommandExecutor.java:171)
at org.openqa.selenium.remote.RemoteWebDriver.execute(RemoteWebDriver.java:531)
at org.openqa.selenium.remote.RemoteWebElement.execute(RemoteWebElement.java:242)
at org.openqa.selenium.remote.RemoteWebElement.click(RemoteWebElement.java:77)
at com.selenium.VehicleBlockList.vehicleBlockMonthCsv(VehicleBlockList.java:146)
at java.base/jdk.internal.reflect.DirectMethodHandleAccessor.invoke(DirectMethodHandleAccessor.java:104)
at java.base/java.lang.reflect.Method.invoke(Method.java:577)
at org.testng.internal.invokers.MethodInvocationHelper.invokeMethod(MethodInvocationHelper.java:139)
at org.testng.internal.invokers.TestInvoker.invokeMethod(TestInvoker.java:677)
at org.testng.internal.invokers.TestInvoker.invokeTestMethod(TestInvoker.java:221)
at org.testng.internal.invokers.MethodRunner.runInSequence(MethodRunner.java:50)
at org.testng.internal.invokers.TestInvoker$MethodInvocationAgent.invoke(TestInvoker.java:969)
at org.testng.internal.invokers.TestInvoker.invokeTestMethods(TestInvoker.java:194)
at org.testng.internal.invokers.TestMethodWorker.invokeTestMethods(TestMethodWorker.java:148)
at org.testng.internal.invokers.TestMethodWorker.run(TestMethodWorker.java:128)
at java.base/java.util.ArrayList.forEach(ArrayList.java:1511)
at org.testng.TestRunner.privateRun(TestRunner.java:829)
at org.testng.TestRunner.run(TestRunner.java:602)
at org.testng.SuiteRunner.runTest(SuiteRunner.java:437)
at org.testng.SuiteRunner.runSequentially(SuiteRunner.java:431)
at org.testng.SuiteRunner.privateRun(SuiteRunner.java:391)
at org.testng.SuiteRunner.run(SuiteRunner.java:330)
at org.testng.SuiteRunnerWorker.runSuite(SuiteRunnerWorker.java:52)
at org.testng.SuiteRunnerWorker.run(SuiteRunnerWorker.java:95)
at org.testng.TestNG.runSuitesSequentially(TestNG.java:1256)
at org.testng.TestNG.runSuitesLocally(TestNG.java:1176)
at org.testng.TestNG.runSuites(TestNG.java:1099)
at org.testng.TestNG.run(TestNG.java:1067)
at org.apache.maven.surefire.testng.TestNGExecutor.run(TestNGExecutor.java:283)
at org.apache.maven.surefire.testng.TestNGXmlTestSuite.execute(TestNGXmlTestSuite.java:75)
at org.apache.maven.surefire.testng.TestNGProvider.invoke(TestNGProvider.java:120)
at org.apache.maven.surefire.booter.ForkedBooter.invokeProviderInSameClassLoader(ForkedBooter.java:384)
at org.apache.maven.surefire.booter.ForkedBooter.runSuitesInProcess(ForkedBooter.java:345)
at org.apache.maven.surefire.booter.ForkedBooter.execute(ForkedBooter.java:126)
at org.apache.maven.surefire.booter.ForkedBooter.main(ForkedBooter.java:418)
]]>
    </error>
  </testcase> <!-- vehicleBlockMonthCsv -->
  <system-out/>
  <testcase classname="com.selenium.VehicleBlockList" name="vehicleBlockMonthPdf" time="2.017"/>
  <system-out/>
  <testcase classname="com.selenium.VehicleBlockList" name="selectListCount" time="2.299"/>
  <system-out/>
  <testcase classname="com.selenium.VehicleBlockList" name="vehicleBlockListTable" time="61.074"/>
  <system-out/>
  <testcase classname="com.selenium.VehicleBlockList" name="searchVehicleNumber" time="8.043"/>
  <system-out/>
  <testcase classname="com.selenium.VehicleBlockList" name="searchBlockListMobileNumber" time="8.082"/>
  <system-out/>
  <testcase classname="com.selenium.VehicleBlockList" name="validateBlockListDate" time="0.033"/>
  <system-out/>
  <testcase classname="com.selenium.VehicleBlockList" name="validateBlockListUser" time="0.019"/>
  <system-out/>
  <testcase classname="com.selenium.VehicleBlockList" name="validateBlockListMobileNum" time="0.010"/>
  <system-out/>
  <testcase classname="com.selenium.VehicleBlockList" name="validateBlockListVehicleNum" time="0.010"/>
  <system-out/>
  <testcase classname="com.selenium.VehicleBlockList" name="validateBlockListAmount" time="0.008"/>
  <system-out/>
  <testcase classname="com.selenium.VehicleBlockList" name="validateBlockListStatus" time="0.007"/>
  <system-out/>
  <testcase classname="com.selenium.VehicleBlockList" name="selectAction" time="5.009"/>
  <system-out/>
  <testcase classname="com.selenium.VehicleBlockList" name="logout" time="2.309"/>
  <system-out/>
</testsuite> <!-- com.selenium.VehicleBlockList -->
