<?xml version="1.0" encoding="UTF-8"?>
<!-- Generated by org.testng.reporters.JUnitReportReporter -->
<testsuite hostname="iramtech-Vostro-3470" failures="0" tests="50" name="com.selenium.AlarmsNotifications" time="128.065" errors="1" timestamp="2024-02-01T15:22:15 IST" skipped="0">
  <testcase classname="com.selenium.AlarmsNotifications" name="login" time="6.580"/>
  <system-out/>
  <testcase classname="com.selenium.AlarmsNotifications" name="revenueDashboardOpen" time="5.288"/>
  <system-out/>
  <testcase classname="com.selenium.AlarmsNotifications" name="alarmsNotificationsPage" time="2.103"/>
  <system-out/>
  <testcase classname="com.selenium.AlarmsNotifications" name="clickManualAlert" time="5.018"/>
  <system-out/>
  <testcase classname="com.selenium.AlarmsNotifications" name="createManualTask" time="2.010"/>
  <system-out/>
  <testcase classname="com.selenium.AlarmsNotifications" name="createMsgSelectSite" time="0.007"/>
  <system-out/>
  <testcase classname="com.selenium.AlarmsNotifications" name="selectManualServiceUser" time="3.011"/>
  <system-out/>
  <testcase classname="com.selenium.AlarmsNotifications" name="selectAlertType" time="0.003"/>
  <system-out/>
  <testcase classname="com.selenium.AlarmsNotifications" name="alertDescription" time="0.003"/>
  <system-out/>
  <testcase classname="com.selenium.AlarmsNotifications" name="manualTaskSubmit" time="2.005"/>
  <system-out/>
  <testcase classname="com.selenium.AlarmsNotifications" name="manualTaskAlertStatus" time="3.008"/>
  <system-out/>
  <testcase classname="com.selenium.AlarmsNotifications" name="clickManualAlertOKButton" time="0.007"/>
  <system-out/>
  <testcase classname="com.selenium.AlarmsNotifications" name="manualTaskCsv" time="5.047"/>
  <system-out/>
  <testcase classname="com.selenium.AlarmsNotifications" name="manualTaskPdf" time="3.004"/>
  <system-out/>
  <testcase classname="com.selenium.AlarmsNotifications" name="clickOverTime" time="5.007"/>
  <system-out/>
  <testcase classname="com.selenium.AlarmsNotifications" name="selectSiteOverTimeVehicle" time="0.005"/>
  <system-out/>
  <testcase classname="com.selenium.AlarmsNotifications" name="downloadOTCSVFiles" time="0.006"/>
  <system-out/>
  <testcase classname="com.selenium.AlarmsNotifications" name="downloadOTPDFFiles" time="3.006"/>
  <system-out/>
  <testcase classname="com.selenium.AlarmsNotifications" name="selectOTFourWheeler" time="3.007"/>
  <system-out/>
  <testcase classname="com.selenium.AlarmsNotifications" name="selectOTTwoWheeler" time="0.006"/>
  <system-out/>
  <testcase classname="com.selenium.AlarmsNotifications" name="clickTransactionAlert" time="2.005"/>
  <system-out/>
  <testcase classname="com.selenium.AlarmsNotifications" name="trasnactionCsv" time="5.065"/>
  <system-out/>
  <testcase classname="com.selenium.AlarmsNotifications" name="transactionPdf" time="0.007"/>
  <system-out/>
  <testcase classname="com.selenium.AlarmsNotifications" name="clickPOSAlert" time="2.005"/>
  <system-out/>
  <testcase classname="com.selenium.AlarmsNotifications" name="posAlertsDatesEnabled" time="3.042"/>
  <system-out/>
  <testcase classname="com.selenium.AlarmsNotifications" name="posCsv" time="5.067"/>
  <system-out/>
  <testcase classname="com.selenium.AlarmsNotifications" name="posPdf" time="3.006"/>
  <system-out/>
  <testcase classname="com.selenium.AlarmsNotifications" name="clickDeviceAlert" time="5.003"/>
  <system-out/>
  <testcase classname="com.selenium.AlarmsNotifications" name="devcieAlertsCsv" time="5.073"/>
  <system-out/>
  <testcase classname="com.selenium.AlarmsNotifications" name="deviceAlertsPdf" time="3.009"/>
  <system-out/>
  <testcase classname="com.selenium.AlarmsNotifications" name="deviceAlertsNextPage" time="3.007"/>
  <system-out/>
  <testcase classname="com.selenium.AlarmsNotifications" name="editTaskDeviceAlerts" time="2.008"/>
  <system-out/>
  <testcase classname="com.selenium.AlarmsNotifications" name="selectServiceUser" time="5.057"/>
  <system-out/>
  <testcase classname="com.selenium.AlarmsNotifications" name="taskSubmitBtn" time="2.003"/>
  <system-out/>
  <testcase classname="com.selenium.AlarmsNotifications" name="taskAlertStatus" time="3.006"/>
  <system-out/>
  <testcase classname="com.selenium.AlarmsNotifications" name="clickSweetAlertOKButton" time="0.006"/>
  <system-out/>
  <testcase classname="com.selenium.AlarmsNotifications" name="taskPopUPClose" time="3.019"/>
  <system-out/>
  <testcase classname="com.selenium.AlarmsNotifications" name="clickTaskViewButton" time="3.004"/>
  <system-out/>
  <testcase classname="com.selenium.AlarmsNotifications" name="viewTaskCsv" time="2.003"/>
  <system-out/>
  <testcase classname="com.selenium.AlarmsNotifications" name="viewTaskPdf" time="3.007"/>
  <system-out/>
  <testcase classname="com.selenium.AlarmsNotifications" name="logAlertDetails" time="0.247"/>
  <system-out/>
  <testcase classname="com.selenium.AlarmsNotifications" name="clickCompleteStatusButton" time="3.007"/>
  <system-out/>
  <testcase classname="com.selenium.AlarmsNotifications" name="completedStatusSweetAlert" time="3.005"/>
  <system-out/>
  <testcase classname="com.selenium.AlarmsNotifications" name="clickCompleteSweetAlertOKButton" time="0.006"/>
  <system-out/>
  <testcase classname="com.selenium.AlarmsNotifications" name="deviceDetailsPopUPClose" time="4.007"/>
  <system-out/>
  <testcase classname="com.selenium.AlarmsNotifications" name="unAssignAlert" time="2.002"/>
  <system-out/>
  <testcase classname="com.selenium.AlarmsNotifications" name="unAssignAlertStatus" time="3.006"/>
  <system-out/>
  <testcase classname="com.selenium.AlarmsNotifications" name="unAssignSweetAlertOKButton" time="0.006"/>
  <system-out/>
  <testcase classname="com.selenium.AlarmsNotifications" name="validateActionStatus" time="0.005">
    <error message="Unable to locate element: #alertsPageDeviceAlertTable
For documentation on this error, please visit: https://www.selenium.dev/documentation/webdriver/troubleshooting/errors#no-such-element-exception
Build info: version: &#039;4.10.0&#039;, revision: &#039;c14d967899&#039;
System info: os.name: &#039;Linux&#039;, os.arch: &#039;amd64&#039;, os.version: &#039;6.2.0-39-generic&#039;, java.version: &#039;18.0.2-ea&#039;
Driver info: org.openqa.selenium.firefox.FirefoxDriver
Command: [a4b072d7-04d6-4593-9244-25383160ea4c, findElement {using=id, value=alertsPageDeviceAlertTable}]
Capabilities {acceptInsecureCerts: true, browserName: firefox, browserVersion: 121.0, moz:accessibilityChecks: false, moz:buildID: 20231220184444, moz:debuggerAddress: 127.0.0.1:18201, moz:geckodriverVersion: 0.33.0, moz:headless: false, moz:platformVersion: 6.2.0-39-generic, moz:processID: 1209640, moz:profile: /tmp/rust_mozprofilejuL0Sc, moz:shutdownTimeout: 60000, moz:webdriverClick: true, moz:windowless: false, pageLoadStrategy: normal, platformName: linux, proxy: Proxy(), se:cdp: ws://127.0.0.1:18201/devtoo..., se:cdpVersion: 85.0, setWindowRect: true, strictFileInteractability: false, timeouts: {implicit: 0, pageLoad: 300000, script: 30000}, unhandledPromptBehavior: dismiss and notify}
Session ID: a4b072d7-04d6-4593-9244-25383160ea4c" type="org.openqa.selenium.NoSuchElementException">
      <![CDATA[org.openqa.selenium.NoSuchElementException: Unable to locate element: #alertsPageDeviceAlertTable
For documentation on this error, please visit: https://www.selenium.dev/documentation/webdriver/troubleshooting/errors#no-such-element-exception
Build info: version: '4.10.0', revision: 'c14d967899'
System info: os.name: 'Linux', os.arch: 'amd64', os.version: '6.2.0-39-generic', java.version: '18.0.2-ea'
Driver info: org.openqa.selenium.firefox.FirefoxDriver
Command: [a4b072d7-04d6-4593-9244-25383160ea4c, findElement {using=id, value=alertsPageDeviceAlertTable}]
Capabilities {acceptInsecureCerts: true, browserName: firefox, browserVersion: 121.0, moz:accessibilityChecks: false, moz:buildID: 20231220184444, moz:debuggerAddress: 127.0.0.1:18201, moz:geckodriverVersion: 0.33.0, moz:headless: false, moz:platformVersion: 6.2.0-39-generic, moz:processID: 1209640, moz:profile: /tmp/rust_mozprofilejuL0Sc, moz:shutdownTimeout: 60000, moz:webdriverClick: true, moz:windowless: false, pageLoadStrategy: normal, platformName: linux, proxy: Proxy(), se:cdp: ws://127.0.0.1:18201/devtoo..., se:cdpVersion: 85.0, setWindowRect: true, strictFileInteractability: false, timeouts: {implicit: 0, pageLoad: 300000, script: 30000}, unhandledPromptBehavior: dismiss and notify}
Session ID: a4b072d7-04d6-4593-9244-25383160ea4c
at java.base/jdk.internal.reflect.DirectConstructorHandleAccessor.newInstance(DirectConstructorHandleAccessor.java:67)
at java.base/java.lang.reflect.Constructor.newInstanceWithCaller(Constructor.java:499)
at java.base/java.lang.reflect.Constructor.newInstance(Constructor.java:483)
at org.openqa.selenium.remote.codec.w3c.W3CHttpResponseCodec.createException(W3CHttpResponseCodec.java:199)
at org.openqa.selenium.remote.codec.w3c.W3CHttpResponseCodec.decode(W3CHttpResponseCodec.java:132)
at org.openqa.selenium.remote.codec.w3c.W3CHttpResponseCodec.decode(W3CHttpResponseCodec.java:51)
at org.openqa.selenium.remote.HttpCommandExecutor.execute(HttpCommandExecutor.java:191)
at org.openqa.selenium.remote.service.DriverCommandExecutor.invokeExecute(DriverCommandExecutor.java:196)
at org.openqa.selenium.remote.service.DriverCommandExecutor.execute(DriverCommandExecutor.java:171)
at org.openqa.selenium.remote.RemoteWebDriver.execute(RemoteWebDriver.java:531)
at org.openqa.selenium.remote.ElementLocation$ElementFinder$2.findElement(ElementLocation.java:165)
at org.openqa.selenium.remote.ElementLocation.findElement(ElementLocation.java:59)
at org.openqa.selenium.remote.RemoteWebDriver.findElement(RemoteWebDriver.java:350)
at org.openqa.selenium.remote.RemoteWebDriver.findElement(RemoteWebDriver.java:344)
at com.selenium.AlarmsNotifications.validateActionStatus(AlarmsNotifications.java:962)
at java.base/jdk.internal.reflect.DirectMethodHandleAccessor.invoke(DirectMethodHandleAccessor.java:104)
at java.base/java.lang.reflect.Method.invoke(Method.java:577)
at org.testng.internal.invokers.MethodInvocationHelper.invokeMethod(MethodInvocationHelper.java:139)
at org.testng.internal.invokers.TestInvoker.invokeMethod(TestInvoker.java:677)
at org.testng.internal.invokers.TestInvoker.invokeTestMethod(TestInvoker.java:221)
at org.testng.internal.invokers.MethodRunner.runInSequence(MethodRunner.java:50)
at org.testng.internal.invokers.TestInvoker$MethodInvocationAgent.invoke(TestInvoker.java:969)
at org.testng.internal.invokers.TestInvoker.invokeTestMethods(TestInvoker.java:194)
at org.testng.internal.invokers.TestMethodWorker.invokeTestMethods(TestMethodWorker.java:148)
at org.testng.internal.invokers.TestMethodWorker.run(TestMethodWorker.java:128)
at java.base/java.util.ArrayList.forEach(ArrayList.java:1511)
at org.testng.TestRunner.privateRun(TestRunner.java:829)
at org.testng.TestRunner.run(TestRunner.java:602)
at org.testng.SuiteRunner.runTest(SuiteRunner.java:437)
at org.testng.SuiteRunner.runSequentially(SuiteRunner.java:431)
at org.testng.SuiteRunner.privateRun(SuiteRunner.java:391)
at org.testng.SuiteRunner.run(SuiteRunner.java:330)
at org.testng.SuiteRunnerWorker.runSuite(SuiteRunnerWorker.java:52)
at org.testng.SuiteRunnerWorker.run(SuiteRunnerWorker.java:95)
at org.testng.TestNG.runSuitesSequentially(TestNG.java:1256)
at org.testng.TestNG.runSuitesLocally(TestNG.java:1176)
at org.testng.TestNG.runSuites(TestNG.java:1099)
at org.testng.TestNG.run(TestNG.java:1067)
at org.apache.maven.surefire.testng.TestNGExecutor.run(TestNGExecutor.java:283)
at org.apache.maven.surefire.testng.TestNGXmlTestSuite.execute(TestNGXmlTestSuite.java:75)
at org.apache.maven.surefire.testng.TestNGProvider.invoke(TestNGProvider.java:120)
at org.apache.maven.surefire.booter.ForkedBooter.invokeProviderInSameClassLoader(ForkedBooter.java:384)
at org.apache.maven.surefire.booter.ForkedBooter.runSuitesInProcess(ForkedBooter.java:345)
at org.apache.maven.surefire.booter.ForkedBooter.execute(ForkedBooter.java:126)
at org.apache.maven.surefire.booter.ForkedBooter.main(ForkedBooter.java:418)
]]>
    </error>
  </testcase> <!-- validateActionStatus -->
  <system-out/>
  <testcase classname="com.selenium.AlarmsNotifications" name="logout" time="5.241"/>
  <system-out/>
</testsuite> <!-- com.selenium.AlarmsNotifications -->
